[2026-02-09 06:00:01] ==========================================
[2026-02-09 06:00:01] Debut de la mise a jour des prix Superhote
[2026-02-09 06:00:01] ==========================================
[2026-02-09 06:00:01] Etape 1: Generation des prix...
[2026-02-09 05:00:01] Generation des prix Superhote
  - Logement 13: 31 mises a jour
  - Logement 14: 31 mises a jour
  - Logement 16: 31 mises a jour
  - Logement 15: 31 mises a jour
  - Logement 17: 31 mises a jour
  - Logement 2: 31 mises a jour
  - Logement 19: 31 mises a jour
  - Logement 10: 31 mises a jour
  - Logement 11: 31 mises a jour
  - Logement 8: 31 mises a jour
  - Logement 37: 31 mises a jour
  - Logement 33: 31 mises a jour
  - Logement 12: 31 mises a jour
  - Logement 23: 31 mises a jour
  - Logement 42: 31 mises a jour
  - Logement 21: 31 mises a jour
  - Logement 7: 31 mises a jour
  - Logement 43: 31 mises a jour
[2026-02-09 05:00:02] Total: 558 mises a jour generees
[2026-02-09 05:00:02] Termine en 1.32s
[2026-02-09 06:00:02]   Generation terminee
[2026-02-09 06:00:02] Etape 2: Application des prix via worker pool...
2026-02-09 06:00:02,835 - INFO - [13971] ==================================================
2026-02-09 06:00:02,835 - INFO - [13971] DEMARRAGE POOL WORKERS SUPERHOTE
2026-02-09 06:00:02,836 - INFO - [13971]   Mode: GROUPE
2026-02-09 06:00:02,836 - INFO - [13971]   Max workers: illimite
2026-02-09 06:00:02,836 - INFO - [13971] ==================================================
2026-02-09 06:00:02,863 - INFO - [13971] Mode GROUPE active (hybride: groupes + orphelins)
2026-02-09 06:00:02,887 - INFO - [13971] Groupes avec pending: ['GROUPE1', '__ORPHELINS__', 'GROUPE2', 'GROUPE3', 'GROUPE4']
2026-02-09 06:00:02,892 - INFO - [13971] Worker 1 [GROUPE GROUPE1]: 6 logements, ref=GROUPE1
2026-02-09 06:00:02,898 - INFO - [13971] Worker 2 [GROUPE GROUPE2]: 3 logements, ref=GROUPE2
2026-02-09 06:00:02,903 - INFO - [13971] Worker 3 [GROUPE GROUPE3]: 5 logements, ref=GROUPE3
2026-02-09 06:00:02,908 - INFO - [13971] Worker 4 [GROUPE GROUPE4]: 3 logements, ref=GROUPE4
2026-02-09 06:00:02,913 - INFO - [13971] Logements sans groupe: 4
2026-02-09 06:00:02,914 - INFO - [13971] Worker 5 [STANDARD]: 4 logements orphelins
2026-02-09 06:00:02,914 - INFO - [13971] Workers configures: 5 (4 groupes, 1 standards)
2026-02-09 06:00:02,914 - INFO - [13971]   Worker 1 [GROUPE GROUPE1]: ref=GROUPE1, membres=['Appartement Neuf Confort & Moderne - Proche Gare', 'Delphin - BLEU - 2', 'Delphin - FAB - 4', 'Delphin - NID - 3', 'Delphin - ZEN - 1', 'Edouard - 4']
2026-02-09 06:00:02,914 - INFO - [13971]   Worker 2 [GROUPE GROUPE2]: ref=GROUPE2, membres=['Detti - 1 - RDC', 'DETTI - 2 - ET', 'Studio au pied du Château']
2026-02-09 06:00:02,915 - INFO - [13971]   Worker 3 [GROUPE GROUPE3]: ref=GROUPE3, membres=['Alexia - BSM', 'Calme - Wifi - Confort - Vue', 'La compiegnoise', 'Le Repos de Canly', 'Multicolore Logement entier centre ville']
2026-02-09 06:00:02,915 - INFO - [13971]   Worker 4 [GROUPE GROUPE4]: ref=GROUPE4, membres=['1306', 'Centre Ville - Wifi - Extérieur - Téléviseurs', 'GROUPE4']
2026-02-09 06:00:02,915 - INFO - [13971]   Worker 5 [STANDARD]: ['Delphin - JUN - 5', 'GROUPE1', 'GROUPE2', 'GROUPE3']
2026-02-09 06:00:02,915 - INFO - [13971] Lancement de 5 workers en parallele...
2026-02-09 06:00:02,939 - INFO - [13977] Worker 1 [GROUPE GROUPE1] demarre - Ref: GROUPE1, Membres: ['Appartement Neuf Confort & Moderne - Proche Gare', 'Delphin - BLEU - 2', 'Delphin - FAB - 4', 'Delphin - NID - 3', 'Delphin - ZEN - 1', 'Edouard - 4']
2026-02-09 06:00:02,954 - INFO - [13981] Worker 2 [GROUPE GROUPE2] demarre - Ref: GROUPE2, Membres: ['Detti - 1 - RDC', 'DETTI - 2 - ET', 'Studio au pied du Château']
2026-02-09 06:00:02,955 - INFO - [13985] Worker 3 [GROUPE GROUPE3] demarre - Ref: GROUPE3, Membres: ['Alexia - BSM', 'Calme - Wifi - Confort - Vue', 'La compiegnoise', 'Le Repos de Canly', 'Multicolore Logement entier centre ville']
2026-02-09 06:00:02,976 - INFO - [13982] Worker 4 [GROUPE GROUPE4] demarre - Ref: GROUPE4, Membres: ['1306', 'Centre Ville - Wifi - Extérieur - Téléviseurs', 'GROUPE4']
2026-02-09 06:00:02,995 - INFO - [13986] Worker 5 demarre - Logements: ['Delphin - JUN - 5', 'GROUPE1', 'GROUPE2', 'GROUPE3']
2026-02-09 06:02:24,769 - INFO - [13981] Worker 2: Connecte a Superhote
2026-02-09 06:02:25,243 - INFO - [13981] Worker 2: 93 mises a jour a traiter
2026-02-09 06:02:25,284 - INFO - [13981] Optimisation: 31 -> 14 operations (fusion dates consecutives)
2026-02-09 06:02:25,297 - INFO - [13981] Worker 2: 14 groupes de mises a jour (apres fusion)
2026-02-09 06:02:25,324 - INFO - [13981] Worker 2: Traitement groupe 2026-02-09 - 2026-02-09, 37.0EUR, 3 logements
2026-02-09 06:02:25,328 - INFO - [13981] Worker 2 [GROUPE]: Utilisation ref=GROUPE2 pour appliquer a 3 membres
2026-02-09 06:02:26,485 - INFO - [13977] Worker 1: Connecte a Superhote
2026-02-09 06:02:26,566 - INFO - [13977] Worker 1: 186 mises a jour a traiter
2026-02-09 06:02:26,617 - INFO - [13977] Optimisation: 31 -> 14 operations (fusion dates consecutives)
2026-02-09 06:02:26,619 - INFO - [13977] Worker 1: 14 groupes de mises a jour (apres fusion)
2026-02-09 06:02:26,638 - INFO - [13977] Worker 1: Traitement groupe 2026-02-09 - 2026-02-09, 45.0EUR, 6 logements
2026-02-09 06:02:26,640 - INFO - [13977] Worker 1 [GROUPE]: Utilisation ref=GROUPE1 pour appliquer a 6 membres
2026-02-09 06:02:29,055 - INFO - [13986] Worker 5: Connecte a Superhote
2026-02-09 06:02:29,080 - INFO - [13985] Worker 3: Connecte a Superhote
2026-02-09 06:02:29,119 - INFO - [13986] Worker 5: 31 mises a jour a traiter
2026-02-09 06:02:29,171 - INFO - [13986] Optimisation: 31 -> 14 operations (fusion dates consecutives)
2026-02-09 06:02:29,173 - INFO - [13986] Worker 5: 14 groupes de mises a jour (apres fusion)
2026-02-09 06:02:29,186 - INFO - [13986] Worker 5: Traitement groupe 2026-02-09 - 2026-02-09, 70.0EUR, 1 logements
2026-02-09 06:02:29,640 - INFO - [13985] Worker 3: 155 mises a jour a traiter
2026-02-09 06:02:29,734 - INFO - [13985] Optimisation: 31 -> 14 operations (fusion dates consecutives)
2026-02-09 06:02:29,772 - INFO - [13985] Worker 3: 14 groupes de mises a jour (apres fusion)
2026-02-09 06:02:29,860 - INFO - [13985] Worker 3: Traitement groupe 2026-02-09 - 2026-02-09, 60.0EUR, 5 logements
2026-02-09 06:02:29,862 - INFO - [13985] Worker 3 [GROUPE]: Utilisation ref=GROUPE3 pour appliquer a 5 membres
2026-02-09 06:02:32,387 - INFO - [13982] Worker 4: Connecte a Superhote
2026-02-09 06:02:32,470 - INFO - [13982] Worker 4: 93 mises a jour a traiter
2026-02-09 06:02:32,532 - INFO - [13982] Optimisation: 31 -> 14 operations (fusion dates consecutives)
2026-02-09 06:02:32,538 - INFO - [13982] Worker 4: 14 groupes de mises a jour (apres fusion)
2026-02-09 06:02:32,637 - INFO - [13982] Worker 4: Traitement groupe 2026-02-09 - 2026-02-09, 55.0EUR, 3 logements
2026-02-09 06:02:32,638 - INFO - [13982] Worker 4 [GROUPE]: Utilisation ref=GROUPE4 pour appliquer a 3 membres
2026-02-09 06:03:27,601 - INFO - [13981] Worker 2: Traitement groupe 2026-02-10 - 2026-02-12, 40.0EUR, 3 logements
2026-02-09 06:03:27,605 - INFO - [13981] Worker 2 [GROUPE]: Utilisation ref=GROUPE2 pour appliquer a 3 membres
2026-02-09 06:03:28,994 - INFO - [13977] Worker 1: Traitement groupe 2026-02-10 - 2026-02-12, 50.0EUR, 6 logements
2026-02-09 06:03:28,997 - INFO - [13977] Worker 1 [GROUPE]: Utilisation ref=GROUPE1 pour appliquer a 6 membres
2026-02-09 06:03:35,625 - INFO - [13982] Worker 4: Traitement groupe 2026-02-10 - 2026-02-12, 59.0EUR, 3 logements
2026-02-09 06:03:35,627 - INFO - [13982] Worker 4 [GROUPE]: Utilisation ref=GROUPE4 pour appliquer a 3 membres
2026-02-09 06:03:40,078 - INFO - [13986] Worker 5: Traitement groupe 2026-02-10 - 2026-02-12, 74.0EUR, 1 logements
2026-02-09 06:03:40,237 - INFO - [13985] Worker 3: Traitement groupe 2026-02-10 - 2026-02-12, 64.0EUR, 5 logements
2026-02-09 06:03:40,238 - INFO - [13985] Worker 3 [GROUPE]: Utilisation ref=GROUPE3 pour appliquer a 5 membres
2026-02-09 06:04:10,766 - INFO - [13986] Worker 5: Traitement groupe 2026-02-13 - 2026-02-14, 86.0EUR, 1 logements
2026-02-09 06:04:25,764 - INFO - [13986] Worker 5: Traitement groupe 2026-02-15 - 2026-02-15, 68.0EUR, 1 logements
2026-02-09 06:04:27,026 - INFO - [13977] Worker 1: Traitement groupe 2026-02-13 - 2026-02-14, 61.0EUR, 6 logements
2026-02-09 06:04:27,034 - INFO - [13977] Worker 1 [GROUPE]: Utilisation ref=GROUPE1 pour appliquer a 6 membres
2026-02-09 06:04:31,389 - INFO - [13981] Worker 2: Traitement groupe 2026-02-13 - 2026-02-14, 51.0EUR, 3 logements
2026-02-09 06:04:31,390 - INFO - [13981] Worker 2 [GROUPE]: Utilisation ref=GROUPE2 pour appliquer a 3 membres
2026-02-09 06:04:35,898 - INFO - [13982] Worker 4: Traitement groupe 2026-02-13 - 2026-02-14, 72.0EUR, 3 logements
2026-02-09 06:04:35,899 - INFO - [13982] Worker 4 [GROUPE]: Utilisation ref=GROUPE4 pour appliquer a 3 membres
2026-02-09 06:04:41,640 - INFO - [13985] Worker 3: Traitement groupe 2026-02-13 - 2026-02-14, 78.0EUR, 5 logements
2026-02-09 06:04:41,641 - INFO - [13985] Worker 3 [GROUPE]: Utilisation ref=GROUPE3 pour appliquer a 5 membres
2026-02-09 06:04:42,351 - INFO - [13986] Worker 5: Traitement groupe 2026-02-16 - 2026-02-19, 84.0EUR, 1 logements
2026-02-09 06:05:08,935 - INFO - [13986] Worker 5: Traitement groupe 2026-02-20 - 2026-02-21, 92.0EUR, 1 logements
2026-02-09 06:05:15,134 - INFO - [13977] Worker 1: Traitement groupe 2026-02-15 - 2026-02-15, 50.0EUR, 6 logements
2026-02-09 06:05:15,134 - INFO - [13977] Worker 1 [GROUPE]: Utilisation ref=GROUPE1 pour appliquer a 6 membres
2026-02-09 06:05:18,864 - INFO - [13981] Worker 2: Traitement groupe 2026-02-15 - 2026-02-15, 32.0EUR, 3 logements
2026-02-09 06:05:18,865 - INFO - [13981] Worker 2 [GROUPE]: Utilisation ref=GROUPE2 pour appliquer a 3 membres
2026-02-09 06:05:22,505 - INFO - [13982] Worker 4: Traitement groupe 2026-02-15 - 2026-02-15, 53.0EUR, 3 logements
2026-02-09 06:05:22,506 - INFO - [13982] Worker 4 [GROUPE]: Utilisation ref=GROUPE4 pour appliquer a 3 membres
2026-02-09 06:05:33,998 - INFO - [13985] Worker 3: Traitement groupe 2026-02-15 - 2026-02-15, 58.0EUR, 5 logements
2026-02-09 06:05:34,003 - INFO - [13985] Worker 3 [GROUPE]: Utilisation ref=GROUPE3 pour appliquer a 5 membres
2026-02-09 06:05:37,431 - INFO - [13986] Worker 5: Traitement groupe 2026-02-22 - 2026-02-22, 74.0EUR, 1 logements
2026-02-09 06:06:01,914 - INFO - [13977] Worker 1: Traitement groupe 2026-02-16 - 2026-02-19, 63.0EUR, 6 logements
2026-02-09 06:06:01,915 - INFO - [13977] Worker 1 [GROUPE]: Utilisation ref=GROUPE1 pour appliquer a 6 membres
2026-02-09 06:06:04,188 - INFO - [13986] Worker 5: Traitement groupe 2026-02-23 - 2026-02-26, 90.0EUR, 1 logements
2026-02-09 06:06:10,458 - INFO - [13981] Worker 2: Traitement groupe 2026-02-16 - 2026-02-19, 46.0EUR, 3 logements
2026-02-09 06:06:10,459 - INFO - [13981] Worker 2 [GROUPE]: Utilisation ref=GROUPE2 pour appliquer a 3 membres
2026-02-09 06:06:11,748 - INFO - [13982] Worker 4: Traitement groupe 2026-02-16 - 2026-02-19, 69.0EUR, 3 logements
2026-02-09 06:06:11,752 - INFO - [13982] Worker 4 [GROUPE]: Utilisation ref=GROUPE4 pour appliquer a 3 membres
2026-02-09 06:06:30,499 - INFO - [13985] Worker 3: Traitement groupe 2026-02-16 - 2026-02-19, 74.0EUR, 5 logements
2026-02-09 06:06:30,500 - INFO - [13985] Worker 3 [GROUPE]: Utilisation ref=GROUPE3 pour appliquer a 5 membres
2026-02-09 06:06:31,326 - INFO - [13986] Worker 5: Traitement groupe 2026-02-27 - 2026-02-28, 99.0EUR, 1 logements
2026-02-09 06:06:51,144 - INFO - [13977] Worker 1: Traitement groupe 2026-02-20 - 2026-02-21, 69.0EUR, 6 logements
2026-02-09 06:06:51,145 - INFO - [13977] Worker 1 [GROUPE]: Utilisation ref=GROUPE1 pour appliquer a 6 membres
2026-02-09 06:06:58,552 - INFO - [13986] Worker 5: Traitement groupe 2026-03-01 - 2026-03-01, 80.0EUR, 1 logements
2026-02-09 06:07:03,118 - INFO - [13981] Worker 2: Traitement groupe 2026-02-20 - 2026-02-21, 55.0EUR, 3 logements
2026-02-09 06:07:03,119 - INFO - [13981] Worker 2 [GROUPE]: Utilisation ref=GROUPE2 pour appliquer a 3 membres
2026-02-09 06:07:06,441 - INFO - [13982] Worker 4: Traitement groupe 2026-02-20 - 2026-02-21, 79.0EUR, 3 logements
2026-02-09 06:07:06,442 - INFO - [13982] Worker 4 [GROUPE]: Utilisation ref=GROUPE4 pour appliquer a 3 membres
2026-02-09 06:07:19,237 - INFO - [13986] Worker 5: Traitement groupe 2026-03-02 - 2026-03-05, 90.0EUR, 1 logements
2026-02-09 06:07:28,906 - INFO - [13985] Worker 3: Traitement groupe 2026-02-20 - 2026-02-21, 85.0EUR, 5 logements
2026-02-09 06:07:28,908 - INFO - [13985] Worker 3 [GROUPE]: Utilisation ref=GROUPE3 pour appliquer a 5 membres
2026-02-09 06:07:40,333 - INFO - [13977] Worker 1: Traitement groupe 2026-02-22 - 2026-02-22, 58.0EUR, 6 logements
2026-02-09 06:07:40,335 - INFO - [13977] Worker 1 [GROUPE]: Utilisation ref=GROUPE1 pour appliquer a 6 membres
2026-02-09 06:07:46,757 - INFO - [13986] Worker 5: Traitement groupe 2026-03-06 - 2026-03-07, 99.0EUR, 1 logements
2026-02-09 06:07:57,088 - INFO - [13981] Worker 2: Traitement groupe 2026-02-22 - 2026-02-22, 36.0EUR, 3 logements
2026-02-09 06:07:57,089 - INFO - [13981] Worker 2 [GROUPE]: Utilisation ref=GROUPE2 pour appliquer a 3 membres
2026-02-09 06:07:59,561 - INFO - [13982] Worker 4: Traitement groupe 2026-02-22 - 2026-02-22, 59.0EUR, 3 logements
2026-02-09 06:07:59,564 - INFO - [13982] Worker 4 [GROUPE]: Utilisation ref=GROUPE4 pour appliquer a 3 membres
2026-02-09 06:08:15,089 - INFO - [13986] Worker 5: Traitement groupe 2026-03-08 - 2026-03-08, 80.0EUR, 1 logements
2026-02-09 06:08:23,982 - INFO - [13985] Worker 3: Traitement groupe 2026-02-22 - 2026-02-22, 64.0EUR, 5 logements
2026-02-09 06:08:23,984 - INFO - [13985] Worker 3 [GROUPE]: Utilisation ref=GROUPE3 pour appliquer a 5 membres
2026-02-09 06:08:28,176 - INFO - [13977] Worker 1: Traitement groupe 2026-02-23 - 2026-02-26, 70.0EUR, 6 logements
2026-02-09 06:08:28,177 - INFO - [13977] Worker 1 [GROUPE]: Utilisation ref=GROUPE1 pour appliquer a 6 membres
2026-02-09 06:08:45,662 - INFO - [13986] Worker 5: Traitement groupe 2026-03-09 - 2026-03-11, 90.0EUR, 1 logements
2026-02-09 06:08:52,805 - INFO - [13982] Worker 4: Traitement groupe 2026-02-23 - 2026-02-26, 75.0EUR, 3 logements
2026-02-09 06:08:52,807 - INFO - [13982] Worker 4 [GROUPE]: Utilisation ref=GROUPE4 pour appliquer a 3 membres
2026-02-09 06:08:54,214 - INFO - [13981] Worker 2: Traitement groupe 2026-02-23 - 2026-02-26, 50.0EUR, 3 logements
2026-02-09 06:08:54,215 - INFO - [13981] Worker 2 [GROUPE]: Utilisation ref=GROUPE2 pour appliquer a 3 membres
2026-02-09 06:09:05,441 - INFO - [13986] Worker 5: Termine - 13 OK, 1 echecs
2026-02-09 06:09:16,209 - INFO - [13985] Worker 3: Traitement groupe 2026-02-23 - 2026-02-26, 80.0EUR, 5 logements
2026-02-09 06:09:16,210 - INFO - [13985] Worker 3 [GROUPE]: Utilisation ref=GROUPE3 pour appliquer a 5 membres
2026-02-09 06:09:17,800 - INFO - [13977] Worker 1: Traitement groupe 2026-02-27 - 2026-02-28, 77.0EUR, 6 logements
2026-02-09 06:09:17,801 - INFO - [13977] Worker 1 [GROUPE]: Utilisation ref=GROUPE1 pour appliquer a 6 membres
2026-02-09 06:09:40,481 - INFO - [13982] Worker 4: Traitement groupe 2026-02-27 - 2026-02-28, 86.0EUR, 3 logements
2026-02-09 06:09:40,482 - INFO - [13982] Worker 4 [GROUPE]: Utilisation ref=GROUPE4 pour appliquer a 3 membres
2026-02-09 06:09:43,521 - INFO - [13981] Worker 2: Traitement groupe 2026-02-27 - 2026-02-28, 60.0EUR, 3 logements
2026-02-09 06:09:43,522 - INFO - [13981] Worker 2 [GROUPE]: Utilisation ref=GROUPE2 pour appliquer a 3 membres
2026-02-09 06:10:03,101 - INFO - [13977] Worker 1: Traitement groupe 2026-03-01 - 2026-03-01, 65.0EUR, 6 logements
2026-02-09 06:10:03,102 - INFO - [13977] Worker 1 [GROUPE]: Utilisation ref=GROUPE1 pour appliquer a 6 membres
2026-02-09 06:10:06,017 - INFO - [13985] Worker 3: Traitement groupe 2026-02-27 - 2026-02-28, 92.0EUR, 5 logements
2026-02-09 06:10:06,018 - INFO - [13985] Worker 3 [GROUPE]: Utilisation ref=GROUPE3 pour appliquer a 5 membres
2026-02-09 06:10:25,868 - INFO - [13982] Worker 4: Traitement groupe 2026-03-01 - 2026-03-01, 65.0EUR, 3 logements
2026-02-09 06:10:25,868 - INFO - [13982] Worker 4 [GROUPE]: Utilisation ref=GROUPE4 pour appliquer a 3 membres
2026-02-09 06:10:31,389 - INFO - [13981] Worker 2: Traitement groupe 2026-03-01 - 2026-03-01, 40.0EUR, 3 logements
2026-02-09 06:10:31,390 - INFO - [13981] Worker 2 [GROUPE]: Utilisation ref=GROUPE2 pour appliquer a 3 membres
2026-02-09 06:10:48,903 - INFO - [13977] Worker 1: Traitement groupe 2026-03-02 - 2026-03-05, 70.0EUR, 6 logements
2026-02-09 06:10:48,904 - INFO - [13977] Worker 1 [GROUPE]: Utilisation ref=GROUPE1 pour appliquer a 6 membres
2026-02-09 06:10:57,946 - INFO - [13985] Worker 3: Traitement groupe 2026-03-01 - 2026-03-01, 70.0EUR, 5 logements
2026-02-09 06:10:57,947 - INFO - [13985] Worker 3 [GROUPE]: Utilisation ref=GROUPE3 pour appliquer a 5 membres
2026-02-09 06:11:12,158 - INFO - [13982] Worker 4: Traitement groupe 2026-03-02 - 2026-03-05, 75.0EUR, 3 logements
2026-02-09 06:11:12,159 - INFO - [13982] Worker 4 [GROUPE]: Utilisation ref=GROUPE4 pour appliquer a 3 membres
2026-02-09 06:11:19,322 - INFO - [13981] Worker 2: Traitement groupe 2026-03-02 - 2026-03-05, 50.0EUR, 3 logements
2026-02-09 06:11:19,323 - INFO - [13981] Worker 2 [GROUPE]: Utilisation ref=GROUPE2 pour appliquer a 3 membres
2026-02-09 06:11:34,058 - INFO - [13977] Worker 1: Traitement groupe 2026-03-06 - 2026-03-07, 77.0EUR, 6 logements
2026-02-09 06:11:34,060 - INFO - [13977] Worker 1 [GROUPE]: Utilisation ref=GROUPE1 pour appliquer a 6 membres
2026-02-09 06:11:50,810 - INFO - [13985] Worker 3: Traitement groupe 2026-03-02 - 2026-03-05, 80.0EUR, 5 logements
2026-02-09 06:11:50,812 - INFO - [13985] Worker 3 [GROUPE]: Utilisation ref=GROUPE3 pour appliquer a 5 membres
2026-02-09 06:12:02,170 - INFO - [13982] Worker 4: Traitement groupe 2026-03-06 - 2026-03-07, 86.0EUR, 3 logements
2026-02-09 06:12:02,172 - INFO - [13982] Worker 4 [GROUPE]: Utilisation ref=GROUPE4 pour appliquer a 3 membres
2026-02-09 06:12:07,327 - INFO - [13981] Worker 2: Traitement groupe 2026-03-06 - 2026-03-07, 60.0EUR, 3 logements
2026-02-09 06:12:07,327 - INFO - [13981] Worker 2 [GROUPE]: Utilisation ref=GROUPE2 pour appliquer a 3 membres
2026-02-09 06:12:19,354 - INFO - [13977] Worker 1: Traitement groupe 2026-03-08 - 2026-03-08, 65.0EUR, 6 logements
2026-02-09 06:12:19,354 - INFO - [13977] Worker 1 [GROUPE]: Utilisation ref=GROUPE1 pour appliquer a 6 membres
2026-02-09 06:12:43,113 - INFO - [13985] Worker 3: Traitement groupe 2026-03-06 - 2026-03-07, 92.0EUR, 5 logements
2026-02-09 06:12:43,113 - INFO - [13985] Worker 3 [GROUPE]: Utilisation ref=GROUPE3 pour appliquer a 5 membres
2026-02-09 06:12:46,991 - INFO - [13982] Worker 4: Traitement groupe 2026-03-08 - 2026-03-08, 65.0EUR, 3 logements
2026-02-09 06:12:46,991 - INFO - [13982] Worker 4 [GROUPE]: Utilisation ref=GROUPE4 pour appliquer a 3 membres
2026-02-09 06:12:53,672 - INFO - [13981] Worker 2: Traitement groupe 2026-03-08 - 2026-03-08, 40.0EUR, 3 logements
2026-02-09 06:12:53,674 - INFO - [13981] Worker 2 [GROUPE]: Utilisation ref=GROUPE2 pour appliquer a 3 membres
2026-02-09 06:13:03,870 - INFO - [13977] Worker 1: Traitement groupe 2026-03-09 - 2026-03-11, 70.0EUR, 6 logements
2026-02-09 06:13:03,871 - INFO - [13977] Worker 1 [GROUPE]: Utilisation ref=GROUPE1 pour appliquer a 6 membres
2026-02-09 06:13:35,470 - INFO - [13982] Worker 4: Traitement groupe 2026-03-09 - 2026-03-11, 75.0EUR, 3 logements
2026-02-09 06:13:35,471 - INFO - [13982] Worker 4 [GROUPE]: Utilisation ref=GROUPE4 pour appliquer a 3 membres
2026-02-09 06:13:35,548 - INFO - [13985] Worker 3: Traitement groupe 2026-03-08 - 2026-03-08, 70.0EUR, 5 logements
2026-02-09 06:13:35,549 - INFO - [13985] Worker 3 [GROUPE]: Utilisation ref=GROUPE3 pour appliquer a 5 membres
2026-02-09 06:13:45,818 - INFO - [13981] Worker 2: Traitement groupe 2026-03-09 - 2026-03-11, 50.0EUR, 3 logements
2026-02-09 06:13:45,819 - INFO - [13981] Worker 2 [GROUPE]: Utilisation ref=GROUPE2 pour appliquer a 3 membres
2026-02-09 06:13:53,725 - INFO - [13977] Worker 1: Termine - 180 OK, 6 echecs
2026-02-09 06:14:22,047 - INFO - [13982] Worker 4: Termine - 90 OK, 3 echecs
2026-02-09 06:14:28,705 - INFO - [13985] Worker 3: Traitement groupe 2026-03-09 - 2026-03-11, 80.0EUR, 5 logements
2026-02-09 06:14:28,706 - INFO - [13985] Worker 3 [GROUPE]: Utilisation ref=GROUPE3 pour appliquer a 5 membres
2026-02-09 06:14:33,381 - INFO - [13981] Worker 2: Termine - 90 OK, 3 echecs
2026-02-09 06:15:17,579 - INFO - [13985] Worker 3: Termine - 150 OK, 5 echecs
2026-02-09 06:15:18,409 - INFO - [13971] ==================================================
2026-02-09 06:15:18,409 - INFO - [13971] RESUME FINAL
2026-02-09 06:15:18,410 - INFO - [13971]   Workers: 5
2026-02-09 06:15:18,410 - INFO - [13971]   Succes: 523
2026-02-09 06:15:18,410 - INFO - [13971]   Echecs: 18
2026-02-09 06:15:18,410 - INFO - [13971] ==================================================
2026-02-09 06:15:18,410 - INFO - [13971] Pool termine
[2026-02-09 06:15:18]   Worker pool termine
[2026-02-09 06:15:18] ==========================================
[2026-02-09 06:15:18] Resume de l'execution
[2026-02-09 06:15:18] ==========================================
[2026-02-09 06:15:18]   Mises a jour en attente: 0
[2026-02-09 06:15:18]   Mises a jour terminees aujourd'hui: 523
[2026-02-09 06:15:18]   Mises a jour echouees aujourd'hui: 18
[2026-02-09 06:15:18] ==========================================
[2026-02-09 06:15:18] Fin de l'execution
[2026-02-09 06:15:18] ==========================================
[2026-02-09 06:15:18]   SMS de notification envoye
