[2026-02-24 06:00:01] ==========================================
[2026-02-24 06:00:01] Debut de la mise a jour des prix Superhote
[2026-02-24 06:00:01] ==========================================
[2026-02-24 06:00:01] Etape 1: Generation des prix...
[2026-02-24 05:00:01] Generation des prix Superhote
  Regles chargees: 8 saisons, 12 jours feries, 5 regles occupation
  - Logement 13: 31 mises a jour
  - Logement 14: 31 mises a jour
  - Logement 16: 31 mises a jour
  - Logement 15: 31 mises a jour
  - Logement 17: 31 mises a jour
  - Logement 2: 31 mises a jour
  - Logement 19: 31 mises a jour
  - Logement 10: 31 mises a jour
  - Logement 11: 31 mises a jour
  - Logement 8: 31 mises a jour
  - Logement 37: 31 mises a jour
  - Logement 33: 31 mises a jour
  - Logement 12: 31 mises a jour
  - Logement 23: 31 mises a jour
  - Logement 42: 31 mises a jour
  - Logement 21: 31 mises a jour
  - Logement 7: 31 mises a jour
  - Logement 43: 31 mises a jour
[2026-02-24 05:00:03] Total: 558 mises a jour generees
[2026-02-24 05:00:03] Termine en 1.62s
[2026-02-24 06:00:03]   Generation terminee
[2026-02-24 06:00:03] Etape 2: Application des prix via worker pool...
2026-02-24 06:00:03,881 - INFO - [23776] ==================================================
2026-02-24 06:00:03,881 - INFO - [23776] DEMARRAGE POOL WORKERS SUPERHOTE
2026-02-24 06:00:03,882 - INFO - [23776]   Mode: GROUPE
2026-02-24 06:00:03,882 - INFO - [23776]   Max workers: illimite
2026-02-24 06:00:03,882 - INFO - [23776] ==================================================
2026-02-24 06:00:03,910 - INFO - [23776] Mode GROUPE active (hybride: groupes + orphelins)
2026-02-24 06:00:03,946 - INFO - [23776] Groupes avec pending: ['GROUPE1', '__ORPHELINS__', 'GROUPE2', 'GROUPE3', 'GROUPE4']
2026-02-24 06:00:03,952 - INFO - [23776] Worker 1 [GROUPE GROUPE1]: 6 logements, ref=GROUPE1
2026-02-24 06:00:03,958 - INFO - [23776] Worker 2 [GROUPE GROUPE2]: 3 logements, ref=GROUPE2
2026-02-24 06:00:03,964 - INFO - [23776] Worker 3 [GROUPE GROUPE3]: 5 logements, ref=GROUPE3
2026-02-24 06:00:03,970 - INFO - [23776] Worker 4 [GROUPE GROUPE4]: 3 logements, ref=GROUPE4
2026-02-24 06:00:03,975 - INFO - [23776] Logements sans groupe: 4
2026-02-24 06:00:03,976 - INFO - [23776] Worker 5 [STANDARD]: 4 logements orphelins
2026-02-24 06:00:03,976 - INFO - [23776] Workers configures: 5 (4 groupes, 1 standards)
2026-02-24 06:00:03,976 - INFO - [23776]   Worker 1 [GROUPE GROUPE1]: ref=GROUPE1, membres=['Appartement Neuf Confort & Moderne - Proche Gare', 'Delphin - BLEU - 2', 'Delphin - FAB - 4', 'Delphin - NID - 3', 'Delphin - ZEN - 1', 'Edouard - 4']
2026-02-24 06:00:03,976 - INFO - [23776]   Worker 2 [GROUPE GROUPE2]: ref=GROUPE2, membres=['Detti - 1 - RDC', 'DETTI - 2 - ET', 'Studio au pied du Château']
2026-02-24 06:00:03,976 - INFO - [23776]   Worker 3 [GROUPE GROUPE3]: ref=GROUPE3, membres=['Alexia - BSM', 'Calme - Wifi - Confort - Vue', 'La compiegnoise', 'Le Repos de Canly', 'Multicolore Logement entier centre ville']
2026-02-24 06:00:03,976 - INFO - [23776]   Worker 4 [GROUPE GROUPE4]: ref=GROUPE4, membres=['1306', 'Centre Ville - Wifi - Extérieur - Téléviseurs', 'GROUPE4']
2026-02-24 06:00:03,977 - INFO - [23776]   Worker 5 [STANDARD]: ['Delphin - JUN - 5', 'GROUPE1', 'GROUPE2', 'GROUPE3']
2026-02-24 06:00:03,977 - INFO - [23776] Lancement de 5 workers en parallele...
2026-02-24 06:00:04,001 - INFO - [23782] Worker 1 [GROUPE GROUPE1] demarre - Ref: GROUPE1, Membres: ['Appartement Neuf Confort & Moderne - Proche Gare', 'Delphin - BLEU - 2', 'Delphin - FAB - 4', 'Delphin - NID - 3', 'Delphin - ZEN - 1', 'Edouard - 4']
2026-02-24 06:00:04,009 - INFO - [23786] Worker 2 [GROUPE GROUPE2] demarre - Ref: GROUPE2, Membres: ['Detti - 1 - RDC', 'DETTI - 2 - ET', 'Studio au pied du Château']
2026-02-24 06:00:04,019 - INFO - [23787] Worker 3 [GROUPE GROUPE3] demarre - Ref: GROUPE3, Membres: ['Alexia - BSM', 'Calme - Wifi - Confort - Vue', 'La compiegnoise', 'Le Repos de Canly', 'Multicolore Logement entier centre ville']
2026-02-24 06:00:04,026 - INFO - [23793] Worker 4 [GROUPE GROUPE4] demarre - Ref: GROUPE4, Membres: ['1306', 'Centre Ville - Wifi - Extérieur - Téléviseurs', 'GROUPE4']
2026-02-24 06:00:04,049 - INFO - [23791] Worker 5 demarre - Logements: ['Delphin - JUN - 5', 'GROUPE1', 'GROUPE2', 'GROUPE3']
2026-02-24 06:02:17,097 - INFO - [23787] Worker 3: Connecte a Superhote
2026-02-24 06:02:17,248 - INFO - [23787] Worker 3: 155 mises a jour a traiter
2026-02-24 06:02:17,283 - INFO - [23787] Optimisation: 31 -> 18 operations (fusion dates consecutives)
2026-02-24 06:02:17,284 - INFO - [23787] Worker 3: 18 groupes de mises a jour (apres fusion)
2026-02-24 06:02:17,296 - INFO - [23787] Worker 3: Traitement groupe 2026-02-24 - 2026-02-24, 69.0EUR, 5 logements
2026-02-24 06:02:17,297 - INFO - [23787] Worker 3 [GROUPE]: Utilisation ref=GROUPE3 pour appliquer a 5 membres
2026-02-24 06:02:21,333 - INFO - [23782] Worker 1: Connecte a Superhote
2026-02-24 06:02:23,767 - INFO - [23791] Worker 5: Connecte a Superhote
2026-02-24 06:02:25,818 - INFO - [23793] Worker 4: Connecte a Superhote
2026-02-24 06:02:27,434 - INFO - [23786] Worker 2: Connecte a Superhote
2026-02-24 06:02:28,537 - INFO - [23782] Worker 1: 186 mises a jour a traiter
2026-02-24 06:02:28,576 - INFO - [23782] Optimisation: 31 -> 18 operations (fusion dates consecutives)
2026-02-24 06:02:28,577 - INFO - [23782] Worker 1: 18 groupes de mises a jour (apres fusion)
2026-02-24 06:02:28,592 - INFO - [23782] Worker 1: Traitement groupe 2026-02-24 - 2026-02-24, 52.0EUR, 6 logements
2026-02-24 06:02:28,593 - INFO - [23782] Worker 1 [GROUPE]: Utilisation ref=GROUPE1 pour appliquer a 6 membres
2026-02-24 06:02:29,636 - INFO - [23791] Worker 5: 31 mises a jour a traiter
2026-02-24 06:02:29,637 - INFO - [23793] Worker 4: 93 mises a jour a traiter
2026-02-24 06:02:29,637 - INFO - [23786] Worker 2: 93 mises a jour a traiter
2026-02-24 06:02:30,291 - INFO - [23786] Optimisation: 31 -> 18 operations (fusion dates consecutives)
2026-02-24 06:02:30,292 - INFO - [23786] Worker 2: 18 groupes de mises a jour (apres fusion)
2026-02-24 06:02:30,294 - INFO - [23793] Optimisation: 31 -> 18 operations (fusion dates consecutives)
2026-02-24 06:02:30,296 - INFO - [23793] Worker 4: 18 groupes de mises a jour (apres fusion)
2026-02-24 06:02:30,290 - INFO - [23791] Optimisation: 31 -> 18 operations (fusion dates consecutives)
2026-02-24 06:02:30,300 - INFO - [23791] Worker 5: 18 groupes de mises a jour (apres fusion)
2026-02-24 06:02:30,307 - INFO - [23786] Worker 2: Traitement groupe 2026-02-24 - 2026-02-24, 43.0EUR, 3 logements
2026-02-24 06:02:30,308 - INFO - [23786] Worker 2 [GROUPE]: Utilisation ref=GROUPE2 pour appliquer a 3 membres
2026-02-24 06:02:30,336 - INFO - [23791] Worker 5: Traitement groupe 2026-02-24 - 2026-02-24, 81.0EUR, 1 logements
2026-02-24 06:02:30,350 - INFO - [23793] Worker 4: Traitement groupe 2026-02-24 - 2026-02-24, 63.0EUR, 3 logements
2026-02-24 06:02:30,351 - INFO - [23793] Worker 4 [GROUPE]: Utilisation ref=GROUPE4 pour appliquer a 3 membres
2026-02-24 06:03:19,602 - INFO - [23787] Worker 3: Traitement groupe 2026-02-25 - 2026-02-26, 74.0EUR, 5 logements
2026-02-24 06:03:19,604 - INFO - [23787] Worker 3 [GROUPE]: Utilisation ref=GROUPE3 pour appliquer a 5 membres
2026-02-24 06:03:32,469 - INFO - [23791] Worker 5: Traitement groupe 2026-02-25 - 2026-02-26, 85.0EUR, 1 logements
2026-02-24 06:03:32,479 - INFO - [23786] Worker 2: Traitement groupe 2026-02-25 - 2026-02-26, 46.0EUR, 3 logements
2026-02-24 06:03:32,480 - INFO - [23786] Worker 2 [GROUPE]: Utilisation ref=GROUPE2 pour appliquer a 3 membres
2026-02-24 06:03:32,564 - INFO - [23793] Worker 4: Traitement groupe 2026-02-25 - 2026-02-26, 68.0EUR, 3 logements
2026-02-24 06:03:32,565 - INFO - [23793] Worker 4 [GROUPE]: Utilisation ref=GROUPE4 pour appliquer a 3 membres
2026-02-24 06:03:38,712 - INFO - [23782] Worker 1: Traitement groupe 2026-02-25 - 2026-02-26, 58.0EUR, 6 logements
2026-02-24 06:03:38,713 - INFO - [23782] Worker 1 [GROUPE]: Utilisation ref=GROUPE1 pour appliquer a 6 membres
2026-02-24 06:04:07,012 - INFO - [23791] Worker 5: Traitement groupe 2026-02-27 - 2026-02-27, 94.0EUR, 1 logements
2026-02-24 06:04:29,809 - INFO - [23787] Worker 3: Traitement groupe 2026-02-27 - 2026-02-27, 85.0EUR, 5 logements
2026-02-24 06:04:29,810 - INFO - [23787] Worker 3 [GROUPE]: Utilisation ref=GROUPE3 pour appliquer a 5 membres
2026-02-24 06:04:32,768 - INFO - [23791] Worker 5: Traitement groupe 2026-02-28 - 2026-02-28, 99.0EUR, 1 logements
2026-02-24 06:04:40,430 - INFO - [23793] Worker 4: Traitement groupe 2026-02-27 - 2026-02-27, 78.0EUR, 3 logements
2026-02-24 06:04:40,432 - INFO - [23793] Worker 4 [GROUPE]: Utilisation ref=GROUPE4 pour appliquer a 3 membres
2026-02-24 06:04:42,772 - INFO - [23786] Worker 2: Traitement groupe 2026-02-27 - 2026-02-27, 55.0EUR, 3 logements
2026-02-24 06:04:42,772 - INFO - [23786] Worker 2 [GROUPE]: Utilisation ref=GROUPE2 pour appliquer a 3 membres
2026-02-24 06:04:48,340 - INFO - [23782] Worker 1: Traitement groupe 2026-02-27 - 2026-02-27, 63.0EUR, 6 logements
2026-02-24 06:04:48,341 - INFO - [23782] Worker 1 [GROUPE]: Utilisation ref=GROUPE1 pour appliquer a 6 membres
2026-02-24 06:04:59,396 - INFO - [23791] Worker 5: Traitement groupe 2026-03-01 - 2026-03-01, 78.0EUR, 1 logements
2026-02-24 06:05:16,247 - INFO - [23791] Worker 5: Traitement groupe 2026-03-02 - 2026-03-02, 90.0EUR, 1 logements
2026-02-24 06:05:24,951 - INFO - [23787] Worker 3: Traitement groupe 2026-02-28 - 2026-02-28, 90.0EUR, 5 logements
2026-02-24 06:05:24,952 - INFO - [23787] Worker 3 [GROUPE]: Utilisation ref=GROUPE3 pour appliquer a 5 membres
2026-02-24 06:05:26,591 - INFO - [23793] Worker 4: Traitement groupe 2026-02-28 - 2026-02-28, 83.0EUR, 3 logements
2026-02-24 06:05:26,592 - INFO - [23793] Worker 4 [GROUPE]: Utilisation ref=GROUPE4 pour appliquer a 3 membres
2026-02-24 06:05:29,751 - INFO - [23786] Worker 2: Traitement groupe 2026-02-28 - 2026-02-28, 58.0EUR, 3 logements
2026-02-24 06:05:29,751 - INFO - [23786] Worker 2 [GROUPE]: Utilisation ref=GROUPE2 pour appliquer a 3 membres
2026-02-24 06:05:39,279 - INFO - [23782] Worker 1: Traitement groupe 2026-02-28 - 2026-02-28, 70.0EUR, 6 logements
2026-02-24 06:05:39,280 - INFO - [23782] Worker 1 [GROUPE]: Utilisation ref=GROUPE1 pour appliquer a 6 membres
2026-02-24 06:05:43,023 - INFO - [23791] Worker 5: Traitement groupe 2026-03-03 - 2026-03-05, 97.0EUR, 1 logements
2026-02-24 06:06:09,633 - INFO - [23791] Worker 5: Traitement groupe 2026-03-06 - 2026-03-07, 106.0EUR, 1 logements
2026-02-24 06:06:11,480 - INFO - [23793] Worker 4: Traitement groupe 2026-03-01 - 2026-03-01, 61.0EUR, 3 logements
2026-02-24 06:06:11,481 - INFO - [23793] Worker 4 [GROUPE]: Utilisation ref=GROUPE4 pour appliquer a 3 membres
2026-02-24 06:06:14,190 - INFO - [23787] Worker 3: Traitement groupe 2026-03-01 - 2026-03-01, 67.0EUR, 5 logements
2026-02-24 06:06:14,190 - INFO - [23787] Worker 3 [GROUPE]: Utilisation ref=GROUPE3 pour appliquer a 5 membres
2026-02-24 06:06:14,740 - INFO - [23786] Worker 2: Traitement groupe 2026-03-01 - 2026-03-01, 37.0EUR, 3 logements
2026-02-24 06:06:14,741 - INFO - [23786] Worker 2 [GROUPE]: Utilisation ref=GROUPE2 pour appliquer a 3 membres
2026-02-24 06:06:27,144 - INFO - [23782] Worker 1: Traitement groupe 2026-03-01 - 2026-03-01, 58.0EUR, 6 logements
2026-02-24 06:06:27,145 - INFO - [23782] Worker 1 [GROUPE]: Utilisation ref=GROUPE1 pour appliquer a 6 membres
2026-02-24 06:06:37,575 - INFO - [23791] Worker 5: Traitement groupe 2026-03-08 - 2026-03-08, 85.0EUR, 1 logements
2026-02-24 06:06:58,295 - INFO - [23793] Worker 4: Traitement groupe 2026-03-02 - 2026-03-02, 72.0EUR, 3 logements
2026-02-24 06:06:58,296 - INFO - [23793] Worker 4 [GROUPE]: Utilisation ref=GROUPE4 pour appliquer a 3 membres
2026-02-24 06:07:02,980 - INFO - [23791] Worker 5: Traitement groupe 2026-03-09 - 2026-03-09, 97.0EUR, 1 logements
2026-02-24 06:07:07,060 - INFO - [23786] Worker 2: Traitement groupe 2026-03-02 - 2026-03-02, 49.0EUR, 3 logements
2026-02-24 06:07:07,061 - INFO - [23786] Worker 2 [GROUPE]: Utilisation ref=GROUPE2 pour appliquer a 3 membres
2026-02-24 06:07:11,115 - INFO - [23787] Worker 3: Traitement groupe 2026-03-02 - 2026-03-02, 78.0EUR, 5 logements
2026-02-24 06:07:11,116 - INFO - [23787] Worker 3 [GROUPE]: Utilisation ref=GROUPE3 pour appliquer a 5 membres
2026-02-24 06:07:18,292 - INFO - [23791] Worker 5: Traitement groupe 2026-03-10 - 2026-03-10, 104.0EUR, 1 logements
2026-02-24 06:07:20,259 - INFO - [23782] Worker 1: Traitement groupe 2026-03-02 - 2026-03-02, 63.0EUR, 6 logements
2026-02-24 06:07:20,260 - INFO - [23782] Worker 1 [GROUPE]: Utilisation ref=GROUPE1 pour appliquer a 6 membres
2026-02-24 06:07:42,594 - INFO - [23793] Worker 4: Traitement groupe 2026-03-03 - 2026-03-05, 79.0EUR, 3 logements
2026-02-24 06:07:42,595 - INFO - [23793] Worker 4 [GROUPE]: Utilisation ref=GROUPE4 pour appliquer a 3 membres
2026-02-24 06:07:45,320 - INFO - [23791] Worker 5: Traitement groupe 2026-03-11 - 2026-03-12, 90.0EUR, 1 logements
2026-02-24 06:07:51,800 - INFO - [23786] Worker 2: Traitement groupe 2026-03-03 - 2026-03-05, 53.0EUR, 3 logements
2026-02-24 06:07:51,800 - INFO - [23786] Worker 2 [GROUPE]: Utilisation ref=GROUPE2 pour appliquer a 3 membres
2026-02-24 06:07:59,420 - INFO - [23787] Worker 3: Traitement groupe 2026-03-03 - 2026-03-05, 85.0EUR, 5 logements
2026-02-24 06:07:59,421 - INFO - [23787] Worker 3 [GROUPE]: Utilisation ref=GROUPE3 pour appliquer a 5 membres
2026-02-24 06:08:09,936 - INFO - [23782] Worker 1: Traitement groupe 2026-03-03 - 2026-03-05, 72.0EUR, 6 logements
2026-02-24 06:08:09,938 - INFO - [23782] Worker 1 [GROUPE]: Utilisation ref=GROUPE1 pour appliquer a 6 membres
2026-02-24 06:08:11,812 - INFO - [23791] Worker 5: Traitement groupe 2026-03-13 - 2026-03-14, 99.0EUR, 1 logements
2026-02-24 06:08:28,564 - INFO - [23793] Worker 4: Traitement groupe 2026-03-06 - 2026-03-07, 91.0EUR, 3 logements
2026-02-24 06:08:28,565 - INFO - [23793] Worker 4 [GROUPE]: Utilisation ref=GROUPE4 pour appliquer a 3 membres
2026-02-24 06:08:37,323 - INFO - [23786] Worker 2: Traitement groupe 2026-03-06 - 2026-03-07, 64.0EUR, 3 logements
2026-02-24 06:08:37,324 - INFO - [23786] Worker 2 [GROUPE]: Utilisation ref=GROUPE2 pour appliquer a 3 membres
2026-02-24 06:08:38,848 - INFO - [23791] Worker 5: Traitement groupe 2026-03-15 - 2026-03-15, 80.0EUR, 1 logements
2026-02-24 06:08:51,048 - INFO - [23787] Worker 3: Traitement groupe 2026-03-06 - 2026-03-07, 98.0EUR, 5 logements
2026-02-24 06:08:51,048 - INFO - [23787] Worker 3 [GROUPE]: Utilisation ref=GROUPE3 pour appliquer a 5 membres
2026-02-24 06:09:01,183 - INFO - [23782] Worker 1: Traitement groupe 2026-03-06 - 2026-03-07, 79.0EUR, 6 logements
2026-02-24 06:09:01,955 - INFO - [23782] Worker 1 [GROUPE]: Utilisation ref=GROUPE1 pour appliquer a 6 membres
2026-02-24 06:09:08,323 - INFO - [23791] Worker 5: Traitement groupe 2026-03-16 - 2026-03-19, 90.0EUR, 1 logements
2026-02-24 06:09:16,219 - INFO - [23793] Worker 4: Traitement groupe 2026-03-08 - 2026-03-08, 68.0EUR, 3 logements
2026-02-24 06:09:16,220 - INFO - [23793] Worker 4 [GROUPE]: Utilisation ref=GROUPE4 pour appliquer a 3 membres
2026-02-24 06:09:22,891 - INFO - [23786] Worker 2: Traitement groupe 2026-03-08 - 2026-03-08, 42.0EUR, 3 logements
2026-02-24 06:09:22,893 - INFO - [23786] Worker 2 [GROUPE]: Utilisation ref=GROUPE2 pour appliquer a 3 membres
2026-02-24 06:09:37,332 - INFO - [23791] Worker 5: Traitement groupe 2026-03-20 - 2026-03-21, 99.0EUR, 1 logements
2026-02-24 06:09:45,350 - INFO - [23787] Worker 3: Traitement groupe 2026-03-08 - 2026-03-08, 74.0EUR, 5 logements
2026-02-24 06:09:45,351 - INFO - [23787] Worker 3 [GROUPE]: Utilisation ref=GROUPE3 pour appliquer a 5 membres
2026-02-24 06:09:58,208 - INFO - [23782] Worker 1: Traitement groupe 2026-03-08 - 2026-03-08, 66.0EUR, 6 logements
2026-02-24 06:09:58,209 - INFO - [23782] Worker 1 [GROUPE]: Utilisation ref=GROUPE1 pour appliquer a 6 membres
2026-02-24 06:10:05,796 - INFO - [23793] Worker 4: Traitement groupe 2026-03-09 - 2026-03-09, 79.0EUR, 3 logements
2026-02-24 06:10:05,796 - INFO - [23793] Worker 4 [GROUPE]: Utilisation ref=GROUPE4 pour appliquer a 3 membres
2026-02-24 06:10:05,938 - INFO - [23791] Worker 5: Traitement groupe 2026-03-22 - 2026-03-22, 80.0EUR, 1 logements
2026-02-24 06:10:08,317 - INFO - [23786] Worker 2: Traitement groupe 2026-03-09 - 2026-03-09, 53.0EUR, 3 logements
2026-02-24 06:10:08,318 - INFO - [23786] Worker 2 [GROUPE]: Utilisation ref=GROUPE2 pour appliquer a 3 membres
2026-02-24 06:10:35,032 - INFO - [23791] Worker 5: Traitement groupe 2026-03-23 - 2026-03-26, 90.0EUR, 1 logements
2026-02-24 06:10:38,035 - INFO - [23787] Worker 3: Traitement groupe 2026-03-09 - 2026-03-09, 85.0EUR, 5 logements
2026-02-24 06:10:38,036 - INFO - [23787] Worker 3 [GROUPE]: Utilisation ref=GROUPE3 pour appliquer a 5 membres
2026-02-24 06:10:50,699 - INFO - [23782] Worker 1: Traitement groupe 2026-03-09 - 2026-03-09, 72.0EUR, 6 logements
2026-02-24 06:10:50,700 - INFO - [23782] Worker 1 [GROUPE]: Utilisation ref=GROUPE1 pour appliquer a 6 membres
2026-02-24 06:10:51,528 - INFO - [23793] Worker 4: Traitement groupe 2026-03-10 - 2026-03-10, 86.0EUR, 3 logements
2026-02-24 06:10:51,530 - INFO - [23793] Worker 4 [GROUPE]: Utilisation ref=GROUPE4 pour appliquer a 3 membres
2026-02-24 06:10:53,440 - INFO - [23786] Worker 2: Traitement groupe 2026-03-10 - 2026-03-10, 58.0EUR, 3 logements
2026-02-24 06:10:53,440 - INFO - [23786] Worker 2 [GROUPE]: Utilisation ref=GROUPE2 pour appliquer a 3 membres
2026-02-24 06:11:02,004 - INFO - [23791] Worker 5: Termine - 17 OK, 1 echecs
2026-02-24 06:11:30,404 - INFO - [23787] Worker 3: Traitement groupe 2026-03-10 - 2026-03-10, 92.0EUR, 5 logements
2026-02-24 06:11:30,405 - INFO - [23787] Worker 3 [GROUPE]: Utilisation ref=GROUPE3 pour appliquer a 5 membres
2026-02-24 06:11:37,432 - INFO - [23793] Worker 4: Traitement groupe 2026-03-11 - 2026-03-12, 75.0EUR, 3 logements
2026-02-24 06:11:37,432 - INFO - [23793] Worker 4 [GROUPE]: Utilisation ref=GROUPE4 pour appliquer a 3 membres
2026-02-24 06:11:37,958 - INFO - [23786] Worker 2: Traitement groupe 2026-03-11 - 2026-03-12, 50.0EUR, 3 logements
2026-02-24 06:11:37,959 - INFO - [23786] Worker 2 [GROUPE]: Utilisation ref=GROUPE2 pour appliquer a 3 membres
2026-02-24 06:11:39,038 - INFO - [23782] Worker 1: Traitement groupe 2026-03-10 - 2026-03-10, 81.0EUR, 6 logements
2026-02-24 06:11:39,039 - INFO - [23782] Worker 1 [GROUPE]: Utilisation ref=GROUPE1 pour appliquer a 6 membres
2026-02-24 06:12:19,154 - INFO - [23787] Worker 3: Traitement groupe 2026-03-11 - 2026-03-12, 80.0EUR, 5 logements
2026-02-24 06:12:19,155 - INFO - [23787] Worker 3 [GROUPE]: Utilisation ref=GROUPE3 pour appliquer a 5 membres
2026-02-24 06:12:21,932 - INFO - [23793] Worker 4: Traitement groupe 2026-03-13 - 2026-03-14, 86.0EUR, 3 logements
2026-02-24 06:12:21,932 - INFO - [23793] Worker 4 [GROUPE]: Utilisation ref=GROUPE4 pour appliquer a 3 membres
2026-02-24 06:12:23,420 - INFO - [23786] Worker 2: Traitement groupe 2026-03-13 - 2026-03-14, 60.0EUR, 3 logements
2026-02-24 06:12:23,420 - INFO - [23786] Worker 2 [GROUPE]: Utilisation ref=GROUPE2 pour appliquer a 3 membres
2026-02-24 06:12:31,576 - INFO - [23782] Worker 1: Traitement groupe 2026-03-11 - 2026-03-12, 70.0EUR, 6 logements
2026-02-24 06:12:31,577 - INFO - [23782] Worker 1 [GROUPE]: Utilisation ref=GROUPE1 pour appliquer a 6 membres
2026-02-24 06:13:10,157 - INFO - [23793] Worker 4: Traitement groupe 2026-03-15 - 2026-03-15, 65.0EUR, 3 logements
2026-02-24 06:13:10,158 - INFO - [23793] Worker 4 [GROUPE]: Utilisation ref=GROUPE4 pour appliquer a 3 membres
2026-02-24 06:13:11,108 - INFO - [23786] Worker 2: Traitement groupe 2026-03-15 - 2026-03-15, 40.0EUR, 3 logements
2026-02-24 06:13:11,108 - INFO - [23786] Worker 2 [GROUPE]: Utilisation ref=GROUPE2 pour appliquer a 3 membres
2026-02-24 06:13:11,109 - INFO - [23787] Worker 3: Traitement groupe 2026-03-13 - 2026-03-14, 92.0EUR, 5 logements
2026-02-24 06:13:11,110 - INFO - [23787] Worker 3 [GROUPE]: Utilisation ref=GROUPE3 pour appliquer a 5 membres
2026-02-24 06:13:23,032 - INFO - [23782] Worker 1: Traitement groupe 2026-03-13 - 2026-03-14, 77.0EUR, 6 logements
2026-02-24 06:13:23,033 - INFO - [23782] Worker 1 [GROUPE]: Utilisation ref=GROUPE1 pour appliquer a 6 membres
2026-02-24 06:13:54,874 - INFO - [23793] Worker 4: Traitement groupe 2026-03-16 - 2026-03-19, 75.0EUR, 3 logements
2026-02-24 06:13:54,875 - INFO - [23793] Worker 4 [GROUPE]: Utilisation ref=GROUPE4 pour appliquer a 3 membres
2026-02-24 06:13:56,710 - INFO - [23786] Worker 2: Traitement groupe 2026-03-16 - 2026-03-19, 50.0EUR, 3 logements
2026-02-24 06:13:56,710 - INFO - [23786] Worker 2 [GROUPE]: Utilisation ref=GROUPE2 pour appliquer a 3 membres
2026-02-24 06:13:59,374 - INFO - [23787] Worker 3: Traitement groupe 2026-03-15 - 2026-03-15, 70.0EUR, 5 logements
2026-02-24 06:13:59,374 - INFO - [23787] Worker 3 [GROUPE]: Utilisation ref=GROUPE3 pour appliquer a 5 membres
2026-02-24 06:14:10,848 - INFO - [23782] Worker 1: Traitement groupe 2026-03-15 - 2026-03-15, 65.0EUR, 6 logements
2026-02-24 06:14:10,849 - INFO - [23782] Worker 1 [GROUPE]: Utilisation ref=GROUPE1 pour appliquer a 6 membres
2026-02-24 06:14:40,200 - INFO - [23793] Worker 4: Traitement groupe 2026-03-20 - 2026-03-21, 86.0EUR, 3 logements
2026-02-24 06:14:40,200 - INFO - [23793] Worker 4 [GROUPE]: Utilisation ref=GROUPE4 pour appliquer a 3 membres
2026-02-24 06:14:42,856 - INFO - [23786] Worker 2: Traitement groupe 2026-03-20 - 2026-03-21, 60.0EUR, 3 logements
2026-02-24 06:14:42,856 - INFO - [23786] Worker 2 [GROUPE]: Utilisation ref=GROUPE2 pour appliquer a 3 membres
2026-02-24 06:14:48,992 - INFO - [23787] Worker 3: Traitement groupe 2026-03-16 - 2026-03-19, 80.0EUR, 5 logements
2026-02-24 06:14:48,993 - INFO - [23787] Worker 3 [GROUPE]: Utilisation ref=GROUPE3 pour appliquer a 5 membres
2026-02-24 06:15:00,912 - INFO - [23782] Worker 1: Traitement groupe 2026-03-16 - 2026-03-19, 70.0EUR, 6 logements
2026-02-24 06:15:00,913 - INFO - [23782] Worker 1 [GROUPE]: Utilisation ref=GROUPE1 pour appliquer a 6 membres
2026-02-24 06:15:27,477 - INFO - [23793] Worker 4: Traitement groupe 2026-03-22 - 2026-03-22, 65.0EUR, 3 logements
2026-02-24 06:15:27,478 - INFO - [23793] Worker 4 [GROUPE]: Utilisation ref=GROUPE4 pour appliquer a 3 membres
2026-02-24 06:15:32,552 - INFO - [23786] Worker 2: Traitement groupe 2026-03-22 - 2026-03-22, 40.0EUR, 3 logements
2026-02-24 06:15:32,553 - INFO - [23786] Worker 2 [GROUPE]: Utilisation ref=GROUPE2 pour appliquer a 3 membres
2026-02-24 06:15:41,456 - INFO - [23787] Worker 3: Traitement groupe 2026-03-20 - 2026-03-21, 92.0EUR, 5 logements
2026-02-24 06:15:41,457 - INFO - [23787] Worker 3 [GROUPE]: Utilisation ref=GROUPE3 pour appliquer a 5 membres
2026-02-24 06:15:51,148 - INFO - [23782] Worker 1: Traitement groupe 2026-03-20 - 2026-03-21, 77.0EUR, 6 logements
2026-02-24 06:15:51,149 - INFO - [23782] Worker 1 [GROUPE]: Utilisation ref=GROUPE1 pour appliquer a 6 membres
2026-02-24 06:16:14,204 - INFO - [23793] Worker 4: Traitement groupe 2026-03-23 - 2026-03-26, 75.0EUR, 3 logements
2026-02-24 06:16:14,204 - INFO - [23793] Worker 4 [GROUPE]: Utilisation ref=GROUPE4 pour appliquer a 3 membres
2026-02-24 06:16:17,872 - INFO - [23786] Worker 2: Traitement groupe 2026-03-23 - 2026-03-26, 50.0EUR, 3 logements
2026-02-24 06:16:17,872 - INFO - [23786] Worker 2 [GROUPE]: Utilisation ref=GROUPE2 pour appliquer a 3 membres
2026-02-24 06:16:35,634 - INFO - [23787] Worker 3: Traitement groupe 2026-03-22 - 2026-03-22, 70.0EUR, 5 logements
2026-02-24 06:16:35,635 - INFO - [23787] Worker 3 [GROUPE]: Utilisation ref=GROUPE3 pour appliquer a 5 membres
2026-02-24 06:16:44,912 - INFO - [23782] Worker 1: Traitement groupe 2026-03-22 - 2026-03-22, 65.0EUR, 6 logements
2026-02-24 06:16:44,913 - INFO - [23782] Worker 1 [GROUPE]: Utilisation ref=GROUPE1 pour appliquer a 6 membres
2026-02-24 06:17:00,505 - INFO - [23793] Worker 4: Termine - 90 OK, 3 echecs
2026-02-24 06:17:05,283 - INFO - [23786] Worker 2: Termine - 90 OK, 3 echecs
2026-02-24 06:17:24,839 - INFO - [23787] Worker 3: Traitement groupe 2026-03-23 - 2026-03-26, 80.0EUR, 5 logements
2026-02-24 06:17:24,840 - INFO - [23787] Worker 3 [GROUPE]: Utilisation ref=GROUPE3 pour appliquer a 5 membres
2026-02-24 06:17:36,174 - INFO - [23782] Worker 1: Traitement groupe 2026-03-23 - 2026-03-26, 70.0EUR, 6 logements
2026-02-24 06:17:36,175 - INFO - [23782] Worker 1 [GROUPE]: Utilisation ref=GROUPE1 pour appliquer a 6 membres
2026-02-24 06:18:12,423 - INFO - [23787] Worker 3: Termine - 150 OK, 5 echecs
2026-02-24 06:18:23,871 - INFO - [23782] Worker 1: Termine - 180 OK, 6 echecs
2026-02-24 06:18:24,719 - INFO - [23776] ==================================================
2026-02-24 06:18:24,719 - INFO - [23776] RESUME FINAL
2026-02-24 06:18:24,720 - INFO - [23776]   Workers: 5
2026-02-24 06:18:24,720 - INFO - [23776]   Succes: 527
2026-02-24 06:18:24,720 - INFO - [23776]   Echecs: 18
2026-02-24 06:18:24,720 - INFO - [23776] ==================================================
2026-02-24 06:18:24,720 - INFO - [23776] Pool termine
[2026-02-24 06:18:24]   Worker pool termine
[2026-02-24 06:18:24] ==========================================
[2026-02-24 06:18:24] Resume de l'execution
[2026-02-24 06:18:24] ==========================================
[2026-02-24 06:18:25]   Mises a jour en attente: 0
[2026-02-24 06:18:25]   Mises a jour terminees aujourd'hui: 527
[2026-02-24 06:18:25]   Mises a jour echouees aujourd'hui: 18
[2026-02-24 06:18:25] ==========================================
[2026-02-24 06:18:25] Fin de l'execution
[2026-02-24 06:18:25] ==========================================
[2026-02-24 06:18:25]   SMS de notification envoye
