[2026-02-12 06:00:01] ==========================================
[2026-02-12 06:00:01] Debut de la mise a jour des prix Superhote
[2026-02-12 06:00:01] ==========================================
[2026-02-12 06:00:01] Etape 1: Generation des prix...
[2026-02-12 05:00:01] Generation des prix Superhote
  Regles chargees: 8 saisons, 12 jours feries, 5 regles occupation
  - Logement 13: 31 mises a jour
  - Logement 14: 31 mises a jour
  - Logement 16: 31 mises a jour
  - Logement 15: 31 mises a jour
  - Logement 17: 31 mises a jour
  - Logement 2: 31 mises a jour
  - Logement 19: 31 mises a jour
  - Logement 10: 31 mises a jour
  - Logement 11: 31 mises a jour
  - Logement 8: 31 mises a jour
  - Logement 37: 31 mises a jour
  - Logement 33: 31 mises a jour
  - Logement 12: 31 mises a jour
  - Logement 23: 31 mises a jour
  - Logement 42: 31 mises a jour
  - Logement 21: 31 mises a jour
  - Logement 7: 31 mises a jour
  - Logement 43: 31 mises a jour
[2026-02-12 05:00:02] Total: 558 mises a jour generees
[2026-02-12 05:00:02] Termine en 1.57s
[2026-02-12 06:00:02]   Generation terminee
[2026-02-12 06:00:02] Etape 2: Application des prix via worker pool...
2026-02-12 06:00:03,154 - INFO - [22550] ==================================================
2026-02-12 06:00:03,154 - INFO - [22550] DEMARRAGE POOL WORKERS SUPERHOTE
2026-02-12 06:00:03,155 - INFO - [22550]   Mode: GROUPE
2026-02-12 06:00:03,155 - INFO - [22550]   Max workers: illimite
2026-02-12 06:00:03,155 - INFO - [22550] ==================================================
2026-02-12 06:00:03,183 - INFO - [22550] Mode GROUPE active (hybride: groupes + orphelins)
2026-02-12 06:00:03,212 - INFO - [22550] Groupes avec pending: ['GROUPE1', '__ORPHELINS__', 'GROUPE2', 'GROUPE3', 'GROUPE4']
2026-02-12 06:00:03,218 - INFO - [22550] Worker 1 [GROUPE GROUPE1]: 6 logements, ref=GROUPE1
2026-02-12 06:00:03,223 - INFO - [22550] Worker 2 [GROUPE GROUPE2]: 3 logements, ref=GROUPE2
2026-02-12 06:00:03,228 - INFO - [22550] Worker 3 [GROUPE GROUPE3]: 5 logements, ref=GROUPE3
2026-02-12 06:00:03,234 - INFO - [22550] Worker 4 [GROUPE GROUPE4]: 3 logements, ref=GROUPE4
2026-02-12 06:00:03,239 - INFO - [22550] Logements sans groupe: 4
2026-02-12 06:00:03,240 - INFO - [22550] Worker 5 [STANDARD]: 4 logements orphelins
2026-02-12 06:00:03,240 - INFO - [22550] Workers configures: 5 (4 groupes, 1 standards)
2026-02-12 06:00:03,240 - INFO - [22550]   Worker 1 [GROUPE GROUPE1]: ref=GROUPE1, membres=['Appartement Neuf Confort & Moderne - Proche Gare', 'Delphin - BLEU - 2', 'Delphin - FAB - 4', 'Delphin - NID - 3', 'Delphin - ZEN - 1', 'Edouard - 4']
2026-02-12 06:00:03,240 - INFO - [22550]   Worker 2 [GROUPE GROUPE2]: ref=GROUPE2, membres=['Detti - 1 - RDC', 'DETTI - 2 - ET', 'Studio au pied du Château']
2026-02-12 06:00:03,241 - INFO - [22550]   Worker 3 [GROUPE GROUPE3]: ref=GROUPE3, membres=['Alexia - BSM', 'Calme - Wifi - Confort - Vue', 'La compiegnoise', 'Le Repos de Canly', 'Multicolore Logement entier centre ville']
2026-02-12 06:00:03,241 - INFO - [22550]   Worker 4 [GROUPE GROUPE4]: ref=GROUPE4, membres=['1306', 'Centre Ville - Wifi - Extérieur - Téléviseurs', 'GROUPE4']
2026-02-12 06:00:03,241 - INFO - [22550]   Worker 5 [STANDARD]: ['Delphin - JUN - 5', 'GROUPE1', 'GROUPE2', 'GROUPE3']
2026-02-12 06:00:03,241 - INFO - [22550] Lancement de 5 workers en parallele...
2026-02-12 06:00:03,268 - INFO - [22559] Worker 2 [GROUPE GROUPE2] demarre - Ref: GROUPE2, Membres: ['Detti - 1 - RDC', 'DETTI - 2 - ET', 'Studio au pied du Château']
2026-02-12 06:00:03,270 - INFO - [22556] Worker 1 [GROUPE GROUPE1] demarre - Ref: GROUPE1, Membres: ['Appartement Neuf Confort & Moderne - Proche Gare', 'Delphin - BLEU - 2', 'Delphin - FAB - 4', 'Delphin - NID - 3', 'Delphin - ZEN - 1', 'Edouard - 4']
2026-02-12 06:00:03,300 - INFO - [22567] Worker 3 [GROUPE GROUPE3] demarre - Ref: GROUPE3, Membres: ['Alexia - BSM', 'Calme - Wifi - Confort - Vue', 'La compiegnoise', 'Le Repos de Canly', 'Multicolore Logement entier centre ville']
2026-02-12 06:00:03,311 - INFO - [22563] Worker 5 demarre - Logements: ['Delphin - JUN - 5', 'GROUPE1', 'GROUPE2', 'GROUPE3']
2026-02-12 06:00:03,316 - INFO - [22562] Worker 4 [GROUPE GROUPE4] demarre - Ref: GROUPE4, Membres: ['1306', 'Centre Ville - Wifi - Extérieur - Téléviseurs', 'GROUPE4']
2026-02-12 06:02:03,741 - INFO - [22562] Worker 4: Connecte a Superhote
2026-02-12 06:02:03,800 - INFO - [22562] Worker 4: 93 mises a jour a traiter
2026-02-12 06:02:03,825 - INFO - [22562] Worker 4: 62 groupes de mises a jour (apres fusion)
2026-02-12 06:02:03,856 - INFO - [22562] Worker 4: Traitement groupe 2026-02-12 - 2026-02-12, 54.0EUR, 2 logements
2026-02-12 06:02:03,857 - INFO - [22562] Worker 4 [GROUPE]: Utilisation ref=GROUPE4 pour appliquer a 3 membres
2026-02-12 06:02:04,513 - INFO - [22559] Worker 2: Connecte a Superhote
2026-02-12 06:02:04,552 - INFO - [22559] Worker 2: 93 mises a jour a traiter
2026-02-12 06:02:04,575 - INFO - [22559] Worker 2: 62 groupes de mises a jour (apres fusion)
2026-02-12 06:02:04,580 - INFO - [22559] Worker 2: Traitement groupe 2026-02-12 - 2026-02-12, 43.0EUR, 2 logements
2026-02-12 06:02:04,584 - INFO - [22559] Worker 2 [GROUPE]: Utilisation ref=GROUPE2 pour appliquer a 3 membres
2026-02-12 06:02:05,954 - INFO - [22567] Worker 3: Connecte a Superhote
2026-02-12 06:02:06,034 - INFO - [22567] Worker 3: 155 mises a jour a traiter
2026-02-12 06:02:06,071 - INFO - [22567] Worker 3: 93 groupes de mises a jour (apres fusion)
2026-02-12 06:02:06,103 - INFO - [22567] Worker 3: Traitement groupe 2026-02-12 - 2026-02-12, 59.0EUR, 3 logements
2026-02-12 06:02:06,104 - INFO - [22567] Worker 3 [GROUPE]: Utilisation ref=GROUPE3 pour appliquer a 5 membres
2026-02-12 06:02:12,011 - INFO - [22563] Worker 5: Connecte a Superhote
2026-02-12 06:02:19,703 - INFO - [22563] Worker 5: 31 mises a jour a traiter
2026-02-12 06:02:20,638 - INFO - [22563] Optimisation: 31 -> 17 operations (fusion dates consecutives)
2026-02-12 06:02:20,639 - INFO - [22563] Worker 5: 17 groupes de mises a jour (apres fusion)
2026-02-12 06:02:20,670 - INFO - [22563] Worker 5: Traitement groupe 2026-02-12 - 2026-02-12, 81.0EUR, 1 logements
2026-02-12 06:02:56,679 - ERROR - [22556] Worker 1: Echec connexion Superhote
2026-02-12 06:03:05,950 - INFO - [22562] Worker 4: Traitement groupe 2026-02-12 - 2026-02-12, 63.0EUR, 1 logements
2026-02-12 06:03:05,950 - INFO - [22562] Worker 4 [GROUPE]: Utilisation ref=GROUPE4 pour appliquer a 3 membres
2026-02-12 06:03:33,852 - INFO - [22563] Worker 5: Traitement groupe 2026-02-13 - 2026-02-14, 94.0EUR, 1 logements
2026-02-12 06:03:53,149 - INFO - [22563] Worker 5: Traitement groupe 2026-02-15 - 2026-02-15, 74.0EUR, 1 logements
2026-02-12 06:03:53,153 - INFO - [22559] Worker 2: Traitement groupe 2026-02-12 - 2026-02-12, 45.0EUR, 1 logements
2026-02-12 06:03:53,154 - INFO - [22559] Worker 2 [GROUPE]: Utilisation ref=GROUPE2 pour appliquer a 3 membres
2026-02-12 06:03:54,710 - INFO - [22562] Worker 4: Traitement groupe 2026-02-13 - 2026-02-13, 66.0EUR, 2 logements
2026-02-12 06:03:54,711 - INFO - [22562] Worker 4 [GROUPE]: Utilisation ref=GROUPE4 pour appliquer a 3 membres
2026-02-12 06:03:57,792 - INFO - [22567] Worker 3: Traitement groupe 2026-02-12 - 2026-02-12, 62.0EUR, 1 logements
2026-02-12 06:03:57,793 - INFO - [22567] Worker 3 [GROUPE]: Utilisation ref=GROUPE3 pour appliquer a 5 membres
2026-02-12 06:04:08,412 - INFO - [22563] Worker 5: Traitement groupe 2026-02-16 - 2026-02-18, 90.0EUR, 1 logements
2026-02-12 06:04:35,845 - INFO - [22563] Worker 5: Traitement groupe 2026-02-19 - 2026-02-19, 97.0EUR, 1 logements
2026-02-12 06:04:40,150 - INFO - [22559] Worker 2: Traitement groupe 2026-02-13 - 2026-02-13, 55.0EUR, 2 logements
2026-02-12 06:04:40,150 - INFO - [22559] Worker 2 [GROUPE]: Utilisation ref=GROUPE2 pour appliquer a 3 membres
2026-02-12 06:04:42,229 - INFO - [22562] Worker 4: Traitement groupe 2026-02-13 - 2026-02-13, 78.0EUR, 1 logements
2026-02-12 06:04:42,230 - INFO - [22562] Worker 4 [GROUPE]: Utilisation ref=GROUPE4 pour appliquer a 3 membres
2026-02-12 06:04:47,898 - INFO - [22567] Worker 3: Traitement groupe 2026-02-12 - 2026-02-12, 69.0EUR, 1 logements
2026-02-12 06:04:47,898 - INFO - [22567] Worker 3 [GROUPE]: Utilisation ref=GROUPE3 pour appliquer a 5 membres
2026-02-12 06:05:00,794 - INFO - [22563] Worker 5: Traitement groupe 2026-02-20 - 2026-02-21, 106.0EUR, 1 logements
2026-02-12 06:05:25,215 - INFO - [22559] Worker 2: Traitement groupe 2026-02-13 - 2026-02-13, 57.0EUR, 1 logements
2026-02-12 06:05:25,216 - INFO - [22559] Worker 2 [GROUPE]: Utilisation ref=GROUPE2 pour appliquer a 3 membres
2026-02-12 06:05:26,142 - INFO - [22563] Worker 5: Traitement groupe 2026-02-22 - 2026-02-22, 85.0EUR, 1 logements
2026-02-12 06:05:26,795 - INFO - [22562] Worker 4: Traitement groupe 2026-02-14 - 2026-02-14, 66.0EUR, 2 logements
2026-02-12 06:05:26,797 - INFO - [22562] Worker 4 [GROUPE]: Utilisation ref=GROUPE4 pour appliquer a 3 membres
2026-02-12 06:05:37,293 - INFO - [22567] Worker 3: Traitement groupe 2026-02-13 - 2026-02-13, 72.0EUR, 3 logements
2026-02-12 06:05:37,294 - INFO - [22567] Worker 3 [GROUPE]: Utilisation ref=GROUPE3 pour appliquer a 5 membres
2026-02-12 06:05:53,007 - INFO - [22563] Worker 5: Traitement groupe 2026-02-23 - 2026-02-25, 97.0EUR, 1 logements
2026-02-12 06:06:11,661 - INFO - [22562] Worker 4: Traitement groupe 2026-02-14 - 2026-02-14, 78.0EUR, 1 logements
2026-02-12 06:06:11,662 - INFO - [22562] Worker 4 [GROUPE]: Utilisation ref=GROUPE4 pour appliquer a 3 membres
2026-02-12 06:06:16,355 - INFO - [22559] Worker 2: Traitement groupe 2026-02-14 - 2026-02-14, 55.0EUR, 2 logements
2026-02-12 06:06:16,355 - INFO - [22559] Worker 2 [GROUPE]: Utilisation ref=GROUPE2 pour appliquer a 3 membres
2026-02-12 06:06:19,221 - INFO - [22563] Worker 5: Traitement groupe 2026-02-26 - 2026-02-26, 104.0EUR, 1 logements
2026-02-12 06:06:26,891 - INFO - [22567] Worker 3: Traitement groupe 2026-02-13 - 2026-02-13, 76.0EUR, 1 logements
2026-02-12 06:06:26,892 - INFO - [22567] Worker 3 [GROUPE]: Utilisation ref=GROUPE3 pour appliquer a 5 membres
2026-02-12 06:06:43,886 - INFO - [22563] Worker 5: Traitement groupe 2026-02-27 - 2026-02-28, 114.0EUR, 1 logements
2026-02-12 06:06:56,200 - INFO - [22562] Worker 4: Traitement groupe 2026-02-15 - 2026-02-15, 48.0EUR, 2 logements
2026-02-12 06:06:56,201 - INFO - [22562] Worker 4 [GROUPE]: Utilisation ref=GROUPE4 pour appliquer a 3 membres
2026-02-12 06:07:01,323 - INFO - [22559] Worker 2: Traitement groupe 2026-02-14 - 2026-02-14, 57.0EUR, 1 logements
2026-02-12 06:07:01,324 - INFO - [22559] Worker 2 [GROUPE]: Utilisation ref=GROUPE2 pour appliquer a 3 membres
2026-02-12 06:07:09,435 - INFO - [22563] Worker 5: Traitement groupe 2026-03-01 - 2026-03-01, 92.0EUR, 1 logements
2026-02-12 06:07:16,682 - INFO - [22567] Worker 3: Traitement groupe 2026-02-13 - 2026-02-13, 85.0EUR, 1 logements
2026-02-12 06:07:16,683 - INFO - [22567] Worker 3 [GROUPE]: Utilisation ref=GROUPE3 pour appliquer a 5 membres
2026-02-12 06:07:28,681 - INFO - [22563] Worker 5: Traitement groupe 2026-03-02 - 2026-03-05, 104.0EUR, 1 logements
2026-02-12 06:07:43,034 - INFO - [22562] Worker 4: Traitement groupe 2026-02-15 - 2026-02-15, 56.0EUR, 1 logements
2026-02-12 06:07:43,034 - INFO - [22562] Worker 4 [GROUPE]: Utilisation ref=GROUPE4 pour appliquer a 3 membres
2026-02-12 06:07:50,292 - INFO - [22559] Worker 2: Traitement groupe 2026-02-15 - 2026-02-15, 34.0EUR, 2 logements
2026-02-12 06:07:50,293 - INFO - [22559] Worker 2 [GROUPE]: Utilisation ref=GROUPE2 pour appliquer a 3 membres
2026-02-12 06:07:54,959 - INFO - [22563] Worker 5: Traitement groupe 2026-03-06 - 2026-03-07, 114.0EUR, 1 logements
2026-02-12 06:08:07,858 - INFO - [22567] Worker 3: Traitement groupe 2026-02-14 - 2026-02-14, 72.0EUR, 3 logements
2026-02-12 06:08:07,859 - INFO - [22567] Worker 3 [GROUPE]: Utilisation ref=GROUPE3 pour appliquer a 5 membres
2026-02-12 06:08:20,068 - INFO - [22563] Worker 5: Traitement groupe 2026-03-08 - 2026-03-08, 92.0EUR, 1 logements
2026-02-12 06:08:27,193 - INFO - [22562] Worker 4: Traitement groupe 2026-02-16 - 2026-02-16, 62.0EUR, 2 logements
2026-02-12 06:08:27,193 - INFO - [22562] Worker 4 [GROUPE]: Utilisation ref=GROUPE4 pour appliquer a 3 membres
2026-02-12 06:08:36,403 - INFO - [22559] Worker 2: Traitement groupe 2026-02-15 - 2026-02-15, 36.0EUR, 1 logements
2026-02-12 06:08:36,405 - INFO - [22559] Worker 2 [GROUPE]: Utilisation ref=GROUPE2 pour appliquer a 3 membres
2026-02-12 06:08:45,959 - INFO - [22563] Worker 5: Traitement groupe 2026-03-09 - 2026-03-10, 104.0EUR, 1 logements
2026-02-12 06:08:58,234 - INFO - [22567] Worker 3: Traitement groupe 2026-02-14 - 2026-02-14, 76.0EUR, 1 logements
2026-02-12 06:08:58,235 - INFO - [22567] Worker 3 [GROUPE]: Utilisation ref=GROUPE3 pour appliquer a 5 membres
2026-02-12 06:09:00,869 - INFO - [22563] Worker 5: Traitement groupe 2026-03-11 - 2026-03-12, 90.0EUR, 1 logements
2026-02-12 06:09:14,245 - INFO - [22562] Worker 4: Traitement groupe 2026-02-16 - 2026-02-16, 72.0EUR, 1 logements
2026-02-12 06:09:14,245 - INFO - [22562] Worker 4 [GROUPE]: Utilisation ref=GROUPE4 pour appliquer a 3 membres
2026-02-12 06:09:22,978 - INFO - [22559] Worker 2: Traitement groupe 2026-02-16 - 2026-02-16, 49.0EUR, 2 logements
2026-02-12 06:09:22,980 - INFO - [22559] Worker 2 [GROUPE]: Utilisation ref=GROUPE2 pour appliquer a 3 membres
2026-02-12 06:09:26,162 - INFO - [22563] Worker 5: Traitement groupe 2026-03-13 - 2026-03-14, 99.0EUR, 1 logements
2026-02-12 06:09:46,389 - INFO - [22567] Worker 3: Traitement groupe 2026-02-14 - 2026-02-14, 85.0EUR, 1 logements
2026-02-12 06:09:46,390 - INFO - [22567] Worker 3 [GROUPE]: Utilisation ref=GROUPE3 pour appliquer a 5 membres
2026-02-12 06:09:52,049 - INFO - [22563] Worker 5: Termine - 17 OK, 0 echecs
2026-02-12 06:09:59,895 - INFO - [22562] Worker 4: Traitement groupe 2026-02-17 - 2026-02-17, 62.0EUR, 2 logements
2026-02-12 06:09:59,896 - INFO - [22562] Worker 4 [GROUPE]: Utilisation ref=GROUPE4 pour appliquer a 3 membres
2026-02-12 06:10:08,782 - INFO - [22559] Worker 2: Traitement groupe 2026-02-16 - 2026-02-16, 51.0EUR, 1 logements
2026-02-12 06:10:08,782 - INFO - [22559] Worker 2 [GROUPE]: Utilisation ref=GROUPE2 pour appliquer a 3 membres
2026-02-12 06:10:34,649 - INFO - [22567] Worker 3: Traitement groupe 2026-02-15 - 2026-02-15, 53.0EUR, 3 logements
2026-02-12 06:10:34,650 - INFO - [22567] Worker 3 [GROUPE]: Utilisation ref=GROUPE3 pour appliquer a 5 membres
2026-02-12 06:10:43,581 - INFO - [22562] Worker 4: Traitement groupe 2026-02-17 - 2026-02-17, 72.0EUR, 1 logements
2026-02-12 06:10:43,581 - INFO - [22562] Worker 4 [GROUPE]: Utilisation ref=GROUPE4 pour appliquer a 3 membres
2026-02-12 06:10:53,033 - INFO - [22559] Worker 2: Traitement groupe 2026-02-17 - 2026-02-17, 49.0EUR, 2 logements
2026-02-12 06:10:53,033 - INFO - [22559] Worker 2 [GROUPE]: Utilisation ref=GROUPE2 pour appliquer a 3 membres
2026-02-12 06:11:22,913 - INFO - [22567] Worker 3: Traitement groupe 2026-02-15 - 2026-02-15, 56.0EUR, 1 logements
2026-02-12 06:11:22,914 - INFO - [22567] Worker 3 [GROUPE]: Utilisation ref=GROUPE3 pour appliquer a 5 membres
2026-02-12 06:11:31,902 - INFO - [22562] Worker 4: Traitement groupe 2026-02-18 - 2026-02-18, 62.0EUR, 2 logements
2026-02-12 06:11:31,902 - INFO - [22562] Worker 4 [GROUPE]: Utilisation ref=GROUPE4 pour appliquer a 3 membres
2026-02-12 06:11:43,847 - INFO - [22559] Worker 2: Traitement groupe 2026-02-17 - 2026-02-17, 51.0EUR, 1 logements
2026-02-12 06:11:43,848 - INFO - [22559] Worker 2 [GROUPE]: Utilisation ref=GROUPE2 pour appliquer a 3 membres
2026-02-12 06:12:15,546 - INFO - [22562] Worker 4: Traitement groupe 2026-02-18 - 2026-02-18, 72.0EUR, 1 logements
2026-02-12 06:12:15,548 - INFO - [22562] Worker 4 [GROUPE]: Utilisation ref=GROUPE4 pour appliquer a 3 membres
2026-02-12 06:12:19,133 - INFO - [22567] Worker 3: Traitement groupe 2026-02-15 - 2026-02-15, 62.0EUR, 1 logements
2026-02-12 06:12:19,134 - INFO - [22567] Worker 3 [GROUPE]: Utilisation ref=GROUPE3 pour appliquer a 5 membres
2026-02-12 06:12:28,982 - INFO - [22559] Worker 2: Traitement groupe 2026-02-18 - 2026-02-18, 49.0EUR, 2 logements
2026-02-12 06:12:28,983 - INFO - [22559] Worker 2 [GROUPE]: Utilisation ref=GROUPE2 pour appliquer a 3 membres
2026-02-12 06:13:00,422 - INFO - [22562] Worker 4: Traitement groupe 2026-02-19 - 2026-02-19, 67.0EUR, 2 logements
2026-02-12 06:13:00,423 - INFO - [22562] Worker 4 [GROUPE]: Utilisation ref=GROUPE4 pour appliquer a 3 membres
2026-02-12 06:13:07,838 - INFO - [22567] Worker 3: Traitement groupe 2026-02-16 - 2026-02-16, 66.0EUR, 3 logements
2026-02-12 06:13:07,839 - INFO - [22567] Worker 3 [GROUPE]: Utilisation ref=GROUPE3 pour appliquer a 5 membres
2026-02-12 06:13:14,945 - INFO - [22559] Worker 2: Traitement groupe 2026-02-18 - 2026-02-18, 51.0EUR, 1 logements
2026-02-12 06:13:14,946 - INFO - [22559] Worker 2 [GROUPE]: Utilisation ref=GROUPE2 pour appliquer a 3 membres
2026-02-12 06:13:44,105 - INFO - [22562] Worker 4: Traitement groupe 2026-02-19 - 2026-02-19, 79.0EUR, 1 logements
2026-02-12 06:13:44,106 - INFO - [22562] Worker 4 [GROUPE]: Utilisation ref=GROUPE4 pour appliquer a 3 membres
2026-02-12 06:13:55,750 - INFO - [22567] Worker 3: Traitement groupe 2026-02-16 - 2026-02-16, 70.0EUR, 1 logements
2026-02-12 06:13:55,751 - INFO - [22567] Worker 3 [GROUPE]: Utilisation ref=GROUPE3 pour appliquer a 5 membres
2026-02-12 06:13:59,955 - INFO - [22559] Worker 2: Traitement groupe 2026-02-19 - 2026-02-19, 53.0EUR, 2 logements
2026-02-12 06:13:59,955 - INFO - [22559] Worker 2 [GROUPE]: Utilisation ref=GROUPE2 pour appliquer a 3 membres
2026-02-12 06:14:28,300 - INFO - [22562] Worker 4: Traitement groupe 2026-02-20 - 2026-02-20, 78.0EUR, 2 logements
2026-02-12 06:14:28,301 - INFO - [22562] Worker 4 [GROUPE]: Utilisation ref=GROUPE4 pour appliquer a 3 membres
2026-02-12 06:14:44,917 - INFO - [22559] Worker 2: Traitement groupe 2026-02-19 - 2026-02-19, 56.0EUR, 1 logements
2026-02-12 06:14:44,918 - INFO - [22559] Worker 2 [GROUPE]: Utilisation ref=GROUPE2 pour appliquer a 3 membres
2026-02-12 06:14:45,534 - INFO - [22567] Worker 3: Traitement groupe 2026-02-16 - 2026-02-16, 78.0EUR, 1 logements
2026-02-12 06:14:45,535 - INFO - [22567] Worker 3 [GROUPE]: Utilisation ref=GROUPE3 pour appliquer a 5 membres
2026-02-12 06:15:14,366 - INFO - [22562] Worker 4: Traitement groupe 2026-02-20 - 2026-02-20, 91.0EUR, 1 logements
2026-02-12 06:15:14,366 - INFO - [22562] Worker 4 [GROUPE]: Utilisation ref=GROUPE4 pour appliquer a 3 membres
2026-02-12 06:15:30,965 - INFO - [22559] Worker 2: Traitement groupe 2026-02-20 - 2026-02-20, 64.0EUR, 2 logements
2026-02-12 06:15:30,967 - INFO - [22559] Worker 2 [GROUPE]: Utilisation ref=GROUPE2 pour appliquer a 3 membres
2026-02-12 06:15:34,775 - INFO - [22567] Worker 3: Traitement groupe 2026-02-17 - 2026-02-17, 66.0EUR, 3 logements
2026-02-12 06:15:34,776 - INFO - [22567] Worker 3 [GROUPE]: Utilisation ref=GROUPE3 pour appliquer a 5 membres
2026-02-12 06:15:59,016 - INFO - [22562] Worker 4: Traitement groupe 2026-02-21 - 2026-02-21, 78.0EUR, 2 logements
2026-02-12 06:15:59,017 - INFO - [22562] Worker 4 [GROUPE]: Utilisation ref=GROUPE4 pour appliquer a 3 membres
2026-02-12 06:16:17,318 - INFO - [22559] Worker 2: Traitement groupe 2026-02-20 - 2026-02-20, 67.0EUR, 1 logements
2026-02-12 06:16:17,319 - INFO - [22559] Worker 2 [GROUPE]: Utilisation ref=GROUPE2 pour appliquer a 3 membres
2026-02-12 06:16:24,534 - INFO - [22567] Worker 3: Traitement groupe 2026-02-17 - 2026-02-17, 70.0EUR, 1 logements
2026-02-12 06:16:24,535 - INFO - [22567] Worker 3 [GROUPE]: Utilisation ref=GROUPE3 pour appliquer a 5 membres
2026-02-12 06:16:41,562 - INFO - [22562] Worker 4: Traitement groupe 2026-02-21 - 2026-02-21, 91.0EUR, 1 logements
2026-02-12 06:16:41,563 - INFO - [22562] Worker 4 [GROUPE]: Utilisation ref=GROUPE4 pour appliquer a 3 membres
2026-02-12 06:17:01,082 - INFO - [22559] Worker 2: Traitement groupe 2026-02-21 - 2026-02-21, 64.0EUR, 2 logements
2026-02-12 06:17:01,083 - INFO - [22559] Worker 2 [GROUPE]: Utilisation ref=GROUPE2 pour appliquer a 3 membres
2026-02-12 06:17:15,386 - INFO - [22567] Worker 3: Traitement groupe 2026-02-17 - 2026-02-17, 78.0EUR, 1 logements
2026-02-12 06:17:15,387 - INFO - [22567] Worker 3 [GROUPE]: Utilisation ref=GROUPE3 pour appliquer a 5 membres
2026-02-12 06:17:23,617 - INFO - [22562] Worker 4: Traitement groupe 2026-02-22 - 2026-02-22, 58.0EUR, 2 logements
2026-02-12 06:17:23,617 - INFO - [22562] Worker 4 [GROUPE]: Utilisation ref=GROUPE4 pour appliquer a 3 membres
2026-02-12 06:17:46,270 - INFO - [22559] Worker 2: Traitement groupe 2026-02-21 - 2026-02-21, 67.0EUR, 1 logements
2026-02-12 06:17:46,271 - INFO - [22559] Worker 2 [GROUPE]: Utilisation ref=GROUPE2 pour appliquer a 3 membres
2026-02-12 06:18:04,010 - INFO - [22567] Worker 3: Traitement groupe 2026-02-18 - 2026-02-18, 66.0EUR, 3 logements
2026-02-12 06:18:04,010 - INFO - [22567] Worker 3 [GROUPE]: Utilisation ref=GROUPE3 pour appliquer a 5 membres
2026-02-12 06:18:05,609 - INFO - [22562] Worker 4: Traitement groupe 2026-02-22 - 2026-02-22, 68.0EUR, 1 logements
2026-02-12 06:18:05,609 - INFO - [22562] Worker 4 [GROUPE]: Utilisation ref=GROUPE4 pour appliquer a 3 membres
2026-02-12 06:18:32,162 - INFO - [22559] Worker 2: Traitement groupe 2026-02-22 - 2026-02-22, 42.0EUR, 2 logements
2026-02-12 06:18:32,162 - INFO - [22559] Worker 2 [GROUPE]: Utilisation ref=GROUPE2 pour appliquer a 3 membres
2026-02-12 06:18:48,258 - INFO - [22562] Worker 4: Traitement groupe 2026-02-23 - 2026-02-23, 67.0EUR, 2 logements
2026-02-12 06:18:48,259 - INFO - [22562] Worker 4 [GROUPE]: Utilisation ref=GROUPE4 pour appliquer a 3 membres
2026-02-12 06:18:52,329 - INFO - [22567] Worker 3: Traitement groupe 2026-02-18 - 2026-02-18, 70.0EUR, 1 logements
2026-02-12 06:18:52,329 - INFO - [22567] Worker 3 [GROUPE]: Utilisation ref=GROUPE3 pour appliquer a 5 membres
2026-02-12 06:19:16,864 - INFO - [22559] Worker 2: Traitement groupe 2026-02-22 - 2026-02-22, 44.0EUR, 1 logements
2026-02-12 06:19:16,865 - INFO - [22559] Worker 2 [GROUPE]: Utilisation ref=GROUPE2 pour appliquer a 3 membres
2026-02-12 06:19:30,686 - INFO - [22562] Worker 4: Traitement groupe 2026-02-23 - 2026-02-23, 79.0EUR, 1 logements
2026-02-12 06:19:30,686 - INFO - [22562] Worker 4 [GROUPE]: Utilisation ref=GROUPE4 pour appliquer a 3 membres
2026-02-12 06:19:39,658 - INFO - [22567] Worker 3: Traitement groupe 2026-02-18 - 2026-02-18, 78.0EUR, 1 logements
2026-02-12 06:19:39,659 - INFO - [22567] Worker 3 [GROUPE]: Utilisation ref=GROUPE3 pour appliquer a 5 membres
2026-02-12 06:20:04,092 - INFO - [22559] Worker 2: Traitement groupe 2026-02-23 - 2026-02-23, 53.0EUR, 2 logements
2026-02-12 06:20:04,093 - INFO - [22559] Worker 2 [GROUPE]: Utilisation ref=GROUPE2 pour appliquer a 3 membres
2026-02-12 06:20:16,011 - INFO - [22562] Worker 4: Traitement groupe 2026-02-24 - 2026-02-24, 67.0EUR, 2 logements
2026-02-12 06:20:16,012 - INFO - [22562] Worker 4 [GROUPE]: Utilisation ref=GROUPE4 pour appliquer a 3 membres
2026-02-12 06:20:30,070 - INFO - [22567] Worker 3: Traitement groupe 2026-02-19 - 2026-02-19, 72.0EUR, 3 logements
2026-02-12 06:20:30,072 - INFO - [22567] Worker 3 [GROUPE]: Utilisation ref=GROUPE3 pour appliquer a 5 membres
2026-02-12 06:20:49,046 - INFO - [22559] Worker 2: Traitement groupe 2026-02-23 - 2026-02-23, 56.0EUR, 1 logements
2026-02-12 06:20:49,046 - INFO - [22559] Worker 2 [GROUPE]: Utilisation ref=GROUPE2 pour appliquer a 3 membres
2026-02-12 06:20:57,969 - INFO - [22562] Worker 4: Traitement groupe 2026-02-24 - 2026-02-24, 79.0EUR, 1 logements
2026-02-12 06:20:57,970 - INFO - [22562] Worker 4 [GROUPE]: Utilisation ref=GROUPE4 pour appliquer a 3 membres
2026-02-12 06:21:18,574 - INFO - [22567] Worker 3: Traitement groupe 2026-02-19 - 2026-02-19, 77.0EUR, 1 logements
2026-02-12 06:21:18,575 - INFO - [22567] Worker 3 [GROUPE]: Utilisation ref=GROUPE3 pour appliquer a 5 membres
2026-02-12 06:21:34,763 - INFO - [22559] Worker 2: Traitement groupe 2026-02-24 - 2026-02-24, 53.0EUR, 2 logements
2026-02-12 06:21:34,841 - INFO - [22559] Worker 2 [GROUPE]: Utilisation ref=GROUPE2 pour appliquer a 3 membres
2026-02-12 06:21:40,559 - INFO - [22562] Worker 4: Traitement groupe 2026-02-25 - 2026-02-25, 67.0EUR, 2 logements
2026-02-12 06:21:40,559 - INFO - [22562] Worker 4 [GROUPE]: Utilisation ref=GROUPE4 pour appliquer a 3 membres
2026-02-12 06:22:12,495 - INFO - [22567] Worker 3: Traitement groupe 2026-02-19 - 2026-02-19, 85.0EUR, 1 logements
2026-02-12 06:22:12,496 - INFO - [22567] Worker 3 [GROUPE]: Utilisation ref=GROUPE3 pour appliquer a 5 membres
2026-02-12 06:22:24,077 - INFO - [22559] Worker 2: Traitement groupe 2026-02-24 - 2026-02-24, 56.0EUR, 1 logements
2026-02-12 06:22:24,078 - INFO - [22559] Worker 2 [GROUPE]: Utilisation ref=GROUPE2 pour appliquer a 3 membres
2026-02-12 06:22:26,776 - INFO - [22562] Worker 4: Traitement groupe 2026-02-25 - 2026-02-25, 79.0EUR, 1 logements
2026-02-12 06:22:26,776 - INFO - [22562] Worker 4 [GROUPE]: Utilisation ref=GROUPE4 pour appliquer a 3 membres
2026-02-12 06:23:03,558 - INFO - [22567] Worker 3: Traitement groupe 2026-02-20 - 2026-02-20, 83.0EUR, 3 logements
2026-02-12 06:23:03,559 - INFO - [22567] Worker 3 [GROUPE]: Utilisation ref=GROUPE3 pour appliquer a 5 membres
2026-02-12 06:23:09,911 - INFO - [22559] Worker 2: Traitement groupe 2026-02-25 - 2026-02-25, 53.0EUR, 2 logements
2026-02-12 06:23:09,912 - INFO - [22559] Worker 2 [GROUPE]: Utilisation ref=GROUPE2 pour appliquer a 3 membres
2026-02-12 06:23:10,426 - INFO - [22562] Worker 4: Traitement groupe 2026-02-26 - 2026-02-26, 73.0EUR, 2 logements
2026-02-12 06:23:10,426 - INFO - [22562] Worker 4 [GROUPE]: Utilisation ref=GROUPE4 pour appliquer a 3 membres
2026-02-12 06:23:54,060 - INFO - [22567] Worker 3: Traitement groupe 2026-02-20 - 2026-02-20, 88.0EUR, 1 logements
2026-02-12 06:23:54,061 - INFO - [22567] Worker 3 [GROUPE]: Utilisation ref=GROUPE3 pour appliquer a 5 membres
2026-02-12 06:23:55,130 - INFO - [22559] Worker 2: Traitement groupe 2026-02-25 - 2026-02-25, 56.0EUR, 1 logements
2026-02-12 06:23:55,132 - INFO - [22559] Worker 2 [GROUPE]: Utilisation ref=GROUPE2 pour appliquer a 3 membres
2026-02-12 06:23:55,302 - INFO - [22562] Worker 4: Traitement groupe 2026-02-26 - 2026-02-26, 86.0EUR, 1 logements
2026-02-12 06:23:55,303 - INFO - [22562] Worker 4 [GROUPE]: Utilisation ref=GROUPE4 pour appliquer a 3 membres
2026-02-12 06:24:37,250 - INFO - [22562] Worker 4: Traitement groupe 2026-02-27 - 2026-02-27, 84.0EUR, 2 logements
2026-02-12 06:24:37,251 - INFO - [22562] Worker 4 [GROUPE]: Utilisation ref=GROUPE4 pour appliquer a 3 membres
2026-02-12 06:24:43,598 - INFO - [22559] Worker 2: Traitement groupe 2026-02-26 - 2026-02-26, 58.0EUR, 2 logements
2026-02-12 06:24:43,599 - INFO - [22559] Worker 2 [GROUPE]: Utilisation ref=GROUPE2 pour appliquer a 3 membres
2026-02-12 06:24:45,367 - INFO - [22567] Worker 3: Traitement groupe 2026-02-20 - 2026-02-20, 98.0EUR, 1 logements
2026-02-12 06:24:45,369 - INFO - [22567] Worker 3 [GROUPE]: Utilisation ref=GROUPE3 pour appliquer a 5 membres
2026-02-12 06:25:20,455 - INFO - [22562] Worker 4: Traitement groupe 2026-02-27 - 2026-02-27, 99.0EUR, 1 logements
2026-02-12 06:25:20,456 - INFO - [22562] Worker 4 [GROUPE]: Utilisation ref=GROUPE4 pour appliquer a 3 membres
2026-02-12 06:25:34,506 - INFO - [22559] Worker 2: Traitement groupe 2026-02-26 - 2026-02-26, 60.0EUR, 1 logements
2026-02-12 06:25:34,508 - INFO - [22559] Worker 2 [GROUPE]: Utilisation ref=GROUPE2 pour appliquer a 3 membres
2026-02-12 06:25:39,241 - INFO - [22567] Worker 3: Traitement groupe 2026-02-21 - 2026-02-21, 83.0EUR, 3 logements
2026-02-12 06:25:39,242 - INFO - [22567] Worker 3 [GROUPE]: Utilisation ref=GROUPE3 pour appliquer a 5 membres
2026-02-12 06:26:03,882 - INFO - [22562] Worker 4: Traitement groupe 2026-02-28 - 2026-02-28, 84.0EUR, 2 logements
2026-02-12 06:26:03,883 - INFO - [22562] Worker 4 [GROUPE]: Utilisation ref=GROUPE4 pour appliquer a 3 membres
2026-02-12 06:26:22,070 - INFO - [22559] Worker 2: Traitement groupe 2026-02-27 - 2026-02-27, 69.0EUR, 2 logements
2026-02-12 06:26:22,072 - INFO - [22559] Worker 2 [GROUPE]: Utilisation ref=GROUPE2 pour appliquer a 3 membres
2026-02-12 06:26:27,868 - INFO - [22567] Worker 3: Traitement groupe 2026-02-21 - 2026-02-21, 88.0EUR, 1 logements
2026-02-12 06:26:27,869 - INFO - [22567] Worker 3 [GROUPE]: Utilisation ref=GROUPE3 pour appliquer a 5 membres
2026-02-12 06:26:45,974 - INFO - [22562] Worker 4: Traitement groupe 2026-02-28 - 2026-02-28, 99.0EUR, 1 logements
2026-02-12 06:26:45,974 - INFO - [22562] Worker 4 [GROUPE]: Utilisation ref=GROUPE4 pour appliquer a 3 membres
2026-02-12 06:27:11,355 - INFO - [22559] Worker 2: Traitement groupe 2026-02-27 - 2026-02-27, 72.0EUR, 1 logements
2026-02-12 06:27:11,356 - INFO - [22559] Worker 2 [GROUPE]: Utilisation ref=GROUPE2 pour appliquer a 3 membres
2026-02-12 06:27:16,681 - INFO - [22567] Worker 3: Traitement groupe 2026-02-21 - 2026-02-21, 98.0EUR, 1 logements
2026-02-12 06:27:16,682 - INFO - [22567] Worker 3 [GROUPE]: Utilisation ref=GROUPE3 pour appliquer a 5 membres
2026-02-12 06:27:26,950 - INFO - [22562] Worker 4: Traitement groupe 2026-03-01 - 2026-03-01, 64.0EUR, 2 logements
2026-02-12 06:27:26,950 - INFO - [22562] Worker 4 [GROUPE]: Utilisation ref=GROUPE4 pour appliquer a 3 membres
2026-02-12 06:28:02,657 - INFO - [22559] Worker 2: Traitement groupe 2026-02-28 - 2026-02-28, 69.0EUR, 2 logements
2026-02-12 06:28:02,658 - INFO - [22559] Worker 2 [GROUPE]: Utilisation ref=GROUPE2 pour appliquer a 3 membres
2026-02-12 06:28:11,038 - INFO - [22567] Worker 3: Traitement groupe 2026-02-22 - 2026-02-22, 63.0EUR, 3 logements
2026-02-12 06:28:11,039 - INFO - [22567] Worker 3 [GROUPE]: Utilisation ref=GROUPE3 pour appliquer a 5 membres
2026-02-12 06:28:16,240 - INFO - [22562] Worker 4: Traitement groupe 2026-03-01 - 2026-03-01, 75.0EUR, 1 logements
2026-02-12 06:28:16,241 - INFO - [22562] Worker 4 [GROUPE]: Utilisation ref=GROUPE4 pour appliquer a 3 membres
2026-02-12 06:28:49,876 - INFO - [22559] Worker 2: Traitement groupe 2026-02-28 - 2026-02-28, 72.0EUR, 1 logements
2026-02-12 06:28:49,877 - INFO - [22559] Worker 2 [GROUPE]: Utilisation ref=GROUPE2 pour appliquer a 3 membres
2026-02-12 06:28:57,221 - INFO - [22562] Worker 4: Traitement groupe 2026-03-02 - 2026-03-02, 73.0EUR, 2 logements
2026-02-12 06:28:57,222 - INFO - [22562] Worker 4 [GROUPE]: Utilisation ref=GROUPE4 pour appliquer a 3 membres
2026-02-12 06:29:00,914 - INFO - [22567] Worker 3: Traitement groupe 2026-02-22 - 2026-02-22, 66.0EUR, 1 logements
2026-02-12 06:29:00,915 - INFO - [22567] Worker 3 [GROUPE]: Utilisation ref=GROUPE3 pour appliquer a 5 membres
2026-02-12 06:29:34,406 - INFO - [22559] Worker 2: Traitement groupe 2026-03-01 - 2026-03-01, 46.0EUR, 2 logements
2026-02-12 06:29:34,407 - INFO - [22559] Worker 2 [GROUPE]: Utilisation ref=GROUPE2 pour appliquer a 3 membres
2026-02-12 06:29:38,730 - INFO - [22562] Worker 4: Traitement groupe 2026-03-02 - 2026-03-02, 86.0EUR, 1 logements
2026-02-12 06:29:38,730 - INFO - [22562] Worker 4 [GROUPE]: Utilisation ref=GROUPE4 pour appliquer a 3 membres
2026-02-12 06:29:53,044 - INFO - [22567] Worker 3: Traitement groupe 2026-02-22 - 2026-02-22, 74.0EUR, 1 logements
2026-02-12 06:29:53,045 - INFO - [22567] Worker 3 [GROUPE]: Utilisation ref=GROUPE3 pour appliquer a 5 membres
2026-02-12 06:30:27,150 - INFO - [22562] Worker 4: Traitement groupe 2026-03-03 - 2026-03-03, 73.0EUR, 2 logements
2026-02-12 06:30:27,151 - INFO - [22562] Worker 4 [GROUPE]: Utilisation ref=GROUPE4 pour appliquer a 3 membres
2026-02-12 06:30:29,674 - INFO - [22559] Worker 2: Traitement groupe 2026-03-01 - 2026-03-01, 48.0EUR, 1 logements
2026-02-12 06:30:29,675 - INFO - [22559] Worker 2 [GROUPE]: Utilisation ref=GROUPE2 pour appliquer a 3 membres
2026-02-12 06:30:48,214 - INFO - [22567] Worker 3: Traitement groupe 2026-02-23 - 2026-02-23, 72.0EUR, 3 logements
2026-02-12 06:30:48,215 - INFO - [22567] Worker 3 [GROUPE]: Utilisation ref=GROUPE3 pour appliquer a 5 membres
2026-02-12 06:31:08,553 - INFO - [22562] Worker 4: Traitement groupe 2026-03-03 - 2026-03-03, 86.0EUR, 1 logements
2026-02-12 06:31:08,553 - INFO - [22562] Worker 4 [GROUPE]: Utilisation ref=GROUPE4 pour appliquer a 3 membres
2026-02-12 06:31:15,132 - INFO - [22559] Worker 2: Traitement groupe 2026-03-02 - 2026-03-02, 58.0EUR, 2 logements
2026-02-12 06:31:15,132 - INFO - [22559] Worker 2 [GROUPE]: Utilisation ref=GROUPE2 pour appliquer a 3 membres
2026-02-12 06:31:38,657 - INFO - [22567] Worker 3: Traitement groupe 2026-02-23 - 2026-02-23, 77.0EUR, 1 logements
2026-02-12 06:31:38,658 - INFO - [22567] Worker 3 [GROUPE]: Utilisation ref=GROUPE3 pour appliquer a 5 membres
2026-02-12 06:31:50,449 - INFO - [22562] Worker 4: Traitement groupe 2026-03-04 - 2026-03-04, 73.0EUR, 2 logements
2026-02-12 06:31:50,449 - INFO - [22562] Worker 4 [GROUPE]: Utilisation ref=GROUPE4 pour appliquer a 3 membres
2026-02-12 06:32:01,052 - INFO - [22559] Worker 2: Traitement groupe 2026-03-02 - 2026-03-02, 60.0EUR, 1 logements
2026-02-12 06:32:01,054 - INFO - [22559] Worker 2 [GROUPE]: Utilisation ref=GROUPE2 pour appliquer a 3 membres
2026-02-12 06:32:30,334 - INFO - [22567] Worker 3: Traitement groupe 2026-02-23 - 2026-02-23, 85.0EUR, 1 logements
2026-02-12 06:32:33,137 - INFO - [22567] Worker 3 [GROUPE]: Utilisation ref=GROUPE3 pour appliquer a 5 membres
2026-02-12 06:32:37,794 - INFO - [22562] Worker 4: Traitement groupe 2026-03-04 - 2026-03-04, 86.0EUR, 1 logements
2026-02-12 06:32:37,795 - INFO - [22562] Worker 4 [GROUPE]: Utilisation ref=GROUPE4 pour appliquer a 3 membres
2026-02-12 06:32:51,149 - INFO - [22559] Worker 2: Traitement groupe 2026-03-03 - 2026-03-03, 58.0EUR, 2 logements
2026-02-12 06:32:51,150 - INFO - [22559] Worker 2 [GROUPE]: Utilisation ref=GROUPE2 pour appliquer a 3 membres
2026-02-12 06:33:19,431 - INFO - [22562] Worker 4: Traitement groupe 2026-03-05 - 2026-03-05, 73.0EUR, 2 logements
2026-02-12 06:33:19,432 - INFO - [22562] Worker 4 [GROUPE]: Utilisation ref=GROUPE4 pour appliquer a 3 membres
2026-02-12 06:33:23,713 - INFO - [22567] Worker 3: Traitement groupe 2026-02-24 - 2026-02-24, 72.0EUR, 3 logements
2026-02-12 06:33:23,714 - INFO - [22567] Worker 3 [GROUPE]: Utilisation ref=GROUPE3 pour appliquer a 5 membres
2026-02-12 06:33:39,415 - INFO - [22559] Worker 2: Traitement groupe 2026-03-03 - 2026-03-03, 60.0EUR, 1 logements
2026-02-12 06:33:39,419 - INFO - [22559] Worker 2 [GROUPE]: Utilisation ref=GROUPE2 pour appliquer a 3 membres
2026-02-12 06:34:05,030 - INFO - [22562] Worker 4: Traitement groupe 2026-03-05 - 2026-03-05, 86.0EUR, 1 logements
2026-02-12 06:34:05,030 - INFO - [22562] Worker 4 [GROUPE]: Utilisation ref=GROUPE4 pour appliquer a 3 membres
2026-02-12 06:34:20,229 - INFO - [22567] Worker 3: Traitement groupe 2026-02-24 - 2026-02-24, 77.0EUR, 1 logements
2026-02-12 06:34:20,229 - INFO - [22567] Worker 3 [GROUPE]: Utilisation ref=GROUPE3 pour appliquer a 5 membres
2026-02-12 06:34:36,454 - INFO - [22559] Worker 2: Traitement groupe 2026-03-04 - 2026-03-04, 58.0EUR, 2 logements
2026-02-12 06:34:36,455 - INFO - [22559] Worker 2 [GROUPE]: Utilisation ref=GROUPE2 pour appliquer a 3 membres
2026-02-12 06:34:48,394 - INFO - [22562] Worker 4: Traitement groupe 2026-03-06 - 2026-03-06, 84.0EUR, 2 logements
2026-02-12 06:34:48,395 - INFO - [22562] Worker 4 [GROUPE]: Utilisation ref=GROUPE4 pour appliquer a 3 membres
2026-02-12 06:35:18,546 - INFO - [22567] Worker 3: Traitement groupe 2026-02-24 - 2026-02-24, 85.0EUR, 1 logements
2026-02-12 06:35:18,548 - INFO - [22567] Worker 3 [GROUPE]: Utilisation ref=GROUPE3 pour appliquer a 5 membres
2026-02-12 06:35:22,149 - INFO - [22559] Worker 2: Traitement groupe 2026-03-04 - 2026-03-04, 60.0EUR, 1 logements
2026-02-12 06:35:22,150 - INFO - [22559] Worker 2 [GROUPE]: Utilisation ref=GROUPE2 pour appliquer a 3 membres
2026-02-12 06:35:31,176 - INFO - [22562] Worker 4: Traitement groupe 2026-03-06 - 2026-03-06, 99.0EUR, 1 logements
2026-02-12 06:35:31,177 - INFO - [22562] Worker 4 [GROUPE]: Utilisation ref=GROUPE4 pour appliquer a 3 membres
2026-02-12 06:36:15,110 - INFO - [22559] Worker 2: Traitement groupe 2026-03-05 - 2026-03-05, 58.0EUR, 2 logements
2026-02-12 06:36:15,111 - INFO - [22559] Worker 2 [GROUPE]: Utilisation ref=GROUPE2 pour appliquer a 3 membres
2026-02-12 06:36:15,930 - INFO - [22562] Worker 4: Traitement groupe 2026-03-07 - 2026-03-07, 84.0EUR, 2 logements
2026-02-12 06:36:15,931 - INFO - [22562] Worker 4 [GROUPE]: Utilisation ref=GROUPE4 pour appliquer a 3 membres
2026-02-12 06:36:16,117 - INFO - [22567] Worker 3: Traitement groupe 2026-02-25 - 2026-02-25, 72.0EUR, 3 logements
2026-02-12 06:36:16,118 - INFO - [22567] Worker 3 [GROUPE]: Utilisation ref=GROUPE3 pour appliquer a 5 membres
2026-02-12 06:36:58,207 - INFO - [22562] Worker 4: Traitement groupe 2026-03-07 - 2026-03-07, 99.0EUR, 1 logements
2026-02-12 06:36:58,207 - INFO - [22562] Worker 4 [GROUPE]: Utilisation ref=GROUPE4 pour appliquer a 3 membres
2026-02-12 06:37:06,216 - INFO - [22559] Worker 2: Traitement groupe 2026-03-05 - 2026-03-05, 60.0EUR, 1 logements
2026-02-12 06:37:06,217 - INFO - [22559] Worker 2 [GROUPE]: Utilisation ref=GROUPE2 pour appliquer a 3 membres
2026-02-12 06:37:13,338 - INFO - [22567] Worker 3: Traitement groupe 2026-02-25 - 2026-02-25, 77.0EUR, 1 logements
2026-02-12 06:37:13,339 - INFO - [22567] Worker 3 [GROUPE]: Utilisation ref=GROUPE3 pour appliquer a 5 membres
2026-02-12 06:37:42,132 - INFO - [22562] Worker 4: Traitement groupe 2026-03-08 - 2026-03-08, 64.0EUR, 2 logements
2026-02-12 06:37:42,133 - INFO - [22562] Worker 4 [GROUPE]: Utilisation ref=GROUPE4 pour appliquer a 3 membres
2026-02-12 06:38:00,614 - INFO - [22559] Worker 2: Traitement groupe 2026-03-06 - 2026-03-06, 69.0EUR, 2 logements
2026-02-12 06:38:00,615 - INFO - [22559] Worker 2 [GROUPE]: Utilisation ref=GROUPE2 pour appliquer a 3 membres
2026-02-12 06:38:06,616 - INFO - [22567] Worker 3: Traitement groupe 2026-02-25 - 2026-02-25, 85.0EUR, 1 logements
2026-02-12 06:38:06,618 - INFO - [22567] Worker 3 [GROUPE]: Utilisation ref=GROUPE3 pour appliquer a 5 membres
2026-02-12 06:38:25,054 - INFO - [22562] Worker 4: Traitement groupe 2026-03-08 - 2026-03-08, 75.0EUR, 1 logements
2026-02-12 06:38:25,054 - INFO - [22562] Worker 4 [GROUPE]: Utilisation ref=GROUPE4 pour appliquer a 3 membres
2026-02-12 06:38:52,804 - INFO - [22559] Worker 2: Traitement groupe 2026-03-06 - 2026-03-06, 72.0EUR, 1 logements
2026-02-12 06:38:52,805 - INFO - [22559] Worker 2 [GROUPE]: Utilisation ref=GROUPE2 pour appliquer a 3 membres
2026-02-12 06:38:58,407 - INFO - [22567] Worker 3: Traitement groupe 2026-02-26 - 2026-02-26, 78.0EUR, 3 logements
2026-02-12 06:38:58,410 - INFO - [22567] Worker 3 [GROUPE]: Utilisation ref=GROUPE3 pour appliquer a 5 membres
2026-02-12 06:39:10,242 - INFO - [22562] Worker 4: Traitement groupe 2026-03-09 - 2026-03-09, 73.0EUR, 2 logements
2026-02-12 06:39:10,242 - INFO - [22562] Worker 4 [GROUPE]: Utilisation ref=GROUPE4 pour appliquer a 3 membres
2026-02-12 06:39:12,783 - INFO - [22567] Worker 3: Traitement groupe 2026-02-26 - 2026-02-26, 83.0EUR, 1 logements
2026-02-12 06:39:12,784 - INFO - [22567] Worker 3 [GROUPE]: Utilisation ref=GROUPE3 pour appliquer a 5 membres
2026-02-12 06:39:21,478 - INFO - [22559] Worker 2: Traitement groupe 2026-03-07 - 2026-03-07, 69.0EUR, 2 logements
2026-02-12 06:39:21,479 - INFO - [22559] Worker 2 [GROUPE]: Utilisation ref=GROUPE2 pour appliquer a 3 membres
2026-02-12 06:39:27,098 - INFO - [22567] Worker 3: Traitement groupe 2026-02-26 - 2026-02-26, 92.0EUR, 1 logements
2026-02-12 06:39:27,099 - INFO - [22567] Worker 3 [GROUPE]: Utilisation ref=GROUPE3 pour appliquer a 5 membres
2026-02-12 06:39:36,309 - INFO - [22559] Worker 2: Traitement groupe 2026-03-07 - 2026-03-07, 72.0EUR, 1 logements
2026-02-12 06:39:36,310 - INFO - [22559] Worker 2 [GROUPE]: Utilisation ref=GROUPE2 pour appliquer a 3 membres
2026-02-12 06:39:42,253 - INFO - [22567] Worker 3: Traitement groupe 2026-02-27 - 2026-02-27, 90.0EUR, 3 logements
2026-02-12 06:39:42,255 - INFO - [22567] Worker 3 [GROUPE]: Utilisation ref=GROUPE3 pour appliquer a 5 membres
2026-02-12 06:39:51,385 - INFO - [22559] Worker 2: Traitement groupe 2026-03-08 - 2026-03-08, 46.0EUR, 2 logements
2026-02-12 06:39:51,385 - INFO - [22559] Worker 2 [GROUPE]: Utilisation ref=GROUPE2 pour appliquer a 3 membres
2026-02-12 06:39:53,678 - INFO - [22562] Worker 4: Traitement groupe 2026-03-09 - 2026-03-09, 86.0EUR, 1 logements
2026-02-12 06:39:53,679 - INFO - [22562] Worker 4 [GROUPE]: Utilisation ref=GROUPE4 pour appliquer a 3 membres
2026-02-12 06:39:57,101 - INFO - [22567] Worker 3: Traitement groupe 2026-02-27 - 2026-02-27, 95.0EUR, 1 logements
2026-02-12 06:39:57,102 - INFO - [22567] Worker 3 [GROUPE]: Utilisation ref=GROUPE3 pour appliquer a 5 membres
2026-02-12 06:40:06,990 - INFO - [22559] Worker 2: Traitement groupe 2026-03-08 - 2026-03-08, 48.0EUR, 1 logements
2026-02-12 06:40:06,994 - INFO - [22559] Worker 2 [GROUPE]: Utilisation ref=GROUPE2 pour appliquer a 3 membres
2026-02-12 06:40:11,762 - INFO - [22567] Worker 3: Traitement groupe 2026-02-27 - 2026-02-27, 106.0EUR, 1 logements
2026-02-12 06:40:11,764 - INFO - [22567] Worker 3 [GROUPE]: Utilisation ref=GROUPE3 pour appliquer a 5 membres
2026-02-12 06:40:22,455 - INFO - [22559] Worker 2: Traitement groupe 2026-03-09 - 2026-03-09, 58.0EUR, 2 logements
2026-02-12 06:40:22,455 - INFO - [22559] Worker 2 [GROUPE]: Utilisation ref=GROUPE2 pour appliquer a 3 membres
2026-02-12 06:40:26,366 - INFO - [22567] Worker 3: Traitement groupe 2026-02-28 - 2026-02-28, 90.0EUR, 3 logements
2026-02-12 06:40:26,367 - INFO - [22567] Worker 3 [GROUPE]: Utilisation ref=GROUPE3 pour appliquer a 5 membres
2026-02-12 06:40:36,914 - INFO - [22559] Worker 2: Traitement groupe 2026-03-09 - 2026-03-09, 60.0EUR, 1 logements
2026-02-12 06:40:36,915 - INFO - [22559] Worker 2 [GROUPE]: Utilisation ref=GROUPE2 pour appliquer a 3 membres
2026-02-12 06:40:41,512 - INFO - [22567] Worker 3: Traitement groupe 2026-02-28 - 2026-02-28, 95.0EUR, 1 logements
2026-02-12 06:40:41,513 - INFO - [22567] Worker 3 [GROUPE]: Utilisation ref=GROUPE3 pour appliquer a 5 membres
2026-02-12 06:40:42,746 - INFO - [22562] Worker 4: Traitement groupe 2026-03-10 - 2026-03-10, 73.0EUR, 2 logements
2026-02-12 06:40:42,747 - INFO - [22562] Worker 4 [GROUPE]: Utilisation ref=GROUPE4 pour appliquer a 3 membres
2026-02-12 06:40:51,547 - INFO - [22559] Worker 2: Traitement groupe 2026-03-10 - 2026-03-10, 58.0EUR, 2 logements
2026-02-12 06:40:51,548 - INFO - [22559] Worker 2 [GROUPE]: Utilisation ref=GROUPE2 pour appliquer a 3 membres
2026-02-12 06:40:56,414 - INFO - [22567] Worker 3: Traitement groupe 2026-02-28 - 2026-02-28, 106.0EUR, 1 logements
2026-02-12 06:40:56,415 - INFO - [22567] Worker 3 [GROUPE]: Utilisation ref=GROUPE3 pour appliquer a 5 membres
2026-02-12 06:41:07,138 - INFO - [22559] Worker 2: Traitement groupe 2026-03-10 - 2026-03-10, 60.0EUR, 1 logements
2026-02-12 06:41:07,140 - INFO - [22559] Worker 2 [GROUPE]: Utilisation ref=GROUPE2 pour appliquer a 3 membres
2026-02-12 06:41:10,803 - INFO - [22567] Worker 3: Traitement groupe 2026-03-01 - 2026-03-01, 68.0EUR, 3 logements
2026-02-12 06:41:10,803 - INFO - [22567] Worker 3 [GROUPE]: Utilisation ref=GROUPE3 pour appliquer a 5 membres
2026-02-12 06:41:21,434 - INFO - [22559] Worker 2: Traitement groupe 2026-03-11 - 2026-03-11, 50.0EUR, 2 logements
2026-02-12 06:41:21,435 - INFO - [22559] Worker 2 [GROUPE]: Utilisation ref=GROUPE2 pour appliquer a 3 membres
2026-02-12 06:41:25,172 - INFO - [22567] Worker 3: Traitement groupe 2026-03-01 - 2026-03-01, 72.0EUR, 1 logements
2026-02-12 06:41:25,172 - INFO - [22567] Worker 3 [GROUPE]: Utilisation ref=GROUPE3 pour appliquer a 5 membres
2026-02-12 06:41:26,885 - INFO - [22562] Worker 4: Traitement groupe 2026-03-10 - 2026-03-10, 86.0EUR, 1 logements
2026-02-12 06:41:26,885 - INFO - [22562] Worker 4 [GROUPE]: Utilisation ref=GROUPE4 pour appliquer a 3 membres
2026-02-12 06:41:35,849 - INFO - [22559] Worker 2: Traitement groupe 2026-03-11 - 2026-03-11, 53.0EUR, 1 logements
2026-02-12 06:41:35,850 - INFO - [22559] Worker 2 [GROUPE]: Utilisation ref=GROUPE2 pour appliquer a 3 membres
2026-02-12 06:41:40,264 - INFO - [22567] Worker 3: Traitement groupe 2026-03-01 - 2026-03-01, 81.0EUR, 1 logements
2026-02-12 06:41:40,265 - INFO - [22567] Worker 3 [GROUPE]: Utilisation ref=GROUPE3 pour appliquer a 5 membres
2026-02-12 06:41:51,133 - INFO - [22559] Worker 2: Traitement groupe 2026-03-12 - 2026-03-12, 50.0EUR, 2 logements
2026-02-12 06:41:51,134 - INFO - [22559] Worker 2 [GROUPE]: Utilisation ref=GROUPE2 pour appliquer a 3 membres
2026-02-12 06:41:54,727 - INFO - [22567] Worker 3: Traitement groupe 2026-03-02 - 2026-03-02, 78.0EUR, 3 logements
2026-02-12 06:41:54,728 - INFO - [22567] Worker 3 [GROUPE]: Utilisation ref=GROUPE3 pour appliquer a 5 membres
2026-02-12 06:42:05,745 - INFO - [22559] Worker 2: Traitement groupe 2026-03-12 - 2026-03-12, 53.0EUR, 1 logements
2026-02-12 06:42:05,745 - INFO - [22559] Worker 2 [GROUPE]: Utilisation ref=GROUPE2 pour appliquer a 3 membres
2026-02-12 06:42:09,123 - INFO - [22567] Worker 3: Traitement groupe 2026-03-02 - 2026-03-02, 83.0EUR, 1 logements
2026-02-12 06:42:09,124 - INFO - [22567] Worker 3 [GROUPE]: Utilisation ref=GROUPE3 pour appliquer a 5 membres
2026-02-12 06:42:11,085 - INFO - [22562] Worker 4: Traitement groupe 2026-03-11 - 2026-03-11, 64.0EUR, 2 logements
2026-02-12 06:42:11,086 - INFO - [22562] Worker 4 [GROUPE]: Utilisation ref=GROUPE4 pour appliquer a 3 membres
2026-02-12 06:42:20,010 - INFO - [22559] Worker 2: Traitement groupe 2026-03-13 - 2026-03-13, 60.0EUR, 2 logements
2026-02-12 06:42:20,011 - INFO - [22559] Worker 2 [GROUPE]: Utilisation ref=GROUPE2 pour appliquer a 3 membres
2026-02-12 06:42:24,127 - INFO - [22567] Worker 3: Traitement groupe 2026-03-02 - 2026-03-02, 92.0EUR, 1 logements
2026-02-12 06:42:24,129 - INFO - [22567] Worker 3 [GROUPE]: Utilisation ref=GROUPE3 pour appliquer a 5 membres
2026-02-12 06:42:35,346 - INFO - [22559] Worker 2: Traitement groupe 2026-03-13 - 2026-03-13, 63.0EUR, 1 logements
2026-02-12 06:42:35,346 - INFO - [22559] Worker 2 [GROUPE]: Utilisation ref=GROUPE2 pour appliquer a 3 membres
2026-02-12 06:42:38,673 - INFO - [22567] Worker 3: Traitement groupe 2026-03-03 - 2026-03-03, 78.0EUR, 3 logements
2026-02-12 06:42:38,674 - INFO - [22567] Worker 3 [GROUPE]: Utilisation ref=GROUPE3 pour appliquer a 5 membres
2026-02-12 06:42:49,630 - INFO - [22559] Worker 2: Traitement groupe 2026-03-14 - 2026-03-14, 60.0EUR, 2 logements
2026-02-12 06:42:49,631 - INFO - [22559] Worker 2 [GROUPE]: Utilisation ref=GROUPE2 pour appliquer a 3 membres
2026-02-12 06:42:53,235 - INFO - [22567] Worker 3: Traitement groupe 2026-03-03 - 2026-03-03, 83.0EUR, 1 logements
2026-02-12 06:42:53,235 - INFO - [22567] Worker 3 [GROUPE]: Utilisation ref=GROUPE3 pour appliquer a 5 membres
2026-02-12 06:42:59,741 - INFO - [22562] Worker 4: Traitement groupe 2026-03-11 - 2026-03-11, 75.0EUR, 1 logements
2026-02-12 06:42:59,741 - INFO - [22562] Worker 4 [GROUPE]: Utilisation ref=GROUPE4 pour appliquer a 3 membres
2026-02-12 06:43:04,963 - INFO - [22559] Worker 2: Traitement groupe 2026-03-14 - 2026-03-14, 63.0EUR, 1 logements
2026-02-12 06:43:04,964 - INFO - [22559] Worker 2 [GROUPE]: Utilisation ref=GROUPE2 pour appliquer a 3 membres
2026-02-12 06:43:07,728 - INFO - [22567] Worker 3: Traitement groupe 2026-03-03 - 2026-03-03, 92.0EUR, 1 logements
2026-02-12 06:43:07,729 - INFO - [22567] Worker 3 [GROUPE]: Utilisation ref=GROUPE3 pour appliquer a 5 membres
2026-02-12 06:43:20,657 - INFO - [22559] Worker 2: Termine - 68 OK, 25 echecs
2026-02-12 06:43:23,007 - INFO - [22567] Worker 3: Traitement groupe 2026-03-04 - 2026-03-04, 78.0EUR, 3 logements
2026-02-12 06:43:23,007 - INFO - [22567] Worker 3 [GROUPE]: Utilisation ref=GROUPE3 pour appliquer a 5 membres
2026-02-12 06:43:24,492 - INFO - [22562] Worker 4: Traitement groupe 2026-03-12 - 2026-03-12, 64.0EUR, 2 logements
2026-02-12 06:43:24,493 - INFO - [22562] Worker 4 [GROUPE]: Utilisation ref=GROUPE4 pour appliquer a 3 membres
2026-02-12 06:43:25,045 - INFO - [22567] Worker 3: Traitement groupe 2026-03-04 - 2026-03-04, 83.0EUR, 1 logements
2026-02-12 06:43:25,046 - INFO - [22567] Worker 3 [GROUPE]: Utilisation ref=GROUPE3 pour appliquer a 5 membres
2026-02-12 06:43:26,530 - INFO - [22562] Worker 4: Traitement groupe 2026-03-12 - 2026-03-12, 75.0EUR, 1 logements
2026-02-12 06:43:26,531 - INFO - [22562] Worker 4 [GROUPE]: Utilisation ref=GROUPE4 pour appliquer a 3 membres
2026-02-12 06:43:27,083 - INFO - [22567] Worker 3: Traitement groupe 2026-03-04 - 2026-03-04, 92.0EUR, 1 logements
2026-02-12 06:43:27,084 - INFO - [22567] Worker 3 [GROUPE]: Utilisation ref=GROUPE3 pour appliquer a 5 membres
2026-02-12 06:43:28,568 - INFO - [22562] Worker 4: Traitement groupe 2026-03-13 - 2026-03-13, 73.0EUR, 2 logements
2026-02-12 06:43:28,570 - INFO - [22562] Worker 4 [GROUPE]: Utilisation ref=GROUPE4 pour appliquer a 3 membres
2026-02-12 06:43:29,122 - INFO - [22567] Worker 3: Traitement groupe 2026-03-05 - 2026-03-05, 78.0EUR, 3 logements
2026-02-12 06:43:29,123 - INFO - [22567] Worker 3 [GROUPE]: Utilisation ref=GROUPE3 pour appliquer a 5 membres
2026-02-12 06:43:30,664 - INFO - [22562] Worker 4: Traitement groupe 2026-03-13 - 2026-03-13, 86.0EUR, 1 logements
2026-02-12 06:43:30,664 - INFO - [22562] Worker 4 [GROUPE]: Utilisation ref=GROUPE4 pour appliquer a 3 membres
2026-02-12 06:43:31,161 - INFO - [22567] Worker 3: Traitement groupe 2026-03-05 - 2026-03-05, 83.0EUR, 1 logements
2026-02-12 06:43:31,161 - INFO - [22567] Worker 3 [GROUPE]: Utilisation ref=GROUPE3 pour appliquer a 5 membres
2026-02-12 06:43:32,701 - INFO - [22562] Worker 4: Traitement groupe 2026-03-14 - 2026-03-14, 73.0EUR, 2 logements
2026-02-12 06:43:32,702 - INFO - [22562] Worker 4 [GROUPE]: Utilisation ref=GROUPE4 pour appliquer a 3 membres
2026-02-12 06:43:33,199 - INFO - [22567] Worker 3: Traitement groupe 2026-03-05 - 2026-03-05, 92.0EUR, 1 logements
2026-02-12 06:43:33,199 - INFO - [22567] Worker 3 [GROUPE]: Utilisation ref=GROUPE3 pour appliquer a 5 membres
2026-02-12 06:43:34,741 - INFO - [22562] Worker 4: Traitement groupe 2026-03-14 - 2026-03-14, 86.0EUR, 1 logements
2026-02-12 06:43:34,742 - INFO - [22562] Worker 4 [GROUPE]: Utilisation ref=GROUPE4 pour appliquer a 3 membres
2026-02-12 06:43:35,237 - INFO - [22567] Worker 3: Traitement groupe 2026-03-06 - 2026-03-06, 90.0EUR, 3 logements
2026-02-12 06:43:35,238 - INFO - [22567] Worker 3 [GROUPE]: Utilisation ref=GROUPE3 pour appliquer a 5 membres
2026-02-12 06:43:36,819 - INFO - [22562] Worker 4: Termine - 81 OK, 12 echecs
2026-02-12 06:43:37,336 - INFO - [22567] Worker 3: Traitement groupe 2026-03-06 - 2026-03-06, 95.0EUR, 1 logements
2026-02-12 06:43:37,337 - INFO - [22567] Worker 3 [GROUPE]: Utilisation ref=GROUPE3 pour appliquer a 5 membres
2026-02-12 06:43:39,375 - INFO - [22567] Worker 3: Traitement groupe 2026-03-06 - 2026-03-06, 106.0EUR, 1 logements
2026-02-12 06:43:39,375 - INFO - [22567] Worker 3 [GROUPE]: Utilisation ref=GROUPE3 pour appliquer a 5 membres
2026-02-12 06:43:41,414 - INFO - [22567] Worker 3: Traitement groupe 2026-03-07 - 2026-03-07, 90.0EUR, 3 logements
2026-02-12 06:43:41,415 - INFO - [22567] Worker 3 [GROUPE]: Utilisation ref=GROUPE3 pour appliquer a 5 membres
2026-02-12 06:43:43,518 - INFO - [22567] Worker 3: Traitement groupe 2026-03-07 - 2026-03-07, 95.0EUR, 1 logements
2026-02-12 06:43:43,519 - INFO - [22567] Worker 3 [GROUPE]: Utilisation ref=GROUPE3 pour appliquer a 5 membres
2026-02-12 06:43:45,614 - INFO - [22567] Worker 3: Traitement groupe 2026-03-07 - 2026-03-07, 106.0EUR, 1 logements
2026-02-12 06:43:45,615 - INFO - [22567] Worker 3 [GROUPE]: Utilisation ref=GROUPE3 pour appliquer a 5 membres
2026-02-12 06:43:47,708 - INFO - [22567] Worker 3: Traitement groupe 2026-03-08 - 2026-03-08, 68.0EUR, 3 logements
2026-02-12 06:43:47,708 - INFO - [22567] Worker 3 [GROUPE]: Utilisation ref=GROUPE3 pour appliquer a 5 membres
2026-02-12 06:43:49,747 - INFO - [22567] Worker 3: Traitement groupe 2026-03-08 - 2026-03-08, 72.0EUR, 1 logements
2026-02-12 06:43:49,747 - INFO - [22567] Worker 3 [GROUPE]: Utilisation ref=GROUPE3 pour appliquer a 5 membres
2026-02-12 06:43:51,785 - INFO - [22567] Worker 3: Traitement groupe 2026-03-08 - 2026-03-08, 81.0EUR, 1 logements
2026-02-12 06:43:51,786 - INFO - [22567] Worker 3 [GROUPE]: Utilisation ref=GROUPE3 pour appliquer a 5 membres
2026-02-12 06:43:53,863 - INFO - [22567] Worker 3: Traitement groupe 2026-03-09 - 2026-03-09, 78.0EUR, 3 logements
2026-02-12 06:43:53,864 - INFO - [22567] Worker 3 [GROUPE]: Utilisation ref=GROUPE3 pour appliquer a 5 membres
2026-02-12 06:43:55,963 - INFO - [22567] Worker 3: Traitement groupe 2026-03-09 - 2026-03-09, 83.0EUR, 1 logements
2026-02-12 06:43:55,963 - INFO - [22567] Worker 3 [GROUPE]: Utilisation ref=GROUPE3 pour appliquer a 5 membres
2026-02-12 06:43:58,110 - INFO - [22567] Worker 3: Traitement groupe 2026-03-09 - 2026-03-09, 92.0EUR, 1 logements
2026-02-12 06:43:58,111 - INFO - [22567] Worker 3 [GROUPE]: Utilisation ref=GROUPE3 pour appliquer a 5 membres
2026-02-12 06:44:00,149 - INFO - [22567] Worker 3: Traitement groupe 2026-03-10 - 2026-03-10, 78.0EUR, 3 logements
2026-02-12 06:44:00,150 - INFO - [22567] Worker 3 [GROUPE]: Utilisation ref=GROUPE3 pour appliquer a 5 membres
2026-02-12 06:44:02,249 - INFO - [22567] Worker 3: Traitement groupe 2026-03-10 - 2026-03-10, 83.0EUR, 1 logements
2026-02-12 06:44:02,250 - INFO - [22567] Worker 3 [GROUPE]: Utilisation ref=GROUPE3 pour appliquer a 5 membres
2026-02-12 06:44:04,288 - INFO - [22567] Worker 3: Traitement groupe 2026-03-10 - 2026-03-10, 92.0EUR, 1 logements
2026-02-12 06:44:04,288 - INFO - [22567] Worker 3 [GROUPE]: Utilisation ref=GROUPE3 pour appliquer a 5 membres
2026-02-12 06:44:06,327 - INFO - [22567] Worker 3: Traitement groupe 2026-03-11 - 2026-03-11, 68.0EUR, 3 logements
2026-02-12 06:44:06,331 - INFO - [22567] Worker 3 [GROUPE]: Utilisation ref=GROUPE3 pour appliquer a 5 membres
2026-02-12 06:44:08,403 - INFO - [22567] Worker 3: Traitement groupe 2026-03-11 - 2026-03-11, 72.0EUR, 1 logements
2026-02-12 06:44:08,405 - INFO - [22567] Worker 3 [GROUPE]: Utilisation ref=GROUPE3 pour appliquer a 5 membres
2026-02-12 06:44:10,482 - INFO - [22567] Worker 3: Traitement groupe 2026-03-11 - 2026-03-11, 80.0EUR, 1 logements
2026-02-12 06:44:10,484 - INFO - [22567] Worker 3 [GROUPE]: Utilisation ref=GROUPE3 pour appliquer a 5 membres
2026-02-12 06:44:12,578 - INFO - [22567] Worker 3: Traitement groupe 2026-03-12 - 2026-03-12, 68.0EUR, 3 logements
2026-02-12 06:44:12,579 - INFO - [22567] Worker 3 [GROUPE]: Utilisation ref=GROUPE3 pour appliquer a 5 membres
2026-02-12 06:44:14,616 - INFO - [22567] Worker 3: Traitement groupe 2026-03-12 - 2026-03-12, 72.0EUR, 1 logements
2026-02-12 06:44:14,616 - INFO - [22567] Worker 3 [GROUPE]: Utilisation ref=GROUPE3 pour appliquer a 5 membres
2026-02-12 06:44:16,654 - INFO - [22567] Worker 3: Traitement groupe 2026-03-12 - 2026-03-12, 80.0EUR, 1 logements
2026-02-12 06:44:16,655 - INFO - [22567] Worker 3 [GROUPE]: Utilisation ref=GROUPE3 pour appliquer a 5 membres
2026-02-12 06:44:18,732 - INFO - [22567] Worker 3: Traitement groupe 2026-03-13 - 2026-03-13, 78.0EUR, 3 logements
2026-02-12 06:44:18,733 - INFO - [22567] Worker 3 [GROUPE]: Utilisation ref=GROUPE3 pour appliquer a 5 membres
2026-02-12 06:44:20,828 - INFO - [22567] Worker 3: Traitement groupe 2026-03-13 - 2026-03-13, 83.0EUR, 1 logements
2026-02-12 06:44:20,828 - INFO - [22567] Worker 3 [GROUPE]: Utilisation ref=GROUPE3 pour appliquer a 5 membres
2026-02-12 06:44:22,865 - INFO - [22567] Worker 3: Traitement groupe 2026-03-13 - 2026-03-13, 92.0EUR, 1 logements
2026-02-12 06:44:22,866 - INFO - [22567] Worker 3 [GROUPE]: Utilisation ref=GROUPE3 pour appliquer a 5 membres
2026-02-12 06:44:24,903 - INFO - [22567] Worker 3: Traitement groupe 2026-03-14 - 2026-03-14, 78.0EUR, 3 logements
2026-02-12 06:44:24,905 - INFO - [22567] Worker 3 [GROUPE]: Utilisation ref=GROUPE3 pour appliquer a 5 membres
2026-02-12 06:44:26,985 - INFO - [22567] Worker 3: Traitement groupe 2026-03-14 - 2026-03-14, 83.0EUR, 1 logements
2026-02-12 06:44:26,986 - INFO - [22567] Worker 3 [GROUPE]: Utilisation ref=GROUPE3 pour appliquer a 5 membres
2026-02-12 06:44:29,067 - INFO - [22567] Worker 3: Traitement groupe 2026-03-14 - 2026-03-14, 92.0EUR, 1 logements
2026-02-12 06:44:29,067 - INFO - [22567] Worker 3 [GROUPE]: Utilisation ref=GROUPE3 pour appliquer a 5 membres
2026-02-12 06:44:31,103 - INFO - [22567] Worker 3: Termine - 70 OK, 85 echecs
2026-02-12 06:44:31,845 - INFO - [22550] ==================================================
2026-02-12 06:44:31,845 - INFO - [22550] RESUME FINAL
2026-02-12 06:44:31,845 - INFO - [22550]   Workers: 5
2026-02-12 06:44:31,846 - INFO - [22550]   Succes: 236
2026-02-12 06:44:31,846 - INFO - [22550]   Echecs: 122
2026-02-12 06:44:31,846 - INFO - [22550] ==================================================
2026-02-12 06:44:31,846 - INFO - [22550] Pool termine
[2026-02-12 06:44:32]   Worker pool termine
[2026-02-12 06:44:32] ==========================================
[2026-02-12 06:44:32] Resume de l'execution
[2026-02-12 06:44:32] ==========================================
[2026-02-12 06:44:32]   Mises a jour en attente: 186
[2026-02-12 06:44:32]   Mises a jour terminees aujourd'hui: 236
[2026-02-12 06:44:32]   Mises a jour echouees aujourd'hui: 122
[2026-02-12 06:44:32] ==========================================
[2026-02-12 06:44:32] Fin de l'execution
[2026-02-12 06:44:32] ==========================================
[2026-02-12 06:44:32]   SMS de notification envoye
