[2026-02-11 06:00:01] ==========================================
[2026-02-11 06:00:01] Debut de la mise a jour des prix Superhote
[2026-02-11 06:00:01] ==========================================
[2026-02-11 06:00:01] Etape 1: Generation des prix...
[2026-02-11 05:00:01] Generation des prix Superhote
  - Logement 13: 31 mises a jour
  - Logement 14: 31 mises a jour
  - Logement 16: 31 mises a jour
  - Logement 15: 31 mises a jour
  - Logement 17: 31 mises a jour
  - Logement 2: 31 mises a jour
  - Logement 19: 31 mises a jour
  - Logement 10: 31 mises a jour
  - Logement 11: 31 mises a jour
  - Logement 8: 31 mises a jour
  - Logement 37: 31 mises a jour
  - Logement 33: 31 mises a jour
  - Logement 12: 31 mises a jour
  - Logement 23: 31 mises a jour
  - Logement 42: 31 mises a jour
  - Logement 21: 31 mises a jour
  - Logement 7: 31 mises a jour
  - Logement 43: 31 mises a jour
[2026-02-11 05:00:02] Total: 558 mises a jour generees
[2026-02-11 05:00:02] Termine en 1.37s
[2026-02-11 06:00:02]   Generation terminee
[2026-02-11 06:00:02] Etape 2: Application des prix via worker pool...
2026-02-11 06:00:03,254 - INFO - [23517] ==================================================
2026-02-11 06:00:03,254 - INFO - [23517] DEMARRAGE POOL WORKERS SUPERHOTE
2026-02-11 06:00:03,255 - INFO - [23517]   Mode: GROUPE
2026-02-11 06:00:03,255 - INFO - [23517]   Max workers: illimite
2026-02-11 06:00:03,255 - INFO - [23517] ==================================================
2026-02-11 06:00:03,283 - INFO - [23517] Mode GROUPE active (hybride: groupes + orphelins)
2026-02-11 06:00:03,312 - INFO - [23517] Groupes avec pending: ['GROUPE1', '__ORPHELINS__', 'GROUPE2', 'GROUPE3', 'GROUPE4']
2026-02-11 06:00:03,319 - INFO - [23517] Worker 1 [GROUPE GROUPE1]: 6 logements, ref=GROUPE1
2026-02-11 06:00:03,325 - INFO - [23517] Worker 2 [GROUPE GROUPE2]: 3 logements, ref=GROUPE2
2026-02-11 06:00:03,330 - INFO - [23517] Worker 3 [GROUPE GROUPE3]: 5 logements, ref=GROUPE3
2026-02-11 06:00:03,337 - INFO - [23517] Worker 4 [GROUPE GROUPE4]: 3 logements, ref=GROUPE4
2026-02-11 06:00:03,343 - INFO - [23517] Logements sans groupe: 4
2026-02-11 06:00:03,343 - INFO - [23517] Worker 5 [STANDARD]: 4 logements orphelins
2026-02-11 06:00:03,344 - INFO - [23517] Workers configures: 5 (4 groupes, 1 standards)
2026-02-11 06:00:03,344 - INFO - [23517]   Worker 1 [GROUPE GROUPE1]: ref=GROUPE1, membres=['Appartement Neuf Confort & Moderne - Proche Gare', 'Delphin - BLEU - 2', 'Delphin - FAB - 4', 'Delphin - NID - 3', 'Delphin - ZEN - 1', 'Edouard - 4']
2026-02-11 06:00:03,344 - INFO - [23517]   Worker 2 [GROUPE GROUPE2]: ref=GROUPE2, membres=['Detti - 1 - RDC', 'DETTI - 2 - ET', 'Studio au pied du Château']
2026-02-11 06:00:03,344 - INFO - [23517]   Worker 3 [GROUPE GROUPE3]: ref=GROUPE3, membres=['Alexia - BSM', 'Calme - Wifi - Confort - Vue', 'La compiegnoise', 'Le Repos de Canly', 'Multicolore Logement entier centre ville']
2026-02-11 06:00:03,344 - INFO - [23517]   Worker 4 [GROUPE GROUPE4]: ref=GROUPE4, membres=['1306', 'Centre Ville - Wifi - Extérieur - Téléviseurs', 'GROUPE4']
2026-02-11 06:00:03,344 - INFO - [23517]   Worker 5 [STANDARD]: ['Delphin - JUN - 5', 'GROUPE1', 'GROUPE2', 'GROUPE3']
2026-02-11 06:00:03,345 - INFO - [23517] Lancement de 5 workers en parallele...
2026-02-11 06:00:03,384 - INFO - [23523] Worker 1 [GROUPE GROUPE1] demarre - Ref: GROUPE1, Membres: ['Appartement Neuf Confort & Moderne - Proche Gare', 'Delphin - BLEU - 2', 'Delphin - FAB - 4', 'Delphin - NID - 3', 'Delphin - ZEN - 1', 'Edouard - 4']
2026-02-11 06:00:03,396 - INFO - [23528] Worker 2 [GROUPE GROUPE2] demarre - Ref: GROUPE2, Membres: ['Detti - 1 - RDC', 'DETTI - 2 - ET', 'Studio au pied du Château']
2026-02-11 06:00:03,402 - INFO - [23529] Worker 3 [GROUPE GROUPE3] demarre - Ref: GROUPE3, Membres: ['Alexia - BSM', 'Calme - Wifi - Confort - Vue', 'La compiegnoise', 'Le Repos de Canly', 'Multicolore Logement entier centre ville']
2026-02-11 06:00:03,426 - INFO - [23527] Worker 4 [GROUPE GROUPE4] demarre - Ref: GROUPE4, Membres: ['1306', 'Centre Ville - Wifi - Extérieur - Téléviseurs', 'GROUPE4']
2026-02-11 06:00:03,432 - INFO - [23531] Worker 5 demarre - Logements: ['Delphin - JUN - 5', 'GROUPE1', 'GROUPE2', 'GROUPE3']
2026-02-11 06:02:34,206 - INFO - [23529] Worker 3: Connecte a Superhote
2026-02-11 06:02:34,633 - INFO - [23528] Worker 2: Connecte a Superhote
2026-02-11 06:02:34,620 - INFO - [23529] Worker 3: 155 mises a jour a traiter
2026-02-11 06:02:34,653 - INFO - [23529] Optimisation: 31 -> 17 operations (fusion dates consecutives)
2026-02-11 06:02:34,660 - INFO - [23529] Worker 3: 17 groupes de mises a jour (apres fusion)
2026-02-11 06:02:34,684 - INFO - [23528] Worker 2: 93 mises a jour a traiter
2026-02-11 06:02:34,696 - INFO - [23529] Worker 3: Traitement groupe 2026-02-11 - 2026-02-11, 60.0EUR, 5 logements
2026-02-11 06:02:34,697 - INFO - [23529] Worker 3 [GROUPE]: Utilisation ref=GROUPE3 pour appliquer a 5 membres
2026-02-11 06:02:34,712 - INFO - [23528] Optimisation: 31 -> 17 operations (fusion dates consecutives)
2026-02-11 06:02:34,713 - INFO - [23528] Worker 2: 17 groupes de mises a jour (apres fusion)
2026-02-11 06:02:34,734 - INFO - [23528] Worker 2: Traitement groupe 2026-02-11 - 2026-02-11, 37.0EUR, 3 logements
2026-02-11 06:02:34,736 - INFO - [23528] Worker 2 [GROUPE]: Utilisation ref=GROUPE2 pour appliquer a 3 membres
2026-02-11 06:02:34,902 - INFO - [23527] Worker 4: Connecte a Superhote
2026-02-11 06:02:34,993 - INFO - [23527] Worker 4: 93 mises a jour a traiter
2026-02-11 06:02:35,017 - INFO - [23527] Optimisation: 31 -> 17 operations (fusion dates consecutives)
2026-02-11 06:02:35,018 - INFO - [23527] Worker 4: 17 groupes de mises a jour (apres fusion)
2026-02-11 06:02:35,021 - INFO - [23527] Worker 4: Traitement groupe 2026-02-11 - 2026-02-11, 55.0EUR, 3 logements
2026-02-11 06:02:35,021 - INFO - [23527] Worker 4 [GROUPE]: Utilisation ref=GROUPE4 pour appliquer a 3 membres
2026-02-11 06:02:36,467 - INFO - [23523] Worker 1: Connecte a Superhote
2026-02-11 06:02:36,600 - INFO - [23523] Worker 1: 186 mises a jour a traiter
2026-02-11 06:02:36,627 - INFO - [23523] Optimisation: 31 -> 17 operations (fusion dates consecutives)
2026-02-11 06:02:36,672 - INFO - [23523] Worker 1: 17 groupes de mises a jour (apres fusion)
2026-02-11 06:02:36,687 - INFO - [23523] Worker 1: Traitement groupe 2026-02-11 - 2026-02-11, 45.0EUR, 6 logements
2026-02-11 06:02:36,690 - INFO - [23523] Worker 1 [GROUPE]: Utilisation ref=GROUPE1 pour appliquer a 6 membres
2026-02-11 06:02:41,155 - INFO - [23531] Worker 5: Connecte a Superhote
2026-02-11 06:02:41,198 - INFO - [23531] Worker 5: 31 mises a jour a traiter
2026-02-11 06:02:41,310 - INFO - [23531] Optimisation: 31 -> 17 operations (fusion dates consecutives)
2026-02-11 06:02:41,315 - INFO - [23531] Worker 5: 17 groupes de mises a jour (apres fusion)
2026-02-11 06:02:41,368 - INFO - [23531] Worker 5: Traitement groupe 2026-02-11 - 2026-02-11, 70.0EUR, 1 logements
2026-02-11 06:03:38,966 - INFO - [23523] Worker 1: Traitement groupe 2026-02-12 - 2026-02-12, 50.0EUR, 6 logements
2026-02-11 06:03:38,967 - INFO - [23523] Worker 1 [GROUPE]: Utilisation ref=GROUPE1 pour appliquer a 6 membres
2026-02-11 06:03:39,046 - INFO - [23529] Worker 3: Traitement groupe 2026-02-12 - 2026-02-12, 64.0EUR, 5 logements
2026-02-11 06:03:39,047 - INFO - [23529] Worker 3 [GROUPE]: Utilisation ref=GROUPE3 pour appliquer a 5 membres
2026-02-11 06:03:43,501 - INFO - [23531] Worker 5: Traitement groupe 2026-02-12 - 2026-02-12, 74.0EUR, 1 logements
2026-02-11 06:03:44,165 - INFO - [23527] Worker 4: Traitement groupe 2026-02-12 - 2026-02-12, 59.0EUR, 3 logements
2026-02-11 06:03:44,166 - INFO - [23527] Worker 4 [GROUPE]: Utilisation ref=GROUPE4 pour appliquer a 3 membres
2026-02-11 06:03:47,652 - INFO - [23528] Worker 2: Traitement groupe 2026-02-12 - 2026-02-12, 40.0EUR, 3 logements
2026-02-11 06:03:47,653 - INFO - [23528] Worker 2 [GROUPE]: Utilisation ref=GROUPE2 pour appliquer a 3 membres
2026-02-11 06:04:21,249 - INFO - [23531] Worker 5: Traitement groupe 2026-02-13 - 2026-02-14, 81.0EUR, 1 logements
2026-02-11 06:04:37,595 - INFO - [23523] Worker 1: Traitement groupe 2026-02-13 - 2026-02-14, 55.0EUR, 6 logements
2026-02-11 06:04:39,804 - INFO - [23523] Worker 1 [GROUPE]: Utilisation ref=GROUPE1 pour appliquer a 6 membres
2026-02-11 06:04:43,175 - INFO - [23531] Worker 5: Traitement groupe 2026-02-15 - 2026-02-15, 68.0EUR, 1 logements
2026-02-11 06:04:44,617 - INFO - [23528] Worker 2: Traitement groupe 2026-02-13 - 2026-02-14, 48.0EUR, 3 logements
2026-02-11 06:04:44,618 - INFO - [23528] Worker 2 [GROUPE]: Utilisation ref=GROUPE2 pour appliquer a 3 membres
2026-02-11 06:04:46,214 - INFO - [23527] Worker 4: Traitement groupe 2026-02-13 - 2026-02-14, 68.0EUR, 3 logements
2026-02-11 06:04:46,215 - INFO - [23527] Worker 4 [GROUPE]: Utilisation ref=GROUPE4 pour appliquer a 3 membres
2026-02-11 06:04:49,578 - INFO - [23529] Worker 3: Traitement groupe 2026-02-13 - 2026-02-14, 74.0EUR, 5 logements
2026-02-11 06:04:49,579 - INFO - [23529] Worker 3 [GROUPE]: Utilisation ref=GROUPE3 pour appliquer a 5 membres
2026-02-11 06:04:59,809 - INFO - [23531] Worker 5: Traitement groupe 2026-02-16 - 2026-02-17, 78.0EUR, 1 logements
2026-02-11 06:05:26,372 - INFO - [23523] Worker 1: Traitement groupe 2026-02-15 - 2026-02-15, 50.0EUR, 6 logements
2026-02-11 06:05:26,372 - INFO - [23523] Worker 1 [GROUPE]: Utilisation ref=GROUPE1 pour appliquer a 6 membres
2026-02-11 06:05:26,665 - INFO - [23531] Worker 5: Traitement groupe 2026-02-18 - 2026-02-19, 84.0EUR, 1 logements
2026-02-11 06:05:33,752 - INFO - [23528] Worker 2: Traitement groupe 2026-02-15 - 2026-02-15, 32.0EUR, 3 logements
2026-02-11 06:05:33,753 - INFO - [23528] Worker 2 [GROUPE]: Utilisation ref=GROUPE2 pour appliquer a 3 membres
2026-02-11 06:05:34,365 - INFO - [23527] Worker 4: Traitement groupe 2026-02-15 - 2026-02-15, 53.0EUR, 3 logements
2026-02-11 06:05:34,366 - INFO - [23527] Worker 4 [GROUPE]: Utilisation ref=GROUPE4 pour appliquer a 3 membres
2026-02-11 06:05:44,046 - INFO - [23529] Worker 3: Traitement groupe 2026-02-15 - 2026-02-15, 58.0EUR, 5 logements
2026-02-11 06:05:44,047 - INFO - [23529] Worker 3 [GROUPE]: Utilisation ref=GROUPE3 pour appliquer a 5 membres
2026-02-11 06:06:00,458 - INFO - [23531] Worker 5: Traitement groupe 2026-02-20 - 2026-02-21, 92.0EUR, 1 logements
2026-02-11 06:06:15,424 - INFO - [23523] Worker 1: Traitement groupe 2026-02-16 - 2026-02-17, 55.0EUR, 6 logements
2026-02-11 06:06:15,425 - INFO - [23523] Worker 1 [GROUPE]: Utilisation ref=GROUPE1 pour appliquer a 6 membres
2026-02-11 06:06:23,035 - INFO - [23527] Worker 4: Traitement groupe 2026-02-16 - 2026-02-17, 63.0EUR, 3 logements
2026-02-11 06:06:23,036 - INFO - [23527] Worker 4 [GROUPE]: Utilisation ref=GROUPE4 pour appliquer a 3 membres
2026-02-11 06:06:24,539 - INFO - [23528] Worker 2: Traitement groupe 2026-02-16 - 2026-02-17, 42.0EUR, 3 logements
2026-02-11 06:06:24,540 - INFO - [23528] Worker 2 [GROUPE]: Utilisation ref=GROUPE2 pour appliquer a 3 membres
2026-02-11 06:06:28,278 - INFO - [23531] Worker 5: Traitement groupe 2026-02-22 - 2026-02-22, 74.0EUR, 1 logements
2026-02-11 06:06:47,465 - INFO - [23529] Worker 3: Traitement groupe 2026-02-16 - 2026-02-17, 68.0EUR, 5 logements
2026-02-11 06:06:47,469 - INFO - [23529] Worker 3 [GROUPE]: Utilisation ref=GROUPE3 pour appliquer a 5 membres
2026-02-11 06:07:00,505 - INFO - [23531] Worker 5: Traitement groupe 2026-02-23 - 2026-02-24, 84.0EUR, 1 logements
2026-02-11 06:07:09,626 - INFO - [23523] Worker 1: Traitement groupe 2026-02-18 - 2026-02-19, 63.0EUR, 6 logements
2026-02-11 06:07:09,627 - INFO - [23523] Worker 1 [GROUPE]: Utilisation ref=GROUPE1 pour appliquer a 6 membres
2026-02-11 06:07:18,642 - INFO - [23527] Worker 4: Traitement groupe 2026-02-18 - 2026-02-19, 69.0EUR, 3 logements
2026-02-11 06:07:18,644 - INFO - [23527] Worker 4 [GROUPE]: Utilisation ref=GROUPE4 pour appliquer a 3 membres
2026-02-11 06:07:21,674 - INFO - [23528] Worker 2: Traitement groupe 2026-02-18 - 2026-02-19, 46.0EUR, 3 logements
2026-02-11 06:07:21,675 - INFO - [23528] Worker 2 [GROUPE]: Utilisation ref=GROUPE2 pour appliquer a 3 membres
2026-02-11 06:07:29,130 - INFO - [23531] Worker 5: Traitement groupe 2026-02-25 - 2026-02-26, 90.0EUR, 1 logements
2026-02-11 06:07:49,118 - INFO - [23529] Worker 3: Traitement groupe 2026-02-18 - 2026-02-19, 74.0EUR, 5 logements
2026-02-11 06:07:49,123 - INFO - [23529] Worker 3 [GROUPE]: Utilisation ref=GROUPE3 pour appliquer a 5 membres
2026-02-11 06:07:59,949 - INFO - [23523] Worker 1: Traitement groupe 2026-02-20 - 2026-02-21, 69.0EUR, 6 logements
2026-02-11 06:07:59,950 - INFO - [23523] Worker 1 [GROUPE]: Utilisation ref=GROUPE1 pour appliquer a 6 membres
2026-02-11 06:08:01,226 - INFO - [23531] Worker 5: Traitement groupe 2026-02-27 - 2026-02-28, 99.0EUR, 1 logements
2026-02-11 06:08:15,630 - INFO - [23527] Worker 4: Traitement groupe 2026-02-20 - 2026-02-21, 79.0EUR, 3 logements
2026-02-11 06:08:15,632 - INFO - [23527] Worker 4 [GROUPE]: Utilisation ref=GROUPE4 pour appliquer a 3 membres
2026-02-11 06:08:16,046 - INFO - [23528] Worker 2: Traitement groupe 2026-02-20 - 2026-02-21, 55.0EUR, 3 logements
2026-02-11 06:08:16,047 - INFO - [23528] Worker 2 [GROUPE]: Utilisation ref=GROUPE2 pour appliquer a 3 membres
2026-02-11 06:08:28,718 - INFO - [23531] Worker 5: Traitement groupe 2026-03-01 - 2026-03-01, 80.0EUR, 1 logements
2026-02-11 06:08:41,399 - INFO - [23529] Worker 3: Traitement groupe 2026-02-20 - 2026-02-21, 85.0EUR, 5 logements
2026-02-11 06:08:41,400 - INFO - [23529] Worker 3 [GROUPE]: Utilisation ref=GROUPE3 pour appliquer a 5 membres
2026-02-11 06:08:46,861 - INFO - [23531] Worker 5: Traitement groupe 2026-03-02 - 2026-03-05, 90.0EUR, 1 logements
2026-02-11 06:08:47,246 - INFO - [23523] Worker 1: Traitement groupe 2026-02-22 - 2026-02-22, 58.0EUR, 6 logements
2026-02-11 06:08:47,253 - INFO - [23523] Worker 1 [GROUPE]: Utilisation ref=GROUPE1 pour appliquer a 6 membres
2026-02-11 06:09:04,582 - INFO - [23527] Worker 4: Traitement groupe 2026-02-22 - 2026-02-22, 59.0EUR, 3 logements
2026-02-11 06:09:04,583 - INFO - [23527] Worker 4 [GROUPE]: Utilisation ref=GROUPE4 pour appliquer a 3 membres
2026-02-11 06:09:07,034 - INFO - [23528] Worker 2: Traitement groupe 2026-02-22 - 2026-02-22, 36.0EUR, 3 logements
2026-02-11 06:09:07,035 - INFO - [23528] Worker 2 [GROUPE]: Utilisation ref=GROUPE2 pour appliquer a 3 membres
2026-02-11 06:09:19,144 - INFO - [23531] Worker 5: Traitement groupe 2026-03-06 - 2026-03-07, 99.0EUR, 1 logements
2026-02-11 06:09:33,358 - INFO - [23529] Worker 3: Traitement groupe 2026-02-22 - 2026-02-22, 64.0EUR, 5 logements
2026-02-11 06:09:33,359 - INFO - [23529] Worker 3 [GROUPE]: Utilisation ref=GROUPE3 pour appliquer a 5 membres
2026-02-11 06:09:37,238 - INFO - [23523] Worker 1: Traitement groupe 2026-02-23 - 2026-02-24, 63.0EUR, 6 logements
2026-02-11 06:09:37,239 - INFO - [23523] Worker 1 [GROUPE]: Utilisation ref=GROUPE1 pour appliquer a 6 membres
2026-02-11 06:09:46,771 - INFO - [23531] Worker 5: Traitement groupe 2026-03-08 - 2026-03-08, 80.0EUR, 1 logements
2026-02-11 06:09:52,933 - INFO - [23527] Worker 4: Traitement groupe 2026-02-23 - 2026-02-24, 69.0EUR, 3 logements
2026-02-11 06:09:52,934 - INFO - [23527] Worker 4 [GROUPE]: Utilisation ref=GROUPE4 pour appliquer a 3 membres
2026-02-11 06:09:56,583 - INFO - [23528] Worker 2: Traitement groupe 2026-02-23 - 2026-02-24, 46.0EUR, 3 logements
2026-02-11 06:09:56,584 - INFO - [23528] Worker 2 [GROUPE]: Utilisation ref=GROUPE2 pour appliquer a 3 membres
2026-02-11 06:10:15,301 - INFO - [23531] Worker 5: Traitement groupe 2026-03-09 - 2026-03-12, 90.0EUR, 1 logements
2026-02-11 06:10:25,025 - INFO - [23523] Worker 1: Traitement groupe 2026-02-25 - 2026-02-26, 70.0EUR, 6 logements
2026-02-11 06:10:25,027 - INFO - [23523] Worker 1 [GROUPE]: Utilisation ref=GROUPE1 pour appliquer a 6 membres
2026-02-11 06:10:26,246 - INFO - [23529] Worker 3: Traitement groupe 2026-02-23 - 2026-02-24, 74.0EUR, 5 logements
2026-02-11 06:10:26,247 - INFO - [23529] Worker 3 [GROUPE]: Utilisation ref=GROUPE3 pour appliquer a 5 membres
2026-02-11 06:10:30,756 - INFO - [23531] Worker 5: Traitement groupe 2026-03-13 - 2026-03-13, 99.0EUR, 1 logements
2026-02-11 06:10:45,506 - INFO - [23527] Worker 4: Traitement groupe 2026-02-25 - 2026-02-26, 75.0EUR, 3 logements
2026-02-11 06:10:45,507 - INFO - [23527] Worker 4 [GROUPE]: Utilisation ref=GROUPE4 pour appliquer a 3 membres
2026-02-11 06:10:49,158 - INFO - [23528] Worker 2: Traitement groupe 2026-02-25 - 2026-02-26, 50.0EUR, 3 logements
2026-02-11 06:10:49,159 - INFO - [23528] Worker 2 [GROUPE]: Utilisation ref=GROUPE2 pour appliquer a 3 membres
2026-02-11 06:11:01,917 - INFO - [23531] Worker 5: Termine - 16 OK, 1 echecs
2026-02-11 06:11:16,332 - INFO - [23523] Worker 1: Traitement groupe 2026-02-27 - 2026-02-28, 77.0EUR, 6 logements
2026-02-11 06:11:16,333 - INFO - [23523] Worker 1 [GROUPE]: Utilisation ref=GROUPE1 pour appliquer a 6 membres
2026-02-11 06:11:23,768 - INFO - [23529] Worker 3: Traitement groupe 2026-02-25 - 2026-02-26, 80.0EUR, 5 logements
2026-02-11 06:11:23,769 - INFO - [23529] Worker 3 [GROUPE]: Utilisation ref=GROUPE3 pour appliquer a 5 membres
2026-02-11 06:11:35,213 - INFO - [23527] Worker 4: Traitement groupe 2026-02-27 - 2026-02-28, 86.0EUR, 3 logements
2026-02-11 06:11:35,214 - INFO - [23527] Worker 4 [GROUPE]: Utilisation ref=GROUPE4 pour appliquer a 3 membres
2026-02-11 06:11:41,021 - INFO - [23528] Worker 2: Traitement groupe 2026-02-27 - 2026-02-28, 60.0EUR, 3 logements
2026-02-11 06:11:41,022 - INFO - [23528] Worker 2 [GROUPE]: Utilisation ref=GROUPE2 pour appliquer a 3 membres
2026-02-11 06:12:02,132 - INFO - [23523] Worker 1: Traitement groupe 2026-03-01 - 2026-03-01, 65.0EUR, 6 logements
2026-02-11 06:12:02,133 - INFO - [23523] Worker 1 [GROUPE]: Utilisation ref=GROUPE1 pour appliquer a 6 membres
2026-02-11 06:12:16,952 - INFO - [23529] Worker 3: Traitement groupe 2026-02-27 - 2026-02-28, 92.0EUR, 5 logements
2026-02-11 06:12:16,954 - INFO - [23529] Worker 3 [GROUPE]: Utilisation ref=GROUPE3 pour appliquer a 5 membres
2026-02-11 06:12:20,874 - INFO - [23527] Worker 4: Traitement groupe 2026-03-01 - 2026-03-01, 65.0EUR, 3 logements
2026-02-11 06:12:20,875 - INFO - [23527] Worker 4 [GROUPE]: Utilisation ref=GROUPE4 pour appliquer a 3 membres
2026-02-11 06:12:27,891 - INFO - [23528] Worker 2: Traitement groupe 2026-03-01 - 2026-03-01, 40.0EUR, 3 logements
2026-02-11 06:12:27,892 - INFO - [23528] Worker 2 [GROUPE]: Utilisation ref=GROUPE2 pour appliquer a 3 membres
2026-02-11 06:12:50,236 - INFO - [23523] Worker 1: Traitement groupe 2026-03-02 - 2026-03-05, 70.0EUR, 6 logements
2026-02-11 06:12:50,237 - INFO - [23523] Worker 1 [GROUPE]: Utilisation ref=GROUPE1 pour appliquer a 6 membres
2026-02-11 06:13:09,002 - INFO - [23527] Worker 4: Traitement groupe 2026-03-02 - 2026-03-05, 75.0EUR, 3 logements
2026-02-11 06:13:09,003 - INFO - [23527] Worker 4 [GROUPE]: Utilisation ref=GROUPE4 pour appliquer a 3 membres
2026-02-11 06:13:09,500 - INFO - [23529] Worker 3: Traitement groupe 2026-03-01 - 2026-03-01, 70.0EUR, 5 logements
2026-02-11 06:13:09,502 - INFO - [23529] Worker 3 [GROUPE]: Utilisation ref=GROUPE3 pour appliquer a 5 membres
2026-02-11 06:13:18,070 - INFO - [23528] Worker 2: Traitement groupe 2026-03-02 - 2026-03-05, 50.0EUR, 3 logements
2026-02-11 06:13:18,072 - INFO - [23528] Worker 2 [GROUPE]: Utilisation ref=GROUPE2 pour appliquer a 3 membres
2026-02-11 06:13:37,243 - INFO - [23523] Worker 1: Traitement groupe 2026-03-06 - 2026-03-07, 77.0EUR, 6 logements
2026-02-11 06:13:37,244 - INFO - [23523] Worker 1 [GROUPE]: Utilisation ref=GROUPE1 pour appliquer a 6 membres
2026-02-11 06:13:56,246 - INFO - [23527] Worker 4: Traitement groupe 2026-03-06 - 2026-03-07, 86.0EUR, 3 logements
2026-02-11 06:13:56,247 - INFO - [23527] Worker 4 [GROUPE]: Utilisation ref=GROUPE4 pour appliquer a 3 membres
2026-02-11 06:14:04,560 - INFO - [23529] Worker 3: Traitement groupe 2026-03-02 - 2026-03-05, 80.0EUR, 5 logements
2026-02-11 06:14:04,562 - INFO - [23529] Worker 3 [GROUPE]: Utilisation ref=GROUPE3 pour appliquer a 5 membres
2026-02-11 06:14:05,604 - INFO - [23528] Worker 2: Traitement groupe 2026-03-06 - 2026-03-07, 60.0EUR, 3 logements
2026-02-11 06:14:05,606 - INFO - [23528] Worker 2 [GROUPE]: Utilisation ref=GROUPE2 pour appliquer a 3 membres
2026-02-11 06:14:22,896 - INFO - [23523] Worker 1: Traitement groupe 2026-03-08 - 2026-03-08, 65.0EUR, 6 logements
2026-02-11 06:14:22,897 - INFO - [23523] Worker 1 [GROUPE]: Utilisation ref=GROUPE1 pour appliquer a 6 membres
2026-02-11 06:14:48,471 - INFO - [23527] Worker 4: Traitement groupe 2026-03-08 - 2026-03-08, 65.0EUR, 3 logements
2026-02-11 06:14:48,472 - INFO - [23527] Worker 4 [GROUPE]: Utilisation ref=GROUPE4 pour appliquer a 3 membres
2026-02-11 06:14:54,553 - INFO - [23528] Worker 2: Traitement groupe 2026-03-08 - 2026-03-08, 40.0EUR, 3 logements
2026-02-11 06:14:54,555 - INFO - [23528] Worker 2 [GROUPE]: Utilisation ref=GROUPE2 pour appliquer a 3 membres
2026-02-11 06:14:59,438 - INFO - [23529] Worker 3: Traitement groupe 2026-03-06 - 2026-03-07, 92.0EUR, 5 logements
2026-02-11 06:14:59,440 - INFO - [23529] Worker 3 [GROUPE]: Utilisation ref=GROUPE3 pour appliquer a 5 membres
2026-02-11 06:15:09,461 - INFO - [23523] Worker 1: Traitement groupe 2026-03-09 - 2026-03-12, 70.0EUR, 6 logements
2026-02-11 06:15:09,463 - INFO - [23523] Worker 1 [GROUPE]: Utilisation ref=GROUPE1 pour appliquer a 6 membres
2026-02-11 06:15:33,871 - INFO - [23527] Worker 4: Traitement groupe 2026-03-09 - 2026-03-12, 75.0EUR, 3 logements
2026-02-11 06:15:33,872 - INFO - [23527] Worker 4 [GROUPE]: Utilisation ref=GROUPE4 pour appliquer a 3 membres
2026-02-11 06:15:48,916 - INFO - [23528] Worker 2: Traitement groupe 2026-03-09 - 2026-03-12, 50.0EUR, 3 logements
2026-02-11 06:15:48,917 - INFO - [23528] Worker 2 [GROUPE]: Utilisation ref=GROUPE2 pour appliquer a 3 membres
2026-02-11 06:16:00,850 - INFO - [23529] Worker 3: Traitement groupe 2026-03-08 - 2026-03-08, 70.0EUR, 5 logements
2026-02-11 06:16:00,853 - INFO - [23529] Worker 3 [GROUPE]: Utilisation ref=GROUPE3 pour appliquer a 5 membres
2026-02-11 06:16:03,556 - INFO - [23523] Worker 1: Traitement groupe 2026-03-13 - 2026-03-13, 77.0EUR, 6 logements
2026-02-11 06:16:03,557 - INFO - [23523] Worker 1 [GROUPE]: Utilisation ref=GROUPE1 pour appliquer a 6 membres
2026-02-11 06:16:25,244 - INFO - [23527] Worker 4: Traitement groupe 2026-03-13 - 2026-03-13, 86.0EUR, 3 logements
2026-02-11 06:16:25,244 - INFO - [23527] Worker 4 [GROUPE]: Utilisation ref=GROUPE4 pour appliquer a 3 membres
2026-02-11 06:16:47,742 - INFO - [23528] Worker 2: Traitement groupe 2026-03-13 - 2026-03-13, 60.0EUR, 3 logements
2026-02-11 06:16:47,744 - INFO - [23528] Worker 2 [GROUPE]: Utilisation ref=GROUPE2 pour appliquer a 3 membres
2026-02-11 06:16:57,174 - INFO - [23523] Worker 1: Termine - 180 OK, 6 echecs
2026-02-11 06:17:03,399 - INFO - [23529] Worker 3: Traitement groupe 2026-03-09 - 2026-03-12, 80.0EUR, 5 logements
2026-02-11 06:17:03,400 - INFO - [23529] Worker 3 [GROUPE]: Utilisation ref=GROUPE3 pour appliquer a 5 membres
2026-02-11 06:17:22,785 - INFO - [23527] Worker 4: Termine - 90 OK, 3 echecs
2026-02-11 06:17:36,773 - INFO - [23528] Worker 2: Termine - 90 OK, 3 echecs
2026-02-11 06:17:51,161 - INFO - [23529] Worker 3: Traitement groupe 2026-03-13 - 2026-03-13, 92.0EUR, 5 logements
2026-02-11 06:17:51,162 - INFO - [23529] Worker 3 [GROUPE]: Utilisation ref=GROUPE3 pour appliquer a 5 membres
2026-02-11 06:18:37,941 - INFO - [23529] Worker 3: Termine - 150 OK, 5 echecs
2026-02-11 06:18:38,794 - INFO - [23517] ==================================================
2026-02-11 06:18:38,795 - INFO - [23517] RESUME FINAL
2026-02-11 06:18:38,795 - INFO - [23517]   Workers: 5
2026-02-11 06:18:38,795 - INFO - [23517]   Succes: 526
2026-02-11 06:18:38,795 - INFO - [23517]   Echecs: 18
2026-02-11 06:18:38,795 - INFO - [23517] ==================================================
2026-02-11 06:18:38,795 - INFO - [23517] Pool termine
[2026-02-11 06:18:38]   Worker pool termine
[2026-02-11 06:18:38] ==========================================
[2026-02-11 06:18:38] Resume de l'execution
[2026-02-11 06:18:38] ==========================================
[2026-02-11 06:18:39]   Mises a jour en attente: 0
[2026-02-11 06:18:39]   Mises a jour terminees aujourd'hui: 526
[2026-02-11 06:18:39]   Mises a jour echouees aujourd'hui: 18
[2026-02-11 06:18:39] ==========================================
[2026-02-11 06:18:39] Fin de l'execution
[2026-02-11 06:18:39] ==========================================
[2026-02-11 06:18:39]   SMS de notification envoye
