[2026-02-17 06:00:01] ==========================================
[2026-02-17 06:00:01] Debut de la mise a jour des prix Superhote
[2026-02-17 06:00:01] ==========================================
[2026-02-17 06:00:01] Etape 1: Generation des prix...
[2026-02-17 05:00:01] Generation des prix Superhote
  Regles chargees: 8 saisons, 12 jours feries, 5 regles occupation
  - Logement 13: 31 mises a jour
  - Logement 14: 31 mises a jour
  - Logement 16: 31 mises a jour
  - Logement 15: 31 mises a jour
  - Logement 17: 31 mises a jour
  - Logement 2: 31 mises a jour
  - Logement 19: 31 mises a jour
  - Logement 10: 31 mises a jour
  - Logement 11: 31 mises a jour
  - Logement 8: 31 mises a jour
  - Logement 37: 31 mises a jour
  - Logement 33: 31 mises a jour
  - Logement 12: 31 mises a jour
  - Logement 23: 31 mises a jour
  - Logement 42: 31 mises a jour
  - Logement 21: 31 mises a jour
  - Logement 7: 31 mises a jour
  - Logement 43: 31 mises a jour
[2026-02-17 05:00:03] Total: 558 mises a jour generees
[2026-02-17 05:00:03] Termine en 1.77s
[2026-02-17 06:00:03]   Generation terminee
[2026-02-17 06:00:03] Etape 2: Application des prix via worker pool...
2026-02-17 06:00:03,764 - INFO - [9051] ==================================================
2026-02-17 06:00:03,765 - INFO - [9051] DEMARRAGE POOL WORKERS SUPERHOTE
2026-02-17 06:00:03,765 - INFO - [9051]   Mode: GROUPE
2026-02-17 06:00:03,765 - INFO - [9051]   Max workers: illimite
2026-02-17 06:00:03,765 - INFO - [9051] ==================================================
2026-02-17 06:00:03,799 - INFO - [9051] Mode GROUPE active (hybride: groupes + orphelins)
2026-02-17 06:00:03,833 - INFO - [9051] Groupes avec pending: ['GROUPE1', '__ORPHELINS__', 'GROUPE2', 'GROUPE3', 'GROUPE4']
2026-02-17 06:00:03,840 - INFO - [9051] Worker 1 [GROUPE GROUPE1]: 6 logements, ref=GROUPE1
2026-02-17 06:00:03,846 - INFO - [9051] Worker 2 [GROUPE GROUPE2]: 3 logements, ref=GROUPE2
2026-02-17 06:00:03,852 - INFO - [9051] Worker 3 [GROUPE GROUPE3]: 5 logements, ref=GROUPE3
2026-02-17 06:00:03,858 - INFO - [9051] Worker 4 [GROUPE GROUPE4]: 3 logements, ref=GROUPE4
2026-02-17 06:00:03,864 - INFO - [9051] Logements sans groupe: 4
2026-02-17 06:00:03,864 - INFO - [9051] Worker 5 [STANDARD]: 4 logements orphelins
2026-02-17 06:00:03,865 - INFO - [9051] Workers configures: 5 (4 groupes, 1 standards)
2026-02-17 06:00:03,865 - INFO - [9051]   Worker 1 [GROUPE GROUPE1]: ref=GROUPE1, membres=['Appartement Neuf Confort & Moderne - Proche Gare', 'Delphin - BLEU - 2', 'Delphin - FAB - 4', 'Delphin - NID - 3', 'Delphin - ZEN - 1', 'Edouard - 4']
2026-02-17 06:00:03,865 - INFO - [9051]   Worker 2 [GROUPE GROUPE2]: ref=GROUPE2, membres=['Detti - 1 - RDC', 'DETTI - 2 - ET', 'Studio au pied du Château']
2026-02-17 06:00:03,865 - INFO - [9051]   Worker 3 [GROUPE GROUPE3]: ref=GROUPE3, membres=['Alexia - BSM', 'Calme - Wifi - Confort - Vue', 'La compiegnoise', 'Le Repos de Canly', 'Multicolore Logement entier centre ville']
2026-02-17 06:00:03,865 - INFO - [9051]   Worker 4 [GROUPE GROUPE4]: ref=GROUPE4, membres=['1306', 'Centre Ville - Wifi - Extérieur - Téléviseurs', 'GROUPE4']
2026-02-17 06:00:03,866 - INFO - [9051]   Worker 5 [STANDARD]: ['Delphin - JUN - 5', 'GROUPE1', 'GROUPE2', 'GROUPE3']
2026-02-17 06:00:03,866 - INFO - [9051] Lancement de 5 workers en parallele...
2026-02-17 06:00:03,890 - INFO - [9057] Worker 1 [GROUPE GROUPE1] demarre - Ref: GROUPE1, Membres: ['Appartement Neuf Confort & Moderne - Proche Gare', 'Delphin - BLEU - 2', 'Delphin - FAB - 4', 'Delphin - NID - 3', 'Delphin - ZEN - 1', 'Edouard - 4']
2026-02-17 06:00:03,895 - INFO - [9060] Worker 2 [GROUPE GROUPE2] demarre - Ref: GROUPE2, Membres: ['Detti - 1 - RDC', 'DETTI - 2 - ET', 'Studio au pied du Château']
2026-02-17 06:00:03,916 - INFO - [9065] Worker 3 [GROUPE GROUPE3] demarre - Ref: GROUPE3, Membres: ['Alexia - BSM', 'Calme - Wifi - Confort - Vue', 'La compiegnoise', 'Le Repos de Canly', 'Multicolore Logement entier centre ville']
2026-02-17 06:00:03,919 - INFO - [9063] Worker 5 demarre - Logements: ['Delphin - JUN - 5', 'GROUPE1', 'GROUPE2', 'GROUPE3']
2026-02-17 06:00:03,932 - INFO - [9067] Worker 4 [GROUPE GROUPE4] demarre - Ref: GROUPE4, Membres: ['1306', 'Centre Ville - Wifi - Extérieur - Téléviseurs', 'GROUPE4']
2026-02-17 06:02:17,211 - INFO - [9060] Worker 2: Connecte a Superhote
2026-02-17 06:02:17,258 - INFO - [9060] Worker 2: 93 mises a jour a traiter
2026-02-17 06:02:17,289 - INFO - [9060] Worker 2: 93 groupes de mises a jour (apres fusion)
2026-02-17 06:02:17,294 - INFO - [9060] Worker 2: Traitement groupe 2026-02-17 - 2026-02-17, 36.0EUR, 1 logements
2026-02-17 06:02:17,295 - INFO - [9060] Worker 2 [GROUPE]: Utilisation ref=GROUPE2 pour appliquer a 3 membres
2026-02-17 06:02:17,696 - INFO - [9065] Worker 3: Connecte a Superhote
2026-02-17 06:02:17,797 - INFO - [9065] Worker 3: 155 mises a jour a traiter
2026-02-17 06:02:17,822 - INFO - [9065] Worker 3: 62 groupes de mises a jour (apres fusion)
2026-02-17 06:02:17,826 - INFO - [9065] Worker 3: Traitement groupe 2026-02-17 - 2026-02-17, 59.0EUR, 4 logements
2026-02-17 06:02:17,826 - INFO - [9065] Worker 3 [GROUPE]: Utilisation ref=GROUPE3 pour appliquer a 5 membres
2026-02-17 06:02:20,189 - INFO - [9057] Worker 1: Connecte a Superhote
2026-02-17 06:02:20,281 - INFO - [9057] Worker 1: 186 mises a jour a traiter
2026-02-17 06:02:20,315 - INFO - [9057] Worker 1: 124 groupes de mises a jour (apres fusion)
2026-02-17 06:02:20,319 - INFO - [9057] Worker 1: Traitement groupe 2026-02-17 - 2026-02-17, 44.0EUR, 2 logements
2026-02-17 06:02:20,320 - INFO - [9057] Worker 1 [GROUPE]: Utilisation ref=GROUPE1 pour appliquer a 6 membres
2026-02-17 06:02:26,813 - INFO - [9063] Worker 5: Connecte a Superhote
2026-02-17 06:02:26,855 - INFO - [9063] Worker 5: 31 mises a jour a traiter
2026-02-17 06:02:26,893 - INFO - [9063] Optimisation: 31 -> 18 operations (fusion dates consecutives)
2026-02-17 06:02:26,893 - INFO - [9063] Worker 5: 18 groupes de mises a jour (apres fusion)
2026-02-17 06:02:26,914 - INFO - [9063] Worker 5: Traitement groupe 2026-02-17 - 2026-02-17, 85.0EUR, 1 logements
2026-02-17 06:03:01,454 - ERROR - [9067] Worker 4: Echec connexion Superhote
2026-02-17 06:03:44,636 - INFO - [9063] Worker 5: Traitement groupe 2026-02-18 - 2026-02-19, 89.0EUR, 1 logements
2026-02-17 06:04:03,472 - INFO - [9057] Worker 1: Traitement groupe 2026-02-17 - 2026-02-17, 47.0EUR, 1 logements
2026-02-17 06:04:03,473 - INFO - [9057] Worker 1 [GROUPE]: Utilisation ref=GROUPE1 pour appliquer a 6 membres
2026-02-17 06:04:04,604 - INFO - [9065] Worker 3: Traitement groupe 2026-02-17 - 2026-02-17, 72.0EUR, 1 logements
2026-02-17 06:04:04,605 - INFO - [9065] Worker 3 [GROUPE]: Utilisation ref=GROUPE3 pour appliquer a 5 membres
2026-02-17 06:04:06,006 - INFO - [9060] Worker 2: Traitement groupe 2026-02-17 - 2026-02-17, 43.0EUR, 1 logements
2026-02-17 06:04:06,007 - INFO - [9060] Worker 2 [GROUPE]: Utilisation ref=GROUPE2 pour appliquer a 3 membres
2026-02-17 06:04:13,528 - INFO - [9063] Worker 5: Traitement groupe 2026-02-20 - 2026-02-20, 98.0EUR, 1 logements
2026-02-17 06:04:37,856 - INFO - [9063] Worker 5: Traitement groupe 2026-02-21 - 2026-02-21, 104.0EUR, 1 logements
2026-02-17 06:04:54,361 - INFO - [9060] Worker 2: Traitement groupe 2026-02-17 - 2026-02-17, 45.0EUR, 1 logements
2026-02-17 06:04:54,362 - INFO - [9060] Worker 2 [GROUPE]: Utilisation ref=GROUPE2 pour appliquer a 3 membres
2026-02-17 06:04:56,340 - INFO - [9057] Worker 1: Traitement groupe 2026-02-17 - 2026-02-17, 52.0EUR, 1 logements
2026-02-17 06:04:56,341 - INFO - [9057] Worker 1 [GROUPE]: Utilisation ref=GROUPE1 pour appliquer a 6 membres
2026-02-17 06:04:58,852 - INFO - [9065] Worker 3: Traitement groupe 2026-02-18 - 2026-02-18, 63.0EUR, 4 logements
2026-02-17 06:04:58,852 - INFO - [9065] Worker 3 [GROUPE]: Utilisation ref=GROUPE3 pour appliquer a 5 membres
2026-02-17 06:05:06,311 - INFO - [9063] Worker 5: Traitement groupe 2026-02-22 - 2026-02-22, 82.0EUR, 1 logements
2026-02-17 06:05:32,586 - INFO - [9063] Worker 5: Traitement groupe 2026-02-23 - 2026-02-23, 94.0EUR, 1 logements
2026-02-17 06:05:42,234 - INFO - [9060] Worker 2: Traitement groupe 2026-02-18 - 2026-02-18, 39.0EUR, 1 logements
2026-02-17 06:05:42,235 - INFO - [9060] Worker 2 [GROUPE]: Utilisation ref=GROUPE2 pour appliquer a 3 membres
2026-02-17 06:05:49,546 - INFO - [9057] Worker 1: Traitement groupe 2026-02-17 - 2026-02-17, 54.0EUR, 2 logements
2026-02-17 06:05:49,548 - INFO - [9057] Worker 1 [GROUPE]: Utilisation ref=GROUPE1 pour appliquer a 6 membres
2026-02-17 06:05:51,769 - INFO - [9065] Worker 3: Traitement groupe 2026-02-18 - 2026-02-18, 77.0EUR, 1 logements
2026-02-17 06:05:51,770 - INFO - [9065] Worker 3 [GROUPE]: Utilisation ref=GROUPE3 pour appliquer a 5 membres
2026-02-17 06:06:01,298 - INFO - [9063] Worker 5: Traitement groupe 2026-02-24 - 2026-02-26, 101.0EUR, 1 logements
2026-02-17 06:06:26,363 - INFO - [9063] Worker 5: Traitement groupe 2026-02-27 - 2026-02-28, 112.0EUR, 1 logements
2026-02-17 06:06:28,436 - INFO - [9060] Worker 2: Traitement groupe 2026-02-18 - 2026-02-18, 46.0EUR, 1 logements
2026-02-17 06:06:28,437 - INFO - [9060] Worker 2 [GROUPE]: Utilisation ref=GROUPE2 pour appliquer a 3 membres
2026-02-17 06:06:39,300 - INFO - [9057] Worker 1: Traitement groupe 2026-02-18 - 2026-02-18, 49.0EUR, 2 logements
2026-02-17 06:06:39,301 - INFO - [9057] Worker 1 [GROUPE]: Utilisation ref=GROUPE1 pour appliquer a 6 membres
2026-02-17 06:06:42,468 - INFO - [9065] Worker 3: Traitement groupe 2026-02-19 - 2026-02-19, 63.0EUR, 4 logements
2026-02-17 06:06:42,469 - INFO - [9065] Worker 3 [GROUPE]: Utilisation ref=GROUPE3 pour appliquer a 5 membres
2026-02-17 06:06:53,281 - INFO - [9063] Worker 5: Traitement groupe 2026-03-01 - 2026-03-01, 89.0EUR, 1 logements
2026-02-17 06:07:15,767 - INFO - [9060] Worker 2: Traitement groupe 2026-02-18 - 2026-02-18, 48.0EUR, 1 logements
2026-02-17 06:07:15,768 - INFO - [9060] Worker 2 [GROUPE]: Utilisation ref=GROUPE2 pour appliquer a 3 membres
2026-02-17 06:07:21,148 - INFO - [9063] Worker 5: Traitement groupe 2026-03-02 - 2026-03-02, 101.0EUR, 1 logements
2026-02-17 06:07:31,952 - INFO - [9057] Worker 1: Traitement groupe 2026-02-18 - 2026-02-18, 52.0EUR, 1 logements
2026-02-17 06:07:31,954 - INFO - [9057] Worker 1 [GROUPE]: Utilisation ref=GROUPE1 pour appliquer a 6 membres
2026-02-17 06:07:34,352 - INFO - [9065] Worker 3: Traitement groupe 2026-02-19 - 2026-02-19, 77.0EUR, 1 logements
2026-02-17 06:07:34,352 - INFO - [9065] Worker 3 [GROUPE]: Utilisation ref=GROUPE3 pour appliquer a 5 membres
2026-02-17 06:07:53,099 - INFO - [9063] Worker 5: Traitement groupe 2026-03-03 - 2026-03-05, 109.0EUR, 1 logements
2026-02-17 06:08:01,530 - INFO - [9060] Worker 2: Traitement groupe 2026-02-19 - 2026-02-19, 39.0EUR, 1 logements
2026-02-17 06:08:01,532 - INFO - [9060] Worker 2 [GROUPE]: Utilisation ref=GROUPE2 pour appliquer a 3 membres
2026-02-17 06:08:18,064 - INFO - [9063] Worker 5: Traitement groupe 2026-03-06 - 2026-03-07, 120.0EUR, 1 logements
2026-02-17 06:08:24,689 - INFO - [9057] Worker 1: Traitement groupe 2026-02-18 - 2026-02-18, 58.0EUR, 1 logements
2026-02-17 06:08:24,691 - INFO - [9057] Worker 1 [GROUPE]: Utilisation ref=GROUPE1 pour appliquer a 6 membres
2026-02-17 06:08:31,176 - INFO - [9065] Worker 3: Traitement groupe 2026-02-20 - 2026-02-20, 72.0EUR, 4 logements
2026-02-17 06:08:31,177 - INFO - [9065] Worker 3 [GROUPE]: Utilisation ref=GROUPE3 pour appliquer a 5 membres
2026-02-17 06:08:44,090 - INFO - [9063] Worker 5: Traitement groupe 2026-03-08 - 2026-03-08, 97.0EUR, 1 logements
2026-02-17 06:08:48,676 - INFO - [9060] Worker 2: Traitement groupe 2026-02-19 - 2026-02-19, 46.0EUR, 1 logements
2026-02-17 06:08:48,676 - INFO - [9060] Worker 2 [GROUPE]: Utilisation ref=GROUPE2 pour appliquer a 3 membres
2026-02-17 06:09:09,996 - INFO - [9063] Worker 5: Traitement groupe 2026-03-09 - 2026-03-10, 109.0EUR, 1 logements
2026-02-17 06:09:15,307 - INFO - [9057] Worker 1: Traitement groupe 2026-02-18 - 2026-02-18, 60.0EUR, 2 logements
2026-02-17 06:09:15,308 - INFO - [9057] Worker 1 [GROUPE]: Utilisation ref=GROUPE1 pour appliquer a 6 membres
2026-02-17 06:09:21,016 - INFO - [9065] Worker 3: Traitement groupe 2026-02-20 - 2026-02-20, 89.0EUR, 1 logements
2026-02-17 06:09:21,017 - INFO - [9065] Worker 3 [GROUPE]: Utilisation ref=GROUPE3 pour appliquer a 5 membres
2026-02-17 06:09:25,659 - INFO - [9063] Worker 5: Traitement groupe 2026-03-11 - 2026-03-12, 95.0EUR, 1 logements
2026-02-17 06:09:36,372 - INFO - [9060] Worker 2: Traitement groupe 2026-02-19 - 2026-02-19, 48.0EUR, 1 logements
2026-02-17 06:09:36,374 - INFO - [9060] Worker 2 [GROUPE]: Utilisation ref=GROUPE2 pour appliquer a 3 membres
2026-02-17 06:09:50,417 - INFO - [9063] Worker 5: Traitement groupe 2026-03-13 - 2026-03-14, 104.0EUR, 1 logements
2026-02-17 06:10:07,595 - INFO - [9057] Worker 1: Traitement groupe 2026-02-19 - 2026-02-19, 49.0EUR, 2 logements
2026-02-17 06:10:07,596 - INFO - [9057] Worker 1 [GROUPE]: Utilisation ref=GROUPE1 pour appliquer a 6 membres
2026-02-17 06:10:11,388 - INFO - [9065] Worker 3: Traitement groupe 2026-02-21 - 2026-02-21, 76.0EUR, 4 logements
2026-02-17 06:10:11,389 - INFO - [9065] Worker 3 [GROUPE]: Utilisation ref=GROUPE3 pour appliquer a 5 membres
2026-02-17 06:10:18,692 - INFO - [9063] Worker 5: Traitement groupe 2026-03-15 - 2026-03-15, 84.0EUR, 1 logements
2026-02-17 06:10:24,223 - INFO - [9060] Worker 2: Traitement groupe 2026-02-20 - 2026-02-20, 46.0EUR, 1 logements
2026-02-17 06:10:24,224 - INFO - [9060] Worker 2 [GROUPE]: Utilisation ref=GROUPE2 pour appliquer a 3 membres
2026-02-17 06:10:46,892 - INFO - [9063] Worker 5: Traitement groupe 2026-03-16 - 2026-03-19, 95.0EUR, 1 logements
2026-02-17 06:11:04,537 - INFO - [9065] Worker 3: Traitement groupe 2026-02-21 - 2026-02-21, 94.0EUR, 1 logements
2026-02-17 06:11:04,538 - INFO - [9065] Worker 3 [GROUPE]: Utilisation ref=GROUPE3 pour appliquer a 5 membres
2026-02-17 06:11:04,920 - INFO - [9057] Worker 1: Traitement groupe 2026-02-19 - 2026-02-19, 52.0EUR, 1 logements
2026-02-17 06:11:04,921 - INFO - [9057] Worker 1 [GROUPE]: Utilisation ref=GROUPE1 pour appliquer a 6 membres
2026-02-17 06:11:14,630 - INFO - [9063] Worker 5: Termine - 18 OK, 0 echecs
2026-02-17 06:11:15,000 - INFO - [9060] Worker 2: Traitement groupe 2026-02-20 - 2026-02-20, 55.0EUR, 1 logements
2026-02-17 06:11:15,000 - INFO - [9060] Worker 2 [GROUPE]: Utilisation ref=GROUPE2 pour appliquer a 3 membres
2026-02-17 06:11:57,440 - INFO - [9065] Worker 3: Traitement groupe 2026-02-22 - 2026-02-22, 57.0EUR, 4 logements
2026-02-17 06:11:57,441 - INFO - [9065] Worker 3 [GROUPE]: Utilisation ref=GROUPE3 pour appliquer a 5 membres
2026-02-17 06:11:59,080 - INFO - [9057] Worker 1: Traitement groupe 2026-02-19 - 2026-02-19, 58.0EUR, 1 logements
2026-02-17 06:11:59,081 - INFO - [9057] Worker 1 [GROUPE]: Utilisation ref=GROUPE1 pour appliquer a 6 membres
2026-02-17 06:12:00,756 - INFO - [9060] Worker 2: Traitement groupe 2026-02-20 - 2026-02-20, 57.0EUR, 1 logements
2026-02-17 06:12:00,757 - INFO - [9060] Worker 2 [GROUPE]: Utilisation ref=GROUPE2 pour appliquer a 3 membres
2026-02-17 06:12:47,777 - INFO - [9057] Worker 1: Traitement groupe 2026-02-19 - 2026-02-19, 60.0EUR, 2 logements
2026-02-17 06:12:47,779 - INFO - [9057] Worker 1 [GROUPE]: Utilisation ref=GROUPE1 pour appliquer a 6 membres
2026-02-17 06:12:48,026 - INFO - [9060] Worker 2: Traitement groupe 2026-02-21 - 2026-02-21, 50.0EUR, 1 logements
2026-02-17 06:12:48,028 - INFO - [9060] Worker 2 [GROUPE]: Utilisation ref=GROUPE2 pour appliquer a 3 membres
2026-02-17 06:12:50,068 - INFO - [9065] Worker 3: Traitement groupe 2026-02-22 - 2026-02-22, 70.0EUR, 1 logements
2026-02-17 06:12:50,069 - INFO - [9065] Worker 3 [GROUPE]: Utilisation ref=GROUPE3 pour appliquer a 5 membres
2026-02-17 06:13:39,857 - INFO - [9060] Worker 2: Traitement groupe 2026-02-21 - 2026-02-21, 58.0EUR, 1 logements
2026-02-17 06:13:39,858 - INFO - [9060] Worker 2 [GROUPE]: Utilisation ref=GROUPE2 pour appliquer a 3 membres
2026-02-17 06:13:40,460 - INFO - [9057] Worker 1: Traitement groupe 2026-02-20 - 2026-02-20, 54.0EUR, 2 logements
2026-02-17 06:13:40,461 - INFO - [9057] Worker 1 [GROUPE]: Utilisation ref=GROUPE1 pour appliquer a 6 membres
2026-02-17 06:13:45,352 - INFO - [9065] Worker 3: Traitement groupe 2026-02-23 - 2026-02-23, 66.0EUR, 4 logements
2026-02-17 06:13:45,353 - INFO - [9065] Worker 3 [GROUPE]: Utilisation ref=GROUPE3 pour appliquer a 5 membres
2026-02-17 06:14:24,614 - INFO - [9060] Worker 2: Traitement groupe 2026-02-21 - 2026-02-21, 61.0EUR, 1 logements
2026-02-17 06:14:24,614 - INFO - [9060] Worker 2 [GROUPE]: Utilisation ref=GROUPE2 pour appliquer a 3 membres
2026-02-17 06:14:30,237 - INFO - [9057] Worker 1: Traitement groupe 2026-02-20 - 2026-02-20, 57.0EUR, 1 logements
2026-02-17 06:14:30,238 - INFO - [9057] Worker 1 [GROUPE]: Utilisation ref=GROUPE1 pour appliquer a 6 membres
2026-02-17 06:14:33,431 - INFO - [9065] Worker 3: Traitement groupe 2026-02-23 - 2026-02-23, 82.0EUR, 1 logements
2026-02-17 06:14:33,432 - INFO - [9065] Worker 3 [GROUPE]: Utilisation ref=GROUPE3 pour appliquer a 5 membres
2026-02-17 06:15:10,395 - INFO - [9060] Worker 2: Traitement groupe 2026-02-22 - 2026-02-22, 31.0EUR, 1 logements
2026-02-17 06:15:10,396 - INFO - [9060] Worker 2 [GROUPE]: Utilisation ref=GROUPE2 pour appliquer a 3 membres
2026-02-17 06:15:21,583 - INFO - [9057] Worker 1: Traitement groupe 2026-02-20 - 2026-02-20, 63.0EUR, 1 logements
2026-02-17 06:15:21,584 - INFO - [9057] Worker 1 [GROUPE]: Utilisation ref=GROUPE1 pour appliquer a 6 membres
2026-02-17 06:15:26,714 - INFO - [9065] Worker 3: Traitement groupe 2026-02-24 - 2026-02-24, 72.0EUR, 4 logements
2026-02-17 06:15:26,716 - INFO - [9065] Worker 3 [GROUPE]: Utilisation ref=GROUPE3 pour appliquer a 5 membres
2026-02-17 06:15:56,776 - INFO - [9060] Worker 2: Traitement groupe 2026-02-22 - 2026-02-22, 37.0EUR, 1 logements
2026-02-17 06:15:56,777 - INFO - [9060] Worker 2 [GROUPE]: Utilisation ref=GROUPE2 pour appliquer a 3 membres
2026-02-17 06:16:14,316 - INFO - [9057] Worker 1: Traitement groupe 2026-02-20 - 2026-02-20, 66.0EUR, 2 logements
2026-02-17 06:16:14,317 - INFO - [9057] Worker 1 [GROUPE]: Utilisation ref=GROUPE1 pour appliquer a 6 membres
2026-02-17 06:16:17,403 - INFO - [9065] Worker 3: Traitement groupe 2026-02-24 - 2026-02-24, 89.0EUR, 1 logements
2026-02-17 06:16:17,404 - INFO - [9065] Worker 3 [GROUPE]: Utilisation ref=GROUPE3 pour appliquer a 5 membres
2026-02-17 06:16:42,529 - INFO - [9060] Worker 2: Traitement groupe 2026-02-22 - 2026-02-22, 39.0EUR, 1 logements
2026-02-17 06:16:42,530 - INFO - [9060] Worker 2 [GROUPE]: Utilisation ref=GROUPE2 pour appliquer a 3 membres
2026-02-17 06:17:04,520 - INFO - [9057] Worker 1: Traitement groupe 2026-02-21 - 2026-02-21, 59.0EUR, 2 logements
2026-02-17 06:17:04,522 - INFO - [9057] Worker 1 [GROUPE]: Utilisation ref=GROUPE1 pour appliquer a 6 membres
2026-02-17 06:17:07,674 - INFO - [9065] Worker 3: Traitement groupe 2026-02-25 - 2026-02-25, 72.0EUR, 4 logements
2026-02-17 06:17:07,675 - INFO - [9065] Worker 3 [GROUPE]: Utilisation ref=GROUPE3 pour appliquer a 5 membres
2026-02-17 06:17:27,919 - INFO - [9060] Worker 2: Traitement groupe 2026-02-23 - 2026-02-23, 41.0EUR, 1 logements
2026-02-17 06:17:27,919 - INFO - [9060] Worker 2 [GROUPE]: Utilisation ref=GROUPE2 pour appliquer a 3 membres
2026-02-17 06:17:54,886 - INFO - [9057] Worker 1: Traitement groupe 2026-02-21 - 2026-02-21, 63.0EUR, 1 logements
2026-02-17 06:17:54,888 - INFO - [9057] Worker 1 [GROUPE]: Utilisation ref=GROUPE1 pour appliquer a 6 membres
2026-02-17 06:17:57,895 - INFO - [9065] Worker 3: Traitement groupe 2026-02-25 - 2026-02-25, 89.0EUR, 1 logements
2026-02-17 06:17:57,896 - INFO - [9065] Worker 3 [GROUPE]: Utilisation ref=GROUPE3 pour appliquer a 5 membres
2026-02-17 06:18:16,100 - INFO - [9060] Worker 2: Traitement groupe 2026-02-23 - 2026-02-23, 49.0EUR, 1 logements
2026-02-17 06:18:16,102 - INFO - [9060] Worker 2 [GROUPE]: Utilisation ref=GROUPE2 pour appliquer a 3 membres
2026-02-17 06:18:46,685 - INFO - [9057] Worker 1: Traitement groupe 2026-02-21 - 2026-02-21, 70.0EUR, 1 logements
2026-02-17 06:18:46,686 - INFO - [9057] Worker 1 [GROUPE]: Utilisation ref=GROUPE1 pour appliquer a 6 membres
2026-02-17 06:18:54,459 - INFO - [9065] Worker 3: Traitement groupe 2026-02-26 - 2026-02-26, 72.0EUR, 4 logements
2026-02-17 06:18:54,460 - INFO - [9065] Worker 3 [GROUPE]: Utilisation ref=GROUPE3 pour appliquer a 5 membres
2026-02-17 06:19:08,516 - INFO - [9060] Worker 2: Traitement groupe 2026-02-23 - 2026-02-23, 51.0EUR, 1 logements
2026-02-17 06:19:08,516 - INFO - [9060] Worker 2 [GROUPE]: Utilisation ref=GROUPE2 pour appliquer a 3 membres
2026-02-17 06:19:41,392 - INFO - [9057] Worker 1: Traitement groupe 2026-02-21 - 2026-02-21, 73.0EUR, 2 logements
2026-02-17 06:19:41,395 - INFO - [9057] Worker 1 [GROUPE]: Utilisation ref=GROUPE1 pour appliquer a 6 membres
2026-02-17 06:19:46,200 - INFO - [9065] Worker 3: Traitement groupe 2026-02-26 - 2026-02-26, 89.0EUR, 1 logements
2026-02-17 06:19:46,201 - INFO - [9065] Worker 3 [GROUPE]: Utilisation ref=GROUPE3 pour appliquer a 5 membres
2026-02-17 06:19:55,104 - INFO - [9060] Worker 2: Traitement groupe 2026-02-24 - 2026-02-24, 45.0EUR, 1 logements
2026-02-17 06:19:55,105 - INFO - [9060] Worker 2 [GROUPE]: Utilisation ref=GROUPE2 pour appliquer a 3 membres
2026-02-17 06:20:31,879 - INFO - [9057] Worker 1: Traitement groupe 2026-02-22 - 2026-02-22, 49.0EUR, 2 logements
2026-02-17 06:20:31,880 - INFO - [9057] Worker 1 [GROUPE]: Utilisation ref=GROUPE1 pour appliquer a 6 membres
2026-02-17 06:20:36,292 - INFO - [9065] Worker 3: Traitement groupe 2026-02-27 - 2026-02-27, 83.0EUR, 4 logements
2026-02-17 06:20:36,294 - INFO - [9065] Worker 3 [GROUPE]: Utilisation ref=GROUPE3 pour appliquer a 5 membres
2026-02-17 06:20:43,488 - INFO - [9060] Worker 2: Traitement groupe 2026-02-24 - 2026-02-24, 53.0EUR, 1 logements
2026-02-17 06:20:43,488 - INFO - [9060] Worker 2 [GROUPE]: Utilisation ref=GROUPE2 pour appliquer a 3 membres
2026-02-17 06:21:24,363 - INFO - [9057] Worker 1: Traitement groupe 2026-02-22 - 2026-02-22, 52.0EUR, 1 logements
2026-02-17 06:21:24,364 - INFO - [9057] Worker 1 [GROUPE]: Utilisation ref=GROUPE1 pour appliquer a 6 membres
2026-02-17 06:21:27,068 - INFO - [9065] Worker 3: Traitement groupe 2026-02-27 - 2026-02-27, 103.0EUR, 1 logements
2026-02-17 06:21:27,069 - INFO - [9065] Worker 3 [GROUPE]: Utilisation ref=GROUPE3 pour appliquer a 5 membres
2026-02-17 06:21:30,141 - INFO - [9060] Worker 2: Traitement groupe 2026-02-24 - 2026-02-24, 56.0EUR, 1 logements
2026-02-17 06:21:30,142 - INFO - [9060] Worker 2 [GROUPE]: Utilisation ref=GROUPE2 pour appliquer a 3 membres
2026-02-17 06:22:18,847 - INFO - [9057] Worker 1: Traitement groupe 2026-02-22 - 2026-02-22, 58.0EUR, 1 logements
2026-02-17 06:22:18,848 - INFO - [9057] Worker 1 [GROUPE]: Utilisation ref=GROUPE1 pour appliquer a 6 membres
2026-02-17 06:22:20,280 - INFO - [9060] Worker 2: Traitement groupe 2026-02-25 - 2026-02-25, 45.0EUR, 1 logements
2026-02-17 06:22:20,281 - INFO - [9060] Worker 2 [GROUPE]: Utilisation ref=GROUPE2 pour appliquer a 3 membres
2026-02-17 06:22:23,659 - INFO - [9065] Worker 3: Traitement groupe 2026-02-28 - 2026-02-28, 83.0EUR, 4 logements
2026-02-17 06:22:23,660 - INFO - [9065] Worker 3 [GROUPE]: Utilisation ref=GROUPE3 pour appliquer a 5 membres
2026-02-17 06:23:11,512 - INFO - [9057] Worker 1: Traitement groupe 2026-02-22 - 2026-02-22, 60.0EUR, 2 logements
2026-02-17 06:23:11,513 - INFO - [9057] Worker 1 [GROUPE]: Utilisation ref=GROUPE1 pour appliquer a 6 membres
2026-02-17 06:23:11,892 - INFO - [9060] Worker 2: Traitement groupe 2026-02-25 - 2026-02-25, 53.0EUR, 1 logements
2026-02-17 06:23:11,894 - INFO - [9060] Worker 2 [GROUPE]: Utilisation ref=GROUPE2 pour appliquer a 3 membres
2026-02-17 06:23:16,924 - INFO - [9065] Worker 3: Traitement groupe 2026-02-28 - 2026-02-28, 103.0EUR, 1 logements
2026-02-17 06:23:16,926 - INFO - [9065] Worker 3 [GROUPE]: Utilisation ref=GROUPE3 pour appliquer a 5 membres
2026-02-17 06:24:02,919 - INFO - [9060] Worker 2: Traitement groupe 2026-02-25 - 2026-02-25, 56.0EUR, 1 logements
2026-02-17 06:24:02,920 - INFO - [9060] Worker 2 [GROUPE]: Utilisation ref=GROUPE2 pour appliquer a 3 membres
2026-02-17 06:24:03,380 - INFO - [9057] Worker 1: Traitement groupe 2026-02-23 - 2026-02-23, 54.0EUR, 2 logements
2026-02-17 06:24:03,381 - INFO - [9057] Worker 1 [GROUPE]: Utilisation ref=GROUPE1 pour appliquer a 6 membres
2026-02-17 06:24:08,887 - INFO - [9065] Worker 3: Traitement groupe 2026-03-01 - 2026-03-01, 63.0EUR, 4 logements
2026-02-17 06:24:08,889 - INFO - [9065] Worker 3 [GROUPE]: Utilisation ref=GROUPE3 pour appliquer a 5 membres
2026-02-17 06:24:54,927 - INFO - [9060] Worker 2: Traitement groupe 2026-02-26 - 2026-02-26, 45.0EUR, 1 logements
2026-02-17 06:24:54,928 - INFO - [9060] Worker 2 [GROUPE]: Utilisation ref=GROUPE2 pour appliquer a 3 membres
2026-02-17 06:24:56,332 - INFO - [9057] Worker 1: Traitement groupe 2026-02-23 - 2026-02-23, 57.0EUR, 1 logements
2026-02-17 06:24:56,333 - INFO - [9057] Worker 1 [GROUPE]: Utilisation ref=GROUPE1 pour appliquer a 6 membres
2026-02-17 06:25:02,793 - INFO - [9065] Worker 3: Traitement groupe 2026-03-01 - 2026-03-01, 77.0EUR, 1 logements
2026-02-17 06:25:02,794 - INFO - [9065] Worker 3 [GROUPE]: Utilisation ref=GROUPE3 pour appliquer a 5 membres
2026-02-17 06:25:44,927 - INFO - [9060] Worker 2: Traitement groupe 2026-02-26 - 2026-02-26, 53.0EUR, 1 logements
2026-02-17 06:25:44,930 - INFO - [9060] Worker 2 [GROUPE]: Utilisation ref=GROUPE2 pour appliquer a 3 membres
2026-02-17 06:25:49,312 - INFO - [9057] Worker 1: Traitement groupe 2026-02-23 - 2026-02-23, 63.0EUR, 1 logements
2026-02-17 06:25:49,313 - INFO - [9057] Worker 1 [GROUPE]: Utilisation ref=GROUPE1 pour appliquer a 6 membres
2026-02-17 06:25:52,907 - INFO - [9065] Worker 3: Traitement groupe 2026-03-02 - 2026-03-02, 72.0EUR, 4 logements
2026-02-17 06:25:52,909 - INFO - [9065] Worker 3 [GROUPE]: Utilisation ref=GROUPE3 pour appliquer a 5 membres
2026-02-17 06:26:33,147 - INFO - [9060] Worker 2: Traitement groupe 2026-02-26 - 2026-02-26, 56.0EUR, 1 logements
2026-02-17 06:26:33,148 - INFO - [9060] Worker 2 [GROUPE]: Utilisation ref=GROUPE2 pour appliquer a 3 membres
2026-02-17 06:26:41,992 - INFO - [9057] Worker 1: Traitement groupe 2026-02-23 - 2026-02-23, 66.0EUR, 2 logements
2026-02-17 06:26:41,993 - INFO - [9057] Worker 1 [GROUPE]: Utilisation ref=GROUPE1 pour appliquer a 6 membres
2026-02-17 06:26:46,927 - INFO - [9065] Worker 3: Traitement groupe 2026-03-02 - 2026-03-02, 89.0EUR, 1 logements
2026-02-17 06:26:46,928 - INFO - [9065] Worker 3 [GROUPE]: Utilisation ref=GROUPE3 pour appliquer a 5 membres
2026-02-17 06:27:23,020 - INFO - [9060] Worker 2: Traitement groupe 2026-02-27 - 2026-02-27, 54.0EUR, 1 logements
2026-02-17 06:27:23,020 - INFO - [9060] Worker 2 [GROUPE]: Utilisation ref=GROUPE2 pour appliquer a 3 membres
2026-02-17 06:27:35,136 - INFO - [9057] Worker 1: Traitement groupe 2026-02-24 - 2026-02-24, 61.0EUR, 2 logements
2026-02-17 06:27:35,137 - INFO - [9057] Worker 1 [GROUPE]: Utilisation ref=GROUPE1 pour appliquer a 6 membres
2026-02-17 06:27:39,267 - INFO - [9065] Worker 3: Traitement groupe 2026-03-03 - 2026-03-03, 78.0EUR, 4 logements
2026-02-17 06:27:39,268 - INFO - [9065] Worker 3 [GROUPE]: Utilisation ref=GROUPE3 pour appliquer a 5 membres
2026-02-17 06:28:12,097 - INFO - [9060] Worker 2: Traitement groupe 2026-02-27 - 2026-02-27, 64.0EUR, 1 logements
2026-02-17 06:28:12,098 - INFO - [9060] Worker 2 [GROUPE]: Utilisation ref=GROUPE2 pour appliquer a 3 membres
2026-02-17 06:28:28,388 - INFO - [9057] Worker 1: Traitement groupe 2026-02-24 - 2026-02-24, 65.0EUR, 1 logements
2026-02-17 06:28:28,389 - INFO - [9057] Worker 1 [GROUPE]: Utilisation ref=GROUPE1 pour appliquer a 6 membres
2026-02-17 06:28:31,936 - INFO - [9065] Worker 3: Traitement groupe 2026-03-03 - 2026-03-03, 97.0EUR, 1 logements
2026-02-17 06:28:31,937 - INFO - [9065] Worker 3 [GROUPE]: Utilisation ref=GROUPE3 pour appliquer a 5 membres
2026-02-17 06:29:02,432 - INFO - [9060] Worker 2: Traitement groupe 2026-02-27 - 2026-02-27, 67.0EUR, 1 logements
2026-02-17 06:29:02,433 - INFO - [9060] Worker 2 [GROUPE]: Utilisation ref=GROUPE2 pour appliquer a 3 membres
2026-02-17 06:29:21,936 - INFO - [9057] Worker 1: Traitement groupe 2026-02-24 - 2026-02-24, 72.0EUR, 1 logements
2026-02-17 06:29:21,937 - INFO - [9057] Worker 1 [GROUPE]: Utilisation ref=GROUPE1 pour appliquer a 6 membres
2026-02-17 06:29:24,432 - INFO - [9065] Worker 3: Traitement groupe 2026-03-04 - 2026-03-04, 78.0EUR, 4 logements
2026-02-17 06:29:24,433 - INFO - [9065] Worker 3 [GROUPE]: Utilisation ref=GROUPE3 pour appliquer a 5 membres
2026-02-17 06:29:49,991 - INFO - [9060] Worker 2: Traitement groupe 2026-02-28 - 2026-02-28, 54.0EUR, 1 logements
2026-02-17 06:29:49,992 - INFO - [9060] Worker 2 [GROUPE]: Utilisation ref=GROUPE2 pour appliquer a 3 membres
2026-02-17 06:30:12,988 - INFO - [9057] Worker 1: Traitement groupe 2026-02-24 - 2026-02-24, 75.0EUR, 2 logements
2026-02-17 06:30:12,989 - INFO - [9057] Worker 1 [GROUPE]: Utilisation ref=GROUPE1 pour appliquer a 6 membres
2026-02-17 06:30:18,004 - INFO - [9065] Worker 3: Traitement groupe 2026-03-04 - 2026-03-04, 97.0EUR, 1 logements
2026-02-17 06:30:18,006 - INFO - [9065] Worker 3 [GROUPE]: Utilisation ref=GROUPE3 pour appliquer a 5 membres
2026-02-17 06:30:34,934 - INFO - [9060] Worker 2: Traitement groupe 2026-02-28 - 2026-02-28, 64.0EUR, 1 logements
2026-02-17 06:30:34,936 - INFO - [9060] Worker 2 [GROUPE]: Utilisation ref=GROUPE2 pour appliquer a 3 membres
2026-02-17 06:31:07,149 - INFO - [9057] Worker 1: Traitement groupe 2026-02-25 - 2026-02-25, 61.0EUR, 2 logements
2026-02-17 06:31:07,151 - INFO - [9057] Worker 1 [GROUPE]: Utilisation ref=GROUPE1 pour appliquer a 6 membres
2026-02-17 06:31:12,323 - INFO - [9065] Worker 3: Traitement groupe 2026-03-05 - 2026-03-05, 78.0EUR, 4 logements
2026-02-17 06:31:13,130 - INFO - [9065] Worker 3 [GROUPE]: Utilisation ref=GROUPE3 pour appliquer a 5 membres
2026-02-17 06:31:21,529 - INFO - [9060] Worker 2: Traitement groupe 2026-02-28 - 2026-02-28, 67.0EUR, 1 logements
2026-02-17 06:31:21,530 - INFO - [9060] Worker 2 [GROUPE]: Utilisation ref=GROUPE2 pour appliquer a 3 membres
2026-02-17 06:32:03,116 - INFO - [9065] Worker 3: Traitement groupe 2026-03-05 - 2026-03-05, 97.0EUR, 1 logements
2026-02-17 06:32:03,119 - INFO - [9065] Worker 3 [GROUPE]: Utilisation ref=GROUPE3 pour appliquer a 5 membres
2026-02-17 06:32:03,770 - INFO - [9057] Worker 1: Traitement groupe 2026-02-25 - 2026-02-25, 65.0EUR, 1 logements
2026-02-17 06:32:03,771 - INFO - [9057] Worker 1 [GROUPE]: Utilisation ref=GROUPE1 pour appliquer a 6 membres
2026-02-17 06:32:07,836 - INFO - [9060] Worker 2: Traitement groupe 2026-03-01 - 2026-03-01, 35.0EUR, 1 logements
2026-02-17 06:32:07,837 - INFO - [9060] Worker 2 [GROUPE]: Utilisation ref=GROUPE2 pour appliquer a 3 membres
2026-02-17 06:33:03,847 - INFO - [9065] Worker 3: Traitement groupe 2026-03-06 - 2026-03-06, 90.0EUR, 4 logements
2026-02-17 06:33:03,849 - INFO - [9065] Worker 3 [GROUPE]: Utilisation ref=GROUPE3 pour appliquer a 5 membres
2026-02-17 06:33:06,744 - INFO - [9060] Worker 2: Traitement groupe 2026-03-01 - 2026-03-01, 42.0EUR, 1 logements
2026-02-17 06:33:06,746 - INFO - [9060] Worker 2 [GROUPE]: Utilisation ref=GROUPE2 pour appliquer a 3 membres
2026-02-17 06:33:08,612 - INFO - [9057] Worker 1: Traitement groupe 2026-02-25 - 2026-02-25, 72.0EUR, 1 logements
2026-02-17 06:33:08,613 - INFO - [9057] Worker 1 [GROUPE]: Utilisation ref=GROUPE1 pour appliquer a 6 membres
2026-02-17 06:34:00,795 - INFO - [9060] Worker 2: Traitement groupe 2026-03-01 - 2026-03-01, 44.0EUR, 1 logements
2026-02-17 06:34:00,796 - INFO - [9060] Worker 2 [GROUPE]: Utilisation ref=GROUPE2 pour appliquer a 3 membres
2026-02-17 06:34:02,092 - INFO - [9065] Worker 3: Traitement groupe 2026-03-06 - 2026-03-06, 111.0EUR, 1 logements
2026-02-17 06:34:02,093 - INFO - [9065] Worker 3 [GROUPE]: Utilisation ref=GROUPE3 pour appliquer a 5 membres
2026-02-17 06:34:07,804 - INFO - [9057] Worker 1: Traitement groupe 2026-02-25 - 2026-02-25, 75.0EUR, 2 logements
2026-02-17 06:34:07,806 - INFO - [9057] Worker 1 [GROUPE]: Utilisation ref=GROUPE1 pour appliquer a 6 membres
2026-02-17 06:34:58,438 - INFO - [9060] Worker 2: Traitement groupe 2026-03-02 - 2026-03-02, 45.0EUR, 1 logements
2026-02-17 06:34:58,440 - INFO - [9060] Worker 2 [GROUPE]: Utilisation ref=GROUPE2 pour appliquer a 3 membres
2026-02-17 06:35:04,148 - INFO - [9065] Worker 3: Traitement groupe 2026-03-07 - 2026-03-07, 90.0EUR, 4 logements
2026-02-17 06:35:04,149 - INFO - [9065] Worker 3 [GROUPE]: Utilisation ref=GROUPE3 pour appliquer a 5 membres
2026-02-17 06:35:05,739 - INFO - [9057] Worker 1: Traitement groupe 2026-02-26 - 2026-02-26, 61.0EUR, 2 logements
2026-02-17 06:35:05,740 - INFO - [9057] Worker 1 [GROUPE]: Utilisation ref=GROUPE1 pour appliquer a 6 membres
2026-02-17 06:35:46,572 - INFO - [9060] Worker 2: Traitement groupe 2026-03-02 - 2026-03-02, 53.0EUR, 1 logements
2026-02-17 06:35:46,572 - INFO - [9060] Worker 2 [GROUPE]: Utilisation ref=GROUPE2 pour appliquer a 3 membres
2026-02-17 06:35:58,444 - INFO - [9065] Worker 3: Traitement groupe 2026-03-07 - 2026-03-07, 111.0EUR, 1 logements
2026-02-17 06:35:58,445 - INFO - [9065] Worker 3 [GROUPE]: Utilisation ref=GROUPE3 pour appliquer a 5 membres
2026-02-17 06:35:58,723 - INFO - [9057] Worker 1: Traitement groupe 2026-02-26 - 2026-02-26, 65.0EUR, 1 logements
2026-02-17 06:35:58,724 - INFO - [9057] Worker 1 [GROUPE]: Utilisation ref=GROUPE1 pour appliquer a 6 membres
2026-02-17 06:36:38,169 - INFO - [9060] Worker 2: Traitement groupe 2026-03-02 - 2026-03-02, 56.0EUR, 1 logements
2026-02-17 06:36:38,170 - INFO - [9060] Worker 2 [GROUPE]: Utilisation ref=GROUPE2 pour appliquer a 3 membres
2026-02-17 06:36:52,841 - INFO - [9057] Worker 1: Traitement groupe 2026-02-26 - 2026-02-26, 72.0EUR, 1 logements
2026-02-17 06:36:52,843 - INFO - [9057] Worker 1 [GROUPE]: Utilisation ref=GROUPE1 pour appliquer a 6 membres
2026-02-17 06:36:56,777 - INFO - [9065] Worker 3: Traitement groupe 2026-03-08 - 2026-03-08, 68.0EUR, 4 logements
2026-02-17 06:36:56,778 - INFO - [9065] Worker 3 [GROUPE]: Utilisation ref=GROUPE3 pour appliquer a 5 membres
2026-02-17 06:37:31,232 - INFO - [9060] Worker 2: Traitement groupe 2026-03-03 - 2026-03-03, 49.0EUR, 1 logements
2026-02-17 06:37:31,233 - INFO - [9060] Worker 2 [GROUPE]: Utilisation ref=GROUPE2 pour appliquer a 3 membres
2026-02-17 06:37:47,987 - INFO - [9057] Worker 1: Traitement groupe 2026-02-26 - 2026-02-26, 75.0EUR, 2 logements
2026-02-17 06:37:47,988 - INFO - [9057] Worker 1 [GROUPE]: Utilisation ref=GROUPE1 pour appliquer a 6 membres
2026-02-17 06:37:50,398 - INFO - [9065] Worker 3: Traitement groupe 2026-03-08 - 2026-03-08, 85.0EUR, 1 logements
2026-02-17 06:37:50,399 - INFO - [9065] Worker 3 [GROUPE]: Utilisation ref=GROUPE3 pour appliquer a 5 membres
2026-02-17 06:38:18,399 - INFO - [9060] Worker 2: Traitement groupe 2026-03-03 - 2026-03-03, 58.0EUR, 1 logements
2026-02-17 06:38:18,400 - INFO - [9060] Worker 2 [GROUPE]: Utilisation ref=GROUPE2 pour appliquer a 3 membres
2026-02-17 06:38:41,240 - INFO - [9057] Worker 1: Traitement groupe 2026-02-27 - 2026-02-27, 67.0EUR, 2 logements
2026-02-17 06:38:41,241 - INFO - [9057] Worker 1 [GROUPE]: Utilisation ref=GROUPE1 pour appliquer a 6 membres
2026-02-17 06:38:43,691 - INFO - [9065] Worker 3: Traitement groupe 2026-03-09 - 2026-03-09, 78.0EUR, 4 logements
2026-02-17 06:38:43,692 - INFO - [9065] Worker 3 [GROUPE]: Utilisation ref=GROUPE3 pour appliquer a 5 membres
2026-02-17 06:39:04,931 - INFO - [9060] Worker 2: Traitement groupe 2026-03-03 - 2026-03-03, 60.0EUR, 1 logements
2026-02-17 06:39:04,932 - INFO - [9060] Worker 2 [GROUPE]: Utilisation ref=GROUPE2 pour appliquer a 3 membres
2026-02-17 06:39:37,812 - INFO - [9057] Worker 1: Traitement groupe 2026-02-27 - 2026-02-27, 71.0EUR, 1 logements
2026-02-17 06:39:37,813 - INFO - [9057] Worker 1 [GROUPE]: Utilisation ref=GROUPE1 pour appliquer a 6 membres
2026-02-17 06:39:40,760 - INFO - [9065] Worker 3: Traitement groupe 2026-03-09 - 2026-03-09, 97.0EUR, 1 logements
2026-02-17 06:39:40,761 - INFO - [9065] Worker 3 [GROUPE]: Utilisation ref=GROUPE3 pour appliquer a 5 membres
2026-02-17 06:39:59,928 - INFO - [9060] Worker 2: Traitement groupe 2026-03-04 - 2026-03-04, 49.0EUR, 1 logements
2026-02-17 06:39:59,929 - INFO - [9060] Worker 2 [GROUPE]: Utilisation ref=GROUPE2 pour appliquer a 3 membres
2026-02-17 06:40:37,845 - INFO - [9057] Worker 1: Traitement groupe 2026-02-27 - 2026-02-27, 79.0EUR, 1 logements
2026-02-17 06:40:37,847 - INFO - [9057] Worker 1 [GROUPE]: Utilisation ref=GROUPE1 pour appliquer a 6 membres
2026-02-17 06:40:45,007 - INFO - [9065] Worker 3: Traitement groupe 2026-03-10 - 2026-03-10, 78.0EUR, 4 logements
2026-02-17 06:40:45,008 - INFO - [9065] Worker 3 [GROUPE]: Utilisation ref=GROUPE3 pour appliquer a 5 membres
2026-02-17 06:40:54,551 - INFO - [9060] Worker 2: Traitement groupe 2026-03-04 - 2026-03-04, 58.0EUR, 1 logements
2026-02-17 06:40:54,551 - INFO - [9060] Worker 2 [GROUPE]: Utilisation ref=GROUPE2 pour appliquer a 3 membres
2026-02-17 06:41:31,580 - INFO - [9057] Worker 1: Traitement groupe 2026-02-27 - 2026-02-27, 83.0EUR, 2 logements
2026-02-17 06:41:31,581 - INFO - [9057] Worker 1 [GROUPE]: Utilisation ref=GROUPE1 pour appliquer a 6 membres
2026-02-17 06:41:35,484 - INFO - [9065] Worker 3: Traitement groupe 2026-03-10 - 2026-03-10, 97.0EUR, 1 logements
2026-02-17 06:41:35,485 - INFO - [9065] Worker 3 [GROUPE]: Utilisation ref=GROUPE3 pour appliquer a 5 membres
2026-02-17 06:41:47,451 - INFO - [9060] Worker 2: Traitement groupe 2026-03-04 - 2026-03-04, 60.0EUR, 1 logements
2026-02-17 06:41:47,452 - INFO - [9060] Worker 2 [GROUPE]: Utilisation ref=GROUPE2 pour appliquer a 3 membres
2026-02-17 06:42:28,536 - INFO - [9057] Worker 1: Traitement groupe 2026-02-28 - 2026-02-28, 67.0EUR, 2 logements
2026-02-17 06:42:28,539 - INFO - [9057] Worker 1 [GROUPE]: Utilisation ref=GROUPE1 pour appliquer a 6 membres
2026-02-17 06:42:32,580 - INFO - [9065] Worker 3: Traitement groupe 2026-03-11 - 2026-03-11, 68.0EUR, 4 logements
2026-02-17 06:42:32,581 - INFO - [9065] Worker 3 [GROUPE]: Utilisation ref=GROUPE3 pour appliquer a 5 membres
2026-02-17 06:42:33,816 - INFO - [9060] Worker 2: Traitement groupe 2026-03-05 - 2026-03-05, 49.0EUR, 1 logements
2026-02-17 06:42:33,830 - INFO - [9060] Worker 2 [GROUPE]: Utilisation ref=GROUPE2 pour appliquer a 3 membres
2026-02-17 06:43:28,692 - INFO - [9057] Worker 1: Traitement groupe 2026-02-28 - 2026-02-28, 71.0EUR, 1 logements
2026-02-17 06:43:28,695 - INFO - [9057] Worker 1 [GROUPE]: Utilisation ref=GROUPE1 pour appliquer a 6 membres
2026-02-17 06:43:29,236 - INFO - [9060] Worker 2: Traitement groupe 2026-03-05 - 2026-03-05, 58.0EUR, 1 logements
2026-02-17 06:43:29,237 - INFO - [9060] Worker 2 [GROUPE]: Utilisation ref=GROUPE2 pour appliquer a 3 membres
2026-02-17 06:43:32,586 - INFO - [9065] Worker 3: Traitement groupe 2026-03-11 - 2026-03-11, 84.0EUR, 1 logements
2026-02-17 06:43:32,588 - INFO - [9065] Worker 3 [GROUPE]: Utilisation ref=GROUPE3 pour appliquer a 5 membres
2026-02-17 06:44:28,357 - INFO - [9060] Worker 2: Traitement groupe 2026-03-05 - 2026-03-05, 60.0EUR, 1 logements
2026-02-17 06:44:28,360 - INFO - [9060] Worker 2 [GROUPE]: Utilisation ref=GROUPE2 pour appliquer a 3 membres
2026-02-17 06:44:31,494 - INFO - [9057] Worker 1: Traitement groupe 2026-02-28 - 2026-02-28, 79.0EUR, 1 logements
2026-02-17 06:44:31,494 - INFO - [9057] Worker 1 [GROUPE]: Utilisation ref=GROUPE1 pour appliquer a 6 membres
2026-02-17 06:44:32,789 - INFO - [9065] Worker 3: Traitement groupe 2026-03-12 - 2026-03-12, 68.0EUR, 4 logements
2026-02-17 06:44:32,790 - INFO - [9065] Worker 3 [GROUPE]: Utilisation ref=GROUPE3 pour appliquer a 5 membres
2026-02-17 06:44:55,362 - INFO - [9057] Worker 1: Traitement groupe 2026-02-28 - 2026-02-28, 83.0EUR, 2 logements
2026-02-17 06:44:55,362 - INFO - [9057] Worker 1 [GROUPE]: Utilisation ref=GROUPE1 pour appliquer a 6 membres
2026-02-17 06:44:56,613 - INFO - [9065] Worker 3: Traitement groupe 2026-03-12 - 2026-03-12, 84.0EUR, 1 logements
2026-02-17 06:44:56,614 - INFO - [9065] Worker 3 [GROUPE]: Utilisation ref=GROUPE3 pour appliquer a 5 membres
2026-02-17 06:45:03,450 - INFO - [9051] Signal d'arret recu
2026-02-17 06:45:03,451 - INFO - [9051] Arret demande pour tous les workers...
2026-02-17 06:45:03,456 - INFO - [9067] Signal d'arret recu
2026-02-17 06:45:03,457 - INFO - [9067] Arret demande pour tous les workers...
2026-02-17 06:45:03,459 - INFO - [9065] Signal d'arret recu
2026-02-17 06:45:03,460 - INFO - [9063] Signal d'arret recu
2026-02-17 06:45:03,460 - INFO - [9065] Arret demande pour tous les workers...
2026-02-17 06:45:03,460 - INFO - [9063] Arret demande pour tous les workers...
2026-02-17 06:45:03,462 - INFO - [9060] Signal d'arret recu
2026-02-17 06:45:03,463 - INFO - [9060] Arret demande pour tous les workers...
2026-02-17 06:45:03,464 - INFO - [9057] Signal d'arret recu
2026-02-17 06:45:03,465 - INFO - [9057] Arret demande pour tous les workers...
Process ForkProcess-6:
Process ForkProcess-4:
Traceback (most recent call last):
  File "/usr/lib/python3.9/multiprocessing/managers.py", line 801, in _callmethod
    conn = self._tls.connection
AttributeError: 'ForkAwareLocal' object has no attribute 'connection'

During handling of the above exception, another exception occurred:

Traceback (most recent call last):
  File "/usr/lib/python3.9/multiprocessing/process.py", line 315, in _bootstrap
    self.run()
  File "/usr/lib/python3.9/multiprocessing/process.py", line 108, in run
    self._target(*self._args, **self._kwargs)
  File "/usr/lib/python3.9/concurrent/futures/process.py", line 237, in _process_worker
    call_item = call_queue.get(block=True)
  File "/usr/lib/python3.9/multiprocessing/queues.py", line 102, in get
    with self._rlock:
  File "/usr/lib/python3.9/multiprocessing/synchronize.py", line 95, in __enter__
    return self._semlock.__enter__()
  File "/home/raphael/sms_project/scripts/selenium/superhote_worker_pool.py", line 905, in signal_handler
    pool.stop()
  File "/home/raphael/sms_project/scripts/selenium/superhote_worker_pool.py", line 857, in stop
    self.stop_event.set()
  File "/usr/lib/python3.9/multiprocessing/managers.py", line 1080, in set
    return self._callmethod('set')
  File "/usr/lib/python3.9/multiprocessing/managers.py", line 805, in _callmethod
    self._connect()
  File "/usr/lib/python3.9/multiprocessing/managers.py", line 792, in _connect
    conn = self._Client(self._token.address, authkey=self._authkey)
  File "/usr/lib/python3.9/multiprocessing/connection.py", line 508, in Client
    answer_challenge(c, authkey)
  File "/usr/lib/python3.9/multiprocessing/connection.py", line 752, in answer_challenge
    message = connection.recv_bytes(256)         # reject large message
  File "/usr/lib/python3.9/multiprocessing/connection.py", line 216, in recv_bytes
    buf = self._recv_bytes(maxlength)
  File "/usr/lib/python3.9/multiprocessing/connection.py", line 414, in _recv_bytes
    buf = self._recv(4)
  File "/usr/lib/python3.9/multiprocessing/connection.py", line 379, in _recv
    chunk = read(handle, remaining)
ConnectionResetError: [Errno 104] Connection reset by peer
2026-02-17 06:45:03,649 - INFO - [9065] Signal d'arret recu
2026-02-17 06:45:03,652 - INFO - [9065] Arret demande pour tous les workers...
2026-02-17 06:45:03,654 - ERROR - [9065] Worker 3: Erreur groupe - [Errno 32] Broken pipe
2026-02-17 06:45:03,659 - INFO - [9057] Signal d'arret recu
2026-02-17 06:45:03,667 - INFO - [9057] Arret demande pour tous les workers...
2026-02-17 06:45:03,663 - INFO - [9067] Signal d'arret recu
2026-02-17 06:45:03,669 - ERROR - [9057] Erreur connexion BDD: (2013, 'Lost connection to MySQL server during query ([Errno 32] Broken pipe)')
2026-02-17 06:45:03,664 - INFO - [9060] Signal d'arret recu
2026-02-17 06:45:03,669 - INFO - [9067] Arret demande pour tous les workers...
2026-02-17 06:45:03,669 - INFO - [9060] Arret demande pour tous les workers...
Traceback (most recent call last):
  File "/usr/lib/python3.9/multiprocessing/managers.py", line 801, in _callmethod
    conn = self._tls.connection
AttributeError: 'ForkAwareLocal' object has no attribute 'connection'

During handling of the above exception, another exception occurred:

Traceback (most recent call last):
  File "/usr/lib/python3.9/multiprocessing/process.py", line 315, in _bootstrap
    self.run()
  File "/usr/lib/python3.9/multiprocessing/process.py", line 108, in run
    self._target(*self._args, **self._kwargs)
  File "/usr/lib/python3.9/concurrent/futures/process.py", line 237, in _process_worker
    call_item = call_queue.get(block=True)
  File "/usr/lib/python3.9/multiprocessing/queues.py", line 103, in get
    res = self._recv_bytes()
  File "/usr/lib/python3.9/multiprocessing/connection.py", line 216, in recv_bytes
    buf = self._recv_bytes(maxlength)
  File "/usr/lib/python3.9/multiprocessing/connection.py", line 414, in _recv_bytes
    buf = self._recv(4)
  File "/usr/lib/python3.9/multiprocessing/connection.py", line 379, in _recv
    chunk = read(handle, remaining)
  File "/home/raphael/sms_project/scripts/selenium/superhote_worker_pool.py", line 905, in signal_handler
    pool.stop()
  File "/home/raphael/sms_project/scripts/selenium/superhote_worker_pool.py", line 857, in stop
    self.stop_event.set()
  File "/usr/lib/python3.9/multiprocessing/managers.py", line 1080, in set
  File "/usr/lib/python3.9/multiprocessing/managers.py", line 805, in _callmethod
    self._connect()
  File "/usr/lib/python3.9/multiprocessing/managers.py", line 792, in _connect
    conn = self._Client(self._token.address, authkey=self._authkey)
  File "/usr/lib/python3.9/multiprocessing/connection.py", line 508, in Client
    answer_challenge(c, authkey)
  File "/usr/lib/python3.9/multiprocessing/connection.py", line 752, in answer_challenge
    message = connection.recv_bytes(256)         # reject large message
  File "/usr/lib/python3.9/multiprocessing/connection.py", line 216, in recv_bytes
    buf = self._recv_bytes(maxlength)
  File "/usr/lib/python3.9/multiprocessing/connection.py", line 414, in _recv_bytes
    buf = self._recv(4)
  File "/usr/lib/python3.9/multiprocessing/connection.py", line 379, in _recv
    chunk = read(handle, remaining)
ConnectionResetError: [Errno 104] Connection reset by peer
2026-02-17 06:45:03,671 - ERROR - [9060] Erreur update status: (2013, 'Lost connection to MySQL server during query ([Errno 32] Broken pipe)')
2026-02-17 06:45:03,726 - ERROR - [9065] Worker 3: Erreur fatale - [Errno 32] Broken pipe
2026-02-17 06:45:05,672 - ERROR - [9057] Worker 1: Erreur fatale - [Errno 32] Broken pipe
2026-02-17 06:45:05,690 - ERROR - [9060] Worker 2: Erreur fatale - [Errno 32] Broken pipe
Traceback (most recent call last):
  File "/usr/lib/python3.9/multiprocessing/managers.py", line 801, in _callmethod
    conn = self._tls.connection
AttributeError: 'ForkAwareLocal' object has no attribute 'connection'

During handling of the above exception, another exception occurred:

Traceback (most recent call last):
  File "/home/raphael/sms_project/scripts/selenium/superhote_worker_pool.py", line 928, in <module>
    main()
  File "/home/raphael/sms_project/scripts/selenium/superhote_worker_pool.py", line 922, in main
    stats = pool.run()
  File "/home/raphael/sms_project/scripts/selenium/superhote_worker_pool.py", line 827, in run
    for future in as_completed(futures):
  File "/usr/lib/python3.9/concurrent/futures/_base.py", line 245, in as_completed
    waiter.event.wait(wait_timeout)
  File "/usr/lib/python3.9/threading.py", line 574, in wait
    signaled = self._cond.wait(timeout)
  File "/usr/lib/python3.9/threading.py", line 312, in wait
    waiter.acquire()
  File "/home/raphael/sms_project/scripts/selenium/superhote_worker_pool.py", line 905, in signal_handler
    pool.stop()
  File "/home/raphael/sms_project/scripts/selenium/superhote_worker_pool.py", line 857, in stop
    self.stop_event.set()
  File "/usr/lib/python3.9/multiprocessing/managers.py", line 1080, in set
    return self._callmethod('set')
  File "/usr/lib/python3.9/multiprocessing/managers.py", line 805, in _callmethod
    self._connect()
  File "/usr/lib/python3.9/multiprocessing/managers.py", line 792, in _connect
    conn = self._Client(self._token.address, authkey=self._authkey)
  File "/usr/lib/python3.9/multiprocessing/connection.py", line 508, in Client
    answer_challenge(c, authkey)
  File "/usr/lib/python3.9/multiprocessing/connection.py", line 752, in answer_challenge
    message = connection.recv_bytes(256)         # reject large message
  File "/usr/lib/python3.9/multiprocessing/connection.py", line 216, in recv_bytes
    buf = self._recv_bytes(maxlength)
  File "/usr/lib/python3.9/multiprocessing/connection.py", line 414, in _recv_bytes
    buf = self._recv(4)
  File "/usr/lib/python3.9/multiprocessing/connection.py", line 383, in _recv
    raise EOFError
EOFError
