[2026-02-16 06:00:01] ==========================================
[2026-02-16 06:00:01] Debut de la mise a jour des prix Superhote
[2026-02-16 06:00:01] ==========================================
[2026-02-16 06:00:01] Etape 1: Generation des prix...
[2026-02-16 05:00:01] Generation des prix Superhote
  Regles chargees: 8 saisons, 12 jours feries, 5 regles occupation
  - Logement 13: 31 mises a jour
  - Logement 14: 31 mises a jour
  - Logement 16: 31 mises a jour
  - Logement 15: 31 mises a jour
  - Logement 17: 31 mises a jour
  - Logement 2: 31 mises a jour
  - Logement 19: 31 mises a jour
  - Logement 10: 31 mises a jour
  - Logement 11: 31 mises a jour
  - Logement 8: 31 mises a jour
  - Logement 37: 31 mises a jour
  - Logement 33: 31 mises a jour
  - Logement 12: 31 mises a jour
  - Logement 23: 31 mises a jour
  - Logement 42: 31 mises a jour
  - Logement 21: 31 mises a jour
  - Logement 7: 31 mises a jour
  - Logement 43: 31 mises a jour
[2026-02-16 05:00:03] Total: 558 mises a jour generees
[2026-02-16 05:00:03] Termine en 1.75s
[2026-02-16 06:00:03]   Generation terminee
[2026-02-16 06:00:03] Etape 2: Application des prix via worker pool...
2026-02-16 06:00:03,599 - INFO - [18045] ==================================================
2026-02-16 06:00:03,599 - INFO - [18045] DEMARRAGE POOL WORKERS SUPERHOTE
2026-02-16 06:00:03,599 - INFO - [18045]   Mode: GROUPE
2026-02-16 06:00:03,600 - INFO - [18045]   Max workers: illimite
2026-02-16 06:00:03,600 - INFO - [18045] ==================================================
2026-02-16 06:00:03,635 - INFO - [18045] Mode GROUPE active (hybride: groupes + orphelins)
2026-02-16 06:00:03,668 - INFO - [18045] Groupes avec pending: ['GROUPE1', '__ORPHELINS__', 'GROUPE2', 'GROUPE3', 'GROUPE4']
2026-02-16 06:00:03,674 - INFO - [18045] Worker 1 [GROUPE GROUPE1]: 6 logements, ref=GROUPE1
2026-02-16 06:00:03,680 - INFO - [18045] Worker 2 [GROUPE GROUPE2]: 3 logements, ref=GROUPE2
2026-02-16 06:00:03,686 - INFO - [18045] Worker 3 [GROUPE GROUPE3]: 5 logements, ref=GROUPE3
2026-02-16 06:00:03,691 - INFO - [18045] Worker 4 [GROUPE GROUPE4]: 3 logements, ref=GROUPE4
2026-02-16 06:00:03,697 - INFO - [18045] Logements sans groupe: 4
2026-02-16 06:00:03,697 - INFO - [18045] Worker 5 [STANDARD]: 4 logements orphelins
2026-02-16 06:00:03,697 - INFO - [18045] Workers configures: 5 (4 groupes, 1 standards)
2026-02-16 06:00:03,698 - INFO - [18045]   Worker 1 [GROUPE GROUPE1]: ref=GROUPE1, membres=['Appartement Neuf Confort & Moderne - Proche Gare', 'Delphin - BLEU - 2', 'Delphin - FAB - 4', 'Delphin - NID - 3', 'Delphin - ZEN - 1', 'Edouard - 4']
2026-02-16 06:00:03,698 - INFO - [18045]   Worker 2 [GROUPE GROUPE2]: ref=GROUPE2, membres=['Detti - 1 - RDC', 'DETTI - 2 - ET', 'Studio au pied du Château']
2026-02-16 06:00:03,698 - INFO - [18045]   Worker 3 [GROUPE GROUPE3]: ref=GROUPE3, membres=['Alexia - BSM', 'Calme - Wifi - Confort - Vue', 'La compiegnoise', 'Le Repos de Canly', 'Multicolore Logement entier centre ville']
2026-02-16 06:00:03,698 - INFO - [18045]   Worker 4 [GROUPE GROUPE4]: ref=GROUPE4, membres=['1306', 'Centre Ville - Wifi - Extérieur - Téléviseurs', 'GROUPE4']
2026-02-16 06:00:03,698 - INFO - [18045]   Worker 5 [STANDARD]: ['Delphin - JUN - 5', 'GROUPE1', 'GROUPE2', 'GROUPE3']
2026-02-16 06:00:03,698 - INFO - [18045] Lancement de 5 workers en parallele...
2026-02-16 06:00:03,723 - INFO - [18051] Worker 1 [GROUPE GROUPE1] demarre - Ref: GROUPE1, Membres: ['Appartement Neuf Confort & Moderne - Proche Gare', 'Delphin - BLEU - 2', 'Delphin - FAB - 4', 'Delphin - NID - 3', 'Delphin - ZEN - 1', 'Edouard - 4']
2026-02-16 06:00:03,746 - INFO - [18057] Worker 3 [GROUPE GROUPE3] demarre - Ref: GROUPE3, Membres: ['Alexia - BSM', 'Calme - Wifi - Confort - Vue', 'La compiegnoise', 'Le Repos de Canly', 'Multicolore Logement entier centre ville']
2026-02-16 06:00:03,749 - INFO - [18055] Worker 2 [GROUPE GROUPE2] demarre - Ref: GROUPE2, Membres: ['Detti - 1 - RDC', 'DETTI - 2 - ET', 'Studio au pied du Château']
2026-02-16 06:00:03,752 - INFO - [18058] Worker 4 [GROUPE GROUPE4] demarre - Ref: GROUPE4, Membres: ['1306', 'Centre Ville - Wifi - Extérieur - Téléviseurs', 'GROUPE4']
2026-02-16 06:00:03,755 - INFO - [18061] Worker 5 demarre - Logements: ['Delphin - JUN - 5', 'GROUPE1', 'GROUPE2', 'GROUPE3']
2026-02-16 06:02:24,561 - INFO - [18051] Worker 1: Connecte a Superhote
2026-02-16 06:02:24,710 - INFO - [18051] Worker 1: 186 mises a jour a traiter
2026-02-16 06:02:24,784 - INFO - [18051] Worker 1: 124 groupes de mises a jour (apres fusion)
2026-02-16 06:02:24,802 - INFO - [18051] Worker 1: Traitement groupe 2026-02-16 - 2026-02-16, 44.0EUR, 2 logements
2026-02-16 06:02:24,803 - INFO - [18051] Worker 1 [GROUPE]: Utilisation ref=GROUPE1 pour appliquer a 6 membres
2026-02-16 06:02:26,953 - INFO - [18057] Worker 3: Connecte a Superhote
2026-02-16 06:02:27,096 - INFO - [18057] Worker 3: 155 mises a jour a traiter
2026-02-16 06:02:27,177 - INFO - [18057] Worker 3: 93 groupes de mises a jour (apres fusion)
2026-02-16 06:02:27,209 - INFO - [18057] Worker 3: Traitement groupe 2026-02-16 - 2026-02-16, 59.0EUR, 3 logements
2026-02-16 06:02:27,210 - INFO - [18057] Worker 3 [GROUPE]: Utilisation ref=GROUPE3 pour appliquer a 5 membres
2026-02-16 06:02:28,485 - INFO - [18058] Worker 4: Connecte a Superhote
2026-02-16 06:02:28,576 - INFO - [18058] Worker 4: 93 mises a jour a traiter
2026-02-16 06:02:28,609 - INFO - [18058] Worker 4: 62 groupes de mises a jour (apres fusion)
2026-02-16 06:02:28,648 - INFO - [18058] Worker 4: Traitement groupe 2026-02-16 - 2026-02-16, 54.0EUR, 2 logements
2026-02-16 06:02:28,649 - INFO - [18058] Worker 4 [GROUPE]: Utilisation ref=GROUPE4 pour appliquer a 3 membres
2026-02-16 06:02:29,010 - INFO - [18061] Worker 5: Connecte a Superhote
2026-02-16 06:02:29,077 - INFO - [18061] Worker 5: 31 mises a jour a traiter
2026-02-16 06:02:29,123 - INFO - [18061] Optimisation: 31 -> 15 operations (fusion dates consecutives)
2026-02-16 06:02:29,126 - INFO - [18061] Worker 5: 15 groupes de mises a jour (apres fusion)
2026-02-16 06:02:29,160 - INFO - [18061] Worker 5: Traitement groupe 2026-02-16 - 2026-02-16, 89.0EUR, 1 logements
2026-02-16 06:02:29,867 - INFO - [18055] Worker 2: Connecte a Superhote
2026-02-16 06:02:30,028 - INFO - [18055] Worker 2: 93 mises a jour a traiter
2026-02-16 06:02:30,160 - INFO - [18055] Worker 2: 93 groupes de mises a jour (apres fusion)
2026-02-16 06:02:30,194 - INFO - [18055] Worker 2: Traitement groupe 2026-02-16 - 2026-02-16, 38.0EUR, 1 logements
2026-02-16 06:02:30,195 - INFO - [18055] Worker 2 [GROUPE]: Utilisation ref=GROUPE2 pour appliquer a 3 membres
2026-02-16 06:03:32,522 - INFO - [18055] Worker 2: Traitement groupe 2026-02-16 - 2026-02-16, 43.0EUR, 1 logements
2026-02-16 06:03:32,523 - INFO - [18055] Worker 2 [GROUPE]: Utilisation ref=GROUPE2 pour appliquer a 3 membres
2026-02-16 06:03:32,969 - INFO - [18051] Worker 1: Traitement groupe 2026-02-16 - 2026-02-16, 47.0EUR, 1 logements
2026-02-16 06:03:32,970 - INFO - [18051] Worker 1 [GROUPE]: Utilisation ref=GROUPE1 pour appliquer a 6 membres
2026-02-16 06:03:33,338 - INFO - [18058] Worker 4: Traitement groupe 2026-02-16 - 2026-02-16, 57.0EUR, 1 logements
2026-02-16 06:03:33,339 - INFO - [18058] Worker 4 [GROUPE]: Utilisation ref=GROUPE4 pour appliquer a 3 membres
2026-02-16 06:03:36,268 - INFO - [18057] Worker 3: Traitement groupe 2026-02-16 - 2026-02-16, 62.0EUR, 1 logements
2026-02-16 06:03:36,269 - INFO - [18057] Worker 3 [GROUPE]: Utilisation ref=GROUPE3 pour appliquer a 5 membres
2026-02-16 06:03:46,882 - INFO - [18061] Worker 5: Traitement groupe 2026-02-17 - 2026-02-19, 94.0EUR, 1 logements
2026-02-16 06:04:15,128 - INFO - [18061] Worker 5: Traitement groupe 2026-02-20 - 2026-02-21, 109.0EUR, 1 logements
2026-02-16 06:04:31,297 - INFO - [18058] Worker 4: Traitement groupe 2026-02-17 - 2026-02-17, 58.0EUR, 2 logements
2026-02-16 06:04:31,298 - INFO - [18058] Worker 4 [GROUPE]: Utilisation ref=GROUPE4 pour appliquer a 3 membres
2026-02-16 06:04:32,643 - INFO - [18055] Worker 2: Traitement groupe 2026-02-16 - 2026-02-16, 45.0EUR, 1 logements
2026-02-16 06:04:32,645 - INFO - [18055] Worker 2 [GROUPE]: Utilisation ref=GROUPE2 pour appliquer a 3 membres
2026-02-16 06:04:36,247 - INFO - [18051] Worker 1: Traitement groupe 2026-02-16 - 2026-02-16, 52.0EUR, 1 logements
2026-02-16 06:04:36,251 - INFO - [18051] Worker 1 [GROUPE]: Utilisation ref=GROUPE1 pour appliquer a 6 membres
2026-02-16 06:04:39,466 - INFO - [18057] Worker 3: Traitement groupe 2026-02-16 - 2026-02-16, 72.0EUR, 1 logements
2026-02-16 06:04:39,467 - INFO - [18057] Worker 3 [GROUPE]: Utilisation ref=GROUPE3 pour appliquer a 5 membres
2026-02-16 06:04:44,823 - INFO - [18061] Worker 5: Traitement groupe 2026-02-22 - 2026-02-22, 86.0EUR, 1 logements
2026-02-16 06:05:12,484 - INFO - [18061] Worker 5: Traitement groupe 2026-02-23 - 2026-02-26, 106.0EUR, 1 logements
2026-02-16 06:05:18,787 - INFO - [18058] Worker 4: Traitement groupe 2026-02-17 - 2026-02-17, 61.0EUR, 1 logements
2026-02-16 06:05:18,788 - INFO - [18058] Worker 4 [GROUPE]: Utilisation ref=GROUPE4 pour appliquer a 3 membres
2026-02-16 06:05:20,924 - INFO - [18055] Worker 2: Traitement groupe 2026-02-17 - 2026-02-17, 41.0EUR, 1 logements
2026-02-16 06:05:20,924 - INFO - [18055] Worker 2 [GROUPE]: Utilisation ref=GROUPE2 pour appliquer a 3 membres
2026-02-16 06:05:31,297 - INFO - [18051] Worker 1: Traitement groupe 2026-02-16 - 2026-02-16, 54.0EUR, 2 logements
2026-02-16 06:05:31,298 - INFO - [18051] Worker 1 [GROUPE]: Utilisation ref=GROUPE1 pour appliquer a 6 membres
2026-02-16 06:05:32,111 - INFO - [18057] Worker 3: Traitement groupe 2026-02-17 - 2026-02-17, 63.0EUR, 3 logements
2026-02-16 06:05:32,112 - INFO - [18057] Worker 3 [GROUPE]: Utilisation ref=GROUPE3 pour appliquer a 5 membres
2026-02-16 06:05:40,625 - INFO - [18061] Worker 5: Traitement groupe 2026-02-27 - 2026-02-28, 117.0EUR, 1 logements
2026-02-16 06:06:04,932 - INFO - [18058] Worker 4: Traitement groupe 2026-02-18 - 2026-02-18, 58.0EUR, 2 logements
2026-02-16 06:06:04,933 - INFO - [18058] Worker 4 [GROUPE]: Utilisation ref=GROUPE4 pour appliquer a 3 membres
2026-02-16 06:06:06,166 - INFO - [18061] Worker 5: Traitement groupe 2026-03-01 - 2026-03-01, 94.0EUR, 1 logements
2026-02-16 06:06:09,512 - INFO - [18055] Worker 2: Traitement groupe 2026-02-17 - 2026-02-17, 46.0EUR, 1 logements
2026-02-16 06:06:09,577 - INFO - [18055] Worker 2 [GROUPE]: Utilisation ref=GROUPE2 pour appliquer a 3 membres
2026-02-16 06:06:27,418 - INFO - [18051] Worker 1: Traitement groupe 2026-02-17 - 2026-02-17, 49.0EUR, 2 logements
2026-02-16 06:06:27,420 - INFO - [18051] Worker 1 [GROUPE]: Utilisation ref=GROUPE1 pour appliquer a 6 membres
2026-02-16 06:06:29,816 - INFO - [18057] Worker 3: Traitement groupe 2026-02-17 - 2026-02-17, 66.0EUR, 1 logements
2026-02-16 06:06:29,816 - INFO - [18057] Worker 3 [GROUPE]: Utilisation ref=GROUPE3 pour appliquer a 5 membres
2026-02-16 06:06:39,446 - INFO - [18061] Worker 5: Traitement groupe 2026-03-02 - 2026-03-05, 114.0EUR, 1 logements
2026-02-16 06:06:54,147 - INFO - [18058] Worker 4: Traitement groupe 2026-02-18 - 2026-02-18, 61.0EUR, 1 logements
2026-02-16 06:06:54,147 - INFO - [18058] Worker 4 [GROUPE]: Utilisation ref=GROUPE4 pour appliquer a 3 membres
2026-02-16 06:06:59,854 - INFO - [18055] Worker 2: Traitement groupe 2026-02-17 - 2026-02-17, 48.0EUR, 1 logements
2026-02-16 06:06:59,855 - INFO - [18055] Worker 2 [GROUPE]: Utilisation ref=GROUPE2 pour appliquer a 3 membres
2026-02-16 06:07:06,853 - INFO - [18061] Worker 5: Traitement groupe 2026-03-06 - 2026-03-07, 125.0EUR, 1 logements
2026-02-16 06:07:20,476 - INFO - [18051] Worker 1: Traitement groupe 2026-02-17 - 2026-02-17, 52.0EUR, 1 logements
2026-02-16 06:07:20,477 - INFO - [18051] Worker 1 [GROUPE]: Utilisation ref=GROUPE1 pour appliquer a 6 membres
2026-02-16 06:07:21,144 - INFO - [18057] Worker 3: Traitement groupe 2026-02-17 - 2026-02-17, 77.0EUR, 1 logements
2026-02-16 06:07:21,145 - INFO - [18057] Worker 3 [GROUPE]: Utilisation ref=GROUPE3 pour appliquer a 5 membres
2026-02-16 06:07:34,593 - INFO - [18061] Worker 5: Traitement groupe 2026-03-08 - 2026-03-08, 101.0EUR, 1 logements
2026-02-16 06:07:40,970 - INFO - [18058] Worker 4: Traitement groupe 2026-02-19 - 2026-02-19, 58.0EUR, 2 logements
2026-02-16 06:07:40,971 - INFO - [18058] Worker 4 [GROUPE]: Utilisation ref=GROUPE4 pour appliquer a 3 membres
2026-02-16 06:07:47,448 - INFO - [18055] Worker 2: Traitement groupe 2026-02-18 - 2026-02-18, 41.0EUR, 1 logements
2026-02-16 06:07:47,449 - INFO - [18055] Worker 2 [GROUPE]: Utilisation ref=GROUPE2 pour appliquer a 3 membres
2026-02-16 06:08:00,439 - INFO - [18061] Worker 5: Traitement groupe 2026-03-09 - 2026-03-10, 114.0EUR, 1 logements
2026-02-16 06:08:12,392 - INFO - [18051] Worker 1: Traitement groupe 2026-02-17 - 2026-02-17, 58.0EUR, 1 logements
2026-02-16 06:08:12,394 - INFO - [18051] Worker 1 [GROUPE]: Utilisation ref=GROUPE1 pour appliquer a 6 membres
2026-02-16 06:08:14,560 - INFO - [18057] Worker 3: Traitement groupe 2026-02-18 - 2026-02-18, 63.0EUR, 3 logements
2026-02-16 06:08:14,562 - INFO - [18057] Worker 3 [GROUPE]: Utilisation ref=GROUPE3 pour appliquer a 5 membres
2026-02-16 06:08:17,115 - INFO - [18061] Worker 5: Traitement groupe 2026-03-11 - 2026-03-12, 99.0EUR, 1 logements
2026-02-16 06:08:28,380 - INFO - [18058] Worker 4: Traitement groupe 2026-02-19 - 2026-02-19, 61.0EUR, 1 logements
2026-02-16 06:08:28,381 - INFO - [18058] Worker 4 [GROUPE]: Utilisation ref=GROUPE4 pour appliquer a 3 membres
2026-02-16 06:08:35,945 - INFO - [18055] Worker 2: Traitement groupe 2026-02-18 - 2026-02-18, 46.0EUR, 1 logements
2026-02-16 06:08:35,946 - INFO - [18055] Worker 2 [GROUPE]: Utilisation ref=GROUPE2 pour appliquer a 3 membres
2026-02-16 06:08:47,515 - INFO - [18061] Worker 5: Traitement groupe 2026-03-13 - 2026-03-14, 109.0EUR, 1 logements
2026-02-16 06:09:08,930 - INFO - [18051] Worker 1: Traitement groupe 2026-02-17 - 2026-02-17, 60.0EUR, 2 logements
2026-02-16 06:09:08,931 - INFO - [18051] Worker 1 [GROUPE]: Utilisation ref=GROUPE1 pour appliquer a 6 membres
2026-02-16 06:09:12,392 - INFO - [18057] Worker 3: Traitement groupe 2026-02-18 - 2026-02-18, 66.0EUR, 1 logements
2026-02-16 06:09:12,393 - INFO - [18057] Worker 3 [GROUPE]: Utilisation ref=GROUPE3 pour appliquer a 5 membres
2026-02-16 06:09:15,684 - INFO - [18061] Worker 5: Traitement groupe 2026-03-15 - 2026-03-15, 88.0EUR, 1 logements
2026-02-16 06:09:20,051 - INFO - [18058] Worker 4: Traitement groupe 2026-02-20 - 2026-02-20, 71.0EUR, 2 logements
2026-02-16 06:09:20,053 - INFO - [18058] Worker 4 [GROUPE]: Utilisation ref=GROUPE4 pour appliquer a 3 membres
2026-02-16 06:09:26,431 - INFO - [18055] Worker 2: Traitement groupe 2026-02-18 - 2026-02-18, 48.0EUR, 1 logements
2026-02-16 06:09:26,432 - INFO - [18055] Worker 2 [GROUPE]: Utilisation ref=GROUPE2 pour appliquer a 3 membres
2026-02-16 06:09:45,552 - INFO - [18061] Worker 5: Traitement groupe 2026-03-16 - 2026-03-18, 99.0EUR, 1 logements
2026-02-16 06:10:06,606 - INFO - [18058] Worker 4: Traitement groupe 2026-02-20 - 2026-02-20, 75.0EUR, 1 logements
2026-02-16 06:10:06,607 - INFO - [18058] Worker 4 [GROUPE]: Utilisation ref=GROUPE4 pour appliquer a 3 membres
2026-02-16 06:10:07,704 - INFO - [18051] Worker 1: Traitement groupe 2026-02-18 - 2026-02-18, 49.0EUR, 2 logements
2026-02-16 06:10:07,705 - INFO - [18051] Worker 1 [GROUPE]: Utilisation ref=GROUPE1 pour appliquer a 6 membres
2026-02-16 06:10:12,761 - INFO - [18057] Worker 3: Traitement groupe 2026-02-18 - 2026-02-18, 77.0EUR, 1 logements
2026-02-16 06:10:12,762 - INFO - [18057] Worker 3 [GROUPE]: Utilisation ref=GROUPE3 pour appliquer a 5 membres
2026-02-16 06:10:16,243 - INFO - [18061] Worker 5: Termine - 14 OK, 1 echecs
2026-02-16 06:10:20,732 - INFO - [18055] Worker 2: Traitement groupe 2026-02-19 - 2026-02-19, 41.0EUR, 1 logements
2026-02-16 06:10:20,732 - INFO - [18055] Worker 2 [GROUPE]: Utilisation ref=GROUPE2 pour appliquer a 3 membres
2026-02-16 06:10:55,251 - INFO - [18058] Worker 4: Traitement groupe 2026-02-21 - 2026-02-21, 71.0EUR, 2 logements
2026-02-16 06:10:55,252 - INFO - [18058] Worker 4 [GROUPE]: Utilisation ref=GROUPE4 pour appliquer a 3 membres
2026-02-16 06:11:02,820 - INFO - [18051] Worker 1: Traitement groupe 2026-02-18 - 2026-02-18, 52.0EUR, 1 logements
2026-02-16 06:11:02,821 - INFO - [18051] Worker 1 [GROUPE]: Utilisation ref=GROUPE1 pour appliquer a 6 membres
2026-02-16 06:11:05,785 - INFO - [18057] Worker 3: Traitement groupe 2026-02-19 - 2026-02-19, 63.0EUR, 3 logements
2026-02-16 06:11:05,786 - INFO - [18057] Worker 3 [GROUPE]: Utilisation ref=GROUPE3 pour appliquer a 5 membres
2026-02-16 06:11:06,920 - INFO - [18055] Worker 2: Traitement groupe 2026-02-19 - 2026-02-19, 46.0EUR, 1 logements
2026-02-16 06:11:06,921 - INFO - [18055] Worker 2 [GROUPE]: Utilisation ref=GROUPE2 pour appliquer a 3 membres
2026-02-16 06:11:41,724 - INFO - [18058] Worker 4: Traitement groupe 2026-02-21 - 2026-02-21, 75.0EUR, 1 logements
2026-02-16 06:11:41,725 - INFO - [18058] Worker 4 [GROUPE]: Utilisation ref=GROUPE4 pour appliquer a 3 membres
2026-02-16 06:11:54,936 - INFO - [18051] Worker 1: Traitement groupe 2026-02-18 - 2026-02-18, 58.0EUR, 1 logements
2026-02-16 06:11:54,936 - INFO - [18051] Worker 1 [GROUPE]: Utilisation ref=GROUPE1 pour appliquer a 6 membres
2026-02-16 06:11:55,462 - INFO - [18055] Worker 2: Traitement groupe 2026-02-19 - 2026-02-19, 48.0EUR, 1 logements
2026-02-16 06:11:55,463 - INFO - [18055] Worker 2 [GROUPE]: Utilisation ref=GROUPE2 pour appliquer a 3 membres
2026-02-16 06:12:01,899 - INFO - [18057] Worker 3: Traitement groupe 2026-02-19 - 2026-02-19, 66.0EUR, 1 logements
2026-02-16 06:12:01,900 - INFO - [18057] Worker 3 [GROUPE]: Utilisation ref=GROUPE3 pour appliquer a 5 membres
2026-02-16 06:12:28,659 - INFO - [18058] Worker 4: Traitement groupe 2026-02-22 - 2026-02-22, 52.0EUR, 2 logements
2026-02-16 06:12:28,660 - INFO - [18058] Worker 4 [GROUPE]: Utilisation ref=GROUPE4 pour appliquer a 3 membres
2026-02-16 06:12:43,260 - INFO - [18055] Worker 2: Traitement groupe 2026-02-20 - 2026-02-20, 52.0EUR, 1 logements
2026-02-16 06:12:43,260 - INFO - [18055] Worker 2 [GROUPE]: Utilisation ref=GROUPE2 pour appliquer a 3 membres
2026-02-16 06:12:48,109 - INFO - [18051] Worker 1: Traitement groupe 2026-02-18 - 2026-02-18, 60.0EUR, 2 logements
2026-02-16 06:12:48,111 - INFO - [18051] Worker 1 [GROUPE]: Utilisation ref=GROUPE1 pour appliquer a 6 membres
2026-02-16 06:12:51,602 - INFO - [18057] Worker 3: Traitement groupe 2026-02-19 - 2026-02-19, 77.0EUR, 1 logements
2026-02-16 06:12:51,603 - INFO - [18057] Worker 3 [GROUPE]: Utilisation ref=GROUPE3 pour appliquer a 5 membres
2026-02-16 06:13:14,349 - INFO - [18058] Worker 4: Traitement groupe 2026-02-22 - 2026-02-22, 55.0EUR, 1 logements
2026-02-16 06:13:14,350 - INFO - [18058] Worker 4 [GROUPE]: Utilisation ref=GROUPE4 pour appliquer a 3 membres
2026-02-16 06:13:30,714 - INFO - [18055] Worker 2: Traitement groupe 2026-02-20 - 2026-02-20, 58.0EUR, 1 logements
2026-02-16 06:13:30,714 - INFO - [18055] Worker 2 [GROUPE]: Utilisation ref=GROUPE2 pour appliquer a 3 membres
2026-02-16 06:13:41,476 - INFO - [18051] Worker 1: Traitement groupe 2026-02-19 - 2026-02-19, 49.0EUR, 2 logements
2026-02-16 06:13:41,477 - INFO - [18051] Worker 1 [GROUPE]: Utilisation ref=GROUPE1 pour appliquer a 6 membres
2026-02-16 06:13:43,476 - INFO - [18057] Worker 3: Traitement groupe 2026-02-20 - 2026-02-20, 76.0EUR, 3 logements
2026-02-16 06:13:43,477 - INFO - [18057] Worker 3 [GROUPE]: Utilisation ref=GROUPE3 pour appliquer a 5 membres
2026-02-16 06:14:02,516 - INFO - [18058] Worker 4: Traitement groupe 2026-02-23 - 2026-02-23, 67.0EUR, 2 logements
2026-02-16 06:14:02,517 - INFO - [18058] Worker 4 [GROUPE]: Utilisation ref=GROUPE4 pour appliquer a 3 membres
2026-02-16 06:14:18,886 - INFO - [18055] Worker 2: Traitement groupe 2026-02-20 - 2026-02-20, 61.0EUR, 1 logements
2026-02-16 06:14:18,887 - INFO - [18055] Worker 2 [GROUPE]: Utilisation ref=GROUPE2 pour appliquer a 3 membres
2026-02-16 06:14:33,121 - INFO - [18051] Worker 1: Traitement groupe 2026-02-19 - 2026-02-19, 52.0EUR, 1 logements
2026-02-16 06:14:33,122 - INFO - [18051] Worker 1 [GROUPE]: Utilisation ref=GROUPE1 pour appliquer a 6 membres
2026-02-16 06:14:36,409 - INFO - [18057] Worker 3: Traitement groupe 2026-02-20 - 2026-02-20, 81.0EUR, 1 logements
2026-02-16 06:14:36,410 - INFO - [18057] Worker 3 [GROUPE]: Utilisation ref=GROUPE3 pour appliquer a 5 membres
2026-02-16 06:14:50,700 - INFO - [18058] Worker 4: Traitement groupe 2026-02-23 - 2026-02-23, 71.0EUR, 1 logements
2026-02-16 06:14:50,700 - INFO - [18058] Worker 4 [GROUPE]: Utilisation ref=GROUPE4 pour appliquer a 3 membres
2026-02-16 06:15:07,103 - INFO - [18055] Worker 2: Traitement groupe 2026-02-21 - 2026-02-21, 52.0EUR, 1 logements
2026-02-16 06:15:07,104 - INFO - [18055] Worker 2 [GROUPE]: Utilisation ref=GROUPE2 pour appliquer a 3 membres
2026-02-16 06:15:26,628 - INFO - [18051] Worker 1: Traitement groupe 2026-02-19 - 2026-02-19, 58.0EUR, 1 logements
2026-02-16 06:15:26,629 - INFO - [18051] Worker 1 [GROUPE]: Utilisation ref=GROUPE1 pour appliquer a 6 membres
2026-02-16 06:15:30,707 - INFO - [18057] Worker 3: Traitement groupe 2026-02-20 - 2026-02-20, 94.0EUR, 1 logements
2026-02-16 06:15:30,708 - INFO - [18057] Worker 3 [GROUPE]: Utilisation ref=GROUPE3 pour appliquer a 5 membres
2026-02-16 06:15:38,751 - INFO - [18058] Worker 4: Traitement groupe 2026-02-24 - 2026-02-24, 67.0EUR, 2 logements
2026-02-16 06:15:38,752 - INFO - [18058] Worker 4 [GROUPE]: Utilisation ref=GROUPE4 pour appliquer a 3 membres
2026-02-16 06:15:53,616 - INFO - [18055] Worker 2: Traitement groupe 2026-02-21 - 2026-02-21, 58.0EUR, 1 logements
2026-02-16 06:15:53,617 - INFO - [18055] Worker 2 [GROUPE]: Utilisation ref=GROUPE2 pour appliquer a 3 membres
2026-02-16 06:16:16,599 - INFO - [18051] Worker 1: Traitement groupe 2026-02-19 - 2026-02-19, 60.0EUR, 2 logements
2026-02-16 06:16:16,600 - INFO - [18051] Worker 1 [GROUPE]: Utilisation ref=GROUPE1 pour appliquer a 6 membres
2026-02-16 06:16:21,895 - INFO - [18057] Worker 3: Traitement groupe 2026-02-21 - 2026-02-21, 76.0EUR, 3 logements
2026-02-16 06:16:21,896 - INFO - [18057] Worker 3 [GROUPE]: Utilisation ref=GROUPE3 pour appliquer a 5 membres
2026-02-16 06:16:24,872 - INFO - [18058] Worker 4: Traitement groupe 2026-02-24 - 2026-02-24, 71.0EUR, 1 logements
2026-02-16 06:16:24,873 - INFO - [18058] Worker 4 [GROUPE]: Utilisation ref=GROUPE4 pour appliquer a 3 membres
2026-02-16 06:16:43,045 - INFO - [18055] Worker 2: Traitement groupe 2026-02-21 - 2026-02-21, 61.0EUR, 1 logements
2026-02-16 06:16:43,046 - INFO - [18055] Worker 2 [GROUPE]: Utilisation ref=GROUPE2 pour appliquer a 3 membres
2026-02-16 06:17:10,259 - INFO - [18051] Worker 1: Traitement groupe 2026-02-20 - 2026-02-20, 59.0EUR, 2 logements
2026-02-16 06:17:10,260 - INFO - [18051] Worker 1 [GROUPE]: Utilisation ref=GROUPE1 pour appliquer a 6 membres
2026-02-16 06:17:14,624 - INFO - [18058] Worker 4: Traitement groupe 2026-02-25 - 2026-02-25, 67.0EUR, 2 logements
2026-02-16 06:17:14,625 - INFO - [18058] Worker 4 [GROUPE]: Utilisation ref=GROUPE4 pour appliquer a 3 membres
2026-02-16 06:17:17,808 - INFO - [18057] Worker 3: Traitement groupe 2026-02-21 - 2026-02-21, 81.0EUR, 1 logements
2026-02-16 06:17:17,809 - INFO - [18057] Worker 3 [GROUPE]: Utilisation ref=GROUPE3 pour appliquer a 5 membres
2026-02-16 06:17:30,905 - INFO - [18055] Worker 2: Traitement groupe 2026-02-22 - 2026-02-22, 33.0EUR, 1 logements
2026-02-16 06:17:30,905 - INFO - [18055] Worker 2 [GROUPE]: Utilisation ref=GROUPE2 pour appliquer a 3 membres
2026-02-16 06:18:06,736 - INFO - [18058] Worker 4: Traitement groupe 2026-02-25 - 2026-02-25, 71.0EUR, 1 logements
2026-02-16 06:18:06,737 - INFO - [18058] Worker 4 [GROUPE]: Utilisation ref=GROUPE4 pour appliquer a 3 membres
2026-02-16 06:18:10,352 - INFO - [18051] Worker 1: Traitement groupe 2026-02-20 - 2026-02-20, 63.0EUR, 1 logements
2026-02-16 06:18:10,353 - INFO - [18051] Worker 1 [GROUPE]: Utilisation ref=GROUPE1 pour appliquer a 6 membres
2026-02-16 06:18:11,407 - INFO - [18057] Worker 3: Traitement groupe 2026-02-21 - 2026-02-21, 94.0EUR, 1 logements
2026-02-16 06:18:11,409 - INFO - [18057] Worker 3 [GROUPE]: Utilisation ref=GROUPE3 pour appliquer a 5 membres
2026-02-16 06:18:22,552 - INFO - [18055] Worker 2: Traitement groupe 2026-02-22 - 2026-02-22, 37.0EUR, 1 logements
2026-02-16 06:18:22,553 - INFO - [18055] Worker 2 [GROUPE]: Utilisation ref=GROUPE2 pour appliquer a 3 membres
2026-02-16 06:18:55,588 - INFO - [18058] Worker 4: Traitement groupe 2026-02-26 - 2026-02-26, 67.0EUR, 2 logements
2026-02-16 06:18:55,589 - INFO - [18058] Worker 4 [GROUPE]: Utilisation ref=GROUPE4 pour appliquer a 3 membres
2026-02-16 06:19:04,627 - INFO - [18051] Worker 1: Traitement groupe 2026-02-20 - 2026-02-20, 70.0EUR, 1 logements
2026-02-16 06:19:04,628 - INFO - [18051] Worker 1 [GROUPE]: Utilisation ref=GROUPE1 pour appliquer a 6 membres
2026-02-16 06:19:05,807 - INFO - [18057] Worker 3: Traitement groupe 2026-02-22 - 2026-02-22, 57.0EUR, 3 logements
2026-02-16 06:19:05,809 - INFO - [18057] Worker 3 [GROUPE]: Utilisation ref=GROUPE3 pour appliquer a 5 membres
2026-02-16 06:19:14,959 - INFO - [18055] Worker 2: Traitement groupe 2026-02-22 - 2026-02-22, 39.0EUR, 1 logements
2026-02-16 06:19:14,961 - INFO - [18055] Worker 2 [GROUPE]: Utilisation ref=GROUPE2 pour appliquer a 3 membres
2026-02-16 06:19:48,492 - INFO - [18058] Worker 4: Traitement groupe 2026-02-26 - 2026-02-26, 71.0EUR, 1 logements
2026-02-16 06:19:48,494 - INFO - [18058] Worker 4 [GROUPE]: Utilisation ref=GROUPE4 pour appliquer a 3 membres
2026-02-16 06:20:02,243 - INFO - [18051] Worker 1: Traitement groupe 2026-02-20 - 2026-02-20, 73.0EUR, 2 logements
2026-02-16 06:20:02,244 - INFO - [18051] Worker 1 [GROUPE]: Utilisation ref=GROUPE1 pour appliquer a 6 membres
2026-02-16 06:20:03,380 - INFO - [18057] Worker 3: Traitement groupe 2026-02-22 - 2026-02-22, 60.0EUR, 1 logements
2026-02-16 06:20:03,382 - INFO - [18057] Worker 3 [GROUPE]: Utilisation ref=GROUPE3 pour appliquer a 5 membres
2026-02-16 06:20:04,566 - INFO - [18055] Worker 2: Traitement groupe 2026-02-23 - 2026-02-23, 48.0EUR, 1 logements
2026-02-16 06:20:04,567 - INFO - [18055] Worker 2 [GROUPE]: Utilisation ref=GROUPE2 pour appliquer a 3 membres
2026-02-16 06:20:36,523 - INFO - [18058] Worker 4: Traitement groupe 2026-02-27 - 2026-02-27, 78.0EUR, 2 logements
2026-02-16 06:20:36,523 - INFO - [18058] Worker 4 [GROUPE]: Utilisation ref=GROUPE4 pour appliquer a 3 membres
2026-02-16 06:20:58,740 - INFO - [18057] Worker 3: Traitement groupe 2026-02-22 - 2026-02-22, 70.0EUR, 1 logements
2026-02-16 06:20:58,742 - INFO - [18057] Worker 3 [GROUPE]: Utilisation ref=GROUPE3 pour appliquer a 5 membres
2026-02-16 06:20:59,079 - INFO - [18055] Worker 2: Traitement groupe 2026-02-23 - 2026-02-23, 53.0EUR, 1 logements
2026-02-16 06:20:59,080 - INFO - [18055] Worker 2 [GROUPE]: Utilisation ref=GROUPE2 pour appliquer a 3 membres
2026-02-16 06:21:02,621 - INFO - [18051] Worker 1: Traitement groupe 2026-02-21 - 2026-02-21, 59.0EUR, 2 logements
2026-02-16 06:21:02,623 - INFO - [18051] Worker 1 [GROUPE]: Utilisation ref=GROUPE1 pour appliquer a 6 membres
2026-02-16 06:21:23,497 - INFO - [18058] Worker 4: Traitement groupe 2026-02-27 - 2026-02-27, 82.0EUR, 1 logements
2026-02-16 06:21:23,498 - INFO - [18058] Worker 4 [GROUPE]: Utilisation ref=GROUPE4 pour appliquer a 3 membres
2026-02-16 06:21:53,000 - INFO - [18055] Worker 2: Traitement groupe 2026-02-23 - 2026-02-23, 56.0EUR, 1 logements
2026-02-16 06:21:53,001 - INFO - [18055] Worker 2 [GROUPE]: Utilisation ref=GROUPE2 pour appliquer a 3 membres
2026-02-16 06:21:58,428 - INFO - [18057] Worker 3: Traitement groupe 2026-02-23 - 2026-02-23, 72.0EUR, 3 logements
2026-02-16 06:21:58,429 - INFO - [18057] Worker 3 [GROUPE]: Utilisation ref=GROUPE3 pour appliquer a 5 membres
2026-02-16 06:22:02,532 - INFO - [18051] Worker 1: Traitement groupe 2026-02-21 - 2026-02-21, 63.0EUR, 1 logements
2026-02-16 06:22:02,532 - INFO - [18051] Worker 1 [GROUPE]: Utilisation ref=GROUPE1 pour appliquer a 6 membres
2026-02-16 06:22:12,407 - INFO - [18058] Worker 4: Traitement groupe 2026-02-28 - 2026-02-28, 78.0EUR, 2 logements
2026-02-16 06:22:12,650 - INFO - [18058] Worker 4 [GROUPE]: Utilisation ref=GROUPE4 pour appliquer a 3 membres
2026-02-16 06:22:49,088 - INFO - [18055] Worker 2: Traitement groupe 2026-02-24 - 2026-02-24, 48.0EUR, 1 logements
2026-02-16 06:22:49,089 - INFO - [18055] Worker 2 [GROUPE]: Utilisation ref=GROUPE2 pour appliquer a 3 membres
2026-02-16 06:22:55,400 - INFO - [18057] Worker 3: Traitement groupe 2026-02-23 - 2026-02-23, 77.0EUR, 1 logements
2026-02-16 06:22:55,401 - INFO - [18057] Worker 3 [GROUPE]: Utilisation ref=GROUPE3 pour appliquer a 5 membres
2026-02-16 06:22:58,190 - INFO - [18051] Worker 1: Traitement groupe 2026-02-21 - 2026-02-21, 70.0EUR, 1 logements
2026-02-16 06:22:58,191 - INFO - [18051] Worker 1 [GROUPE]: Utilisation ref=GROUPE1 pour appliquer a 6 membres
2026-02-16 06:23:02,705 - INFO - [18058] Worker 4: Traitement groupe 2026-02-28 - 2026-02-28, 82.0EUR, 1 logements
2026-02-16 06:23:02,706 - INFO - [18058] Worker 4 [GROUPE]: Utilisation ref=GROUPE4 pour appliquer a 3 membres
2026-02-16 06:23:39,364 - INFO - [18055] Worker 2: Traitement groupe 2026-02-24 - 2026-02-24, 53.0EUR, 1 logements
2026-02-16 06:23:39,366 - INFO - [18055] Worker 2 [GROUPE]: Utilisation ref=GROUPE2 pour appliquer a 3 membres
2026-02-16 06:23:53,108 - INFO - [18058] Worker 4: Traitement groupe 2026-03-01 - 2026-03-01, 58.0EUR, 2 logements
2026-02-16 06:23:53,109 - INFO - [18058] Worker 4 [GROUPE]: Utilisation ref=GROUPE4 pour appliquer a 3 membres
2026-02-16 06:23:56,615 - INFO - [18057] Worker 3: Traitement groupe 2026-02-23 - 2026-02-23, 89.0EUR, 1 logements
2026-02-16 06:23:56,616 - INFO - [18057] Worker 3 [GROUPE]: Utilisation ref=GROUPE3 pour appliquer a 5 membres
2026-02-16 06:24:00,668 - INFO - [18051] Worker 1: Traitement groupe 2026-02-21 - 2026-02-21, 73.0EUR, 2 logements
2026-02-16 06:24:00,670 - INFO - [18051] Worker 1 [GROUPE]: Utilisation ref=GROUPE1 pour appliquer a 6 membres
2026-02-16 06:24:30,936 - INFO - [18055] Worker 2: Traitement groupe 2026-02-24 - 2026-02-24, 56.0EUR, 1 logements
2026-02-16 06:24:33,002 - INFO - [18055] Worker 2 [GROUPE]: Utilisation ref=GROUPE2 pour appliquer a 3 membres
2026-02-16 06:24:41,695 - INFO - [18058] Worker 4: Traitement groupe 2026-03-01 - 2026-03-01, 61.0EUR, 1 logements
2026-02-16 06:24:41,697 - INFO - [18058] Worker 4 [GROUPE]: Utilisation ref=GROUPE4 pour appliquer a 3 membres
2026-02-16 06:24:50,412 - INFO - [18057] Worker 3: Traitement groupe 2026-02-24 - 2026-02-24, 72.0EUR, 3 logements
2026-02-16 06:24:50,413 - INFO - [18057] Worker 3 [GROUPE]: Utilisation ref=GROUPE3 pour appliquer a 5 membres
2026-02-16 06:24:56,307 - INFO - [18051] Worker 1: Traitement groupe 2026-02-22 - 2026-02-22, 49.0EUR, 2 logements
2026-02-16 06:24:56,309 - INFO - [18051] Worker 1 [GROUPE]: Utilisation ref=GROUPE1 pour appliquer a 6 membres
2026-02-16 06:25:25,876 - INFO - [18055] Worker 2: Traitement groupe 2026-02-25 - 2026-02-25, 48.0EUR, 1 logements
2026-02-16 06:25:25,880 - INFO - [18055] Worker 2 [GROUPE]: Utilisation ref=GROUPE2 pour appliquer a 3 membres
2026-02-16 06:25:29,944 - INFO - [18058] Worker 4: Traitement groupe 2026-03-02 - 2026-03-02, 73.0EUR, 2 logements
2026-02-16 06:25:29,945 - INFO - [18058] Worker 4 [GROUPE]: Utilisation ref=GROUPE4 pour appliquer a 3 membres
2026-02-16 06:25:48,834 - INFO - [18057] Worker 3: Traitement groupe 2026-02-24 - 2026-02-24, 77.0EUR, 1 logements
2026-02-16 06:25:48,837 - INFO - [18057] Worker 3 [GROUPE]: Utilisation ref=GROUPE3 pour appliquer a 5 membres
2026-02-16 06:25:53,045 - INFO - [18051] Worker 1: Traitement groupe 2026-02-22 - 2026-02-22, 52.0EUR, 1 logements
2026-02-16 06:25:53,046 - INFO - [18051] Worker 1 [GROUPE]: Utilisation ref=GROUPE1 pour appliquer a 6 membres
2026-02-16 06:26:16,374 - INFO - [18055] Worker 2: Traitement groupe 2026-02-25 - 2026-02-25, 53.0EUR, 1 logements
2026-02-16 06:26:16,375 - INFO - [18055] Worker 2 [GROUPE]: Utilisation ref=GROUPE2 pour appliquer a 3 membres
2026-02-16 06:26:20,536 - INFO - [18058] Worker 4: Traitement groupe 2026-03-02 - 2026-03-02, 78.0EUR, 1 logements
2026-02-16 06:26:20,537 - INFO - [18058] Worker 4 [GROUPE]: Utilisation ref=GROUPE4 pour appliquer a 3 membres
2026-02-16 06:26:46,704 - INFO - [18057] Worker 3: Traitement groupe 2026-02-24 - 2026-02-24, 89.0EUR, 1 logements
2026-02-16 06:26:46,705 - INFO - [18057] Worker 3 [GROUPE]: Utilisation ref=GROUPE3 pour appliquer a 5 membres
2026-02-16 06:26:47,632 - INFO - [18051] Worker 1: Traitement groupe 2026-02-22 - 2026-02-22, 58.0EUR, 1 logements
2026-02-16 06:26:47,633 - INFO - [18051] Worker 1 [GROUPE]: Utilisation ref=GROUPE1 pour appliquer a 6 membres
2026-02-16 06:27:06,398 - INFO - [18055] Worker 2: Traitement groupe 2026-02-25 - 2026-02-25, 56.0EUR, 1 logements
2026-02-16 06:27:06,400 - INFO - [18055] Worker 2 [GROUPE]: Utilisation ref=GROUPE2 pour appliquer a 3 membres
2026-02-16 06:27:07,077 - INFO - [18058] Worker 4: Traitement groupe 2026-03-03 - 2026-03-03, 73.0EUR, 2 logements
2026-02-16 06:27:07,079 - INFO - [18058] Worker 4 [GROUPE]: Utilisation ref=GROUPE4 pour appliquer a 3 membres
2026-02-16 06:27:46,988 - INFO - [18057] Worker 3: Traitement groupe 2026-02-25 - 2026-02-25, 72.0EUR, 3 logements
2026-02-16 06:27:46,989 - INFO - [18057] Worker 3 [GROUPE]: Utilisation ref=GROUPE3 pour appliquer a 5 membres
2026-02-16 06:27:51,879 - INFO - [18051] Worker 1: Traitement groupe 2026-02-22 - 2026-02-22, 60.0EUR, 2 logements
2026-02-16 06:27:51,880 - INFO - [18051] Worker 1 [GROUPE]: Utilisation ref=GROUPE1 pour appliquer a 6 membres
2026-02-16 06:28:01,050 - INFO - [18058] Worker 4: Traitement groupe 2026-03-03 - 2026-03-03, 78.0EUR, 1 logements
2026-02-16 06:28:01,051 - INFO - [18058] Worker 4 [GROUPE]: Utilisation ref=GROUPE4 pour appliquer a 3 membres
2026-02-16 06:28:05,169 - INFO - [18055] Worker 2: Traitement groupe 2026-02-26 - 2026-02-26, 48.0EUR, 1 logements
2026-02-16 06:28:05,171 - INFO - [18055] Worker 2 [GROUPE]: Utilisation ref=GROUPE2 pour appliquer a 3 membres
2026-02-16 06:28:47,832 - INFO - [18057] Worker 3: Traitement groupe 2026-02-25 - 2026-02-25, 77.0EUR, 1 logements
2026-02-16 06:28:47,833 - INFO - [18057] Worker 3 [GROUPE]: Utilisation ref=GROUPE3 pour appliquer a 5 membres
2026-02-16 06:28:54,152 - INFO - [18051] Worker 1: Traitement groupe 2026-02-23 - 2026-02-23, 61.0EUR, 2 logements
2026-02-16 06:28:54,152 - INFO - [18051] Worker 1 [GROUPE]: Utilisation ref=GROUPE1 pour appliquer a 6 membres
2026-02-16 06:28:54,454 - INFO - [18058] Worker 4: Traitement groupe 2026-03-04 - 2026-03-04, 73.0EUR, 2 logements
2026-02-16 06:28:54,455 - INFO - [18058] Worker 4 [GROUPE]: Utilisation ref=GROUPE4 pour appliquer a 3 membres
2026-02-16 06:28:55,243 - INFO - [18055] Worker 2: Traitement groupe 2026-02-26 - 2026-02-26, 53.0EUR, 1 logements
2026-02-16 06:28:55,245 - INFO - [18055] Worker 2 [GROUPE]: Utilisation ref=GROUPE2 pour appliquer a 3 membres
2026-02-16 06:29:45,852 - INFO - [18057] Worker 3: Traitement groupe 2026-02-25 - 2026-02-25, 89.0EUR, 1 logements
2026-02-16 06:29:45,960 - INFO - [18057] Worker 3 [GROUPE]: Utilisation ref=GROUPE3 pour appliquer a 5 membres
2026-02-16 06:29:53,936 - INFO - [18058] Worker 4: Traitement groupe 2026-03-04 - 2026-03-04, 78.0EUR, 1 logements
2026-02-16 06:29:53,937 - INFO - [18058] Worker 4 [GROUPE]: Utilisation ref=GROUPE4 pour appliquer a 3 membres
2026-02-16 06:29:54,010 - INFO - [18051] Worker 1: Traitement groupe 2026-02-23 - 2026-02-23, 65.0EUR, 1 logements
2026-02-16 06:29:54,011 - INFO - [18051] Worker 1 [GROUPE]: Utilisation ref=GROUPE1 pour appliquer a 6 membres
2026-02-16 06:29:56,828 - INFO - [18055] Worker 2: Traitement groupe 2026-02-26 - 2026-02-26, 56.0EUR, 1 logements
2026-02-16 06:29:56,829 - INFO - [18055] Worker 2 [GROUPE]: Utilisation ref=GROUPE2 pour appliquer a 3 membres
2026-02-16 06:30:50,012 - INFO - [18058] Worker 4: Traitement groupe 2026-03-05 - 2026-03-05, 73.0EUR, 2 logements
2026-02-16 06:30:50,012 - INFO - [18057] Worker 3: Traitement groupe 2026-02-26 - 2026-02-26, 72.0EUR, 3 logements
2026-02-16 06:30:50,948 - INFO - [18057] Worker 3 [GROUPE]: Utilisation ref=GROUPE3 pour appliquer a 5 membres
2026-02-16 06:30:50,949 - INFO - [18058] Worker 4 [GROUPE]: Utilisation ref=GROUPE4 pour appliquer a 3 membres
2026-02-16 06:30:54,496 - INFO - [18051] Worker 1: Traitement groupe 2026-02-23 - 2026-02-23, 72.0EUR, 1 logements
2026-02-16 06:30:54,498 - INFO - [18051] Worker 1 [GROUPE]: Utilisation ref=GROUPE1 pour appliquer a 6 membres
2026-02-16 06:30:57,498 - INFO - [18055] Worker 2: Traitement groupe 2026-02-27 - 2026-02-27, 57.0EUR, 1 logements
2026-02-16 06:30:57,499 - INFO - [18055] Worker 2 [GROUPE]: Utilisation ref=GROUPE2 pour appliquer a 3 membres
2026-02-16 06:31:40,067 - INFO - [18058] Worker 4: Traitement groupe 2026-03-05 - 2026-03-05, 78.0EUR, 1 logements
2026-02-16 06:31:40,068 - INFO - [18058] Worker 4 [GROUPE]: Utilisation ref=GROUPE4 pour appliquer a 3 membres
2026-02-16 06:31:44,343 - INFO - [18057] Worker 3: Traitement groupe 2026-02-26 - 2026-02-26, 77.0EUR, 1 logements
2026-02-16 06:31:44,344 - INFO - [18057] Worker 3 [GROUPE]: Utilisation ref=GROUPE3 pour appliquer a 5 membres
2026-02-16 06:31:50,092 - INFO - [18055] Worker 2: Traitement groupe 2026-02-27 - 2026-02-27, 64.0EUR, 1 logements
2026-02-16 06:31:50,093 - INFO - [18055] Worker 2 [GROUPE]: Utilisation ref=GROUPE2 pour appliquer a 3 membres
2026-02-16 06:31:56,199 - INFO - [18051] Worker 1: Traitement groupe 2026-02-23 - 2026-02-23, 75.0EUR, 2 logements
2026-02-16 06:31:56,200 - INFO - [18051] Worker 1 [GROUPE]: Utilisation ref=GROUPE1 pour appliquer a 6 membres
2026-02-16 06:32:28,974 - INFO - [18058] Worker 4: Traitement groupe 2026-03-06 - 2026-03-06, 84.0EUR, 2 logements
2026-02-16 06:32:29,381 - INFO - [18058] Worker 4 [GROUPE]: Utilisation ref=GROUPE4 pour appliquer a 3 membres
2026-02-16 06:32:43,620 - INFO - [18055] Worker 2: Traitement groupe 2026-02-27 - 2026-02-27, 67.0EUR, 1 logements
2026-02-16 06:32:43,865 - INFO - [18055] Worker 2 [GROUPE]: Utilisation ref=GROUPE2 pour appliquer a 3 membres
2026-02-16 06:32:44,816 - INFO - [18057] Worker 3: Traitement groupe 2026-02-26 - 2026-02-26, 89.0EUR, 1 logements
2026-02-16 06:32:44,817 - INFO - [18057] Worker 3 [GROUPE]: Utilisation ref=GROUPE3 pour appliquer a 5 membres
2026-02-16 06:32:55,757 - INFO - [18051] Worker 1: Traitement groupe 2026-02-24 - 2026-02-24, 61.0EUR, 2 logements
2026-02-16 06:32:55,932 - INFO - [18051] Worker 1 [GROUPE]: Utilisation ref=GROUPE1 pour appliquer a 6 membres
2026-02-16 06:33:20,058 - INFO - [18058] Worker 4: Traitement groupe 2026-03-06 - 2026-03-06, 89.0EUR, 1 logements
2026-02-16 06:33:20,059 - INFO - [18058] Worker 4 [GROUPE]: Utilisation ref=GROUPE4 pour appliquer a 3 membres
2026-02-16 06:33:39,988 - INFO - [18055] Worker 2: Traitement groupe 2026-02-28 - 2026-02-28, 57.0EUR, 1 logements
2026-02-16 06:33:39,989 - INFO - [18055] Worker 2 [GROUPE]: Utilisation ref=GROUPE2 pour appliquer a 3 membres
2026-02-16 06:33:41,925 - INFO - [18057] Worker 3: Traitement groupe 2026-02-27 - 2026-02-27, 83.0EUR, 3 logements
2026-02-16 06:33:41,926 - INFO - [18057] Worker 3 [GROUPE]: Utilisation ref=GROUPE3 pour appliquer a 5 membres
2026-02-16 06:33:54,128 - INFO - [18051] Worker 1: Traitement groupe 2026-02-24 - 2026-02-24, 65.0EUR, 1 logements
2026-02-16 06:33:54,414 - INFO - [18051] Worker 1 [GROUPE]: Utilisation ref=GROUPE1 pour appliquer a 6 membres
2026-02-16 06:34:10,916 - INFO - [18058] Worker 4: Traitement groupe 2026-03-07 - 2026-03-07, 84.0EUR, 2 logements
2026-02-16 06:34:10,916 - INFO - [18058] Worker 4 [GROUPE]: Utilisation ref=GROUPE4 pour appliquer a 3 membres
2026-02-16 06:34:37,935 - INFO - [18055] Worker 2: Traitement groupe 2026-02-28 - 2026-02-28, 64.0EUR, 1 logements
2026-02-16 06:34:37,936 - INFO - [18055] Worker 2 [GROUPE]: Utilisation ref=GROUPE2 pour appliquer a 3 membres
2026-02-16 06:34:45,957 - INFO - [18057] Worker 3: Traitement groupe 2026-02-27 - 2026-02-27, 88.0EUR, 1 logements
2026-02-16 06:34:46,356 - INFO - [18057] Worker 3 [GROUPE]: Utilisation ref=GROUPE3 pour appliquer a 5 membres
2026-02-16 06:34:54,991 - INFO - [18051] Worker 1: Traitement groupe 2026-02-24 - 2026-02-24, 72.0EUR, 1 logements
2026-02-16 06:34:54,992 - INFO - [18051] Worker 1 [GROUPE]: Utilisation ref=GROUPE1 pour appliquer a 6 membres
2026-02-16 06:34:59,860 - INFO - [18058] Worker 4: Traitement groupe 2026-03-07 - 2026-03-07, 89.0EUR, 1 logements
2026-02-16 06:34:59,861 - INFO - [18058] Worker 4 [GROUPE]: Utilisation ref=GROUPE4 pour appliquer a 3 membres
2026-02-16 06:35:35,830 - INFO - [18055] Worker 2: Traitement groupe 2026-02-28 - 2026-02-28, 67.0EUR, 1 logements
2026-02-16 06:35:35,834 - INFO - [18055] Worker 2 [GROUPE]: Utilisation ref=GROUPE2 pour appliquer a 3 membres
2026-02-16 06:35:44,720 - INFO - [18057] Worker 3: Traitement groupe 2026-02-27 - 2026-02-27, 103.0EUR, 1 logements
2026-02-16 06:35:44,724 - INFO - [18057] Worker 3 [GROUPE]: Utilisation ref=GROUPE3 pour appliquer a 5 membres
2026-02-16 06:35:51,679 - INFO - [18058] Worker 4: Traitement groupe 2026-03-08 - 2026-03-08, 64.0EUR, 2 logements
2026-02-16 06:35:51,680 - INFO - [18058] Worker 4 [GROUPE]: Utilisation ref=GROUPE4 pour appliquer a 3 membres
2026-02-16 06:35:53,002 - INFO - [18051] Worker 1: Traitement groupe 2026-02-24 - 2026-02-24, 75.0EUR, 2 logements
2026-02-16 06:35:53,004 - INFO - [18051] Worker 1 [GROUPE]: Utilisation ref=GROUPE1 pour appliquer a 6 membres
2026-02-16 06:36:34,006 - INFO - [18055] Worker 2: Traitement groupe 2026-03-01 - 2026-03-01, 37.0EUR, 1 logements
2026-02-16 06:36:34,007 - INFO - [18055] Worker 2 [GROUPE]: Utilisation ref=GROUPE2 pour appliquer a 3 membres
2026-02-16 06:36:45,840 - INFO - [18057] Worker 3: Traitement groupe 2026-02-28 - 2026-02-28, 83.0EUR, 3 logements
2026-02-16 06:36:45,850 - INFO - [18057] Worker 3 [GROUPE]: Utilisation ref=GROUPE3 pour appliquer a 5 membres
2026-02-16 06:36:52,516 - INFO - [18058] Worker 4: Traitement groupe 2026-03-08 - 2026-03-08, 67.0EUR, 1 logements
2026-02-16 06:36:52,517 - INFO - [18058] Worker 4 [GROUPE]: Utilisation ref=GROUPE4 pour appliquer a 3 membres
2026-02-16 06:36:58,476 - INFO - [18051] Worker 1: Traitement groupe 2026-02-25 - 2026-02-25, 61.0EUR, 2 logements
2026-02-16 06:36:58,479 - INFO - [18051] Worker 1 [GROUPE]: Utilisation ref=GROUPE1 pour appliquer a 6 membres
2026-02-16 06:37:39,392 - INFO - [18055] Worker 2: Traitement groupe 2026-03-01 - 2026-03-01, 42.0EUR, 1 logements
2026-02-16 06:37:40,171 - INFO - [18055] Worker 2 [GROUPE]: Utilisation ref=GROUPE2 pour appliquer a 3 membres
2026-02-16 06:37:46,935 - INFO - [18057] Worker 3: Traitement groupe 2026-02-28 - 2026-02-28, 88.0EUR, 1 logements
2026-02-16 06:37:46,940 - INFO - [18057] Worker 3 [GROUPE]: Utilisation ref=GROUPE3 pour appliquer a 5 membres
2026-02-16 06:37:51,182 - INFO - [18058] Worker 4: Traitement groupe 2026-03-09 - 2026-03-09, 73.0EUR, 2 logements
2026-02-16 06:37:52,043 - INFO - [18058] Worker 4 [GROUPE]: Utilisation ref=GROUPE4 pour appliquer a 3 membres
2026-02-16 06:38:04,810 - INFO - [18051] Worker 1: Traitement groupe 2026-02-25 - 2026-02-25, 65.0EUR, 1 logements
2026-02-16 06:38:05,375 - INFO - [18051] Worker 1 [GROUPE]: Utilisation ref=GROUPE1 pour appliquer a 6 membres
2026-02-16 06:39:21,274 - INFO - [18057] Worker 3: Traitement groupe 2026-02-28 - 2026-02-28, 103.0EUR, 1 logements
2026-02-16 06:39:21,275 - INFO - [18055] Worker 2: Traitement groupe 2026-03-01 - 2026-03-01, 44.0EUR, 1 logements
2026-02-16 06:39:21,275 - INFO - [18058] Worker 4: Traitement groupe 2026-03-09 - 2026-03-09, 78.0EUR, 1 logements
2026-02-16 06:39:21,854 - INFO - [18055] Worker 2 [GROUPE]: Utilisation ref=GROUPE2 pour appliquer a 3 membres
2026-02-16 06:39:21,856 - INFO - [18058] Worker 4 [GROUPE]: Utilisation ref=GROUPE4 pour appliquer a 3 membres
2026-02-16 06:39:21,854 - INFO - [18057] Worker 3 [GROUPE]: Utilisation ref=GROUPE3 pour appliquer a 5 membres
2026-02-16 06:40:12,149 - INFO - [18051] Worker 1: Traitement groupe 2026-02-25 - 2026-02-25, 72.0EUR, 1 logements
2026-02-16 06:40:12,925 - INFO - [18051] Worker 1 [GROUPE]: Utilisation ref=GROUPE1 pour appliquer a 6 membres
2026-02-16 06:41:35,230 - INFO - [18055] Worker 2: Traitement groupe 2026-03-02 - 2026-03-02, 52.0EUR, 1 logements
2026-02-16 06:41:35,230 - INFO - [18058] Worker 4: Traitement groupe 2026-03-10 - 2026-03-10, 73.0EUR, 2 logements
2026-02-16 06:41:35,456 - INFO - [18058] Worker 4 [GROUPE]: Utilisation ref=GROUPE4 pour appliquer a 3 membres
2026-02-16 06:41:35,456 - INFO - [18055] Worker 2 [GROUPE]: Utilisation ref=GROUPE2 pour appliquer a 3 membres
2026-02-16 06:42:00,095 - INFO - [18057] Worker 3: Traitement groupe 2026-03-01 - 2026-03-01, 63.0EUR, 3 logements
2026-02-16 06:42:00,403 - INFO - [18057] Worker 3 [GROUPE]: Utilisation ref=GROUPE3 pour appliquer a 5 membres
2026-02-16 06:43:13,798 - INFO - [18058] Worker 4: Traitement groupe 2026-03-10 - 2026-03-10, 78.0EUR, 1 logements
2026-02-16 06:43:13,798 - INFO - [18055] Worker 2: Traitement groupe 2026-03-02 - 2026-03-02, 58.0EUR, 1 logements
2026-02-16 06:43:15,101 - INFO - [18055] Worker 2 [GROUPE]: Utilisation ref=GROUPE2 pour appliquer a 3 membres
2026-02-16 06:43:15,101 - INFO - [18058] Worker 4 [GROUPE]: Utilisation ref=GROUPE4 pour appliquer a 3 membres
2026-02-16 06:43:44,353 - INFO - [18057] Worker 3: Traitement groupe 2026-03-01 - 2026-03-01, 66.0EUR, 1 logements
2026-02-16 06:43:44,537 - INFO - [18057] Worker 3 [GROUPE]: Utilisation ref=GROUPE3 pour appliquer a 5 membres
2026-02-16 06:45:04,107 - INFO - [18051] Signal d'arret recu
2026-02-16 06:45:04,107 - INFO - [18057] Signal d'arret recu
2026-02-16 06:45:04,107 - INFO - [18058] Signal d'arret recu
2026-02-16 06:45:04,107 - INFO - [18055] Signal d'arret recu
2026-02-16 06:45:04,107 - INFO - [18061] Signal d'arret recu
2026-02-16 06:45:04,107 - INFO - [18045] Signal d'arret recu
2026-02-16 06:45:04,609 - INFO - [18045] Arret demande pour tous les workers...
2026-02-16 06:45:04,720 - INFO - [18051] Arret demande pour tous les workers...
2026-02-16 06:45:04,720 - INFO - [18057] Arret demande pour tous les workers...
2026-02-16 06:45:04,721 - INFO - [18055] Arret demande pour tous les workers...
2026-02-16 06:45:04,721 - INFO - [18058] Arret demande pour tous les workers...
2026-02-16 06:45:04,723 - INFO - [18061] Arret demande pour tous les workers...
Process ForkProcess-6:
Traceback (most recent call last):
  File "/usr/lib/python3.9/multiprocessing/managers.py", line 801, in _callmethod
    conn = self._tls.connection
AttributeError: 'ForkAwareLocal' object has no attribute 'connection'

During handling of the above exception, another exception occurred:

Traceback (most recent call last):
  File "/usr/lib/python3.9/multiprocessing/process.py", line 315, in _bootstrap
    self.run()
  File "/usr/lib/python3.9/multiprocessing/process.py", line 108, in run
    self._target(*self._args, **self._kwargs)
  File "/usr/lib/python3.9/concurrent/futures/process.py", line 237, in _process_worker
    call_item = call_queue.get(block=True)
  File "/usr/lib/python3.9/multiprocessing/queues.py", line 103, in get
    res = self._recv_bytes()
  File "/usr/lib/python3.9/multiprocessing/connection.py", line 216, in recv_bytes
    buf = self._recv_bytes(maxlength)
  File "/usr/lib/python3.9/multiprocessing/connection.py", line 414, in _recv_bytes
    buf = self._recv(4)
  File "/usr/lib/python3.9/multiprocessing/connection.py", line 379, in _recv
    chunk = read(handle, remaining)
  File "/home/raphael/sms_project/scripts/selenium/superhote_worker_pool.py", line 905, in signal_handler
    pool.stop()
  File "/home/raphael/sms_project/scripts/selenium/superhote_worker_pool.py", line 857, in stop
    self.stop_event.set()
  File "/usr/lib/python3.9/multiprocessing/managers.py", line 1080, in set
    return self._callmethod('set')
  File "/usr/lib/python3.9/multiprocessing/managers.py", line 805, in _callmethod
    self._connect()
  File "/usr/lib/python3.9/multiprocessing/managers.py", line 792, in _connect
    conn = self._Client(self._token.address, authkey=self._authkey)
  File "/usr/lib/python3.9/multiprocessing/connection.py", line 502, in Client
    c = SocketClient(address)
  File "/usr/lib/python3.9/multiprocessing/connection.py", line 630, in SocketClient
    s.connect(address)
ConnectionRefusedError: [Errno 111] Connection refused
2026-02-16 06:45:05,871 - INFO - [18051] Signal d'arret recu
2026-02-16 06:45:05,871 - INFO - [18055] Signal d'arret recu
2026-02-16 06:45:05,871 - INFO - [18057] Signal d'arret recu
2026-02-16 06:45:05,872 - INFO - [18051] Arret demande pour tous les workers...
2026-02-16 06:45:05,872 - INFO - [18055] Arret demande pour tous les workers...
2026-02-16 06:45:05,872 - INFO - [18057] Arret demande pour tous les workers...
2026-02-16 06:45:05,872 - INFO - [18058] Signal d'arret recu
2026-02-16 06:45:05,872 - INFO - [18058] Arret demande pour tous les workers...
2026-02-16 06:45:05,873 - ERROR - [18051] Erreur connexion BDD: (2013, 'Lost connection to MySQL server during query ([Errno 32] Broken pipe)')
2026-02-16 06:45:05,873 - ERROR - [18055] Erreur connexion BDD: (2013, 'Lost connection to MySQL server during query ([Errno 32] Broken pipe)')
2026-02-16 06:45:05,873 - ERROR - [18057] Erreur connexion BDD: (2013, 'Lost connection to MySQL server during query ([Errno 32] Broken pipe)')
2026-02-16 06:45:05,874 - ERROR - [18058] Erreur connexion BDD: (2013, 'Lost connection to MySQL server during query ([Errno 32] Broken pipe)')
2026-02-16 06:45:07,876 - ERROR - [18057] Worker 3: Erreur fatale - [Errno 32] Broken pipe
2026-02-16 06:45:07,876 - ERROR - [18051] Worker 1: Erreur fatale - [Errno 32] Broken pipe
2026-02-16 06:45:07,876 - ERROR - [18055] Worker 2: Erreur fatale - [Errno 32] Broken pipe
2026-02-16 06:45:07,877 - ERROR - [18058] Worker 4: Erreur fatale - [Errno 32] Broken pipe
Traceback (most recent call last):
  File "/usr/lib/python3.9/multiprocessing/managers.py", line 801, in _callmethod
    conn = self._tls.connection
AttributeError: 'ForkAwareLocal' object has no attribute 'connection'

During handling of the above exception, another exception occurred:

Traceback (most recent call last):
  File "/home/raphael/sms_project/scripts/selenium/superhote_worker_pool.py", line 928, in <module>
    main()
  File "/home/raphael/sms_project/scripts/selenium/superhote_worker_pool.py", line 922, in main
    stats = pool.run()
  File "/home/raphael/sms_project/scripts/selenium/superhote_worker_pool.py", line 827, in run
    for future in as_completed(futures):
  File "/usr/lib/python3.9/concurrent/futures/_base.py", line 245, in as_completed
    waiter.event.wait(wait_timeout)
  File "/usr/lib/python3.9/threading.py", line 574, in wait
    signaled = self._cond.wait(timeout)
  File "/usr/lib/python3.9/threading.py", line 312, in wait
    waiter.acquire()
  File "/home/raphael/sms_project/scripts/selenium/superhote_worker_pool.py", line 905, in signal_handler
    pool.stop()
  File "/home/raphael/sms_project/scripts/selenium/superhote_worker_pool.py", line 857, in stop
    self.stop_event.set()
  File "/usr/lib/python3.9/multiprocessing/managers.py", line 1080, in set
    return self._callmethod('set')
  File "/usr/lib/python3.9/multiprocessing/managers.py", line 805, in _callmethod
    self._connect()
  File "/usr/lib/python3.9/multiprocessing/managers.py", line 792, in _connect
    conn = self._Client(self._token.address, authkey=self._authkey)
  File "/usr/lib/python3.9/multiprocessing/connection.py", line 502, in Client
    c = SocketClient(address)
  File "/usr/lib/python3.9/multiprocessing/connection.py", line 630, in SocketClient
    s.connect(address)
ConnectionRefusedError: [Errno 111] Connection refused
