[2026-02-15 06:00:01] ==========================================
[2026-02-15 06:00:01] Debut de la mise a jour des prix Superhote
[2026-02-15 06:00:01] ==========================================
[2026-02-15 06:00:01] Etape 1: Generation des prix...
[2026-02-15 05:00:01] Generation des prix Superhote
  Regles chargees: 8 saisons, 12 jours feries, 5 regles occupation
  - Logement 13: 31 mises a jour
  - Logement 14: 31 mises a jour
  - Logement 16: 31 mises a jour
  - Logement 15: 31 mises a jour
  - Logement 17: 31 mises a jour
  - Logement 2: 31 mises a jour
  - Logement 19: 31 mises a jour
  - Logement 10: 31 mises a jour
  - Logement 11: 31 mises a jour
  - Logement 8: 31 mises a jour
  - Logement 37: 31 mises a jour
  - Logement 33: 31 mises a jour
  - Logement 12: 31 mises a jour
  - Logement 23: 31 mises a jour
  - Logement 42: 31 mises a jour
  - Logement 21: 31 mises a jour
  - Logement 7: 31 mises a jour
  - Logement 43: 31 mises a jour
[2026-02-15 05:00:03] Total: 558 mises a jour generees
[2026-02-15 05:00:03] Termine en 1.73s
[2026-02-15 06:00:03]   Generation terminee
[2026-02-15 06:00:03] Etape 2: Application des prix via worker pool...
2026-02-15 06:00:03,851 - INFO - [568] ==================================================
2026-02-15 06:00:03,853 - INFO - [568] DEMARRAGE POOL WORKERS SUPERHOTE
2026-02-15 06:00:03,853 - INFO - [568]   Mode: GROUPE
2026-02-15 06:00:03,853 - INFO - [568]   Max workers: illimite
2026-02-15 06:00:03,853 - INFO - [568] ==================================================
2026-02-15 06:00:03,888 - INFO - [568] Mode GROUPE active (hybride: groupes + orphelins)
2026-02-15 06:00:03,918 - INFO - [568] Groupes avec pending: ['GROUPE1', '__ORPHELINS__', 'GROUPE2', 'GROUPE3', 'GROUPE4']
2026-02-15 06:00:03,923 - INFO - [568] Worker 1 [GROUPE GROUPE1]: 6 logements, ref=GROUPE1
2026-02-15 06:00:03,929 - INFO - [568] Worker 2 [GROUPE GROUPE2]: 3 logements, ref=GROUPE2
2026-02-15 06:00:03,934 - INFO - [568] Worker 3 [GROUPE GROUPE3]: 5 logements, ref=GROUPE3
2026-02-15 06:00:03,939 - INFO - [568] Worker 4 [GROUPE GROUPE4]: 3 logements, ref=GROUPE4
2026-02-15 06:00:03,945 - INFO - [568] Logements sans groupe: 4
2026-02-15 06:00:03,945 - INFO - [568] Worker 5 [STANDARD]: 4 logements orphelins
2026-02-15 06:00:03,945 - INFO - [568] Workers configures: 5 (4 groupes, 1 standards)
2026-02-15 06:00:03,945 - INFO - [568]   Worker 1 [GROUPE GROUPE1]: ref=GROUPE1, membres=['Appartement Neuf Confort & Moderne - Proche Gare', 'Delphin - BLEU - 2', 'Delphin - FAB - 4', 'Delphin - NID - 3', 'Delphin - ZEN - 1', 'Edouard - 4']
2026-02-15 06:00:03,946 - INFO - [568]   Worker 2 [GROUPE GROUPE2]: ref=GROUPE2, membres=['Detti - 1 - RDC', 'DETTI - 2 - ET', 'Studio au pied du Château']
2026-02-15 06:00:03,946 - INFO - [568]   Worker 3 [GROUPE GROUPE3]: ref=GROUPE3, membres=['Alexia - BSM', 'Calme - Wifi - Confort - Vue', 'La compiegnoise', 'Le Repos de Canly', 'Multicolore Logement entier centre ville']
2026-02-15 06:00:03,946 - INFO - [568]   Worker 4 [GROUPE GROUPE4]: ref=GROUPE4, membres=['1306', 'Centre Ville - Wifi - Extérieur - Téléviseurs', 'GROUPE4']
2026-02-15 06:00:03,946 - INFO - [568]   Worker 5 [STANDARD]: ['Delphin - JUN - 5', 'GROUPE1', 'GROUPE2', 'GROUPE3']
2026-02-15 06:00:03,946 - INFO - [568] Lancement de 5 workers en parallele...
2026-02-15 06:00:03,966 - INFO - [577] Worker 1 [GROUPE GROUPE1] demarre - Ref: GROUPE1, Membres: ['Appartement Neuf Confort & Moderne - Proche Gare', 'Delphin - BLEU - 2', 'Delphin - FAB - 4', 'Delphin - NID - 3', 'Delphin - ZEN - 1', 'Edouard - 4']
2026-02-15 06:00:03,971 - INFO - [581] Worker 2 [GROUPE GROUPE2] demarre - Ref: GROUPE2, Membres: ['Detti - 1 - RDC', 'DETTI - 2 - ET', 'Studio au pied du Château']
2026-02-15 06:00:03,989 - INFO - [583] Worker 3 [GROUPE GROUPE3] demarre - Ref: GROUPE3, Membres: ['Alexia - BSM', 'Calme - Wifi - Confort - Vue', 'La compiegnoise', 'Le Repos de Canly', 'Multicolore Logement entier centre ville']
2026-02-15 06:00:03,994 - INFO - [587] Worker 4 [GROUPE GROUPE4] demarre - Ref: GROUPE4, Membres: ['1306', 'Centre Ville - Wifi - Extérieur - Téléviseurs', 'GROUPE4']
2026-02-15 06:00:03,995 - INFO - [588] Worker 5 demarre - Logements: ['Delphin - JUN - 5', 'GROUPE1', 'GROUPE2', 'GROUPE3']
2026-02-15 06:01:58,995 - INFO - [577] Worker 1: Connecte a Superhote
2026-02-15 06:01:59,059 - INFO - [577] Worker 1: 186 mises a jour a traiter
2026-02-15 06:01:59,089 - INFO - [577] Worker 1: 93 groupes de mises a jour (apres fusion)
2026-02-15 06:01:59,093 - INFO - [577] Worker 1: Traitement groupe 2026-02-15 - 2026-02-15, 39.0EUR, 2 logements
2026-02-15 06:01:59,093 - INFO - [577] Worker 1 [GROUPE]: Utilisation ref=GROUPE1 pour appliquer a 6 membres
2026-02-15 06:01:59,178 - INFO - [588] Worker 5: Connecte a Superhote
2026-02-15 06:01:59,203 - INFO - [588] Worker 5: 31 mises a jour a traiter
2026-02-15 06:01:59,219 - INFO - [588] Optimisation: 31 -> 16 operations (fusion dates consecutives)
2026-02-15 06:01:59,220 - INFO - [588] Worker 5: 16 groupes de mises a jour (apres fusion)
2026-02-15 06:01:59,224 - INFO - [588] Worker 5: Traitement groupe 2026-02-15 - 2026-02-15, 69.0EUR, 1 logements
2026-02-15 06:02:02,277 - INFO - [581] Worker 2: Connecte a Superhote
2026-02-15 06:02:02,344 - INFO - [581] Worker 2: 93 mises a jour a traiter
2026-02-15 06:02:02,420 - INFO - [581] Worker 2: 93 groupes de mises a jour (apres fusion)
2026-02-15 06:02:02,432 - INFO - [581] Worker 2: Traitement groupe 2026-02-15 - 2026-02-15, 28.0EUR, 1 logements
2026-02-15 06:02:02,433 - INFO - [581] Worker 2 [GROUPE]: Utilisation ref=GROUPE2 pour appliquer a 3 membres
2026-02-15 06:02:58,445 - ERROR - [583] Worker 3: Echec connexion Superhote
2026-02-15 06:03:00,051 - INFO - [588] Worker 5: Traitement groupe 2026-02-16 - 2026-02-18, 85.0EUR, 1 logements
2026-02-15 06:03:09,352 - ERROR - [587] Worker 4: Echec connexion Superhote
2026-02-15 06:03:26,110 - INFO - [588] Worker 5: Traitement groupe 2026-02-19 - 2026-02-19, 90.0EUR, 1 logements
2026-02-15 06:03:34,386 - INFO - [581] Worker 2: Traitement groupe 2026-02-15 - 2026-02-15, 31.0EUR, 1 logements
2026-02-15 06:03:34,387 - INFO - [581] Worker 2 [GROUPE]: Utilisation ref=GROUPE2 pour appliquer a 3 membres
2026-02-15 06:03:37,239 - INFO - [577] Worker 1: Traitement groupe 2026-02-15 - 2026-02-15, 46.0EUR, 3 logements
2026-02-15 06:03:37,239 - INFO - [577] Worker 1 [GROUPE]: Utilisation ref=GROUPE1 pour appliquer a 6 membres
2026-02-15 06:03:55,637 - INFO - [588] Worker 5: Traitement groupe 2026-02-20 - 2026-02-21, 99.0EUR, 1 logements
2026-02-15 06:04:20,393 - INFO - [588] Worker 5: Traitement groupe 2026-02-22 - 2026-02-22, 85.0EUR, 1 logements
2026-02-15 06:04:25,336 - INFO - [581] Worker 2: Traitement groupe 2026-02-15 - 2026-02-15, 33.0EUR, 1 logements
2026-02-15 06:04:25,336 - INFO - [581] Worker 2 [GROUPE]: Utilisation ref=GROUPE2 pour appliquer a 3 membres
2026-02-15 06:04:30,697 - INFO - [577] Worker 1: Traitement groupe 2026-02-15 - 2026-02-15, 48.0EUR, 1 logements
2026-02-15 06:04:30,698 - INFO - [577] Worker 1 [GROUPE]: Utilisation ref=GROUPE1 pour appliquer a 6 membres
2026-02-15 06:04:45,108 - INFO - [588] Worker 5: Traitement groupe 2026-02-23 - 2026-02-26, 97.0EUR, 1 logements
2026-02-15 06:05:09,692 - INFO - [588] Worker 5: Traitement groupe 2026-02-27 - 2026-02-28, 106.0EUR, 1 logements
2026-02-15 06:05:09,914 - INFO - [581] Worker 2: Traitement groupe 2026-02-16 - 2026-02-16, 41.0EUR, 1 logements
2026-02-15 06:05:09,915 - INFO - [581] Worker 2 [GROUPE]: Utilisation ref=GROUPE2 pour appliquer a 3 membres
2026-02-15 06:05:19,756 - INFO - [577] Worker 1: Traitement groupe 2026-02-16 - 2026-02-16, 49.0EUR, 2 logements
2026-02-15 06:05:19,756 - INFO - [577] Worker 1 [GROUPE]: Utilisation ref=GROUPE1 pour appliquer a 6 membres
2026-02-15 06:05:35,058 - INFO - [588] Worker 5: Traitement groupe 2026-03-01 - 2026-03-01, 92.0EUR, 1 logements
2026-02-15 06:05:40,280 - INFO - [588] Worker 5: Traitement groupe 2026-03-02 - 2026-03-05, 104.0EUR, 1 logements
2026-02-15 06:05:45,067 - INFO - [588] Worker 5: Traitement groupe 2026-03-06 - 2026-03-07, 114.0EUR, 1 logements
2026-02-15 06:05:50,038 - INFO - [588] Worker 5: Traitement groupe 2026-03-08 - 2026-03-08, 92.0EUR, 1 logements
2026-02-15 06:05:55,496 - INFO - [581] Worker 2: Traitement groupe 2026-02-16 - 2026-02-16, 46.0EUR, 1 logements
2026-02-15 06:05:55,497 - INFO - [581] Worker 2 [GROUPE]: Utilisation ref=GROUPE2 pour appliquer a 3 membres
2026-02-15 06:05:55,632 - INFO - [588] Worker 5: Traitement groupe 2026-03-09 - 2026-03-10, 104.0EUR, 1 logements
2026-02-15 06:06:00,643 - INFO - [588] Worker 5: Traitement groupe 2026-03-11 - 2026-03-12, 90.0EUR, 1 logements
2026-02-15 06:06:05,793 - INFO - [588] Worker 5: Traitement groupe 2026-03-13 - 2026-03-14, 99.0EUR, 1 logements
2026-02-15 06:06:08,872 - INFO - [577] Worker 1: Traitement groupe 2026-02-16 - 2026-02-16, 58.0EUR, 3 logements
2026-02-15 06:06:08,873 - INFO - [577] Worker 1 [GROUPE]: Utilisation ref=GROUPE1 pour appliquer a 6 membres
2026-02-15 06:06:11,624 - INFO - [588] Worker 5: Traitement groupe 2026-03-15 - 2026-03-15, 80.0EUR, 1 logements
2026-02-15 06:06:16,507 - INFO - [588] Worker 5: Traitement groupe 2026-03-16 - 2026-03-17, 90.0EUR, 1 logements
2026-02-15 06:06:21,346 - INFO - [588] Worker 5: Termine - 7 OK, 9 echecs
2026-02-15 06:06:47,002 - INFO - [581] Worker 2: Traitement groupe 2026-02-16 - 2026-02-16, 48.0EUR, 1 logements
2026-02-15 06:06:47,003 - INFO - [581] Worker 2 [GROUPE]: Utilisation ref=GROUPE2 pour appliquer a 3 membres
2026-02-15 06:06:59,488 - INFO - [577] Worker 1: Traitement groupe 2026-02-16 - 2026-02-16, 60.0EUR, 1 logements
2026-02-15 06:06:59,489 - INFO - [577] Worker 1 [GROUPE]: Utilisation ref=GROUPE1 pour appliquer a 6 membres
2026-02-15 06:07:31,267 - INFO - [581] Worker 2: Traitement groupe 2026-02-17 - 2026-02-17, 41.0EUR, 1 logements
2026-02-15 06:07:31,268 - INFO - [581] Worker 2 [GROUPE]: Utilisation ref=GROUPE2 pour appliquer a 3 membres
2026-02-15 06:07:47,048 - INFO - [577] Worker 1: Traitement groupe 2026-02-17 - 2026-02-17, 49.0EUR, 2 logements
2026-02-15 06:07:47,048 - INFO - [577] Worker 1 [GROUPE]: Utilisation ref=GROUPE1 pour appliquer a 6 membres
2026-02-15 06:08:15,782 - INFO - [581] Worker 2: Traitement groupe 2026-02-17 - 2026-02-17, 46.0EUR, 1 logements
2026-02-15 06:08:15,782 - INFO - [581] Worker 2 [GROUPE]: Utilisation ref=GROUPE2 pour appliquer a 3 membres
2026-02-15 06:08:34,948 - INFO - [577] Worker 1: Traitement groupe 2026-02-17 - 2026-02-17, 58.0EUR, 3 logements
2026-02-15 06:08:34,949 - INFO - [577] Worker 1 [GROUPE]: Utilisation ref=GROUPE1 pour appliquer a 6 membres
2026-02-15 06:08:59,732 - INFO - [581] Worker 2: Traitement groupe 2026-02-17 - 2026-02-17, 48.0EUR, 1 logements
2026-02-15 06:08:59,732 - INFO - [581] Worker 2 [GROUPE]: Utilisation ref=GROUPE2 pour appliquer a 3 membres
2026-02-15 06:09:21,647 - INFO - [577] Worker 1: Traitement groupe 2026-02-17 - 2026-02-17, 60.0EUR, 1 logements
2026-02-15 06:09:21,648 - INFO - [577] Worker 1 [GROUPE]: Utilisation ref=GROUPE1 pour appliquer a 6 membres
2026-02-15 06:09:43,810 - INFO - [581] Worker 2: Traitement groupe 2026-02-18 - 2026-02-18, 41.0EUR, 1 logements
2026-02-15 06:09:43,811 - INFO - [581] Worker 2 [GROUPE]: Utilisation ref=GROUPE2 pour appliquer a 3 membres
2026-02-15 06:10:09,192 - INFO - [577] Worker 1: Traitement groupe 2026-02-18 - 2026-02-18, 49.0EUR, 2 logements
2026-02-15 06:10:09,193 - INFO - [577] Worker 1 [GROUPE]: Utilisation ref=GROUPE1 pour appliquer a 6 membres
2026-02-15 06:10:28,396 - INFO - [581] Worker 2: Traitement groupe 2026-02-18 - 2026-02-18, 46.0EUR, 1 logements
2026-02-15 06:10:28,396 - INFO - [581] Worker 2 [GROUPE]: Utilisation ref=GROUPE2 pour appliquer a 3 membres
2026-02-15 06:10:56,364 - INFO - [577] Worker 1: Traitement groupe 2026-02-18 - 2026-02-18, 58.0EUR, 3 logements
2026-02-15 06:10:56,365 - INFO - [577] Worker 1 [GROUPE]: Utilisation ref=GROUPE1 pour appliquer a 6 membres
2026-02-15 06:11:13,600 - INFO - [581] Worker 2: Traitement groupe 2026-02-18 - 2026-02-18, 48.0EUR, 1 logements
2026-02-15 06:11:13,601 - INFO - [581] Worker 2 [GROUPE]: Utilisation ref=GROUPE2 pour appliquer a 3 membres
2026-02-15 06:11:43,935 - INFO - [577] Worker 1: Traitement groupe 2026-02-18 - 2026-02-18, 60.0EUR, 1 logements
2026-02-15 06:11:43,936 - INFO - [577] Worker 1 [GROUPE]: Utilisation ref=GROUPE1 pour appliquer a 6 membres
2026-02-15 06:11:58,524 - INFO - [581] Worker 2: Traitement groupe 2026-02-19 - 2026-02-19, 44.0EUR, 1 logements
2026-02-15 06:11:58,524 - INFO - [581] Worker 2 [GROUPE]: Utilisation ref=GROUPE2 pour appliquer a 3 membres
2026-02-15 06:12:30,493 - INFO - [577] Worker 1: Traitement groupe 2026-02-19 - 2026-02-19, 54.0EUR, 2 logements
2026-02-15 06:12:30,493 - INFO - [577] Worker 1 [GROUPE]: Utilisation ref=GROUPE1 pour appliquer a 6 membres
2026-02-15 06:12:45,420 - INFO - [581] Worker 2: Traitement groupe 2026-02-19 - 2026-02-19, 49.0EUR, 1 logements
2026-02-15 06:12:45,420 - INFO - [581] Worker 2 [GROUPE]: Utilisation ref=GROUPE2 pour appliquer a 3 membres
2026-02-15 06:13:20,769 - INFO - [577] Worker 1: Traitement groupe 2026-02-19 - 2026-02-19, 63.0EUR, 3 logements
2026-02-15 06:13:20,770 - INFO - [577] Worker 1 [GROUPE]: Utilisation ref=GROUPE1 pour appliquer a 6 membres
2026-02-15 06:13:30,023 - INFO - [581] Worker 2: Traitement groupe 2026-02-19 - 2026-02-19, 51.0EUR, 1 logements
2026-02-15 06:13:30,024 - INFO - [581] Worker 2 [GROUPE]: Utilisation ref=GROUPE2 pour appliquer a 3 membres
2026-02-15 06:14:07,921 - INFO - [577] Worker 1: Traitement groupe 2026-02-19 - 2026-02-19, 66.0EUR, 1 logements
2026-02-15 06:14:07,922 - INFO - [577] Worker 1 [GROUPE]: Utilisation ref=GROUPE1 pour appliquer a 6 membres
2026-02-15 06:14:14,361 - INFO - [581] Worker 2: Traitement groupe 2026-02-20 - 2026-02-20, 52.0EUR, 1 logements
2026-02-15 06:14:14,362 - INFO - [581] Worker 2 [GROUPE]: Utilisation ref=GROUPE2 pour appliquer a 3 membres
2026-02-15 06:14:55,721 - INFO - [577] Worker 1: Traitement groupe 2026-02-20 - 2026-02-20, 59.0EUR, 2 logements
2026-02-15 06:14:55,723 - INFO - [577] Worker 1 [GROUPE]: Utilisation ref=GROUPE1 pour appliquer a 6 membres
2026-02-15 06:14:59,195 - INFO - [581] Worker 2: Traitement groupe 2026-02-20 - 2026-02-20, 58.0EUR, 1 logements
2026-02-15 06:14:59,196 - INFO - [581] Worker 2 [GROUPE]: Utilisation ref=GROUPE2 pour appliquer a 3 membres
2026-02-15 06:15:44,952 - INFO - [577] Worker 1: Traitement groupe 2026-02-20 - 2026-02-20, 70.0EUR, 3 logements
2026-02-15 06:15:44,953 - INFO - [577] Worker 1 [GROUPE]: Utilisation ref=GROUPE1 pour appliquer a 6 membres
2026-02-15 06:15:45,364 - INFO - [581] Worker 2: Traitement groupe 2026-02-20 - 2026-02-20, 61.0EUR, 1 logements
2026-02-15 06:15:45,365 - INFO - [581] Worker 2 [GROUPE]: Utilisation ref=GROUPE2 pour appliquer a 3 membres
2026-02-15 06:16:32,262 - INFO - [581] Worker 2: Traitement groupe 2026-02-21 - 2026-02-21, 52.0EUR, 1 logements
2026-02-15 06:16:32,263 - INFO - [581] Worker 2 [GROUPE]: Utilisation ref=GROUPE2 pour appliquer a 3 membres
2026-02-15 06:16:34,738 - INFO - [577] Worker 1: Traitement groupe 2026-02-20 - 2026-02-20, 73.0EUR, 1 logements
2026-02-15 06:16:34,738 - INFO - [577] Worker 1 [GROUPE]: Utilisation ref=GROUPE1 pour appliquer a 6 membres
2026-02-15 06:17:19,004 - INFO - [581] Worker 2: Traitement groupe 2026-02-21 - 2026-02-21, 58.0EUR, 1 logements
2026-02-15 06:17:19,005 - INFO - [581] Worker 2 [GROUPE]: Utilisation ref=GROUPE2 pour appliquer a 3 membres
2026-02-15 06:17:22,140 - INFO - [577] Worker 1: Traitement groupe 2026-02-21 - 2026-02-21, 59.0EUR, 2 logements
2026-02-15 06:17:22,141 - INFO - [577] Worker 1 [GROUPE]: Utilisation ref=GROUPE1 pour appliquer a 6 membres
2026-02-15 06:18:03,164 - INFO - [581] Worker 2: Traitement groupe 2026-02-21 - 2026-02-21, 61.0EUR, 1 logements
2026-02-15 06:18:03,165 - INFO - [581] Worker 2 [GROUPE]: Utilisation ref=GROUPE2 pour appliquer a 3 membres
2026-02-15 06:18:09,855 - INFO - [577] Worker 1: Traitement groupe 2026-02-21 - 2026-02-21, 70.0EUR, 3 logements
2026-02-15 06:18:09,856 - INFO - [577] Worker 1 [GROUPE]: Utilisation ref=GROUPE1 pour appliquer a 6 membres
2026-02-15 06:18:47,300 - INFO - [581] Worker 2: Traitement groupe 2026-02-22 - 2026-02-22, 37.0EUR, 1 logements
2026-02-15 06:18:47,300 - INFO - [581] Worker 2 [GROUPE]: Utilisation ref=GROUPE2 pour appliquer a 3 membres
2026-02-15 06:18:58,551 - INFO - [577] Worker 1: Traitement groupe 2026-02-21 - 2026-02-21, 73.0EUR, 1 logements
2026-02-15 06:18:58,552 - INFO - [577] Worker 1 [GROUPE]: Utilisation ref=GROUPE1 pour appliquer a 6 membres
2026-02-15 06:19:37,195 - INFO - [581] Worker 2: Traitement groupe 2026-02-22 - 2026-02-22, 42.0EUR, 1 logements
2026-02-15 06:19:37,195 - INFO - [581] Worker 2 [GROUPE]: Utilisation ref=GROUPE2 pour appliquer a 3 membres
2026-02-15 06:19:50,775 - INFO - [577] Worker 1: Traitement groupe 2026-02-22 - 2026-02-22, 56.0EUR, 2 logements
2026-02-15 06:19:50,776 - INFO - [577] Worker 1 [GROUPE]: Utilisation ref=GROUPE1 pour appliquer a 6 membres
2026-02-15 06:20:23,048 - INFO - [581] Worker 2: Traitement groupe 2026-02-22 - 2026-02-22, 44.0EUR, 1 logements
2026-02-15 06:20:23,050 - INFO - [581] Worker 2 [GROUPE]: Utilisation ref=GROUPE2 pour appliquer a 3 membres
2026-02-15 06:20:39,435 - INFO - [577] Worker 1: Traitement groupe 2026-02-22 - 2026-02-22, 66.0EUR, 3 logements
2026-02-15 06:20:39,436 - INFO - [577] Worker 1 [GROUPE]: Utilisation ref=GROUPE1 pour appliquer a 6 membres
2026-02-15 06:21:08,079 - INFO - [581] Worker 2: Traitement groupe 2026-02-23 - 2026-02-23, 48.0EUR, 1 logements
2026-02-15 06:21:08,081 - INFO - [581] Worker 2 [GROUPE]: Utilisation ref=GROUPE2 pour appliquer a 3 membres
2026-02-15 06:21:34,284 - INFO - [577] Worker 1: Traitement groupe 2026-02-22 - 2026-02-22, 69.0EUR, 1 logements
2026-02-15 06:21:34,285 - INFO - [577] Worker 1 [GROUPE]: Utilisation ref=GROUPE1 pour appliquer a 6 membres
2026-02-15 06:21:52,538 - INFO - [581] Worker 2: Traitement groupe 2026-02-23 - 2026-02-23, 53.0EUR, 1 logements
2026-02-15 06:21:52,539 - INFO - [581] Worker 2 [GROUPE]: Utilisation ref=GROUPE2 pour appliquer a 3 membres
2026-02-15 06:22:22,344 - INFO - [577] Worker 1: Traitement groupe 2026-02-23 - 2026-02-23, 61.0EUR, 2 logements
2026-02-15 06:22:22,345 - INFO - [577] Worker 1 [GROUPE]: Utilisation ref=GROUPE1 pour appliquer a 6 membres
2026-02-15 06:22:37,580 - INFO - [581] Worker 2: Traitement groupe 2026-02-23 - 2026-02-23, 56.0EUR, 1 logements
2026-02-15 06:22:37,581 - INFO - [581] Worker 2 [GROUPE]: Utilisation ref=GROUPE2 pour appliquer a 3 membres
2026-02-15 06:23:11,483 - INFO - [577] Worker 1: Traitement groupe 2026-02-23 - 2026-02-23, 72.0EUR, 3 logements
2026-02-15 06:23:11,484 - INFO - [577] Worker 1 [GROUPE]: Utilisation ref=GROUPE1 pour appliquer a 6 membres
2026-02-15 06:23:22,035 - INFO - [581] Worker 2: Traitement groupe 2026-02-24 - 2026-02-24, 48.0EUR, 1 logements
2026-02-15 06:23:22,036 - INFO - [581] Worker 2 [GROUPE]: Utilisation ref=GROUPE2 pour appliquer a 3 membres
2026-02-15 06:23:59,283 - INFO - [577] Worker 1: Traitement groupe 2026-02-23 - 2026-02-23, 75.0EUR, 1 logements
2026-02-15 06:23:59,284 - INFO - [577] Worker 1 [GROUPE]: Utilisation ref=GROUPE1 pour appliquer a 6 membres
2026-02-15 06:24:06,892 - INFO - [581] Worker 2: Traitement groupe 2026-02-24 - 2026-02-24, 53.0EUR, 1 logements
2026-02-15 06:24:06,893 - INFO - [581] Worker 2 [GROUPE]: Utilisation ref=GROUPE2 pour appliquer a 3 membres
2026-02-15 06:24:49,994 - INFO - [577] Worker 1: Traitement groupe 2026-02-24 - 2026-02-24, 61.0EUR, 2 logements
2026-02-15 06:24:49,995 - INFO - [577] Worker 1 [GROUPE]: Utilisation ref=GROUPE1 pour appliquer a 6 membres
2026-02-15 06:24:54,990 - INFO - [581] Worker 2: Traitement groupe 2026-02-24 - 2026-02-24, 56.0EUR, 1 logements
2026-02-15 06:24:54,991 - INFO - [581] Worker 2 [GROUPE]: Utilisation ref=GROUPE2 pour appliquer a 3 membres
2026-02-15 06:25:38,424 - INFO - [577] Worker 1: Traitement groupe 2026-02-24 - 2026-02-24, 72.0EUR, 3 logements
2026-02-15 06:25:38,425 - INFO - [577] Worker 1 [GROUPE]: Utilisation ref=GROUPE1 pour appliquer a 6 membres
2026-02-15 06:25:41,618 - INFO - [581] Worker 2: Traitement groupe 2026-02-25 - 2026-02-25, 48.0EUR, 1 logements
2026-02-15 06:25:41,619 - INFO - [581] Worker 2 [GROUPE]: Utilisation ref=GROUPE2 pour appliquer a 3 membres
2026-02-15 06:26:27,728 - INFO - [577] Worker 1: Traitement groupe 2026-02-24 - 2026-02-24, 75.0EUR, 1 logements
2026-02-15 06:26:27,730 - INFO - [577] Worker 1 [GROUPE]: Utilisation ref=GROUPE1 pour appliquer a 6 membres
2026-02-15 06:26:28,525 - INFO - [581] Worker 2: Traitement groupe 2026-02-25 - 2026-02-25, 53.0EUR, 1 logements
2026-02-15 06:26:28,527 - INFO - [581] Worker 2 [GROUPE]: Utilisation ref=GROUPE2 pour appliquer a 3 membres
2026-02-15 06:27:16,593 - INFO - [577] Worker 1: Traitement groupe 2026-02-25 - 2026-02-25, 61.0EUR, 2 logements
2026-02-15 06:27:16,594 - INFO - [577] Worker 1 [GROUPE]: Utilisation ref=GROUPE1 pour appliquer a 6 membres
2026-02-15 06:27:17,732 - INFO - [581] Worker 2: Traitement groupe 2026-02-25 - 2026-02-25, 56.0EUR, 1 logements
2026-02-15 06:27:17,732 - INFO - [581] Worker 2 [GROUPE]: Utilisation ref=GROUPE2 pour appliquer a 3 membres
2026-02-15 06:28:06,844 - INFO - [581] Worker 2: Traitement groupe 2026-02-26 - 2026-02-26, 48.0EUR, 1 logements
2026-02-15 06:28:06,846 - INFO - [581] Worker 2 [GROUPE]: Utilisation ref=GROUPE2 pour appliquer a 3 membres
2026-02-15 06:28:07,296 - INFO - [577] Worker 1: Traitement groupe 2026-02-25 - 2026-02-25, 72.0EUR, 3 logements
2026-02-15 06:28:07,297 - INFO - [577] Worker 1 [GROUPE]: Utilisation ref=GROUPE1 pour appliquer a 6 membres
2026-02-15 06:28:59,294 - INFO - [581] Worker 2: Traitement groupe 2026-02-26 - 2026-02-26, 53.0EUR, 1 logements
2026-02-15 06:28:59,295 - INFO - [581] Worker 2 [GROUPE]: Utilisation ref=GROUPE2 pour appliquer a 3 membres
2026-02-15 06:28:59,790 - INFO - [577] Worker 1: Traitement groupe 2026-02-25 - 2026-02-25, 75.0EUR, 1 logements
2026-02-15 06:28:59,791 - INFO - [577] Worker 1 [GROUPE]: Utilisation ref=GROUPE1 pour appliquer a 6 membres
2026-02-15 06:29:48,121 - INFO - [577] Worker 1: Traitement groupe 2026-02-26 - 2026-02-26, 61.0EUR, 2 logements
2026-02-15 06:29:48,123 - INFO - [577] Worker 1 [GROUPE]: Utilisation ref=GROUPE1 pour appliquer a 6 membres
2026-02-15 06:29:48,768 - INFO - [581] Worker 2: Traitement groupe 2026-02-26 - 2026-02-26, 56.0EUR, 1 logements
2026-02-15 06:29:48,770 - INFO - [581] Worker 2 [GROUPE]: Utilisation ref=GROUPE2 pour appliquer a 3 membres
2026-02-15 06:30:37,655 - INFO - [577] Worker 1: Traitement groupe 2026-02-26 - 2026-02-26, 72.0EUR, 3 logements
2026-02-15 06:30:37,661 - INFO - [577] Worker 1 [GROUPE]: Utilisation ref=GROUPE1 pour appliquer a 6 membres
2026-02-15 06:30:38,711 - INFO - [581] Worker 2: Traitement groupe 2026-02-27 - 2026-02-27, 57.0EUR, 1 logements
2026-02-15 06:30:38,713 - INFO - [581] Worker 2 [GROUPE]: Utilisation ref=GROUPE2 pour appliquer a 3 membres
2026-02-15 06:31:27,780 - INFO - [577] Worker 1: Traitement groupe 2026-02-26 - 2026-02-26, 75.0EUR, 1 logements
2026-02-15 06:31:27,783 - INFO - [577] Worker 1 [GROUPE]: Utilisation ref=GROUPE1 pour appliquer a 6 membres
2026-02-15 06:31:28,112 - INFO - [581] Worker 2: Traitement groupe 2026-02-27 - 2026-02-27, 64.0EUR, 1 logements
2026-02-15 06:31:28,114 - INFO - [581] Worker 2 [GROUPE]: Utilisation ref=GROUPE2 pour appliquer a 3 membres
2026-02-15 06:32:17,776 - INFO - [577] Worker 1: Traitement groupe 2026-02-27 - 2026-02-27, 67.0EUR, 2 logements
2026-02-15 06:32:17,777 - INFO - [577] Worker 1 [GROUPE]: Utilisation ref=GROUPE1 pour appliquer a 6 membres
2026-02-15 06:32:17,858 - INFO - [581] Worker 2: Traitement groupe 2026-02-27 - 2026-02-27, 67.0EUR, 1 logements
2026-02-15 06:32:17,859 - INFO - [581] Worker 2 [GROUPE]: Utilisation ref=GROUPE2 pour appliquer a 3 membres
2026-02-15 06:33:06,704 - INFO - [577] Worker 1: Traitement groupe 2026-02-27 - 2026-02-27, 79.0EUR, 3 logements
2026-02-15 06:33:06,705 - INFO - [577] Worker 1 [GROUPE]: Utilisation ref=GROUPE1 pour appliquer a 6 membres
2026-02-15 06:33:07,690 - INFO - [581] Worker 2: Traitement groupe 2026-02-28 - 2026-02-28, 57.0EUR, 1 logements
2026-02-15 06:33:07,691 - INFO - [581] Worker 2 [GROUPE]: Utilisation ref=GROUPE2 pour appliquer a 3 membres
2026-02-15 06:34:00,404 - INFO - [577] Worker 1: Traitement groupe 2026-02-27 - 2026-02-27, 83.0EUR, 1 logements
2026-02-15 06:34:00,405 - INFO - [577] Worker 1 [GROUPE]: Utilisation ref=GROUPE1 pour appliquer a 6 membres
2026-02-15 06:34:00,969 - INFO - [581] Worker 2: Traitement groupe 2026-02-28 - 2026-02-28, 64.0EUR, 1 logements
2026-02-15 06:34:00,970 - INFO - [581] Worker 2 [GROUPE]: Utilisation ref=GROUPE2 pour appliquer a 3 membres
2026-02-15 06:34:49,376 - INFO - [581] Worker 2: Traitement groupe 2026-02-28 - 2026-02-28, 67.0EUR, 1 logements
2026-02-15 06:34:49,377 - INFO - [581] Worker 2 [GROUPE]: Utilisation ref=GROUPE2 pour appliquer a 3 membres
2026-02-15 06:34:50,388 - INFO - [577] Worker 1: Traitement groupe 2026-02-28 - 2026-02-28, 67.0EUR, 2 logements
2026-02-15 06:34:50,389 - INFO - [577] Worker 1 [GROUPE]: Utilisation ref=GROUPE1 pour appliquer a 6 membres
2026-02-15 06:35:38,512 - INFO - [581] Worker 2: Traitement groupe 2026-03-01 - 2026-03-01, 41.0EUR, 1 logements
2026-02-15 06:35:38,514 - INFO - [581] Worker 2 [GROUPE]: Utilisation ref=GROUPE2 pour appliquer a 3 membres
2026-02-15 06:35:38,996 - INFO - [577] Worker 1: Traitement groupe 2026-02-28 - 2026-02-28, 79.0EUR, 3 logements
2026-02-15 06:35:38,997 - INFO - [577] Worker 1 [GROUPE]: Utilisation ref=GROUPE1 pour appliquer a 6 membres
2026-02-15 06:36:30,708 - INFO - [577] Worker 1: Traitement groupe 2026-02-28 - 2026-02-28, 83.0EUR, 1 logements
2026-02-15 06:36:30,709 - INFO - [577] Worker 1 [GROUPE]: Utilisation ref=GROUPE1 pour appliquer a 6 membres
2026-02-15 06:36:32,624 - INFO - [581] Worker 2: Traitement groupe 2026-03-01 - 2026-03-01, 46.0EUR, 1 logements
2026-02-15 06:36:32,625 - INFO - [581] Worker 2 [GROUPE]: Utilisation ref=GROUPE2 pour appliquer a 3 membres
2026-02-15 06:37:21,328 - INFO - [577] Worker 1: Traitement groupe 2026-03-01 - 2026-03-01, 64.0EUR, 2 logements
2026-02-15 06:37:21,330 - INFO - [577] Worker 1 [GROUPE]: Utilisation ref=GROUPE1 pour appliquer a 6 membres
2026-02-15 06:37:21,736 - INFO - [581] Worker 2: Traitement groupe 2026-03-01 - 2026-03-01, 48.0EUR, 1 logements
2026-02-15 06:37:21,737 - INFO - [581] Worker 2 [GROUPE]: Utilisation ref=GROUPE2 pour appliquer a 3 membres
2026-02-15 06:38:10,244 - INFO - [581] Worker 2: Traitement groupe 2026-03-02 - 2026-03-02, 52.0EUR, 1 logements
2026-02-15 06:38:10,245 - INFO - [581] Worker 2 [GROUPE]: Utilisation ref=GROUPE2 pour appliquer a 3 membres
2026-02-15 06:38:15,393 - INFO - [577] Worker 1: Traitement groupe 2026-03-01 - 2026-03-01, 75.0EUR, 3 logements
2026-02-15 06:38:15,394 - INFO - [577] Worker 1 [GROUPE]: Utilisation ref=GROUPE1 pour appliquer a 6 membres
2026-02-15 06:39:05,196 - INFO - [581] Worker 2: Traitement groupe 2026-03-02 - 2026-03-02, 58.0EUR, 1 logements
2026-02-15 06:39:05,197 - INFO - [581] Worker 2 [GROUPE]: Utilisation ref=GROUPE2 pour appliquer a 3 membres
2026-02-15 06:39:13,060 - INFO - [577] Worker 1: Traitement groupe 2026-03-01 - 2026-03-01, 78.0EUR, 1 logements
2026-02-15 06:39:13,061 - INFO - [577] Worker 1 [GROUPE]: Utilisation ref=GROUPE1 pour appliquer a 6 membres
2026-02-15 06:39:55,186 - INFO - [581] Worker 2: Traitement groupe 2026-03-02 - 2026-03-02, 60.0EUR, 1 logements
2026-02-15 06:39:55,187 - INFO - [581] Worker 2 [GROUPE]: Utilisation ref=GROUPE2 pour appliquer a 3 membres
2026-02-15 06:40:00,905 - INFO - [577] Worker 1: Traitement groupe 2026-03-02 - 2026-03-02, 68.0EUR, 2 logements
2026-02-15 06:40:00,906 - INFO - [577] Worker 1 [GROUPE]: Utilisation ref=GROUPE1 pour appliquer a 6 membres
2026-02-15 06:40:41,915 - INFO - [581] Worker 2: Traitement groupe 2026-03-03 - 2026-03-03, 52.0EUR, 1 logements
2026-02-15 06:40:41,916 - INFO - [581] Worker 2 [GROUPE]: Utilisation ref=GROUPE2 pour appliquer a 3 membres
2026-02-15 06:40:48,090 - INFO - [577] Worker 1: Traitement groupe 2026-03-02 - 2026-03-02, 81.0EUR, 3 logements
2026-02-15 06:40:48,091 - INFO - [577] Worker 1 [GROUPE]: Utilisation ref=GROUPE1 pour appliquer a 6 membres
2026-02-15 06:41:29,640 - INFO - [581] Worker 2: Traitement groupe 2026-03-03 - 2026-03-03, 58.0EUR, 1 logements
2026-02-15 06:41:29,641 - INFO - [581] Worker 2 [GROUPE]: Utilisation ref=GROUPE2 pour appliquer a 3 membres
2026-02-15 06:41:37,870 - INFO - [577] Worker 1: Traitement groupe 2026-03-02 - 2026-03-02, 85.0EUR, 1 logements
2026-02-15 06:41:37,872 - INFO - [577] Worker 1 [GROUPE]: Utilisation ref=GROUPE1 pour appliquer a 6 membres
2026-02-15 06:42:17,416 - INFO - [581] Worker 2: Traitement groupe 2026-03-03 - 2026-03-03, 60.0EUR, 1 logements
2026-02-15 06:42:17,416 - INFO - [581] Worker 2 [GROUPE]: Utilisation ref=GROUPE2 pour appliquer a 3 membres
2026-02-15 06:42:31,938 - INFO - [577] Worker 1: Traitement groupe 2026-03-03 - 2026-03-03, 68.0EUR, 2 logements
2026-02-15 06:42:31,939 - INFO - [577] Worker 1 [GROUPE]: Utilisation ref=GROUPE1 pour appliquer a 6 membres
2026-02-15 06:43:04,171 - INFO - [581] Worker 2: Traitement groupe 2026-03-04 - 2026-03-04, 52.0EUR, 1 logements
2026-02-15 06:43:04,172 - INFO - [581] Worker 2 [GROUPE]: Utilisation ref=GROUPE2 pour appliquer a 3 membres
2026-02-15 06:43:20,001 - INFO - [577] Worker 1: Traitement groupe 2026-03-03 - 2026-03-03, 81.0EUR, 3 logements
2026-02-15 06:43:20,001 - INFO - [577] Worker 1 [GROUPE]: Utilisation ref=GROUPE1 pour appliquer a 6 membres
2026-02-15 06:43:51,561 - INFO - [581] Worker 2: Traitement groupe 2026-03-04 - 2026-03-04, 58.0EUR, 1 logements
2026-02-15 06:43:51,569 - INFO - [581] Worker 2 [GROUPE]: Utilisation ref=GROUPE2 pour appliquer a 3 membres
2026-02-15 06:44:09,098 - INFO - [577] Worker 1: Traitement groupe 2026-03-03 - 2026-03-03, 85.0EUR, 1 logements
2026-02-15 06:44:09,100 - INFO - [577] Worker 1 [GROUPE]: Utilisation ref=GROUPE1 pour appliquer a 6 membres
2026-02-15 06:44:38,460 - INFO - [581] Worker 2: Traitement groupe 2026-03-04 - 2026-03-04, 60.0EUR, 1 logements
2026-02-15 06:44:38,460 - INFO - [581] Worker 2 [GROUPE]: Utilisation ref=GROUPE2 pour appliquer a 3 membres
2026-02-15 06:45:03,557 - INFO - [568] Signal d'arret recu
2026-02-15 06:45:03,558 - INFO - [568] Arret demande pour tous les workers...
2026-02-15 06:45:03,560 - INFO - [588] Signal d'arret recu
2026-02-15 06:45:03,563 - INFO - [587] Signal d'arret recu
2026-02-15 06:45:03,565 - INFO - [587] Arret demande pour tous les workers...
2026-02-15 06:45:03,567 - INFO - [581] Signal d'arret recu
2026-02-15 06:45:03,568 - INFO - [581] Arret demande pour tous les workers...
2026-02-15 06:45:03,563 - INFO - [588] Arret demande pour tous les workers...
2026-02-15 06:45:03,584 - INFO - [577] Signal d'arret recu
2026-02-15 06:45:03,585 - INFO - [583] Signal d'arret recu
Process ForkProcess-5:
Process ForkProcess-6:
2026-02-15 06:45:03,617 - INFO - [577] Arret demande pour tous les workers...
2026-02-15 06:45:03,618 - ERROR - [577] Worker 1: Erreur groupe - [Errno 32] Broken pipe
2026-02-15 06:45:03,622 - INFO - [583] Arret demande pour tous les workers...
Process ForkProcess-4:
2026-02-15 06:45:03,664 - ERROR - [577] Worker 1: Erreur fatale - [Errno 32] Broken pipe
Traceback (most recent call last):
  File "/usr/lib/python3.9/multiprocessing/managers.py", line 801, in _callmethod
    conn = self._tls.connection
AttributeError: 'ForkAwareLocal' object has no attribute 'connection'

During handling of the above exception, another exception occurred:

Traceback (most recent call last):
  File "/usr/lib/python3.9/multiprocessing/process.py", line 315, in _bootstrap
    self.run()
  File "/usr/lib/python3.9/multiprocessing/process.py", line 108, in run
    self._target(*self._args, **self._kwargs)
  File "/usr/lib/python3.9/concurrent/futures/process.py", line 237, in _process_worker
    call_item = call_queue.get(block=True)
  File "/usr/lib/python3.9/multiprocessing/queues.py", line 103, in get
    res = self._recv_bytes()
  File "/usr/lib/python3.9/multiprocessing/connection.py", line 216, in recv_bytes
    buf = self._recv_bytes(maxlength)
  File "/usr/lib/python3.9/multiprocessing/connection.py", line 414, in _recv_bytes
    buf = self._recv(4)
  File "/usr/lib/python3.9/multiprocessing/connection.py", line 379, in _recv
    chunk = read(handle, remaining)
  File "/home/raphael/sms_project/scripts/selenium/superhote_worker_pool.py", line 905, in signal_handler
    pool.stop()
  File "/home/raphael/sms_project/scripts/selenium/superhote_worker_pool.py", line 857, in stop
    self.stop_event.set()
  File "/usr/lib/python3.9/multiprocessing/managers.py", line 1080, in set
    return self._callmethod('set')
  File "/usr/lib/python3.9/multiprocessing/managers.py", line 805, in _callmethod
    self._connect()
  File "/usr/lib/python3.9/multiprocessing/managers.py", line 792, in _connect
    conn = self._Client(self._token.address, authkey=self._authkey)
  File "/usr/lib/python3.9/multiprocessing/connection.py", line 502, in Client
    c = SocketClient(address)
  File "/usr/lib/python3.9/multiprocessing/connection.py", line 630, in SocketClient
    s.connect(address)
ConnectionRefusedError: [Errno 111] Connection refused
2026-02-15 06:45:03,696 - INFO - [587] Signal d'arret recu
2026-02-15 06:45:03,697 - INFO - [588] Signal d'arret recu
2026-02-15 06:45:03,697 - INFO - [577] Signal d'arret recu
2026-02-15 06:45:03,707 - INFO - [588] Arret demande pour tous les workers...
2026-02-15 06:45:03,707 - INFO - [581] Signal d'arret recu
2026-02-15 06:45:03,707 - INFO - [577] Arret demande pour tous les workers...
--- Logging error ---
2026-02-15 06:45:03,709 - INFO - [587] Arret demande pour tous les workers...
Traceback (most recent call last):
  File "/usr/lib/python3.9/multiprocessing/managers.py", line 801, in _callmethod
    conn = self._tls.connection
AttributeError: 'ForkAwareLocal' object has no attribute 'connection'

During handling of the above exception, another exception occurred:

Traceback (most recent call last):
  File "/usr/lib/python3.9/multiprocessing/process.py", line 315, in _bootstrap
    self.run()
  File "/usr/lib/python3.9/multiprocessing/process.py", line 108, in run
    self._target(*self._args, **self._kwargs)
  File "/usr/lib/python3.9/concurrent/futures/process.py", line 237, in _process_worker
    call_item = call_queue.get(block=True)
  File "/usr/lib/python3.9/multiprocessing/queues.py", line 102, in get
    with self._rlock:
  File "/usr/lib/python3.9/multiprocessing/synchronize.py", line 95, in __enter__
    return self._semlock.__enter__()
  File "/home/raphael/sms_project/scripts/selenium/superhote_worker_pool.py", line 905, in signal_handler
    pool.stop()
  File "/home/raphael/sms_project/scripts/selenium/superhote_worker_pool.py", line 857, in stop
    self.stop_event.set()
  File "/usr/lib/python3.9/multiprocessing/managers.py", line 1080, in set
    return self._callmethod('set')
  File "/usr/lib/python3.9/multiprocessing/managers.py", line 805, in _callmethod
    self._connect()
  File "/usr/lib/python3.9/multiprocessing/managers.py", line 792, in _connect
    conn = self._Client(self._token.address, authkey=self._authkey)
  File "/usr/lib/python3.9/multiprocessing/connection.py", line 502, in Client
  File "/usr/lib/python3.9/multiprocessing/connection.py", line 630, in SocketClient
    s.connect(address)
ConnectionRefusedError: [Errno 111] Connection refused
Traceback (most recent call last):
  File "/usr/lib/python3.9/multiprocessing/managers.py", line 801, in _callmethod
    conn = self._tls.connection
AttributeError: 'ForkAwareLocal' object has no attribute 'connection'

During handling of the above exception, another exception occurred:

Traceback (most recent call last):
  File "/usr/lib/python3.9/multiprocessing/process.py", line 315, in _bootstrap
    self.run()
  File "/usr/lib/python3.9/multiprocessing/process.py", line 108, in run
    self._target(*self._args, **self._kwargs)
  File "/usr/lib/python3.9/concurrent/futures/process.py", line 237, in _process_worker
    call_item = call_queue.get(block=True)
  File "/usr/lib/python3.9/multiprocessing/queues.py", line 102, in get
    with self._rlock:
  File "/usr/lib/python3.9/multiprocessing/synchronize.py", line 95, in __enter__
    return self._semlock.__enter__()
  File "/home/raphael/sms_project/scripts/selenium/superhote_worker_pool.py", line 905, in signal_handler
  File "/home/raphael/sms_project/scripts/selenium/superhote_worker_pool.py", line 857, in stop
    self.stop_event.set()
  File "/usr/lib/python3.9/multiprocessing/managers.py", line 1080, in set
    return self._callmethod('set')
  File "/usr/lib/python3.9/multiprocessing/managers.py", line 805, in _callmethod
    self._connect()
  File "/usr/lib/python3.9/multiprocessing/managers.py", line 792, in _connect
    conn = self._Client(self._token.address, authkey=self._authkey)
  File "/usr/lib/python3.9/multiprocessing/connection.py", line 508, in Client
    answer_challenge(c, authkey)
  File "/usr/lib/python3.9/multiprocessing/connection.py", line 752, in answer_challenge
    message = connection.recv_bytes(256)         # reject large message
  File "/usr/lib/python3.9/multiprocessing/connection.py", line 216, in recv_bytes
    buf = self._recv_bytes(maxlength)
  File "/usr/lib/python3.9/multiprocessing/connection.py", line 414, in _recv_bytes
    buf = self._recv(4)
  File "/usr/lib/python3.9/multiprocessing/connection.py", line 379, in _recv
    chunk = read(handle, remaining)
ConnectionResetError: [Errno 104] Connection reset by peer
Traceback (most recent call last):
  File "/home/raphael/.local/lib/python3.9/site-packages/urllib3/connection.py", line 204, in _new_conn
    sock = connection.create_connection(
  File "/home/raphael/.local/lib/python3.9/site-packages/urllib3/util/connection.py", line 85, in create_connection
    raise err
  File "/home/raphael/.local/lib/python3.9/site-packages/urllib3/util/connection.py", line 73, in create_connection
    sock.connect(sa)
ConnectionRefusedError: [Errno 111] Connection refused

The above exception was the direct cause of the following exception:

Traceback (most recent call last):
  File "/home/raphael/.local/lib/python3.9/site-packages/urllib3/connectionpool.py", line 787, in urlopen
    response = self._make_request(
  File "/home/raphael/.local/lib/python3.9/site-packages/urllib3/connectionpool.py", line 493, in _make_request
    conn.request(
  File "/home/raphael/.local/lib/python3.9/site-packages/urllib3/connection.py", line 500, in request
    self.endheaders()
  File "/usr/lib/python3.9/http/client.py", line 1254, in endheaders
    self._send_output(message_body, encode_chunked=encode_chunked)
  File "/usr/lib/python3.9/http/client.py", line 1014, in _send_output
    self.send(msg)
  File "/usr/lib/python3.9/http/client.py", line 954, in send
    self.connect()
  File "/home/raphael/.local/lib/python3.9/site-packages/urllib3/connection.py", line 331, in connect
    self.sock = self._new_conn()
  File "/home/raphael/.local/lib/python3.9/site-packages/urllib3/connection.py", line 219, in _new_conn
    raise NewConnectionError(
urllib3.exceptions.NewConnectionError: HTTPConnection(host='localhost', port=59061): Failed to establish a new connection: [Errno 111] Connection refused

The above exception was the direct cause of the following exception:

Traceback (most recent call last):
  File "/home/raphael/sms_project/scripts/selenium/superhote_base.py", line 2208, in _click_end_date_in_panel
    datepickers = self.driver.find_elements(By.CSS_SELECTOR,
  File "/home/raphael/.local/lib/python3.9/site-packages/selenium/webdriver/remote/webdriver.py", line 967, in find_elements
    return self.execute(Command.FIND_ELEMENTS, {"using": by, "value": value})["value"] or []
  File "/home/raphael/.local/lib/python3.9/site-packages/selenium/webdriver/remote/webdriver.py", line 455, in execute
    response = cast(RemoteConnection, self.command_executor).execute(driver_command, params)
  File "/home/raphael/.local/lib/python3.9/site-packages/selenium/webdriver/remote/remote_connection.py", line 405, in execute
    return self._request(command_info[0], url, body=data)
  File "/home/raphael/.local/lib/python3.9/site-packages/selenium/webdriver/remote/remote_connection.py", line 429, in _request
    response = self._conn.request(method, url, body=body, headers=headers, timeout=self._client_config.timeout)
  File "/home/raphael/.local/lib/python3.9/site-packages/urllib3/_request_methods.py", line 143, in request
    return self.request_encode_body(
  File "/home/raphael/.local/lib/python3.9/site-packages/urllib3/_request_methods.py", line 278, in request_encode_body
    return self.urlopen(method, url, **extra_kw)
  File "/home/raphael/.local/lib/python3.9/site-packages/urllib3/poolmanager.py", line 457, in urlopen
    response = conn.urlopen(method, u.request_uri, **kw)
  File "/home/raphael/.local/lib/python3.9/site-packages/urllib3/connectionpool.py", line 871, in urlopen
    return self.urlopen(
  File "/home/raphael/.local/lib/python3.9/site-packages/urllib3/connectionpool.py", line 871, in urlopen
    return self.urlopen(
  File "/home/raphael/.local/lib/python3.9/site-packages/urllib3/connectionpool.py", line 871, in urlopen
    return self.urlopen(
  File "/home/raphael/.local/lib/python3.9/site-packages/urllib3/connectionpool.py", line 841, in urlopen
    retries = retries.increment(
  File "/home/raphael/.local/lib/python3.9/site-packages/urllib3/util/retry.py", line 535, in increment
    raise MaxRetryError(_pool, url, reason) from reason  # type: ignore[arg-type]
urllib3.exceptions.MaxRetryError: HTTPConnectionPool(host='localhost', port=59061): Max retries exceeded with url: /session/cf13d13dc3a5a77b6a4c605ea14641dd/elements (Caused by NewConnectionError("HTTPConnection(host='localhost', port=59061): Failed to establish a new connection: [Errno 111] Connection refused"))

During handling of the above exception, another exception occurred:

Traceback (most recent call last):
  File "/usr/lib/python3.9/logging/__init__.py", line 1083, in emit
    self.flush()
  File "/usr/lib/python3.9/logging/__init__.py", line 1063, in flush
    self.stream.flush()
RuntimeError: reentrant call inside <_io.BufferedWriter name='/home/raphael/sms_project/logs/superhote_automation.log'>
Call stack:
  File "/home/raphael/sms_project/scripts/selenium/superhote_worker_pool.py", line 928, in <module>
    main()
  File "/home/raphael/sms_project/scripts/selenium/superhote_worker_pool.py", line 922, in main
    stats = pool.run()
  File "/home/raphael/sms_project/scripts/selenium/superhote_worker_pool.py", line 821, in run
    futures = {
  File "/home/raphael/sms_project/scripts/selenium/superhote_worker_pool.py", line 822, in <dictcomp>
    executor.submit(run_worker, worker, self.stop_event): worker
  File "/usr/lib/python3.9/concurrent/futures/process.py", line 697, in submit
    self._adjust_process_count()
  File "/usr/lib/python3.9/concurrent/futures/process.py", line 675, in _adjust_process_count
    p.start()
  File "/usr/lib/python3.9/multiprocessing/process.py", line 121, in start
    self._popen = self._Popen(self)
  File "/usr/lib/python3.9/multiprocessing/context.py", line 277, in _Popen
    return Popen(process_obj)
  File "/usr/lib/python3.9/multiprocessing/popen_fork.py", line 19, in __init__
    self._launch(process_obj)
  File "/usr/lib/python3.9/multiprocessing/popen_fork.py", line 71, in _launch
    code = process_obj._bootstrap(parent_sentinel=child_r)
  File "/usr/lib/python3.9/multiprocessing/process.py", line 315, in _bootstrap
    self.run()
  File "/usr/lib/python3.9/multiprocessing/process.py", line 108, in run
    self._target(*self._args, **self._kwargs)
  File "/usr/lib/python3.9/concurrent/futures/process.py", line 243, in _process_worker
    r = call_item.fn(*call_item.args, **call_item.kwargs)
  File "/home/raphael/sms_project/scripts/selenium/superhote_worker_pool.py", line 637, in run_worker
    results = automation.update_price_for_multiple_properties(
  File "/home/raphael/sms_project/scripts/selenium/superhote_base.py", line 1836, in update_price_for_multiple_properties
    self._click_end_date_in_panel(checkout_date)
  File "/home/raphael/sms_project/scripts/selenium/superhote_base.py", line 2305, in _click_end_date_in_panel
    self._find_and_set_date(end_date, "fin")
  File "/home/raphael/sms_project/scripts/selenium/superhote_base.py", line 1206, in _find_and_set_date
    label = self.driver.find_element(By.XPATH, f"//*[contains(translate(text(), 'ABCDEFGHIJKLMNOPQRSTUVWXYZ', 'abcdefghijklmnopqrstuvwxyz'), '{label_text}')]")
  File "/home/raphael/.local/lib/python3.9/site-packages/selenium/webdriver/remote/webdriver.py", line 926, in find_element
    return self.execute(Command.FIND_ELEMENT, {"using": by, "value": value})["value"]
  File "/home/raphael/.local/lib/python3.9/site-packages/selenium/webdriver/remote/webdriver.py", line 455, in execute
    response = cast(RemoteConnection, self.command_executor).execute(driver_command, params)
  File "/home/raphael/.local/lib/python3.9/site-packages/selenium/webdriver/remote/remote_connection.py", line 405, in execute
    return self._request(command_info[0], url, body=data)
  File "/home/raphael/.local/lib/python3.9/site-packages/selenium/webdriver/remote/remote_connection.py", line 429, in _request
    response = self._conn.request(method, url, body=body, headers=headers, timeout=self._client_config.timeout)
  File "/home/raphael/.local/lib/python3.9/site-packages/urllib3/_request_methods.py", line 143, in request
    return self.request_encode_body(
  File "/home/raphael/.local/lib/python3.9/site-packages/urllib3/_request_methods.py", line 278, in request_encode_body
    return self.urlopen(method, url, **extra_kw)
  File "/home/raphael/.local/lib/python3.9/site-packages/urllib3/poolmanager.py", line 457, in urlopen
    response = conn.urlopen(method, u.request_uri, **kw)
  File "/home/raphael/.local/lib/python3.9/site-packages/urllib3/connectionpool.py", line 871, in urlopen
    return self.urlopen(
  File "/home/raphael/.local/lib/python3.9/site-packages/urllib3/connectionpool.py", line 868, in urlopen
    log.warning(
  File "/usr/lib/python3.9/logging/__init__.py", line 1454, in warning
    self._log(WARNING, msg, args, **kwargs)
  File "/usr/lib/python3.9/logging/__init__.py", line 1585, in _log
    self.handle(record)
  File "/usr/lib/python3.9/logging/__init__.py", line 1595, in handle
    self.callHandlers(record)
  File "/usr/lib/python3.9/logging/__init__.py", line 1657, in callHandlers
    hdlr.handle(record)
  File "/usr/lib/python3.9/logging/__init__.py", line 948, in handle
    self.emit(record)
  File "/usr/lib/python3.9/logging/__init__.py", line 1183, in emit
    StreamHandler.emit(self, record)
  File "/usr/lib/python3.9/logging/__init__.py", line 1083, in emit
    self.flush()
  File "/usr/lib/python3.9/logging/__init__.py", line 1063, in flush
    self.stream.flush()
  File "/home/raphael/sms_project/scripts/selenium/superhote_worker_pool.py", line 904, in signal_handler
    pool_logger.info("Signal d'arret recu")
Message: "Signal d'arret recu"
Arguments: ()
2026-02-15 06:45:03,820 - INFO - [581] Arret demande pour tous les workers...
--- Logging error ---
Traceback (most recent call last):
  File "/home/raphael/.local/lib/python3.9/site-packages/urllib3/connection.py", line 204, in _new_conn
    sock = connection.create_connection(
  File "/home/raphael/.local/lib/python3.9/site-packages/urllib3/util/connection.py", line 85, in create_connection
    raise err
  File "/home/raphael/.local/lib/python3.9/site-packages/urllib3/util/connection.py", line 73, in create_connection
    sock.connect(sa)
ConnectionRefusedError: [Errno 111] Connection refused

The above exception was the direct cause of the following exception:

Traceback (most recent call last):
  File "/home/raphael/.local/lib/python3.9/site-packages/urllib3/connectionpool.py", line 787, in urlopen
    response = self._make_request(
  File "/home/raphael/.local/lib/python3.9/site-packages/urllib3/connectionpool.py", line 493, in _make_request
    conn.request(
  File "/home/raphael/.local/lib/python3.9/site-packages/urllib3/connection.py", line 500, in request
    self.endheaders()
  File "/usr/lib/python3.9/http/client.py", line 1254, in endheaders
    self._send_output(message_body, encode_chunked=encode_chunked)
  File "/usr/lib/python3.9/http/client.py", line 1014, in _send_output
    self.send(msg)
  File "/usr/lib/python3.9/http/client.py", line 954, in send
    self.connect()
  File "/home/raphael/.local/lib/python3.9/site-packages/urllib3/connection.py", line 331, in connect
    self.sock = self._new_conn()
  File "/home/raphael/.local/lib/python3.9/site-packages/urllib3/connection.py", line 219, in _new_conn
    raise NewConnectionError(
urllib3.exceptions.NewConnectionError: HTTPConnection(host='localhost', port=59061): Failed to establish a new connection: [Errno 111] Connection refused

The above exception was the direct cause of the following exception:

Traceback (most recent call last):
  File "/home/raphael/sms_project/scripts/selenium/superhote_base.py", line 2208, in _click_end_date_in_panel
    datepickers = self.driver.find_elements(By.CSS_SELECTOR,
  File "/home/raphael/.local/lib/python3.9/site-packages/selenium/webdriver/remote/webdriver.py", line 967, in find_elements
    return self.execute(Command.FIND_ELEMENTS, {"using": by, "value": value})["value"] or []
  File "/home/raphael/.local/lib/python3.9/site-packages/selenium/webdriver/remote/webdriver.py", line 455, in execute
    response = cast(RemoteConnection, self.command_executor).execute(driver_command, params)
  File "/home/raphael/.local/lib/python3.9/site-packages/selenium/webdriver/remote/remote_connection.py", line 405, in execute
    return self._request(command_info[0], url, body=data)
  File "/home/raphael/.local/lib/python3.9/site-packages/selenium/webdriver/remote/remote_connection.py", line 429, in _request
    response = self._conn.request(method, url, body=body, headers=headers, timeout=self._client_config.timeout)
  File "/home/raphael/.local/lib/python3.9/site-packages/urllib3/_request_methods.py", line 143, in request
    return self.request_encode_body(
  File "/home/raphael/.local/lib/python3.9/site-packages/urllib3/_request_methods.py", line 278, in request_encode_body
    return self.urlopen(method, url, **extra_kw)
  File "/home/raphael/.local/lib/python3.9/site-packages/urllib3/poolmanager.py", line 457, in urlopen
    response = conn.urlopen(method, u.request_uri, **kw)
  File "/home/raphael/.local/lib/python3.9/site-packages/urllib3/connectionpool.py", line 871, in urlopen
    return self.urlopen(
  File "/home/raphael/.local/lib/python3.9/site-packages/urllib3/connectionpool.py", line 871, in urlopen
    return self.urlopen(
  File "/home/raphael/.local/lib/python3.9/site-packages/urllib3/connectionpool.py", line 871, in urlopen
    return self.urlopen(
  File "/home/raphael/.local/lib/python3.9/site-packages/urllib3/connectionpool.py", line 841, in urlopen
    retries = retries.increment(
  File "/home/raphael/.local/lib/python3.9/site-packages/urllib3/util/retry.py", line 535, in increment
    raise MaxRetryError(_pool, url, reason) from reason  # type: ignore[arg-type]
urllib3.exceptions.MaxRetryError: HTTPConnectionPool(host='localhost', port=59061): Max retries exceeded with url: /session/cf13d13dc3a5a77b6a4c605ea14641dd/elements (Caused by NewConnectionError("HTTPConnection(host='localhost', port=59061): Failed to establish a new connection: [Errno 111] Connection refused"))

During handling of the above exception, another exception occurred:

Traceback (most recent call last):
  File "/usr/lib/python3.9/logging/__init__.py", line 1083, in emit
    self.flush()
  File "/usr/lib/python3.9/logging/__init__.py", line 1063, in flush
    self.stream.flush()
RuntimeError: reentrant call inside <_io.BufferedWriter name='/home/raphael/sms_project/logs/superhote_automation.log'>
Call stack:
  File "/home/raphael/sms_project/scripts/selenium/superhote_worker_pool.py", line 928, in <module>
    main()
  File "/home/raphael/sms_project/scripts/selenium/superhote_worker_pool.py", line 922, in main
    stats = pool.run()
  File "/home/raphael/sms_project/scripts/selenium/superhote_worker_pool.py", line 821, in run
    futures = {
  File "/home/raphael/sms_project/scripts/selenium/superhote_worker_pool.py", line 822, in <dictcomp>
    executor.submit(run_worker, worker, self.stop_event): worker
  File "/usr/lib/python3.9/concurrent/futures/process.py", line 697, in submit
    self._adjust_process_count()
  File "/usr/lib/python3.9/concurrent/futures/process.py", line 675, in _adjust_process_count
    p.start()
  File "/usr/lib/python3.9/multiprocessing/process.py", line 121, in start
    self._popen = self._Popen(self)
  File "/usr/lib/python3.9/multiprocessing/context.py", line 277, in _Popen
    return Popen(process_obj)
  File "/usr/lib/python3.9/multiprocessing/popen_fork.py", line 19, in __init__
    self._launch(process_obj)
  File "/usr/lib/python3.9/multiprocessing/popen_fork.py", line 71, in _launch
    code = process_obj._bootstrap(parent_sentinel=child_r)
  File "/usr/lib/python3.9/multiprocessing/process.py", line 315, in _bootstrap
    self.run()
  File "/usr/lib/python3.9/multiprocessing/process.py", line 108, in run
    self._target(*self._args, **self._kwargs)
  File "/usr/lib/python3.9/concurrent/futures/process.py", line 243, in _process_worker
    r = call_item.fn(*call_item.args, **call_item.kwargs)
  File "/home/raphael/sms_project/scripts/selenium/superhote_worker_pool.py", line 637, in run_worker
    results = automation.update_price_for_multiple_properties(
  File "/home/raphael/sms_project/scripts/selenium/superhote_base.py", line 1836, in update_price_for_multiple_properties
    self._click_end_date_in_panel(checkout_date)
  File "/home/raphael/sms_project/scripts/selenium/superhote_base.py", line 2305, in _click_end_date_in_panel
    self._find_and_set_date(end_date, "fin")
  File "/home/raphael/sms_project/scripts/selenium/superhote_base.py", line 1206, in _find_and_set_date
    label = self.driver.find_element(By.XPATH, f"//*[contains(translate(text(), 'ABCDEFGHIJKLMNOPQRSTUVWXYZ', 'abcdefghijklmnopqrstuvwxyz'), '{label_text}')]")
  File "/home/raphael/.local/lib/python3.9/site-packages/selenium/webdriver/remote/webdriver.py", line 926, in find_element
    return self.execute(Command.FIND_ELEMENT, {"using": by, "value": value})["value"]
  File "/home/raphael/.local/lib/python3.9/site-packages/selenium/webdriver/remote/webdriver.py", line 455, in execute
    response = cast(RemoteConnection, self.command_executor).execute(driver_command, params)
  File "/home/raphael/.local/lib/python3.9/site-packages/selenium/webdriver/remote/remote_connection.py", line 405, in execute
    return self._request(command_info[0], url, body=data)
  File "/home/raphael/.local/lib/python3.9/site-packages/selenium/webdriver/remote/remote_connection.py", line 429, in _request
    response = self._conn.request(method, url, body=body, headers=headers, timeout=self._client_config.timeout)
  File "/home/raphael/.local/lib/python3.9/site-packages/urllib3/_request_methods.py", line 143, in request
    return self.request_encode_body(
  File "/home/raphael/.local/lib/python3.9/site-packages/urllib3/_request_methods.py", line 278, in request_encode_body
    return self.urlopen(method, url, **extra_kw)
  File "/home/raphael/.local/lib/python3.9/site-packages/urllib3/poolmanager.py", line 457, in urlopen
    response = conn.urlopen(method, u.request_uri, **kw)
  File "/home/raphael/.local/lib/python3.9/site-packages/urllib3/connectionpool.py", line 871, in urlopen
    return self.urlopen(
  File "/home/raphael/.local/lib/python3.9/site-packages/urllib3/connectionpool.py", line 868, in urlopen
    log.warning(
  File "/usr/lib/python3.9/logging/__init__.py", line 1454, in warning
    self._log(WARNING, msg, args, **kwargs)
  File "/usr/lib/python3.9/logging/__init__.py", line 1585, in _log
    self.handle(record)
  File "/usr/lib/python3.9/logging/__init__.py", line 1595, in handle
    self.callHandlers(record)
  File "/usr/lib/python3.9/logging/__init__.py", line 1657, in callHandlers
    hdlr.handle(record)
  File "/usr/lib/python3.9/logging/__init__.py", line 948, in handle
    self.emit(record)
  File "/usr/lib/python3.9/logging/__init__.py", line 1183, in emit
    StreamHandler.emit(self, record)
  File "/usr/lib/python3.9/logging/__init__.py", line 1083, in emit
    self.flush()
  File "/usr/lib/python3.9/logging/__init__.py", line 1063, in flush
    self.stream.flush()
  File "/home/raphael/sms_project/scripts/selenium/superhote_worker_pool.py", line 905, in signal_handler
    pool.stop()
  File "/home/raphael/sms_project/scripts/selenium/superhote_worker_pool.py", line 856, in stop
    pool_logger.info("Arret demande pour tous les workers...")
Message: 'Arret demande pour tous les workers...'
Arguments: ()
--- Logging error ---
Traceback (most recent call last):
  File "/home/raphael/.local/lib/python3.9/site-packages/urllib3/connection.py", line 204, in _new_conn
    sock = connection.create_connection(
  File "/home/raphael/.local/lib/python3.9/site-packages/urllib3/util/connection.py", line 85, in create_connection
    raise err
  File "/home/raphael/.local/lib/python3.9/site-packages/urllib3/util/connection.py", line 73, in create_connection
    sock.connect(sa)
ConnectionRefusedError: [Errno 111] Connection refused

The above exception was the direct cause of the following exception:

Traceback (most recent call last):
  File "/home/raphael/.local/lib/python3.9/site-packages/urllib3/connectionpool.py", line 787, in urlopen
    response = self._make_request(
  File "/home/raphael/.local/lib/python3.9/site-packages/urllib3/connectionpool.py", line 493, in _make_request
    conn.request(
  File "/home/raphael/.local/lib/python3.9/site-packages/urllib3/connection.py", line 500, in request
    self.endheaders()
  File "/usr/lib/python3.9/http/client.py", line 1254, in endheaders
    self._send_output(message_body, encode_chunked=encode_chunked)
  File "/usr/lib/python3.9/http/client.py", line 1014, in _send_output
    self.send(msg)
  File "/usr/lib/python3.9/http/client.py", line 954, in send
    self.connect()
  File "/home/raphael/.local/lib/python3.9/site-packages/urllib3/connection.py", line 331, in connect
    self.sock = self._new_conn()
  File "/home/raphael/.local/lib/python3.9/site-packages/urllib3/connection.py", line 219, in _new_conn
    raise NewConnectionError(
urllib3.exceptions.NewConnectionError: HTTPConnection(host='localhost', port=59061): Failed to establish a new connection: [Errno 111] Connection refused

The above exception was the direct cause of the following exception:

Traceback (most recent call last):
  File "/home/raphael/sms_project/scripts/selenium/superhote_base.py", line 2208, in _click_end_date_in_panel
    datepickers = self.driver.find_elements(By.CSS_SELECTOR,
  File "/home/raphael/.local/lib/python3.9/site-packages/selenium/webdriver/remote/webdriver.py", line 967, in find_elements
    return self.execute(Command.FIND_ELEMENTS, {"using": by, "value": value})["value"] or []
  File "/home/raphael/.local/lib/python3.9/site-packages/selenium/webdriver/remote/webdriver.py", line 455, in execute
    response = cast(RemoteConnection, self.command_executor).execute(driver_command, params)
  File "/home/raphael/.local/lib/python3.9/site-packages/selenium/webdriver/remote/remote_connection.py", line 405, in execute
    return self._request(command_info[0], url, body=data)
  File "/home/raphael/.local/lib/python3.9/site-packages/selenium/webdriver/remote/remote_connection.py", line 429, in _request
    response = self._conn.request(method, url, body=body, headers=headers, timeout=self._client_config.timeout)
  File "/home/raphael/.local/lib/python3.9/site-packages/urllib3/_request_methods.py", line 143, in request
    return self.request_encode_body(
  File "/home/raphael/.local/lib/python3.9/site-packages/urllib3/_request_methods.py", line 278, in request_encode_body
    return self.urlopen(method, url, **extra_kw)
  File "/home/raphael/.local/lib/python3.9/site-packages/urllib3/poolmanager.py", line 457, in urlopen
    response = conn.urlopen(method, u.request_uri, **kw)
  File "/home/raphael/.local/lib/python3.9/site-packages/urllib3/connectionpool.py", line 871, in urlopen
    return self.urlopen(
  File "/home/raphael/.local/lib/python3.9/site-packages/urllib3/connectionpool.py", line 871, in urlopen
    return self.urlopen(
  File "/home/raphael/.local/lib/python3.9/site-packages/urllib3/connectionpool.py", line 871, in urlopen
    return self.urlopen(
  File "/home/raphael/.local/lib/python3.9/site-packages/urllib3/connectionpool.py", line 841, in urlopen
    retries = retries.increment(
  File "/home/raphael/.local/lib/python3.9/site-packages/urllib3/util/retry.py", line 535, in increment
    raise MaxRetryError(_pool, url, reason) from reason  # type: ignore[arg-type]
urllib3.exceptions.MaxRetryError: HTTPConnectionPool(host='localhost', port=59061): Max retries exceeded with url: /session/cf13d13dc3a5a77b6a4c605ea14641dd/elements (Caused by NewConnectionError("HTTPConnection(host='localhost', port=59061): Failed to establish a new connection: [Errno 111] Connection refused"))

During handling of the above exception, another exception occurred:

Traceback (most recent call last):
  File "/usr/lib/python3.9/logging/__init__.py", line 1083, in emit
    self.flush()
  File "/usr/lib/python3.9/logging/__init__.py", line 1063, in flush
    self.stream.flush()
  File "/home/raphael/sms_project/scripts/selenium/superhote_worker_pool.py", line 905, in signal_handler
    pool.stop()
  File "/home/raphael/sms_project/scripts/selenium/superhote_worker_pool.py", line 857, in stop
    self.stop_event.set()
  File "/usr/lib/python3.9/multiprocessing/managers.py", line 1080, in set
    return self._callmethod('set')
  File "/usr/lib/python3.9/multiprocessing/managers.py", line 808, in _callmethod
    conn.send((self._id, methodname, args, kwds))
  File "/usr/lib/python3.9/multiprocessing/connection.py", line 206, in send
    self._send_bytes(_ForkingPickler.dumps(obj))
  File "/usr/lib/python3.9/multiprocessing/connection.py", line 411, in _send_bytes
    self._send(header + buf)
  File "/usr/lib/python3.9/multiprocessing/connection.py", line 368, in _send
    n = write(self._handle, buf)
BrokenPipeError: [Errno 32] Broken pipe
Call stack:
  File "/home/raphael/sms_project/scripts/selenium/superhote_worker_pool.py", line 928, in <module>
    main()
  File "/home/raphael/sms_project/scripts/selenium/superhote_worker_pool.py", line 922, in main
    stats = pool.run()
  File "/home/raphael/sms_project/scripts/selenium/superhote_worker_pool.py", line 821, in run
    futures = {
  File "/home/raphael/sms_project/scripts/selenium/superhote_worker_pool.py", line 822, in <dictcomp>
    executor.submit(run_worker, worker, self.stop_event): worker
  File "/usr/lib/python3.9/concurrent/futures/process.py", line 697, in submit
    self._adjust_process_count()
  File "/usr/lib/python3.9/concurrent/futures/process.py", line 675, in _adjust_process_count
    p.start()
  File "/usr/lib/python3.9/multiprocessing/process.py", line 121, in start
    self._popen = self._Popen(self)
  File "/usr/lib/python3.9/multiprocessing/context.py", line 277, in _Popen
    return Popen(process_obj)
  File "/usr/lib/python3.9/multiprocessing/popen_fork.py", line 19, in __init__
    self._launch(process_obj)
  File "/usr/lib/python3.9/multiprocessing/popen_fork.py", line 71, in _launch
    code = process_obj._bootstrap(parent_sentinel=child_r)
  File "/usr/lib/python3.9/multiprocessing/process.py", line 315, in _bootstrap
    self.run()
  File "/usr/lib/python3.9/multiprocessing/process.py", line 108, in run
    self._target(*self._args, **self._kwargs)
  File "/usr/lib/python3.9/concurrent/futures/process.py", line 243, in _process_worker
    r = call_item.fn(*call_item.args, **call_item.kwargs)
  File "/home/raphael/sms_project/scripts/selenium/superhote_worker_pool.py", line 637, in run_worker
    results = automation.update_price_for_multiple_properties(
  File "/home/raphael/sms_project/scripts/selenium/superhote_base.py", line 1836, in update_price_for_multiple_properties
    self._click_end_date_in_panel(checkout_date)
  File "/home/raphael/sms_project/scripts/selenium/superhote_base.py", line 2305, in _click_end_date_in_panel
    self._find_and_set_date(end_date, "fin")
  File "/home/raphael/sms_project/scripts/selenium/superhote_base.py", line 1206, in _find_and_set_date
    label = self.driver.find_element(By.XPATH, f"//*[contains(translate(text(), 'ABCDEFGHIJKLMNOPQRSTUVWXYZ', 'abcdefghijklmnopqrstuvwxyz'), '{label_text}')]")
  File "/home/raphael/.local/lib/python3.9/site-packages/selenium/webdriver/remote/webdriver.py", line 926, in find_element
    return self.execute(Command.FIND_ELEMENT, {"using": by, "value": value})["value"]
  File "/home/raphael/.local/lib/python3.9/site-packages/selenium/webdriver/remote/webdriver.py", line 455, in execute
    response = cast(RemoteConnection, self.command_executor).execute(driver_command, params)
  File "/home/raphael/.local/lib/python3.9/site-packages/selenium/webdriver/remote/remote_connection.py", line 405, in execute
    return self._request(command_info[0], url, body=data)
  File "/home/raphael/.local/lib/python3.9/site-packages/selenium/webdriver/remote/remote_connection.py", line 429, in _request
    response = self._conn.request(method, url, body=body, headers=headers, timeout=self._client_config.timeout)
  File "/home/raphael/.local/lib/python3.9/site-packages/urllib3/_request_methods.py", line 143, in request
    return self.request_encode_body(
  File "/home/raphael/.local/lib/python3.9/site-packages/urllib3/_request_methods.py", line 278, in request_encode_body
    return self.urlopen(method, url, **extra_kw)
  File "/home/raphael/.local/lib/python3.9/site-packages/urllib3/poolmanager.py", line 457, in urlopen
    response = conn.urlopen(method, u.request_uri, **kw)
  File "/home/raphael/.local/lib/python3.9/site-packages/urllib3/connectionpool.py", line 871, in urlopen
    return self.urlopen(
  File "/home/raphael/.local/lib/python3.9/site-packages/urllib3/connectionpool.py", line 868, in urlopen
    log.warning(
Message: "Retrying (%r) after connection broken by '%r': %s"
Arguments: (Retry(total=1, connect=None, read=None, redirect=None, status=None), NewConnectionError("HTTPConnection(host='localhost', port=59061): Failed to establish a new connection: [Errno 111] Connection refused"), '/session/cf13d13dc3a5a77b6a4c605ea14641dd/element')
2026-02-15 06:45:05,982 - ERROR - [581] Worker 2: Erreur fatale - [Errno 32] Broken pipe
Traceback (most recent call last):
  File "/usr/lib/python3.9/multiprocessing/managers.py", line 801, in _callmethod
    conn = self._tls.connection
AttributeError: 'ForkAwareLocal' object has no attribute 'connection'

During handling of the above exception, another exception occurred:

Traceback (most recent call last):
  File "/home/raphael/sms_project/scripts/selenium/superhote_worker_pool.py", line 928, in <module>
    main()
  File "/home/raphael/sms_project/scripts/selenium/superhote_worker_pool.py", line 922, in main
    stats = pool.run()
  File "/home/raphael/sms_project/scripts/selenium/superhote_worker_pool.py", line 827, in run
    for future in as_completed(futures):
  File "/usr/lib/python3.9/concurrent/futures/_base.py", line 245, in as_completed
    waiter.event.wait(wait_timeout)
  File "/usr/lib/python3.9/threading.py", line 574, in wait
    signaled = self._cond.wait(timeout)
  File "/usr/lib/python3.9/threading.py", line 312, in wait
    waiter.acquire()
  File "/home/raphael/sms_project/scripts/selenium/superhote_worker_pool.py", line 903, in signal_handler
    def signal_handler(signum, frame):
  File "/home/raphael/sms_project/scripts/selenium/superhote_worker_pool.py", line 905, in signal_handler
    pool.stop()
  File "/home/raphael/sms_project/scripts/selenium/superhote_worker_pool.py", line 857, in stop
    self.stop_event.set()
  File "/usr/lib/python3.9/multiprocessing/managers.py", line 1080, in set
    return self._callmethod('set')
  File "/usr/lib/python3.9/multiprocessing/managers.py", line 805, in _callmethod
    self._connect()
  File "/usr/lib/python3.9/multiprocessing/managers.py", line 792, in _connect
    conn = self._Client(self._token.address, authkey=self._authkey)
  File "/usr/lib/python3.9/multiprocessing/connection.py", line 508, in Client
    answer_challenge(c, authkey)
  File "/usr/lib/python3.9/multiprocessing/connection.py", line 752, in answer_challenge
    message = connection.recv_bytes(256)         # reject large message
  File "/usr/lib/python3.9/multiprocessing/connection.py", line 216, in recv_bytes
    buf = self._recv_bytes(maxlength)
  File "/usr/lib/python3.9/multiprocessing/connection.py", line 414, in _recv_bytes
    buf = self._recv(4)
  File "/usr/lib/python3.9/multiprocessing/connection.py", line 383, in _recv
    raise EOFError
EOFError
