[2026-02-20 06:00:01] ==========================================
[2026-02-20 06:00:01] Debut de la mise a jour des prix Superhote
[2026-02-20 06:00:01] ==========================================
[2026-02-20 06:00:01] Etape 1: Generation des prix...
[2026-02-20 05:00:01] Generation des prix Superhote
  Regles chargees: 8 saisons, 12 jours feries, 5 regles occupation
  - Logement 13: 31 mises a jour
  - Logement 14: 31 mises a jour
  - Logement 16: 31 mises a jour
  - Logement 15: 31 mises a jour
  - Logement 17: 31 mises a jour
  - Logement 2: 31 mises a jour
  - Logement 19: 31 mises a jour
  - Logement 10: 31 mises a jour
  - Logement 11: 31 mises a jour
  - Logement 8: 31 mises a jour
  - Logement 37: 31 mises a jour
  - Logement 33: 31 mises a jour
  - Logement 12: 31 mises a jour
  - Logement 23: 31 mises a jour
  - Logement 42: 31 mises a jour
  - Logement 21: 31 mises a jour
  - Logement 7: 31 mises a jour
  - Logement 43: 31 mises a jour
[2026-02-20 05:00:03] Total: 558 mises a jour generees
[2026-02-20 05:00:03] Termine en 1.65s
[2026-02-20 06:00:03]   Generation terminee
[2026-02-20 06:00:03] Etape 2: Application des prix via worker pool...
2026-02-20 06:00:03,891 - INFO - [1903] ==================================================
2026-02-20 06:00:03,891 - INFO - [1903] DEMARRAGE POOL WORKERS SUPERHOTE
2026-02-20 06:00:03,892 - INFO - [1903]   Mode: GROUPE
2026-02-20 06:00:03,892 - INFO - [1903]   Max workers: illimite
2026-02-20 06:00:03,892 - INFO - [1903] ==================================================
2026-02-20 06:00:03,924 - INFO - [1903] Mode GROUPE active (hybride: groupes + orphelins)
2026-02-20 06:00:03,958 - INFO - [1903] Groupes avec pending: ['GROUPE1', '__ORPHELINS__', 'GROUPE2', 'GROUPE3', 'GROUPE4']
2026-02-20 06:00:03,964 - INFO - [1903] Worker 1 [GROUPE GROUPE1]: 6 logements, ref=GROUPE1
2026-02-20 06:00:03,970 - INFO - [1903] Worker 2 [GROUPE GROUPE2]: 3 logements, ref=GROUPE2
2026-02-20 06:00:03,975 - INFO - [1903] Worker 3 [GROUPE GROUPE3]: 5 logements, ref=GROUPE3
2026-02-20 06:00:03,980 - INFO - [1903] Worker 4 [GROUPE GROUPE4]: 3 logements, ref=GROUPE4
2026-02-20 06:00:03,986 - INFO - [1903] Logements sans groupe: 4
2026-02-20 06:00:03,986 - INFO - [1903] Worker 5 [STANDARD]: 4 logements orphelins
2026-02-20 06:00:03,987 - INFO - [1903] Workers configures: 5 (4 groupes, 1 standards)
2026-02-20 06:00:03,987 - INFO - [1903]   Worker 1 [GROUPE GROUPE1]: ref=GROUPE1, membres=['Appartement Neuf Confort & Moderne - Proche Gare', 'Delphin - BLEU - 2', 'Delphin - FAB - 4', 'Delphin - NID - 3', 'Delphin - ZEN - 1', 'Edouard - 4']
2026-02-20 06:00:03,987 - INFO - [1903]   Worker 2 [GROUPE GROUPE2]: ref=GROUPE2, membres=['Detti - 1 - RDC', 'DETTI - 2 - ET', 'Studio au pied du Château']
2026-02-20 06:00:03,987 - INFO - [1903]   Worker 3 [GROUPE GROUPE3]: ref=GROUPE3, membres=['Alexia - BSM', 'Calme - Wifi - Confort - Vue', 'La compiegnoise', 'Le Repos de Canly', 'Multicolore Logement entier centre ville']
2026-02-20 06:00:03,987 - INFO - [1903]   Worker 4 [GROUPE GROUPE4]: ref=GROUPE4, membres=['1306', 'Centre Ville - Wifi - Extérieur - Téléviseurs', 'GROUPE4']
2026-02-20 06:00:03,987 - INFO - [1903]   Worker 5 [STANDARD]: ['Delphin - JUN - 5', 'GROUPE1', 'GROUPE2', 'GROUPE3']
2026-02-20 06:00:03,988 - INFO - [1903] Lancement de 5 workers en parallele...
2026-02-20 06:00:04,004 - INFO - [1909] Worker 1 [GROUPE GROUPE1] demarre - Ref: GROUPE1, Membres: ['Appartement Neuf Confort & Moderne - Proche Gare', 'Delphin - BLEU - 2', 'Delphin - FAB - 4', 'Delphin - NID - 3', 'Delphin - ZEN - 1', 'Edouard - 4']
2026-02-20 06:00:04,019 - INFO - [1913] Worker 2 [GROUPE GROUPE2] demarre - Ref: GROUPE2, Membres: ['Detti - 1 - RDC', 'DETTI - 2 - ET', 'Studio au pied du Château']
2026-02-20 06:00:04,023 - INFO - [1915] Worker 3 [GROUPE GROUPE3] demarre - Ref: GROUPE3, Membres: ['Alexia - BSM', 'Calme - Wifi - Confort - Vue', 'La compiegnoise', 'Le Repos de Canly', 'Multicolore Logement entier centre ville']
2026-02-20 06:00:04,041 - INFO - [1920] Worker 4 [GROUPE GROUPE4] demarre - Ref: GROUPE4, Membres: ['1306', 'Centre Ville - Wifi - Extérieur - Téléviseurs', 'GROUPE4']
2026-02-20 06:00:04,054 - INFO - [1917] Worker 5 demarre - Logements: ['Delphin - JUN - 5', 'GROUPE1', 'GROUPE2', 'GROUPE3']
2026-02-20 06:02:17,219 - INFO - [1915] Worker 3: Connecte a Superhote
2026-02-20 06:02:18,411 - INFO - [1913] Worker 2: Connecte a Superhote
2026-02-20 06:02:20,645 - INFO - [1920] Worker 4: Connecte a Superhote
2026-02-20 06:02:20,921 - INFO - [1915] Worker 3: 155 mises a jour a traiter
2026-02-20 06:02:20,998 - INFO - [1913] Worker 2: 93 mises a jour a traiter
2026-02-20 06:02:21,013 - INFO - [1920] Worker 4: 93 mises a jour a traiter
2026-02-20 06:02:21,030 - INFO - [1915] Optimisation: 31 -> 17 operations (fusion dates consecutives)
2026-02-20 06:02:21,071 - INFO - [1915] Worker 3: 17 groupes de mises a jour (apres fusion)
2026-02-20 06:02:21,046 - INFO - [1913] Optimisation: 31 -> 17 operations (fusion dates consecutives)
2026-02-20 06:02:21,072 - INFO - [1913] Worker 2: 17 groupes de mises a jour (apres fusion)
2026-02-20 06:02:21,067 - INFO - [1920] Optimisation: 31 -> 17 operations (fusion dates consecutives)
2026-02-20 06:02:21,074 - INFO - [1920] Worker 4: 17 groupes de mises a jour (apres fusion)
2026-02-20 06:02:21,128 - INFO - [1913] Worker 2: Traitement groupe 2026-02-20 - 2026-02-20, 51.0EUR, 3 logements
2026-02-20 06:02:21,128 - INFO - [1915] Worker 3: Traitement groupe 2026-02-20 - 2026-02-20, 79.0EUR, 5 logements
2026-02-20 06:02:21,128 - INFO - [1913] Worker 2 [GROUPE]: Utilisation ref=GROUPE2 pour appliquer a 3 membres
2026-02-20 06:02:21,128 - INFO - [1915] Worker 3 [GROUPE]: Utilisation ref=GROUPE3 pour appliquer a 5 membres
2026-02-20 06:02:21,141 - INFO - [1920] Worker 4: Traitement groupe 2026-02-20 - 2026-02-20, 73.0EUR, 3 logements
2026-02-20 06:02:21,142 - INFO - [1920] Worker 4 [GROUPE]: Utilisation ref=GROUPE4 pour appliquer a 3 membres
2026-02-20 06:02:24,329 - INFO - [1909] Worker 1: Connecte a Superhote
2026-02-20 06:02:24,463 - INFO - [1909] Worker 1: 186 mises a jour a traiter
2026-02-20 06:02:24,539 - INFO - [1909] Optimisation: 31 -> 17 operations (fusion dates consecutives)
2026-02-20 06:02:24,544 - INFO - [1909] Worker 1: 17 groupes de mises a jour (apres fusion)
2026-02-20 06:02:24,603 - INFO - [1909] Worker 1: Traitement groupe 2026-02-20 - 2026-02-20, 57.0EUR, 6 logements
2026-02-20 06:02:24,604 - INFO - [1909] Worker 1 [GROUPE]: Utilisation ref=GROUPE1 pour appliquer a 6 membres
2026-02-20 06:02:27,183 - INFO - [1917] Worker 5: Connecte a Superhote
2026-02-20 06:02:27,256 - INFO - [1917] Worker 5: 31 mises a jour a traiter
2026-02-20 06:02:27,299 - INFO - [1917] Optimisation: 31 -> 17 operations (fusion dates consecutives)
2026-02-20 06:02:27,303 - INFO - [1917] Worker 5: 17 groupes de mises a jour (apres fusion)
2026-02-20 06:02:27,326 - INFO - [1917] Worker 5: Traitement groupe 2026-02-20 - 2026-02-20, 89.0EUR, 1 logements
2026-02-20 06:03:23,343 - INFO - [1915] Worker 3: Traitement groupe 2026-02-21 - 2026-02-21, 85.0EUR, 5 logements
2026-02-20 06:03:23,344 - INFO - [1915] Worker 3 [GROUPE]: Utilisation ref=GROUPE3 pour appliquer a 5 membres
2026-02-20 06:03:26,792 - INFO - [1909] Worker 1: Traitement groupe 2026-02-21 - 2026-02-21, 63.0EUR, 6 logements
2026-02-20 06:03:26,793 - INFO - [1909] Worker 1 [GROUPE]: Utilisation ref=GROUPE1 pour appliquer a 6 membres
2026-02-20 06:03:29,468 - INFO - [1917] Worker 5: Traitement groupe 2026-02-21 - 2026-02-21, 94.0EUR, 1 logements
2026-02-20 06:03:47,214 - INFO - [1920] Worker 4: Traitement groupe 2026-02-21 - 2026-02-21, 78.0EUR, 3 logements
2026-02-20 06:03:47,216 - INFO - [1920] Worker 4 [GROUPE]: Utilisation ref=GROUPE4 pour appliquer a 3 membres
2026-02-20 06:03:49,620 - INFO - [1913] Worker 2: Traitement groupe 2026-02-21 - 2026-02-21, 55.0EUR, 3 logements
2026-02-20 06:03:49,621 - INFO - [1913] Worker 2 [GROUPE]: Utilisation ref=GROUPE2 pour appliquer a 3 membres
2026-02-20 06:04:07,727 - INFO - [1917] Worker 5: Traitement groupe 2026-02-22 - 2026-02-22, 74.0EUR, 1 logements
2026-02-20 06:04:38,700 - INFO - [1917] Worker 5: Traitement groupe 2026-02-23 - 2026-02-23, 85.0EUR, 1 logements
2026-02-20 06:04:41,816 - INFO - [1915] Worker 3: Traitement groupe 2026-02-22 - 2026-02-22, 62.0EUR, 5 logements
2026-02-20 06:04:41,816 - INFO - [1915] Worker 3 [GROUPE]: Utilisation ref=GROUPE3 pour appliquer a 5 membres
2026-02-20 06:04:44,125 - INFO - [1920] Worker 4: Traitement groupe 2026-02-22 - 2026-02-22, 56.0EUR, 3 logements
2026-02-20 06:04:44,127 - INFO - [1920] Worker 4 [GROUPE]: Utilisation ref=GROUPE4 pour appliquer a 3 membres
2026-02-20 06:04:46,031 - INFO - [1913] Worker 2: Traitement groupe 2026-02-22 - 2026-02-22, 34.0EUR, 3 logements
2026-02-20 06:04:46,032 - INFO - [1913] Worker 2 [GROUPE]: Utilisation ref=GROUPE2 pour appliquer a 3 membres
2026-02-20 06:04:47,751 - INFO - [1909] Worker 1: Traitement groupe 2026-02-22 - 2026-02-22, 52.0EUR, 6 logements
2026-02-20 06:04:47,752 - INFO - [1909] Worker 1 [GROUPE]: Utilisation ref=GROUPE1 pour appliquer a 6 membres
2026-02-20 06:05:05,511 - INFO - [1917] Worker 5: Traitement groupe 2026-02-24 - 2026-02-26, 90.0EUR, 1 logements
2026-02-20 06:05:27,799 - INFO - [1915] Worker 3: Traitement groupe 2026-02-23 - 2026-02-23, 74.0EUR, 5 logements
2026-02-20 06:05:27,800 - INFO - [1915] Worker 3 [GROUPE]: Utilisation ref=GROUPE3 pour appliquer a 5 membres
2026-02-20 06:05:31,224 - INFO - [1920] Worker 4: Traitement groupe 2026-02-23 - 2026-02-23, 68.0EUR, 3 logements
2026-02-20 06:05:31,226 - INFO - [1920] Worker 4 [GROUPE]: Utilisation ref=GROUPE4 pour appliquer a 3 membres
2026-02-20 06:05:31,625 - INFO - [1917] Worker 5: Traitement groupe 2026-02-27 - 2026-02-28, 106.0EUR, 1 logements
2026-02-20 06:05:34,672 - INFO - [1913] Worker 2: Traitement groupe 2026-02-23 - 2026-02-23, 46.0EUR, 3 logements
2026-02-20 06:05:34,673 - INFO - [1913] Worker 2 [GROUPE]: Utilisation ref=GROUPE2 pour appliquer a 3 membres
2026-02-20 06:05:42,641 - INFO - [1909] Worker 1: Traitement groupe 2026-02-23 - 2026-02-23, 58.0EUR, 6 logements
2026-02-20 06:05:42,642 - INFO - [1909] Worker 1 [GROUPE]: Utilisation ref=GROUPE1 pour appliquer a 6 membres
2026-02-20 06:05:58,048 - INFO - [1917] Worker 5: Traitement groupe 2026-03-01 - 2026-03-01, 85.0EUR, 1 logements
2026-02-20 06:06:14,517 - INFO - [1915] Worker 3: Traitement groupe 2026-02-24 - 2026-02-26, 78.0EUR, 5 logements
2026-02-20 06:06:14,518 - INFO - [1915] Worker 3 [GROUPE]: Utilisation ref=GROUPE3 pour appliquer a 5 membres
2026-02-20 06:06:20,644 - INFO - [1920] Worker 4: Traitement groupe 2026-02-24 - 2026-02-26, 72.0EUR, 3 logements
2026-02-20 06:06:20,645 - INFO - [1920] Worker 4 [GROUPE]: Utilisation ref=GROUPE4 pour appliquer a 3 membres
2026-02-20 06:06:23,960 - INFO - [1913] Worker 2: Traitement groupe 2026-02-24 - 2026-02-26, 49.0EUR, 3 logements
2026-02-20 06:06:23,961 - INFO - [1913] Worker 2 [GROUPE]: Utilisation ref=GROUPE2 pour appliquer a 3 membres
2026-02-20 06:06:29,610 - INFO - [1917] Worker 5: Traitement groupe 2026-03-02 - 2026-03-05, 97.0EUR, 1 logements
2026-02-20 06:06:37,548 - INFO - [1909] Worker 1: Traitement groupe 2026-02-24 - 2026-02-26, 63.0EUR, 6 logements
2026-02-20 06:06:37,549 - INFO - [1909] Worker 1 [GROUPE]: Utilisation ref=GROUPE1 pour appliquer a 6 membres
2026-02-20 06:06:55,614 - INFO - [1917] Worker 5: Traitement groupe 2026-03-06 - 2026-03-07, 114.0EUR, 1 logements
2026-02-20 06:07:03,628 - INFO - [1915] Worker 3: Traitement groupe 2026-02-27 - 2026-02-28, 98.0EUR, 5 logements
2026-02-20 06:07:03,629 - INFO - [1915] Worker 3 [GROUPE]: Utilisation ref=GROUPE3 pour appliquer a 5 membres
2026-02-20 06:07:08,828 - INFO - [1920] Worker 4: Traitement groupe 2026-02-27 - 2026-02-28, 91.0EUR, 3 logements
2026-02-20 06:07:08,829 - INFO - [1920] Worker 4 [GROUPE]: Utilisation ref=GROUPE4 pour appliquer a 3 membres
2026-02-20 06:07:11,948 - INFO - [1913] Worker 2: Traitement groupe 2026-02-27 - 2026-02-28, 64.0EUR, 3 logements
2026-02-20 06:07:11,948 - INFO - [1913] Worker 2 [GROUPE]: Utilisation ref=GROUPE2 pour appliquer a 3 membres
2026-02-20 06:07:22,051 - INFO - [1917] Worker 5: Traitement groupe 2026-03-08 - 2026-03-08, 92.0EUR, 1 logements
2026-02-20 06:07:34,414 - INFO - [1909] Worker 1: Traitement groupe 2026-02-27 - 2026-02-28, 79.0EUR, 6 logements
2026-02-20 06:07:34,415 - INFO - [1909] Worker 1 [GROUPE]: Utilisation ref=GROUPE1 pour appliquer a 6 membres
2026-02-20 06:07:50,975 - INFO - [1915] Worker 3: Traitement groupe 2026-03-01 - 2026-03-01, 74.0EUR, 5 logements
2026-02-20 06:07:50,976 - INFO - [1915] Worker 3 [GROUPE]: Utilisation ref=GROUPE3 pour appliquer a 5 membres
2026-02-20 06:07:53,136 - INFO - [1917] Worker 5: Traitement groupe 2026-03-09 - 2026-03-10, 104.0EUR, 1 logements
2026-02-20 06:07:56,621 - INFO - [1920] Worker 4: Traitement groupe 2026-03-01 - 2026-03-01, 68.0EUR, 3 logements
2026-02-20 06:07:56,622 - INFO - [1920] Worker 4 [GROUPE]: Utilisation ref=GROUPE4 pour appliquer a 3 membres
2026-02-20 06:08:05,875 - INFO - [1913] Worker 2: Traitement groupe 2026-03-01 - 2026-03-01, 42.0EUR, 3 logements
2026-02-20 06:08:05,876 - INFO - [1913] Worker 2 [GROUPE]: Utilisation ref=GROUPE2 pour appliquer a 3 membres
2026-02-20 06:08:08,462 - INFO - [1917] Worker 5: Traitement groupe 2026-03-11 - 2026-03-12, 90.0EUR, 1 logements
2026-02-20 06:08:25,499 - INFO - [1909] Worker 1: Traitement groupe 2026-03-01 - 2026-03-01, 66.0EUR, 6 logements
2026-02-20 06:08:25,500 - INFO - [1909] Worker 1 [GROUPE]: Utilisation ref=GROUPE1 pour appliquer a 6 membres
2026-02-20 06:08:37,139 - INFO - [1917] Worker 5: Traitement groupe 2026-03-13 - 2026-03-14, 99.0EUR, 1 logements
2026-02-20 06:08:38,547 - INFO - [1915] Worker 3: Traitement groupe 2026-03-02 - 2026-03-05, 85.0EUR, 5 logements
2026-02-20 06:08:38,548 - INFO - [1915] Worker 3 [GROUPE]: Utilisation ref=GROUPE3 pour appliquer a 5 membres
2026-02-20 06:08:44,048 - INFO - [1920] Worker 4: Traitement groupe 2026-03-02 - 2026-03-05, 79.0EUR, 3 logements
2026-02-20 06:08:44,049 - INFO - [1920] Worker 4 [GROUPE]: Utilisation ref=GROUPE4 pour appliquer a 3 membres
2026-02-20 06:08:54,624 - INFO - [1913] Worker 2: Traitement groupe 2026-03-02 - 2026-03-05, 53.0EUR, 3 logements
2026-02-20 06:08:54,625 - INFO - [1913] Worker 2 [GROUPE]: Utilisation ref=GROUPE2 pour appliquer a 3 membres
2026-02-20 06:09:02,939 - INFO - [1917] Worker 5: Traitement groupe 2026-03-15 - 2026-03-15, 80.0EUR, 1 logements
2026-02-20 06:09:17,516 - INFO - [1909] Worker 1: Traitement groupe 2026-03-02 - 2026-03-05, 72.0EUR, 6 logements
2026-02-20 06:09:17,518 - INFO - [1909] Worker 1 [GROUPE]: Utilisation ref=GROUPE1 pour appliquer a 6 membres
2026-02-20 06:09:22,931 - INFO - [1915] Worker 3: Traitement groupe 2026-03-06 - 2026-03-07, 106.0EUR, 5 logements
2026-02-20 06:09:22,932 - INFO - [1915] Worker 3 [GROUPE]: Utilisation ref=GROUPE3 pour appliquer a 5 membres
2026-02-20 06:09:29,404 - INFO - [1920] Worker 4: Traitement groupe 2026-03-06 - 2026-03-07, 99.0EUR, 3 logements
2026-02-20 06:09:29,405 - INFO - [1920] Worker 4 [GROUPE]: Utilisation ref=GROUPE4 pour appliquer a 3 membres
2026-02-20 06:09:32,007 - INFO - [1917] Worker 5: Traitement groupe 2026-03-16 - 2026-03-19, 90.0EUR, 1 logements
2026-02-20 06:09:41,717 - INFO - [1913] Worker 2: Traitement groupe 2026-03-06 - 2026-03-07, 69.0EUR, 3 logements
2026-02-20 06:09:41,718 - INFO - [1913] Worker 2 [GROUPE]: Utilisation ref=GROUPE2 pour appliquer a 3 membres
2026-02-20 06:10:01,426 - INFO - [1917] Worker 5: Traitement groupe 2026-03-20 - 2026-03-21, 99.0EUR, 1 logements
2026-02-20 06:10:10,200 - INFO - [1915] Worker 3: Traitement groupe 2026-03-08 - 2026-03-08, 81.0EUR, 5 logements
2026-02-20 06:10:10,202 - INFO - [1915] Worker 3 [GROUPE]: Utilisation ref=GROUPE3 pour appliquer a 5 membres
2026-02-20 06:10:12,847 - INFO - [1909] Worker 1: Traitement groupe 2026-03-06 - 2026-03-07, 89.0EUR, 6 logements
2026-02-20 06:10:12,848 - INFO - [1909] Worker 1 [GROUPE]: Utilisation ref=GROUPE1 pour appliquer a 6 membres
2026-02-20 06:10:17,302 - INFO - [1920] Worker 4: Traitement groupe 2026-03-08 - 2026-03-08, 75.0EUR, 3 logements
2026-02-20 06:10:17,304 - INFO - [1920] Worker 4 [GROUPE]: Utilisation ref=GROUPE4 pour appliquer a 3 membres
2026-02-20 06:10:39,901 - INFO - [1917] Worker 5: Traitement groupe 2026-03-22 - 2026-03-22, 80.0EUR, 1 logements
2026-02-20 06:10:41,012 - INFO - [1913] Worker 2: Traitement groupe 2026-03-08 - 2026-03-08, 46.0EUR, 3 logements
2026-02-20 06:10:41,013 - INFO - [1913] Worker 2 [GROUPE]: Utilisation ref=GROUPE2 pour appliquer a 3 membres
2026-02-20 06:11:08,117 - INFO - [1915] Worker 3: Traitement groupe 2026-03-09 - 2026-03-10, 92.0EUR, 5 logements
2026-02-20 06:11:11,040 - INFO - [1915] Worker 3 [GROUPE]: Utilisation ref=GROUPE3 pour appliquer a 5 membres
2026-02-20 06:11:13,855 - INFO - [1917] Worker 5: Termine - 16 OK, 1 echecs
2026-02-20 06:11:13,901 - INFO - [1920] Worker 4: Traitement groupe 2026-03-09 - 2026-03-10, 86.0EUR, 3 logements
2026-02-20 06:11:13,902 - INFO - [1920] Worker 4 [GROUPE]: Utilisation ref=GROUPE4 pour appliquer a 3 membres
2026-02-20 06:11:19,016 - INFO - [1909] Worker 1: Traitement groupe 2026-03-08 - 2026-03-08, 75.0EUR, 6 logements
2026-02-20 06:11:19,018 - INFO - [1909] Worker 1 [GROUPE]: Utilisation ref=GROUPE1 pour appliquer a 6 membres
2026-02-20 06:11:31,286 - INFO - [1913] Worker 2: Traitement groupe 2026-03-09 - 2026-03-10, 58.0EUR, 3 logements
2026-02-20 06:11:31,287 - INFO - [1913] Worker 2 [GROUPE]: Utilisation ref=GROUPE2 pour appliquer a 3 membres
2026-02-20 06:11:56,548 - INFO - [1915] Worker 3: Traitement groupe 2026-03-11 - 2026-03-12, 80.0EUR, 5 logements
2026-02-20 06:11:56,548 - INFO - [1915] Worker 3 [GROUPE]: Utilisation ref=GROUPE3 pour appliquer a 5 membres
2026-02-20 06:11:58,910 - INFO - [1920] Worker 4: Traitement groupe 2026-03-11 - 2026-03-12, 75.0EUR, 3 logements
2026-02-20 06:11:58,911 - INFO - [1920] Worker 4 [GROUPE]: Utilisation ref=GROUPE4 pour appliquer a 3 membres
2026-02-20 06:12:07,335 - INFO - [1909] Worker 1: Traitement groupe 2026-03-09 - 2026-03-10, 81.0EUR, 6 logements
2026-02-20 06:12:07,336 - INFO - [1909] Worker 1 [GROUPE]: Utilisation ref=GROUPE1 pour appliquer a 6 membres
2026-02-20 06:12:16,676 - INFO - [1913] Worker 2: Traitement groupe 2026-03-11 - 2026-03-12, 50.0EUR, 3 logements
2026-02-20 06:12:16,676 - INFO - [1913] Worker 2 [GROUPE]: Utilisation ref=GROUPE2 pour appliquer a 3 membres
2026-02-20 06:12:42,112 - INFO - [1915] Worker 3: Traitement groupe 2026-03-13 - 2026-03-14, 92.0EUR, 5 logements
2026-02-20 06:12:42,113 - INFO - [1915] Worker 3 [GROUPE]: Utilisation ref=GROUPE3 pour appliquer a 5 membres
2026-02-20 06:12:44,396 - INFO - [1920] Worker 4: Traitement groupe 2026-03-13 - 2026-03-14, 86.0EUR, 3 logements
2026-02-20 06:12:44,396 - INFO - [1920] Worker 4 [GROUPE]: Utilisation ref=GROUPE4 pour appliquer a 3 membres
2026-02-20 06:12:56,494 - INFO - [1909] Worker 1: Traitement groupe 2026-03-11 - 2026-03-12, 70.0EUR, 6 logements
2026-02-20 06:12:56,495 - INFO - [1909] Worker 1 [GROUPE]: Utilisation ref=GROUPE1 pour appliquer a 6 membres
2026-02-20 06:13:02,384 - INFO - [1913] Worker 2: Traitement groupe 2026-03-13 - 2026-03-14, 60.0EUR, 3 logements
2026-02-20 06:13:02,384 - INFO - [1913] Worker 2 [GROUPE]: Utilisation ref=GROUPE2 pour appliquer a 3 membres
2026-02-20 06:13:27,691 - INFO - [1915] Worker 3: Traitement groupe 2026-03-15 - 2026-03-15, 70.0EUR, 5 logements
2026-02-20 06:13:27,693 - INFO - [1915] Worker 3 [GROUPE]: Utilisation ref=GROUPE3 pour appliquer a 5 membres
2026-02-20 06:13:31,240 - INFO - [1920] Worker 4: Traitement groupe 2026-03-15 - 2026-03-15, 65.0EUR, 3 logements
2026-02-20 06:13:31,240 - INFO - [1920] Worker 4 [GROUPE]: Utilisation ref=GROUPE4 pour appliquer a 3 membres
2026-02-20 06:13:46,532 - INFO - [1909] Worker 1: Traitement groupe 2026-03-13 - 2026-03-14, 77.0EUR, 6 logements
2026-02-20 06:13:46,534 - INFO - [1909] Worker 1 [GROUPE]: Utilisation ref=GROUPE1 pour appliquer a 6 membres
2026-02-20 06:13:47,495 - INFO - [1913] Worker 2: Traitement groupe 2026-03-15 - 2026-03-15, 40.0EUR, 3 logements
2026-02-20 06:13:47,496 - INFO - [1913] Worker 2 [GROUPE]: Utilisation ref=GROUPE2 pour appliquer a 3 membres
2026-02-20 06:14:13,628 - INFO - [1915] Worker 3: Traitement groupe 2026-03-16 - 2026-03-19, 80.0EUR, 5 logements
2026-02-20 06:14:13,629 - INFO - [1915] Worker 3 [GROUPE]: Utilisation ref=GROUPE3 pour appliquer a 5 membres
2026-02-20 06:14:16,354 - INFO - [1920] Worker 4: Traitement groupe 2026-03-16 - 2026-03-19, 75.0EUR, 3 logements
2026-02-20 06:14:16,355 - INFO - [1920] Worker 4 [GROUPE]: Utilisation ref=GROUPE4 pour appliquer a 3 membres
2026-02-20 06:14:35,158 - INFO - [1909] Worker 1: Traitement groupe 2026-03-15 - 2026-03-15, 65.0EUR, 6 logements
2026-02-20 06:14:35,159 - INFO - [1909] Worker 1 [GROUPE]: Utilisation ref=GROUPE1 pour appliquer a 6 membres
2026-02-20 06:14:35,956 - INFO - [1913] Worker 2: Traitement groupe 2026-03-16 - 2026-03-19, 50.0EUR, 3 logements
2026-02-20 06:14:35,957 - INFO - [1913] Worker 2 [GROUPE]: Utilisation ref=GROUPE2 pour appliquer a 3 membres
2026-02-20 06:14:58,728 - INFO - [1915] Worker 3: Traitement groupe 2026-03-20 - 2026-03-21, 92.0EUR, 5 logements
2026-02-20 06:14:58,728 - INFO - [1915] Worker 3 [GROUPE]: Utilisation ref=GROUPE3 pour appliquer a 5 membres
2026-02-20 06:15:01,469 - INFO - [1920] Worker 4: Traitement groupe 2026-03-20 - 2026-03-21, 86.0EUR, 3 logements
2026-02-20 06:15:01,469 - INFO - [1920] Worker 4 [GROUPE]: Utilisation ref=GROUPE4 pour appliquer a 3 membres
2026-02-20 06:15:23,038 - INFO - [1913] Worker 2: Traitement groupe 2026-03-20 - 2026-03-21, 60.0EUR, 3 logements
2026-02-20 06:15:23,039 - INFO - [1913] Worker 2 [GROUPE]: Utilisation ref=GROUPE2 pour appliquer a 3 membres
2026-02-20 06:15:25,700 - INFO - [1909] Worker 1: Traitement groupe 2026-03-16 - 2026-03-19, 70.0EUR, 6 logements
2026-02-20 06:15:25,701 - INFO - [1909] Worker 1 [GROUPE]: Utilisation ref=GROUPE1 pour appliquer a 6 membres
2026-02-20 06:15:45,612 - INFO - [1915] Worker 3: Traitement groupe 2026-03-22 - 2026-03-22, 70.0EUR, 5 logements
2026-02-20 06:15:45,612 - INFO - [1915] Worker 3 [GROUPE]: Utilisation ref=GROUPE3 pour appliquer a 5 membres
2026-02-20 06:15:48,271 - INFO - [1920] Worker 4: Traitement groupe 2026-03-22 - 2026-03-22, 65.0EUR, 3 logements
2026-02-20 06:15:48,272 - INFO - [1920] Worker 4 [GROUPE]: Utilisation ref=GROUPE4 pour appliquer a 3 membres
2026-02-20 06:16:11,815 - INFO - [1913] Worker 2: Traitement groupe 2026-03-22 - 2026-03-22, 40.0EUR, 3 logements
2026-02-20 06:16:11,816 - INFO - [1913] Worker 2 [GROUPE]: Utilisation ref=GROUPE2 pour appliquer a 3 membres
2026-02-20 06:16:16,315 - INFO - [1909] Worker 1: Traitement groupe 2026-03-20 - 2026-03-21, 77.0EUR, 6 logements
2026-02-20 06:16:16,316 - INFO - [1909] Worker 1 [GROUPE]: Utilisation ref=GROUPE1 pour appliquer a 6 membres
2026-02-20 06:16:32,658 - INFO - [1915] Worker 3: Termine - 150 OK, 5 echecs
2026-02-20 06:16:38,589 - INFO - [1920] Worker 4: Termine - 90 OK, 3 echecs
2026-02-20 06:16:57,126 - INFO - [1913] Worker 2: Termine - 90 OK, 3 echecs
2026-02-20 06:17:09,363 - INFO - [1909] Worker 1: Traitement groupe 2026-03-22 - 2026-03-22, 65.0EUR, 6 logements
2026-02-20 06:17:09,364 - INFO - [1909] Worker 1 [GROUPE]: Utilisation ref=GROUPE1 pour appliquer a 6 membres
2026-02-20 06:17:55,955 - INFO - [1909] Worker 1: Termine - 180 OK, 6 echecs
2026-02-20 06:17:56,734 - INFO - [1903] ==================================================
2026-02-20 06:17:56,735 - INFO - [1903] RESUME FINAL
2026-02-20 06:17:56,735 - INFO - [1903]   Workers: 5
2026-02-20 06:17:56,735 - INFO - [1903]   Succes: 526
2026-02-20 06:17:56,735 - INFO - [1903]   Echecs: 18
2026-02-20 06:17:56,736 - INFO - [1903] ==================================================
2026-02-20 06:17:56,736 - INFO - [1903] Pool termine
[2026-02-20 06:17:56]   Worker pool termine
[2026-02-20 06:17:56] ==========================================
[2026-02-20 06:17:56] Resume de l'execution
[2026-02-20 06:17:56] ==========================================
[2026-02-20 06:17:56]   Mises a jour en attente: 0
[2026-02-20 06:17:56]   Mises a jour terminees aujourd'hui: 526
[2026-02-20 06:17:56]   Mises a jour echouees aujourd'hui: 18
[2026-02-20 06:17:56] ==========================================
[2026-02-20 06:17:57] Fin de l'execution
[2026-02-20 06:17:57] ==========================================
[2026-02-20 06:17:57]   SMS de notification envoye
