[2026-02-08 08:00:01] [INFO] ========================================
[2026-02-08 08:00:01] [INFO] Démarrage du script d'automatisation SMS (type: checkout)
[2026-02-08 08:00:01] [INFO] ========================================
[2026-02-08 08:00:01] [INFO] === Traitement des check-out du 2026-02-08 ===
[2026-02-08 08:00:01] [INFO] Trouvé 6 check-out(s) pour aujourd'hui
[2026-02-08 08:00:01] [SUCCESS] ✅ Réservation #3442 (Orlane ) : SMS 'checkout' créé (ID=2082)
[2026-02-08 08:00:01] [SUCCESS] ✅ Réservation #3437 (Pauline ) : SMS 'checkout' créé (ID=2083)
[2026-02-08 08:00:01] [SUCCESS] ✅ Réservation #3435 (Zahariou ) : SMS 'checkout' créé (ID=2084)
[2026-02-08 08:00:01] [SUCCESS] ✅ Réservation #3420 (christelle ) : SMS 'checkout' créé (ID=2085)
[2026-02-08 08:00:01] [SUCCESS] ✅ Réservation #3416 (Melissa ) : SMS 'checkout' créé (ID=2086)
[2026-02-08 08:00:01] [SUCCESS] ✅ Réservation #3356 (Quentin ) : SMS 'checkout' créé (ID=2087)
[2026-02-08 08:00:01] [SUCCESS] ✅ 6 SMS de check-out créé(s)
[2026-02-08 08:00:01] [INFO] ========================================
[2026-02-08 08:00:01] [SUCCESS] Script terminé avec succès (type: checkout)
[2026-02-08 08:00:01] [INFO] ========================================
[2026-02-09 08:00:01] [INFO] ========================================
[2026-02-09 08:00:01] [INFO] Démarrage du script d'automatisation SMS (type: checkout)
[2026-02-09 08:00:01] [INFO] ========================================
[2026-02-09 08:00:01] [INFO] === Traitement des check-out du 2026-02-09 ===
[2026-02-09 08:00:01] [INFO] Trouvé 3 check-out(s) pour aujourd'hui
[2026-02-09 08:00:01] [SUCCESS] ✅ Réservation #3432 (Kevin ) : SMS 'checkout' créé (ID=2100)
[2026-02-09 08:00:01] [SUCCESS] ✅ Réservation #3429 (Moussa ) : SMS 'checkout' créé (ID=2101)
[2026-02-09 08:00:01] [SUCCESS] ✅ Réservation #3426 (Ian ) : SMS 'checkout' créé (ID=2102)
[2026-02-09 08:00:01] [SUCCESS] ✅ 3 SMS de check-out créé(s)
[2026-02-09 08:00:01] [INFO] ========================================
[2026-02-09 08:00:01] [SUCCESS] Script terminé avec succès (type: checkout)
[2026-02-09 08:00:01] [INFO] ========================================
[2026-02-10 08:00:01] [INFO] ========================================
[2026-02-10 08:00:01] [INFO] Démarrage du script d'automatisation SMS (type: checkout)
[2026-02-10 08:00:01] [INFO] ========================================
[2026-02-10 08:00:01] [INFO] === Traitement des check-out du 2026-02-10 ===
[2026-02-10 08:00:01] [INFO] Trouvé 0 check-out(s) pour aujourd'hui
[2026-02-10 08:00:01] [SUCCESS] ✅ 0 SMS de check-out créé(s)
[2026-02-10 08:00:01] [INFO] ========================================
[2026-02-10 08:00:01] [SUCCESS] Script terminé avec succès (type: checkout)
[2026-02-10 08:00:01] [INFO] ========================================
[2026-02-11 08:00:01] [INFO] ========================================
[2026-02-11 08:00:02] [INFO] Démarrage du script d'automatisation SMS (type: checkout)
[2026-02-11 08:00:02] [INFO] ========================================
[2026-02-11 08:00:02] [INFO] === Traitement des check-out du 2026-02-11 ===
[2026-02-11 08:00:02] [INFO] Trouvé 1 check-out(s) pour aujourd'hui
[2026-02-11 08:00:02] [SUCCESS] ✅ Réservation #3449 (Ian ) : SMS 'checkout' créé (ID=2125)
[2026-02-11 08:00:02] [SUCCESS] ✅ 1 SMS de check-out créé(s)
[2026-02-11 08:00:02] [INFO] ========================================
[2026-02-11 08:00:02] [SUCCESS] Script terminé avec succès (type: checkout)
[2026-02-11 08:00:02] [INFO] ========================================
[2026-02-12 08:00:01] [INFO] ========================================
[2026-02-12 08:00:01] [INFO] Démarrage du script d'automatisation SMS (type: checkout)
[2026-02-12 08:00:01] [INFO] ========================================
[2026-02-12 08:00:01] [INFO] === Traitement des check-out du 2026-02-12 ===
[2026-02-12 08:00:01] [INFO] Trouvé 7 check-out(s) pour aujourd'hui
[2026-02-12 08:00:01] [SUCCESS] ✅ Réservation #3453 (Mohamed ) : SMS 'checkout' créé (ID=2133)
[2026-02-12 08:00:01] [SUCCESS] ✅ Réservation #3448 (Roman ) : SMS 'checkout' créé (ID=2134)
[2026-02-12 08:00:01] [SUCCESS] ✅ Réservation #3446 (Wilfried ) : SMS 'checkout' créé (ID=2135)
[2026-02-12 08:00:01] [SUCCESS] ✅ Réservation #3444 (Saliou ) : SMS 'checkout' créé (ID=2136)
[2026-02-12 08:00:01] [SUCCESS] ✅ Réservation #3443 (Mathis ) : SMS 'checkout' créé (ID=2137)
[2026-02-12 08:00:01] [SUCCESS] ✅ Réservation #3441 (Sas ) : SMS 'checkout' créé (ID=2138)
[2026-02-12 08:00:01] [SUCCESS] ✅ Réservation #3417 (Benjamin ) : SMS 'checkout' créé (ID=2139)
[2026-02-12 08:00:01] [SUCCESS] ✅ 7 SMS de check-out créé(s)
[2026-02-12 08:00:01] [INFO] ========================================
[2026-02-12 08:00:01] [SUCCESS] Script terminé avec succès (type: checkout)
[2026-02-12 08:00:01] [INFO] ========================================
[2026-02-13 08:00:01] [INFO] ========================================
[2026-02-13 08:00:01] [INFO] Démarrage du script d'automatisation SMS (type: checkout)
[2026-02-13 08:00:01] [INFO] ========================================
[2026-02-13 08:00:01] [INFO] === Traitement des check-out du 2026-02-13 ===
[2026-02-13 08:00:01] [INFO] Trouvé 8 check-out(s) pour aujourd'hui
[2026-02-13 08:00:01] [SUCCESS] ✅ Réservation #3473 (jennifer ) : SMS 'checkout' créé (ID=2157)
[2026-02-13 08:00:01] [SUCCESS] ✅ Réservation #3469 (Grégoire ) : SMS 'checkout' créé (ID=2158)
[2026-02-13 08:00:01] [SUCCESS] ✅ Réservation #3462 (Christine ) : SMS 'checkout' créé (ID=2159)
[2026-02-13 08:00:01] [SUCCESS] ✅ Réservation #3459 (Ian ) : SMS 'checkout' créé (ID=2160)
[2026-02-13 08:00:01] [SUCCESS] ✅ Réservation #3458 (YVON ) : SMS 'checkout' créé (ID=2161)
[2026-02-13 08:00:01] [SUCCESS] ✅ Réservation #3454 (Carine ) : SMS 'checkout' créé (ID=2162)
[2026-02-13 08:00:01] [SUCCESS] ✅ Réservation #3447 (Thomas ) : SMS 'checkout' créé (ID=2163)
[2026-02-13 08:00:01] [SUCCESS] ✅ Réservation #3362 (Ijes Solar France ) : SMS 'checkout' créé (ID=2164)
[2026-02-13 08:00:01] [SUCCESS] ✅ 8 SMS de check-out créé(s)
[2026-02-13 08:00:01] [INFO] ========================================
[2026-02-13 08:00:01] [SUCCESS] Script terminé avec succès (type: checkout)
[2026-02-13 08:00:01] [INFO] ========================================
[2026-02-14 08:00:02] [INFO] ========================================
[2026-02-14 08:00:02] [INFO] Démarrage du script d'automatisation SMS (type: checkout)
[2026-02-14 08:00:02] [INFO] ========================================
[2026-02-14 08:00:02] [INFO] === Traitement des check-out du 2026-02-14 ===
[2026-02-14 08:00:02] [INFO] Trouvé 2 check-out(s) pour aujourd'hui
[2026-02-14 08:00:02] [SUCCESS] ✅ Réservation #3438 (Camile ) : SMS 'checkout' créé (ID=2169)
[2026-02-14 08:00:02] [SUCCESS] ✅ Réservation #3439 (cbe ) : SMS 'checkout' créé (ID=2170)
[2026-02-14 08:00:02] [SUCCESS] ✅ 2 SMS de check-out créé(s)
[2026-02-14 08:00:02] [INFO] ========================================
[2026-02-14 08:00:02] [SUCCESS] Script terminé avec succès (type: checkout)
[2026-02-14 08:00:02] [INFO] ========================================
[2026-02-15 08:00:01] [INFO] ========================================
[2026-02-15 08:00:01] [INFO] Démarrage du script d'automatisation SMS (type: checkout)
[2026-02-15 08:00:01] [INFO] ========================================
[2026-02-15 08:00:01] [INFO] === Traitement des check-out du 2026-02-15 ===
[2026-02-15 08:00:01] [INFO] Trouvé 8 check-out(s) pour aujourd'hui
[2026-02-15 08:00:01] [SUCCESS] ✅ Réservation #3474 (Mel ) : SMS 'checkout' créé (ID=2181)
[2026-02-15 08:00:01] [SUCCESS] ✅ Réservation #3470 (Raphaël ) : SMS 'checkout' créé (ID=2182)
[2026-02-15 08:00:01] [SUCCESS] ✅ Réservation #3461 (Noémie ) : SMS 'checkout' créé (ID=2183)
[2026-02-15 08:00:01] [SUCCESS] ✅ Réservation #3460 (Erkan ) : SMS 'checkout' créé (ID=2184)
[2026-02-15 08:00:01] [SUCCESS] ✅ Réservation #3451 (Antonin ) : SMS 'checkout' créé (ID=2185)
[2026-02-15 08:00:01] [SUCCESS] ✅ Réservation #3431 (Thomas ) : SMS 'checkout' créé (ID=2186)
[2026-02-15 08:00:01] [SUCCESS] ✅ Réservation #3368 (Amy ) : SMS 'checkout' créé (ID=2187)
[2026-02-15 08:00:01] [SUCCESS] ✅ Réservation #3326 (Loris ) : SMS 'checkout' créé (ID=2188)
[2026-02-15 08:00:01] [SUCCESS] ✅ 8 SMS de check-out créé(s)
[2026-02-15 08:00:01] [INFO] ========================================
[2026-02-15 08:00:01] [SUCCESS] Script terminé avec succès (type: checkout)
[2026-02-15 08:00:01] [INFO] ========================================
[2026-02-16 08:00:01] [INFO] ========================================
[2026-02-16 08:00:01] [INFO] Démarrage du script d'automatisation SMS (type: checkout)
[2026-02-16 08:00:01] [INFO] ========================================
[2026-02-16 08:00:01] [INFO] === Traitement des check-out du 2026-02-16 ===
[2026-02-16 08:00:01] [INFO] Trouvé 3 check-out(s) pour aujourd'hui
[2026-02-16 08:00:01] [SUCCESS] ✅ Réservation #3468 (Clara ) : SMS 'checkout' créé (ID=2194)
[2026-02-16 08:00:01] [SUCCESS] ✅ Réservation #3404 (Fany ) : SMS 'checkout' créé (ID=2195)
[2026-02-16 08:00:01] [SUCCESS] ✅ Réservation #3308 (Marina ) : SMS 'checkout' créé (ID=2196)
[2026-02-16 08:00:01] [SUCCESS] ✅ 3 SMS de check-out créé(s)
[2026-02-16 08:00:01] [INFO] ========================================
[2026-02-16 08:00:01] [SUCCESS] Script terminé avec succès (type: checkout)
[2026-02-16 08:00:01] [INFO] ========================================
[2026-02-17 08:00:01] [INFO] ========================================
[2026-02-17 08:00:01] [INFO] Démarrage du script d'automatisation SMS (type: checkout)
[2026-02-17 08:00:01] [INFO] ========================================
[2026-02-17 08:00:01] [INFO] === Traitement des check-out du 2026-02-17 ===
[2026-02-17 08:00:01] [INFO] Trouvé 3 check-out(s) pour aujourd'hui
[2026-02-17 08:00:01] [SUCCESS] ✅ Réservation #3480 (MITHAT ) : SMS 'checkout' créé (ID=2215)
[2026-02-17 08:00:01] [SUCCESS] ✅ Réservation #3476 (Jessica ) : SMS 'checkout' créé (ID=2216)
[2026-02-17 08:00:01] [INFO] Réservation #3460 : SMS checkout déjà envoyé (flag=dep_sent)
[2026-02-17 08:00:01] [SUCCESS] ✅ 2 SMS de check-out créé(s)
[2026-02-17 08:00:01] [INFO] ========================================
[2026-02-17 08:00:01] [SUCCESS] Script terminé avec succès (type: checkout)
[2026-02-17 08:00:01] [INFO] ========================================
[2026-02-18 08:00:01] [INFO] ========================================
[2026-02-18 08:00:01] [INFO] Démarrage du script d'automatisation SMS (type: checkout)
[2026-02-18 08:00:01] [INFO] ========================================
[2026-02-18 08:00:01] [INFO] === Traitement des check-out du 2026-02-18 ===
[2026-02-18 08:00:01] [INFO] Trouvé 4 check-out(s) pour aujourd'hui
[2026-02-18 08:00:01] [SUCCESS] ✅ Réservation #3482 (Bilal ) : SMS 'checkout' créé (ID=2224)
[2026-02-18 08:00:01] [INFO] Réservation #3460 : SMS checkout déjà envoyé (flag=dep_sent)
[2026-02-18 08:00:01] [SUCCESS] ✅ Réservation #3455 (Florence ) : SMS 'checkout' créé (ID=2225)
[2026-02-18 08:00:01] [SUCCESS] ✅ Réservation #3436 (Ilie ) : SMS 'checkout' créé (ID=2226)
[2026-02-18 08:00:01] [SUCCESS] ✅ 3 SMS de check-out créé(s)
[2026-02-18 08:00:01] [INFO] ========================================
[2026-02-18 08:00:01] [SUCCESS] Script terminé avec succès (type: checkout)
[2026-02-18 08:00:01] [INFO] ========================================
[2026-02-19 08:00:01] [INFO] ========================================
[2026-02-19 08:00:01] [INFO] Démarrage du script d'automatisation SMS (type: checkout)
[2026-02-19 08:00:01] [INFO] ========================================
[2026-02-19 08:00:01] [INFO] === Traitement des check-out du 2026-02-19 ===
[2026-02-19 08:00:01] [INFO] Trouvé 2 check-out(s) pour aujourd'hui
[2026-02-19 08:00:01] [SUCCESS] ✅ Réservation #3479 (Grégory ) : SMS 'checkout' créé (ID=2240)
[2026-02-19 08:00:01] [SUCCESS] ✅ Réservation #3477 (Hervé ) : SMS 'checkout' créé (ID=2241)
[2026-02-19 08:00:01] [SUCCESS] ✅ 2 SMS de check-out créé(s)
[2026-02-19 08:00:01] [INFO] ========================================
[2026-02-19 08:00:01] [SUCCESS] Script terminé avec succès (type: checkout)
[2026-02-19 08:00:01] [INFO] ========================================
[2026-02-20 08:00:01] [INFO] ========================================
[2026-02-20 08:00:01] [INFO] Démarrage du script d'automatisation SMS (type: checkout)
[2026-02-20 08:00:01] [INFO] ========================================
[2026-02-20 08:00:01] [INFO] === Traitement des check-out du 2026-02-20 ===
[2026-02-20 08:00:01] [INFO] Trouvé 4 check-out(s) pour aujourd'hui
[2026-02-20 08:00:01] [WARNING] Réservation #3492 : Pas de numéro de téléphone
[2026-02-20 08:00:01] [SUCCESS] ✅ Réservation #3490 (Julie ) : SMS 'checkout' créé (ID=2247)
[2026-02-20 08:00:01] [SUCCESS] ✅ Réservation #3485 (Thibault ) : SMS 'checkout' créé (ID=2248)
[2026-02-20 08:00:01] [SUCCESS] ✅ Réservation #3452 (Alice ) : SMS 'checkout' créé (ID=2249)
[2026-02-20 08:00:01] [SUCCESS] ✅ 3 SMS de check-out créé(s)
[2026-02-20 08:00:01] [INFO] ========================================
[2026-02-20 08:00:01] [SUCCESS] Script terminé avec succès (type: checkout)
[2026-02-20 08:00:01] [INFO] ========================================
[2026-02-21 08:00:01] [INFO] ========================================
[2026-02-21 08:00:01] [INFO] Démarrage du script d'automatisation SMS (type: checkout)
[2026-02-21 08:00:01] [INFO] ========================================
[2026-02-21 08:00:01] [INFO] === Traitement des check-out du 2026-02-21 ===
[2026-02-21 08:00:01] [INFO] Trouvé 2 check-out(s) pour aujourd'hui
[2026-02-21 08:00:01] [SUCCESS] ✅ Réservation #3471 (Johnny ) : SMS 'checkout' créé (ID=2254)
[2026-02-21 08:00:01] [SUCCESS] ✅ Réservation #3425 (Hugo ) : SMS 'checkout' créé (ID=2255)
[2026-02-21 08:00:01] [SUCCESS] ✅ 2 SMS de check-out créé(s)
[2026-02-21 08:00:01] [INFO] ========================================
[2026-02-21 08:00:01] [SUCCESS] Script terminé avec succès (type: checkout)
[2026-02-21 08:00:01] [INFO] ========================================
[2026-02-22 08:00:01] [INFO] ========================================
[2026-02-22 08:00:01] [INFO] Démarrage du script d'automatisation SMS (type: checkout)
[2026-02-22 08:00:01] [INFO] ========================================
[2026-02-22 08:00:01] [INFO] === Traitement des check-out du 2026-02-22 ===
[2026-02-22 08:00:01] [INFO] Trouvé 6 check-out(s) pour aujourd'hui
[2026-02-22 08:00:01] [SUCCESS] ✅ Réservation #3464 (Elvedin ) : SMS 'checkout' créé (ID=2265)
[2026-02-22 08:00:01] [SUCCESS] ✅ Réservation #3450 (Cécile ) : SMS 'checkout' créé (ID=2266)
[2026-02-22 08:00:01] [SUCCESS] ✅ Réservation #3440 (julien ) : SMS 'checkout' créé (ID=2267)
[2026-02-22 08:00:01] [SUCCESS] ✅ Réservation #3427 (Jocelyn ) : SMS 'checkout' créé (ID=2268)
[2026-02-22 08:00:01] [SUCCESS] ✅ Réservation #3276 (Veronica ) : SMS 'checkout' créé (ID=2269)
[2026-02-22 08:00:01] [SUCCESS] ✅ Réservation #2933 (Michael ) : SMS 'checkout' créé (ID=2270)
[2026-02-22 08:00:01] [SUCCESS] ✅ 6 SMS de check-out créé(s)
[2026-02-22 08:00:01] [INFO] ========================================
[2026-02-22 08:00:01] [SUCCESS] Script terminé avec succès (type: checkout)
[2026-02-22 08:00:01] [INFO] ========================================
[2026-02-23 08:00:01] [INFO] ========================================
[2026-02-23 08:00:01] [INFO] Démarrage du script d'automatisation SMS (type: checkout)
[2026-02-23 08:00:01] [INFO] ========================================
[2026-02-23 08:00:01] [INFO] === Traitement des check-out du 2026-02-23 ===
[2026-02-23 08:00:01] [INFO] Trouvé 2 check-out(s) pour aujourd'hui
[2026-02-23 08:00:01] [SUCCESS] ✅ Réservation #3487 (Thevy ) : SMS 'checkout' créé (ID=2274)
[2026-02-23 08:00:01] [SUCCESS] ✅ Réservation #3463 (Sandra Maria De Britis ) : SMS 'checkout' créé (ID=2275)
[2026-02-23 08:00:01] [SUCCESS] ✅ 2 SMS de check-out créé(s)
[2026-02-23 08:00:01] [INFO] ========================================
[2026-02-23 08:00:01] [SUCCESS] Script terminé avec succès (type: checkout)
[2026-02-23 08:00:01] [INFO] ========================================
[2026-02-24 08:00:02] [INFO] ========================================
[2026-02-24 08:00:02] [INFO] Démarrage du script d'automatisation SMS (type: checkout)
[2026-02-24 08:00:02] [INFO] ========================================
[2026-02-24 08:00:02] [INFO] === Traitement des check-out du 2026-02-24 ===
[2026-02-24 08:00:02] [INFO] Trouvé 1 check-out(s) pour aujourd'hui
[2026-02-24 08:00:02] [SUCCESS] ✅ Réservation #3366 (Veronica ) : SMS 'checkout' créé (ID=2279)
[2026-02-24 08:00:02] [SUCCESS] ✅ 1 SMS de check-out créé(s)
[2026-02-24 08:00:02] [INFO] ========================================
[2026-02-24 08:00:02] [SUCCESS] Script terminé avec succès (type: checkout)
[2026-02-24 08:00:02] [INFO] ========================================
