[2026-02-08 09:00:02] [INFO] ========================================
[2026-02-08 09:00:02] [INFO] Démarrage du script d'automatisation SMS (type: preparation)
[2026-02-08 09:00:02] [INFO] ========================================
[2026-02-08 09:00:02] [INFO] === Traitement des préparations pour le 2026-02-12 (4 jours) ===
[2026-02-08 09:00:02] [INFO] Trouvé 0 arrivée(s) dans 4 jours
[2026-02-08 09:00:02] [SUCCESS] ✅ 0 SMS de préparation créé(s)
[2026-02-08 09:00:02] [INFO] ========================================
[2026-02-08 09:00:02] [SUCCESS] Script terminé avec succès (type: preparation)
[2026-02-08 09:00:02] [INFO] ========================================
[2026-02-09 09:00:01] [INFO] ========================================
[2026-02-09 09:00:01] [INFO] Démarrage du script d'automatisation SMS (type: preparation)
[2026-02-09 09:00:01] [INFO] ========================================
[2026-02-09 09:00:01] [INFO] === Traitement des préparations pour le 2026-02-13 (4 jours) ===
[2026-02-09 09:00:01] [INFO] Trouvé 3 arrivée(s) dans 4 jours
[2026-02-09 09:00:01] [SUCCESS] ✅ Réservation #3451 (Antonin ) : SMS 'preparation' créé (ID=2104)
[2026-02-09 09:00:01] [SUCCESS] ✅ Réservation #3431 (Thomas ) : SMS 'preparation' créé (ID=2105)
[2026-02-09 09:00:01] [SUCCESS] ✅ Réservation #3404 (Fany ) : SMS 'preparation' créé (ID=2106)
[2026-02-09 09:00:01] [SUCCESS] ✅ 3 SMS de préparation créé(s)
[2026-02-09 09:00:01] [INFO] ========================================
[2026-02-09 09:00:01] [SUCCESS] Script terminé avec succès (type: preparation)
[2026-02-09 09:00:01] [INFO] ========================================
[2026-02-10 09:00:01] [INFO] ========================================
[2026-02-10 09:00:01] [INFO] Démarrage du script d'automatisation SMS (type: preparation)
[2026-02-10 09:00:01] [INFO] ========================================
[2026-02-10 09:00:01] [INFO] === Traitement des préparations pour le 2026-02-14 (4 jours) ===
[2026-02-10 09:00:01] [INFO] Trouvé 0 arrivée(s) dans 4 jours
[2026-02-10 09:00:01] [SUCCESS] ✅ 0 SMS de préparation créé(s)
[2026-02-10 09:00:01] [INFO] ========================================
[2026-02-10 09:00:01] [SUCCESS] Script terminé avec succès (type: preparation)
[2026-02-10 09:00:01] [INFO] ========================================
[2026-02-11 09:00:01] [INFO] ========================================
[2026-02-11 09:00:01] [INFO] Démarrage du script d'automatisation SMS (type: preparation)
[2026-02-11 09:00:01] [INFO] ========================================
[2026-02-11 09:00:01] [INFO] === Traitement des préparations pour le 2026-02-15 (4 jours) ===
[2026-02-11 09:00:01] [INFO] Trouvé 2 arrivée(s) dans 4 jours
[2026-02-11 09:00:01] [SUCCESS] ✅ Réservation #3425 (Hugo ) : SMS 'preparation' créé (ID=2126)
[2026-02-11 09:00:01] [SUCCESS] ✅ Réservation #2933 (Michael ) : SMS 'preparation' créé (ID=2127)
[2026-02-11 09:00:01] [SUCCESS] ✅ 2 SMS de préparation créé(s)
[2026-02-11 09:00:01] [INFO] ========================================
[2026-02-11 09:00:01] [SUCCESS] Script terminé avec succès (type: preparation)
[2026-02-11 09:00:01] [INFO] ========================================
[2026-02-12 09:00:02] [INFO] ========================================
[2026-02-12 09:00:02] [INFO] Démarrage du script d'automatisation SMS (type: preparation)
[2026-02-12 09:00:02] [INFO] ========================================
[2026-02-12 09:00:02] [INFO] === Traitement des préparations pour le 2026-02-16 (4 jours) ===
[2026-02-12 09:00:02] [INFO] Trouvé 5 arrivée(s) dans 4 jours
[2026-02-12 09:00:02] [SUCCESS] ✅ Réservation #3463 (Sandra Maria De Britis ) : SMS 'preparation' créé (ID=2140)
[2026-02-12 09:00:02] [SUCCESS] ✅ Réservation #3457 (Mickaël ) : SMS 'preparation' créé (ID=2141)
[2026-02-12 09:00:02] [SUCCESS] ✅ Réservation #3452 (Alice ) : SMS 'preparation' créé (ID=2142)
[2026-02-12 09:00:02] [SUCCESS] ✅ Réservation #3436 (Ilie ) : SMS 'preparation' créé (ID=2143)
[2026-02-12 09:00:02] [SUCCESS] ✅ Réservation #3276 (Veronica ) : SMS 'preparation' créé (ID=2144)
[2026-02-12 09:00:02] [SUCCESS] ✅ 5 SMS de préparation créé(s)
[2026-02-12 09:00:02] [INFO] ========================================
[2026-02-12 09:00:02] [SUCCESS] Script terminé avec succès (type: preparation)
[2026-02-12 09:00:02] [INFO] ========================================
[2026-02-13 09:00:01] [INFO] ========================================
[2026-02-13 09:00:01] [INFO] Démarrage du script d'automatisation SMS (type: preparation)
[2026-02-13 09:00:01] [INFO] ========================================
[2026-02-13 09:00:01] [INFO] === Traitement des préparations pour le 2026-02-17 (4 jours) ===
[2026-02-13 09:00:01] [INFO] Trouvé 0 arrivée(s) dans 4 jours
[2026-02-13 09:00:01] [SUCCESS] ✅ 0 SMS de préparation créé(s)
[2026-02-13 09:00:01] [INFO] ========================================
[2026-02-13 09:00:01] [SUCCESS] Script terminé avec succès (type: preparation)
[2026-02-13 09:00:01] [INFO] ========================================
[2026-02-14 09:00:01] [INFO] ========================================
[2026-02-14 09:00:01] [INFO] Démarrage du script d'automatisation SMS (type: preparation)
[2026-02-14 09:00:01] [INFO] ========================================
[2026-02-14 09:00:01] [INFO] === Traitement des préparations pour le 2026-02-18 (4 jours) ===
[2026-02-14 09:00:01] [INFO] Trouvé 4 arrivée(s) dans 4 jours
[2026-02-14 09:00:01] [SUCCESS] ✅ Réservation #3464 (Elvedin ) : SMS 'preparation' créé (ID=2171)
[2026-02-14 09:00:01] [SUCCESS] ✅ Réservation #3456 (Veronica ) : SMS 'preparation' créé (ID=2172)
[2026-02-14 09:00:01] [SUCCESS] ✅ Réservation #3366 (Veronica ) : SMS 'preparation' créé (ID=2173)
[2026-02-14 09:00:01] [SUCCESS] ✅ Réservation #3314 (Veronica ) : SMS 'preparation' créé (ID=2174)
[2026-02-14 09:00:01] [SUCCESS] ✅ 4 SMS de préparation créé(s)
[2026-02-14 09:00:01] [INFO] ========================================
[2026-02-14 09:00:01] [SUCCESS] Script terminé avec succès (type: preparation)
[2026-02-14 09:00:01] [INFO] ========================================
[2026-02-15 09:00:01] [INFO] ========================================
[2026-02-15 09:00:01] [INFO] Démarrage du script d'automatisation SMS (type: preparation)
[2026-02-15 09:00:01] [INFO] ========================================
[2026-02-15 09:00:01] [INFO] === Traitement des préparations pour le 2026-02-19 (4 jours) ===
[2026-02-15 09:00:01] [INFO] Trouvé 0 arrivée(s) dans 4 jours
[2026-02-15 09:00:01] [SUCCESS] ✅ 0 SMS de préparation créé(s)
[2026-02-15 09:00:01] [INFO] ========================================
[2026-02-15 09:00:01] [SUCCESS] Script terminé avec succès (type: preparation)
[2026-02-15 09:00:01] [INFO] ========================================
[2026-02-16 09:00:01] [INFO] ========================================
[2026-02-16 09:00:01] [INFO] Démarrage du script d'automatisation SMS (type: preparation)
[2026-02-16 09:00:01] [INFO] ========================================
[2026-02-16 09:00:01] [INFO] === Traitement des préparations pour le 2026-02-20 (4 jours) ===
[2026-02-16 09:00:01] [INFO] Trouvé 2 arrivée(s) dans 4 jours
[2026-02-16 09:00:01] [SUCCESS] ✅ Réservation #3450 (Cécile ) : SMS 'preparation' créé (ID=2197)
[2026-02-16 09:00:01] [SUCCESS] ✅ Réservation #3427 (Jocelyn ) : SMS 'preparation' créé (ID=2198)
[2026-02-16 09:00:01] [SUCCESS] ✅ 2 SMS de préparation créé(s)
[2026-02-16 09:00:01] [INFO] ========================================
[2026-02-16 09:00:01] [SUCCESS] Script terminé avec succès (type: preparation)
[2026-02-16 09:00:01] [INFO] ========================================
[2026-02-17 09:00:01] [INFO] ========================================
[2026-02-17 09:00:01] [INFO] Démarrage du script d'automatisation SMS (type: preparation)
[2026-02-17 09:00:01] [INFO] ========================================
[2026-02-17 09:00:01] [INFO] === Traitement des préparations pour le 2026-02-21 (4 jours) ===
[2026-02-17 09:00:01] [INFO] Trouvé 2 arrivée(s) dans 4 jours
[2026-02-17 09:00:01] [SUCCESS] ✅ Réservation #3440 (julien ) : SMS 'preparation' créé (ID=2218)
[2026-02-17 09:00:01] [SUCCESS] ✅ Réservation #3350 (Slim / Donia ) : SMS 'preparation' créé (ID=2219)
[2026-02-17 09:00:01] [SUCCESS] ✅ 2 SMS de préparation créé(s)
[2026-02-17 09:00:01] [INFO] ========================================
[2026-02-17 09:00:01] [SUCCESS] Script terminé avec succès (type: preparation)
[2026-02-17 09:00:01] [INFO] ========================================
[2026-02-18 09:00:01] [INFO] ========================================
[2026-02-18 09:00:01] [INFO] Démarrage du script d'automatisation SMS (type: preparation)
[2026-02-18 09:00:01] [INFO] ========================================
[2026-02-18 09:00:01] [INFO] === Traitement des préparations pour le 2026-02-22 (4 jours) ===
[2026-02-18 09:00:01] [INFO] Trouvé 1 arrivée(s) dans 4 jours
[2026-02-18 09:00:01] [SUCCESS] ✅ Réservation #3237 (Donovan ) : SMS 'preparation' créé (ID=2228)
[2026-02-18 09:00:01] [SUCCESS] ✅ 1 SMS de préparation créé(s)
[2026-02-18 09:00:01] [INFO] ========================================
[2026-02-18 09:00:01] [SUCCESS] Script terminé avec succès (type: preparation)
[2026-02-18 09:00:01] [INFO] ========================================
[2026-02-19 09:00:01] [INFO] ========================================
[2026-02-19 09:00:01] [INFO] Démarrage du script d'automatisation SMS (type: preparation)
[2026-02-19 09:00:01] [INFO] ========================================
[2026-02-19 09:00:01] [INFO] === Traitement des préparations pour le 2026-02-23 (4 jours) ===
[2026-02-19 09:00:01] [INFO] Trouvé 2 arrivée(s) dans 4 jours
[2026-02-19 09:00:01] [SUCCESS] ✅ Réservation #3418 (Amandine ) : SMS 'preparation' créé (ID=2242)
[2026-02-19 09:00:01] [SUCCESS] ✅ Réservation #3309 (Rim ) : SMS 'preparation' créé (ID=2243)
[2026-02-19 09:00:01] [SUCCESS] ✅ 2 SMS de préparation créé(s)
[2026-02-19 09:00:01] [INFO] ========================================
[2026-02-19 09:00:01] [SUCCESS] Script terminé avec succès (type: preparation)
[2026-02-19 09:00:01] [INFO] ========================================
[2026-02-20 09:00:01] [INFO] ========================================
[2026-02-20 09:00:01] [INFO] Démarrage du script d'automatisation SMS (type: preparation)
[2026-02-20 09:00:01] [INFO] ========================================
[2026-02-20 09:00:01] [INFO] === Traitement des préparations pour le 2026-02-24 (4 jours) ===
[2026-02-20 09:00:01] [INFO] Trouvé 0 arrivée(s) dans 4 jours
[2026-02-20 09:00:01] [SUCCESS] ✅ 0 SMS de préparation créé(s)
[2026-02-20 09:00:01] [INFO] ========================================
[2026-02-20 09:00:01] [SUCCESS] Script terminé avec succès (type: preparation)
[2026-02-20 09:00:01] [INFO] ========================================
[2026-02-21 09:00:01] [INFO] ========================================
[2026-02-21 09:00:01] [INFO] Démarrage du script d'automatisation SMS (type: preparation)
[2026-02-21 09:00:01] [INFO] ========================================
[2026-02-21 09:00:01] [INFO] === Traitement des préparations pour le 2026-02-25 (4 jours) ===
[2026-02-21 09:00:01] [INFO] Trouvé 1 arrivée(s) dans 4 jours
[2026-02-21 09:00:01] [WARNING] Réservation #3494 : Pas de numéro de téléphone
[2026-02-21 09:00:01] [SUCCESS] ✅ 0 SMS de préparation créé(s)
[2026-02-21 09:00:01] [INFO] ========================================
[2026-02-21 09:00:01] [SUCCESS] Script terminé avec succès (type: preparation)
[2026-02-21 09:00:01] [INFO] ========================================
[2026-02-22 09:00:01] [INFO] ========================================
[2026-02-22 09:00:01] [INFO] Démarrage du script d'automatisation SMS (type: preparation)
[2026-02-22 09:00:01] [INFO] ========================================
[2026-02-22 09:00:01] [INFO] === Traitement des préparations pour le 2026-02-26 (4 jours) ===
[2026-02-22 09:00:01] [INFO] Trouvé 0 arrivée(s) dans 4 jours
[2026-02-22 09:00:01] [SUCCESS] ✅ 0 SMS de préparation créé(s)
[2026-02-22 09:00:01] [INFO] ========================================
[2026-02-22 09:00:01] [SUCCESS] Script terminé avec succès (type: preparation)
[2026-02-22 09:00:01] [INFO] ========================================
[2026-02-23 09:00:01] [INFO] ========================================
[2026-02-23 09:00:01] [INFO] Démarrage du script d'automatisation SMS (type: preparation)
[2026-02-23 09:00:01] [INFO] ========================================
[2026-02-23 09:00:01] [INFO] === Traitement des préparations pour le 2026-02-27 (4 jours) ===
[2026-02-23 09:00:01] [INFO] Trouvé 1 arrivée(s) dans 4 jours
[2026-02-23 09:00:01] [WARNING] Réservation #3496 : Pas de numéro de téléphone
[2026-02-23 09:00:01] [SUCCESS] ✅ 0 SMS de préparation créé(s)
[2026-02-23 09:00:01] [INFO] ========================================
[2026-02-23 09:00:01] [SUCCESS] Script terminé avec succès (type: preparation)
[2026-02-23 09:00:01] [INFO] ========================================
[2026-02-24 09:00:01] [INFO] ========================================
[2026-02-24 09:00:01] [INFO] Démarrage du script d'automatisation SMS (type: preparation)
[2026-02-24 09:00:01] [INFO] ========================================
[2026-02-24 09:00:01] [INFO] === Traitement des préparations pour le 2026-02-28 (4 jours) ===
[2026-02-24 09:00:01] [INFO] Trouvé 3 arrivée(s) dans 4 jours
[2026-02-24 09:00:01] [SUCCESS] ✅ Réservation #3500 (Emma ) : SMS 'preparation' créé (ID=2280)
[2026-02-24 09:00:01] [WARNING] Réservation #3497 : Pas de numéro de téléphone
[2026-02-24 09:00:01] [SUCCESS] ✅ Réservation #3379 (Charlotte ) : SMS 'preparation' créé (ID=2281)
[2026-02-24 09:00:01] [SUCCESS] ✅ 2 SMS de préparation créé(s)
[2026-02-24 09:00:01] [INFO] ========================================
[2026-02-24 09:00:01] [SUCCESS] Script terminé avec succès (type: preparation)
[2026-02-24 09:00:01] [INFO] ========================================
