[2026-02-07 19:00:01] [INFO] ========================================
[2026-02-07 19:00:01] [INFO] DÃĐmarrage du script d'automatisation SMS (type: checkin)
[2026-02-07 19:00:01] [INFO] ========================================
[2026-02-07 19:00:01] [INFO] === Traitement des check-in du 2026-02-07 ===
[2026-02-07 19:00:01] [INFO] TrouvÃĐ 7 check-in(s) pour aujourd'hui
[2026-02-07 19:00:01] [SUCCESS] â RÃĐservation #3443 (Mathis ) : SMS 'accueil' crÃĐÃĐ (ID=2072)
[2026-02-07 19:00:01] [SUCCESS] â RÃĐservation #3442 (Orlane ) : SMS 'accueil' crÃĐÃĐ (ID=2073)
[2026-02-07 19:00:01] [SUCCESS] â RÃĐservation #3438 (Camile ) : SMS 'accueil' crÃĐÃĐ (ID=2074)
[2026-02-07 19:00:01] [SUCCESS] â RÃĐservation #3437 (Pauline ) : SMS 'accueil' crÃĐÃĐ (ID=2075)
[2026-02-07 19:00:01] [SUCCESS] â RÃĐservation #3432 (Kevin ) : SMS 'accueil' crÃĐÃĐ (ID=2076)
[2026-02-07 19:00:01] [SUCCESS] â RÃĐservation #3420 (christelle ) : SMS 'accueil' crÃĐÃĐ (ID=2077)
[2026-02-07 19:00:01] [SUCCESS] â RÃĐservation #3356 (Quentin ) : SMS 'accueil' crÃĐÃĐ (ID=2078)
[2026-02-07 19:00:01] [SUCCESS] â 7 SMS de check-in crÃĐÃĐ(s)
[2026-02-07 19:00:01] [INFO] ========================================
[2026-02-07 19:00:01] [SUCCESS] Script terminÃĐ avec succÃĻs (type: checkin)
[2026-02-07 19:00:01] [INFO] ========================================
[2026-02-08 19:00:01] [INFO] ========================================
[2026-02-08 19:00:01] [INFO] DÃĐmarrage du script d'automatisation SMS (type: checkin)
[2026-02-08 19:00:01] [INFO] ========================================
[2026-02-08 19:00:01] [INFO] === Traitement des check-in du 2026-02-08 ===
[2026-02-08 19:00:01] [INFO] TrouvÃĐ 5 check-in(s) pour aujourd'hui
[2026-02-08 19:00:01] [SUCCESS] â RÃĐservation #3448 (Roman ) : SMS 'accueil' crÃĐÃĐ (ID=2094)
[2026-02-08 19:00:01] [SUCCESS] â RÃĐservation #3447 (Thomas ) : SMS 'accueil' crÃĐÃĐ (ID=2095)
[2026-02-08 19:00:01] [SUCCESS] â RÃĐservation #3429 (Moussa ) : SMS 'accueil' crÃĐÃĐ (ID=2096)
[2026-02-08 19:00:01] [SUCCESS] â RÃĐservation #3326 (Loris ) : SMS 'accueil' crÃĐÃĐ (ID=2097)
[2026-02-08 19:00:01] [SUCCESS] â RÃĐservation #3308 (Marina ) : SMS 'accueil' crÃĐÃĐ (ID=2098)
[2026-02-08 19:00:01] [SUCCESS] â 5 SMS de check-in crÃĐÃĐ(s)
[2026-02-08 19:00:01] [INFO] ========================================
[2026-02-08 19:00:01] [SUCCESS] Script terminÃĐ avec succÃĻs (type: checkin)
[2026-02-08 19:00:01] [INFO] ========================================
[2026-02-09 19:00:01] [INFO] ========================================
[2026-02-09 19:00:01] [INFO] DÃĐmarrage du script d'automatisation SMS (type: checkin)
[2026-02-09 19:00:01] [INFO] ========================================
[2026-02-09 19:00:01] [INFO] === Traitement des check-in du 2026-02-09 ===
[2026-02-09 19:00:01] [INFO] TrouvÃĐ 6 check-in(s) pour aujourd'hui
[2026-02-09 19:00:01] [SUCCESS] â RÃĐservation #3453 (Mohamed ) : SMS 'accueil' crÃĐÃĐ (ID=2108)
[2026-02-09 19:00:01] [SUCCESS] â RÃĐservation #3449 (Ian ) : SMS 'accueil' crÃĐÃĐ (ID=2109)
[2026-02-09 19:00:01] [SUCCESS] â RÃĐservation #3446 (Wilfried ) : SMS 'accueil' crÃĐÃĐ (ID=2110)
[2026-02-09 19:00:01] [SUCCESS] â RÃĐservation #3444 (Saliou ) : SMS 'accueil' crÃĐÃĐ (ID=2111)
[2026-02-09 19:00:01] [SUCCESS] â RÃĐservation #3441 (Sas ) : SMS 'accueil' crÃĐÃĐ (ID=2112)
[2026-02-09 19:00:01] [SUCCESS] â RÃĐservation #3417 (Benjamin ) : SMS 'accueil' crÃĐÃĐ (ID=2113)
[2026-02-09 19:00:01] [SUCCESS] â 6 SMS de check-in crÃĐÃĐ(s)
[2026-02-09 19:00:01] [INFO] ========================================
[2026-02-09 19:00:01] [SUCCESS] Script terminÃĐ avec succÃĻs (type: checkin)
[2026-02-09 19:00:01] [INFO] ========================================
[2026-02-10 19:00:01] [INFO] ========================================
[2026-02-10 19:00:01] [INFO] DÃĐmarrage du script d'automatisation SMS (type: checkin)
[2026-02-10 19:00:01] [INFO] ========================================
[2026-02-10 19:00:01] [INFO] === Traitement des check-in du 2026-02-10 ===
[2026-02-10 19:00:01] [INFO] TrouvÃĐ 1 check-in(s) pour aujourd'hui
[2026-02-10 19:00:01] [SUCCESS] â RÃĐservation #3460 (Erkan ) : SMS 'accueil' crÃĐÃĐ (ID=2123)
[2026-02-10 19:00:01] [SUCCESS] â 1 SMS de check-in crÃĐÃĐ(s)
[2026-02-10 19:00:01] [INFO] ========================================
[2026-02-10 19:00:01] [SUCCESS] Script terminÃĐ avec succÃĻs (type: checkin)
[2026-02-10 19:00:01] [INFO] ========================================
[2026-02-11 19:00:01] [INFO] ========================================
[2026-02-11 19:00:01] [INFO] DÃĐmarrage du script d'automatisation SMS (type: checkin)
[2026-02-11 19:00:01] [INFO] ========================================
[2026-02-11 19:00:01] [INFO] === Traitement des check-in du 2026-02-11 ===
[2026-02-11 19:00:01] [INFO] TrouvÃĐ 1 check-in(s) pour aujourd'hui
[2026-02-11 19:00:01] [SUCCESS] â RÃĐservation #3459 (Ian ) : SMS 'accueil' crÃĐÃĐ (ID=2131)
[2026-02-11 19:00:01] [SUCCESS] â 1 SMS de check-in crÃĐÃĐ(s)
[2026-02-11 19:00:01] [INFO] ========================================
[2026-02-11 19:00:01] [SUCCESS] Script terminÃĐ avec succÃĻs (type: checkin)
[2026-02-11 19:00:01] [INFO] ========================================
[2026-02-12 19:00:01] [INFO] ========================================
[2026-02-12 19:00:01] [INFO] DÃĐmarrage du script d'automatisation SMS (type: checkin)
[2026-02-12 19:00:01] [INFO] ========================================
[2026-02-12 19:00:01] [INFO] === Traitement des check-in du 2026-02-12 ===
[2026-02-12 19:00:01] [INFO] TrouvÃĐ 5 check-in(s) pour aujourd'hui
[2026-02-12 19:00:01] [SUCCESS] â RÃĐservation #3469 (GrÃĐgoire ) : SMS 'accueil' crÃĐÃĐ (ID=2152)
[2026-02-12 19:00:01] [SUCCESS] â RÃĐservation #3468 (Clara ) : SMS 'accueil' crÃĐÃĐ (ID=2153)
[2026-02-12 19:00:01] [SUCCESS] â RÃĐservation #3462 (Christine ) : SMS 'accueil' crÃĐÃĐ (ID=2154)
[2026-02-12 19:00:01] [SUCCESS] â RÃĐservation #3458 (YVON ) : SMS 'accueil' crÃĐÃĐ (ID=2155)
[2026-02-12 19:00:01] [SUCCESS] â RÃĐservation #3454 (Carine ) : SMS 'accueil' crÃĐÃĐ (ID=2156)
[2026-02-12 19:00:01] [SUCCESS] â 5 SMS de check-in crÃĐÃĐ(s)
[2026-02-12 19:00:01] [INFO] ========================================
[2026-02-12 19:00:01] [SUCCESS] Script terminÃĐ avec succÃĻs (type: checkin)
[2026-02-12 19:00:01] [INFO] ========================================
[2026-02-13 19:00:01] [INFO] ========================================
[2026-02-13 19:00:01] [INFO] DÃĐmarrage du script d'automatisation SMS (type: checkin)
[2026-02-13 19:00:01] [INFO] ========================================
[2026-02-13 19:00:01] [INFO] === Traitement des check-in du 2026-02-13 ===
[2026-02-13 19:00:01] [INFO] TrouvÃĐ 3 check-in(s) pour aujourd'hui
[2026-02-13 19:00:01] [SUCCESS] â RÃĐservation #3451 (Antonin ) : SMS 'accueil' crÃĐÃĐ (ID=2165)
[2026-02-13 19:00:01] [SUCCESS] â RÃĐservation #3431 (Thomas ) : SMS 'accueil' crÃĐÃĐ (ID=2166)
[2026-02-13 19:00:01] [SUCCESS] â RÃĐservation #3404 (Fany ) : SMS 'accueil' crÃĐÃĐ (ID=2167)
[2026-02-13 19:00:01] [SUCCESS] â 3 SMS de check-in crÃĐÃĐ(s)
[2026-02-13 19:00:01] [INFO] ========================================
[2026-02-13 19:00:01] [SUCCESS] Script terminÃĐ avec succÃĻs (type: checkin)
[2026-02-13 19:00:01] [INFO] ========================================
[2026-02-14 19:00:01] [INFO] ========================================
[2026-02-14 19:00:01] [INFO] DÃĐmarrage du script d'automatisation SMS (type: checkin)
[2026-02-14 19:00:01] [INFO] ========================================
[2026-02-14 19:00:01] [INFO] === Traitement des check-in du 2026-02-14 ===
[2026-02-14 19:00:01] [INFO] TrouvÃĐ 4 check-in(s) pour aujourd'hui
[2026-02-14 19:00:01] [SUCCESS] â RÃĐservation #3474 (Mel ) : SMS 'accueil' crÃĐÃĐ (ID=2177)
[2026-02-14 19:00:01] [SUCCESS] â RÃĐservation #3470 (RaphaÃŦl ) : SMS 'accueil' crÃĐÃĐ (ID=2178)
[2026-02-14 19:00:01] [SUCCESS] â RÃĐservation #3461 (NoÃĐmie ) : SMS 'accueil' crÃĐÃĐ (ID=2179)
[2026-02-14 19:00:01] [SUCCESS] â RÃĐservation #3455 (Florence ) : SMS 'accueil' crÃĐÃĐ (ID=2180)
[2026-02-14 19:00:01] [SUCCESS] â 4 SMS de check-in crÃĐÃĐ(s)
[2026-02-14 19:00:01] [INFO] ========================================
[2026-02-14 19:00:01] [SUCCESS] Script terminÃĐ avec succÃĻs (type: checkin)
[2026-02-14 19:00:01] [INFO] ========================================
[2026-02-15 19:00:01] [INFO] ========================================
[2026-02-15 19:00:01] [INFO] DÃĐmarrage du script d'automatisation SMS (type: checkin)
[2026-02-15 19:00:01] [INFO] ========================================
[2026-02-15 19:00:01] [INFO] === Traitement des check-in du 2026-02-15 ===
[2026-02-15 19:00:01] [INFO] TrouvÃĐ 2 check-in(s) pour aujourd'hui
[2026-02-15 19:00:01] [SUCCESS] â RÃĐservation #3425 (Hugo ) : SMS 'accueil' crÃĐÃĐ (ID=2192)
[2026-02-15 19:00:01] [SUCCESS] â RÃĐservation #2933 (Michael ) : SMS 'accueil' crÃĐÃĐ (ID=2193)
[2026-02-15 19:00:01] [SUCCESS] â 2 SMS de check-in crÃĐÃĐ(s)
[2026-02-15 19:00:01] [INFO] ========================================
[2026-02-15 19:00:01] [SUCCESS] Script terminÃĐ avec succÃĻs (type: checkin)
[2026-02-15 19:00:01] [INFO] ========================================
[2026-02-16 19:00:01] [INFO] ========================================
[2026-02-16 19:00:01] [INFO] DÃĐmarrage du script d'automatisation SMS (type: checkin)
[2026-02-16 19:00:01] [INFO] ========================================
[2026-02-16 19:00:01] [INFO] === Traitement des check-in du 2026-02-16 ===
[2026-02-16 19:00:01] [INFO] TrouvÃĐ 8 check-in(s) pour aujourd'hui
[2026-02-16 19:00:01] [SUCCESS] â RÃĐservation #3479 (GrÃĐgory ) : SMS 'accueil' crÃĐÃĐ (ID=2200)
[2026-02-16 19:00:01] [SUCCESS] â RÃĐservation #3476 (Jessica ) : SMS 'accueil' crÃĐÃĐ (ID=2201)
[2026-02-16 19:00:01] [SUCCESS] â RÃĐservation #3471 (Johnny ) : SMS 'accueil' crÃĐÃĐ (ID=2202)
[2026-02-16 19:00:01] [SUCCESS] â RÃĐservation #3463 (Sandra Maria De Britis ) : SMS 'accueil' crÃĐÃĐ (ID=2203)
[2026-02-16 19:00:01] [SUCCESS] â RÃĐservation #3457 (MickaÃŦl ) : SMS 'accueil' crÃĐÃĐ (ID=2204)
[2026-02-16 19:00:01] [SUCCESS] â RÃĐservation #3452 (Alice ) : SMS 'accueil' crÃĐÃĐ (ID=2205)
[2026-02-16 19:00:01] [SUCCESS] â RÃĐservation #3436 (Ilie ) : SMS 'accueil' crÃĐÃĐ (ID=2206)
[2026-02-16 19:00:01] [SUCCESS] â RÃĐservation #3276 (Veronica ) : SMS 'accueil' crÃĐÃĐ (ID=2207)
[2026-02-16 19:00:01] [SUCCESS] â 8 SMS de check-in crÃĐÃĐ(s)
[2026-02-16 19:00:01] [INFO] ========================================
[2026-02-16 19:00:01] [SUCCESS] Script terminÃĐ avec succÃĻs (type: checkin)
[2026-02-16 19:00:01] [INFO] ========================================
[2026-02-17 19:00:01] [INFO] ========================================
[2026-02-17 19:00:01] [INFO] DÃĐmarrage du script d'automatisation SMS (type: checkin)
[2026-02-17 19:00:01] [INFO] ========================================
[2026-02-17 19:00:01] [INFO] === Traitement des check-in du 2026-02-17 ===
[2026-02-17 19:00:01] [INFO] TrouvÃĐ 2 check-in(s) pour aujourd'hui
[2026-02-17 19:00:01] [SUCCESS] â RÃĐservation #3482 (Bilal ) : SMS 'accueil' crÃĐÃĐ (ID=2221)
[2026-02-17 19:00:01] [SUCCESS] â RÃĐservation #3477 (HervÃĐ ) : SMS 'accueil' crÃĐÃĐ (ID=2222)
[2026-02-17 19:00:01] [SUCCESS] â 2 SMS de check-in crÃĐÃĐ(s)
[2026-02-17 19:00:01] [INFO] ========================================
[2026-02-17 19:00:01] [SUCCESS] Script terminÃĐ avec succÃĻs (type: checkin)
[2026-02-17 19:00:01] [INFO] ========================================
[2026-02-18 19:00:01] [INFO] ========================================
[2026-02-18 19:00:01] [INFO] DÃĐmarrage du script d'automatisation SMS (type: checkin)
[2026-02-18 19:00:01] [INFO] ========================================
[2026-02-18 19:00:01] [INFO] === Traitement des check-in du 2026-02-18 ===
[2026-02-18 19:00:01] [INFO] TrouvÃĐ 5 check-in(s) pour aujourd'hui
[2026-02-18 19:00:01] [SUCCESS] â RÃĐservation #3485 (Thibault ) : SMS 'accueil' crÃĐÃĐ (ID=2234)
[2026-02-18 19:00:01] [SUCCESS] â RÃĐservation #3464 (Elvedin ) : SMS 'accueil' crÃĐÃĐ (ID=2235)
[2026-02-18 19:00:01] [SUCCESS] â RÃĐservation #3456 (Veronica ) : SMS 'accueil' crÃĐÃĐ (ID=2236)
[2026-02-18 19:00:01] [SUCCESS] â RÃĐservation #3366 (Veronica ) : SMS 'accueil' crÃĐÃĐ (ID=2237)
[2026-02-18 19:00:01] [SUCCESS] â RÃĐservation #3314 (Veronica ) : SMS 'accueil' crÃĐÃĐ (ID=2238)
[2026-02-18 19:00:01] [SUCCESS] â 5 SMS de check-in crÃĐÃĐ(s)
[2026-02-18 19:00:01] [INFO] ========================================
[2026-02-18 19:00:01] [SUCCESS] Script terminÃĐ avec succÃĻs (type: checkin)
[2026-02-18 19:00:01] [INFO] ========================================
[2026-02-19 19:00:01] [INFO] ========================================
[2026-02-19 19:00:01] [INFO] DÃĐmarrage du script d'automatisation SMS (type: checkin)
[2026-02-19 19:00:01] [INFO] ========================================
[2026-02-19 19:00:01] [INFO] === Traitement des check-in du 2026-02-19 ===
[2026-02-19 19:00:01] [INFO] TrouvÃĐ 2 check-in(s) pour aujourd'hui
[2026-02-19 19:00:01] [WARNING] RÃĐservation #3492 : Pas de numÃĐro de tÃĐlÃĐphone
[2026-02-19 19:00:01] [SUCCESS] â RÃĐservation #3490 (Julie ) : SMS 'accueil' crÃĐÃĐ (ID=2245)
[2026-02-19 19:00:01] [SUCCESS] â 1 SMS de check-in crÃĐÃĐ(s)
[2026-02-19 19:00:01] [INFO] ========================================
[2026-02-19 19:00:01] [SUCCESS] Script terminÃĐ avec succÃĻs (type: checkin)
[2026-02-19 19:00:01] [INFO] ========================================
[2026-02-20 19:00:01] [INFO] ========================================
[2026-02-20 19:00:01] [INFO] DÃĐmarrage du script d'automatisation SMS (type: checkin)
[2026-02-20 19:00:01] [INFO] ========================================
[2026-02-20 19:00:01] [INFO] === Traitement des check-in du 2026-02-20 ===
[2026-02-20 19:00:01] [INFO] TrouvÃĐ 2 check-in(s) pour aujourd'hui
[2026-02-20 19:00:01] [SUCCESS] â RÃĐservation #3450 (CÃĐcile ) : SMS 'accueil' crÃĐÃĐ (ID=2251)
[2026-02-20 19:00:01] [SUCCESS] â RÃĐservation #3427 (Jocelyn ) : SMS 'accueil' crÃĐÃĐ (ID=2252)
[2026-02-20 19:00:01] [SUCCESS] â 2 SMS de check-in crÃĐÃĐ(s)
[2026-02-20 19:00:01] [INFO] ========================================
[2026-02-20 19:00:01] [SUCCESS] Script terminÃĐ avec succÃĻs (type: checkin)
[2026-02-20 19:00:01] [INFO] ========================================
[2026-02-21 19:00:01] [INFO] ========================================
[2026-02-21 19:00:01] [INFO] DÃĐmarrage du script d'automatisation SMS (type: checkin)
[2026-02-21 19:00:01] [INFO] ========================================
[2026-02-21 19:00:01] [INFO] === Traitement des check-in du 2026-02-21 ===
[2026-02-21 19:00:01] [INFO] TrouvÃĐ 4 check-in(s) pour aujourd'hui
[2026-02-21 19:00:01] [SUCCESS] â RÃĐservation #3489 (AgnÃĻs ) : SMS 'accueil' crÃĐÃĐ (ID=2260)
[2026-02-21 19:00:01] [SUCCESS] â RÃĐservation #3487 (Thevy ) : SMS 'accueil' crÃĐÃĐ (ID=2261)
[2026-02-21 19:00:01] [SUCCESS] â RÃĐservation #3440 (julien ) : SMS 'accueil' crÃĐÃĐ (ID=2262)
[2026-02-21 19:00:01] [SUCCESS] â RÃĐservation #3350 (Slim / Donia ) : SMS 'accueil' crÃĐÃĐ (ID=2263)
[2026-02-21 19:00:01] [SUCCESS] â 4 SMS de check-in crÃĐÃĐ(s)
[2026-02-21 19:00:01] [INFO] ========================================
[2026-02-21 19:00:01] [SUCCESS] Script terminÃĐ avec succÃĻs (type: checkin)
[2026-02-21 19:00:01] [INFO] ========================================
[2026-02-22 19:00:01] [INFO] ========================================
[2026-02-22 19:00:01] [INFO] DÃĐmarrage du script d'automatisation SMS (type: checkin)
[2026-02-22 19:00:01] [INFO] ========================================
[2026-02-22 19:00:01] [INFO] === Traitement des check-in du 2026-02-22 ===
[2026-02-22 19:00:01] [INFO] TrouvÃĐ 1 check-in(s) pour aujourd'hui
[2026-02-22 19:00:01] [SUCCESS] â RÃĐservation #3237 (Donovan ) : SMS 'accueil' crÃĐÃĐ (ID=2272)
[2026-02-22 19:00:01] [SUCCESS] â 1 SMS de check-in crÃĐÃĐ(s)
[2026-02-22 19:00:01] [INFO] ========================================
[2026-02-22 19:00:01] [SUCCESS] Script terminÃĐ avec succÃĻs (type: checkin)
[2026-02-22 19:00:01] [INFO] ========================================
[2026-02-23 19:00:01] [INFO] ========================================
[2026-02-23 19:00:01] [INFO] DÃĐmarrage du script d'automatisation SMS (type: checkin)
[2026-02-23 19:00:01] [INFO] ========================================
[2026-02-23 19:00:01] [INFO] === Traitement des check-in du 2026-02-23 ===
[2026-02-23 19:00:01] [INFO] TrouvÃĐ 2 check-in(s) pour aujourd'hui
[2026-02-23 19:00:01] [SUCCESS] â RÃĐservation #3418 (Amandine ) : SMS 'accueil' crÃĐÃĐ (ID=2276)
[2026-02-23 19:00:01] [SUCCESS] â RÃĐservation #3309 (Rim ) : SMS 'accueil' crÃĐÃĐ (ID=2277)
[2026-02-23 19:00:01] [SUCCESS] â 2 SMS de check-in crÃĐÃĐ(s)
[2026-02-23 19:00:01] [INFO] ========================================
[2026-02-23 19:00:01] [SUCCESS] Script terminÃĐ avec succÃĻs (type: checkin)
[2026-02-23 19:00:01] [INFO] ========================================
