2026-02-02 07:02:17,942 - INFO - ============================================================
2026-02-02 07:02:17,944 - INFO - MISE A JOUR QUOTIDIENNE SUPERHOTE
2026-02-02 07:02:17,944 - INFO - Demarrage: 2026-02-02 07:02:17
2026-02-02 07:02:17,944 - INFO - ============================================================
2026-02-02 07:02:17,944 - INFO - Etape 1: Nettoyage des taches bloquees...
2026-02-02 07:02:17,968 - INFO -   16 taches bloquees liberees
2026-02-02 07:02:17,969 - INFO - Etape 2: Generation des prix...
2026-02-02 07:02:17,982 - INFO -   17 logements actifs
2026-02-02 07:02:17,988 - INFO -   16 anciennes taches supprimees
2026-02-02 07:02:19,262 - WARNING -   GROUPE1: prix non configures, ignore
2026-02-02 07:02:19,263 - WARNING -   GROUPE2: prix non configures, ignore
2026-02-02 07:02:19,263 - WARNING -   GROUPE3: prix non configures, ignore
2026-02-02 07:02:19,263 - INFO -   434 mises a jour generees pour 17 logements
2026-02-02 07:02:19,264 - INFO - Etape 3: Lancement des workers...
2026-02-02 07:02:19,268 - INFO -   434 taches en attente
2026-02-02 07:02:19,285 - INFO -   Iteration 1: 434 pending dans 4 groupes:
2026-02-02 07:02:19,285 - INFO -     - GROUPE1: 186 taches
2026-02-02 07:02:19,285 - INFO -     - GROUPE3: 155 taches
2026-02-02 07:02:19,285 - INFO -     - GROUPE2: 62 taches
2026-02-02 07:02:19,285 - INFO -     - ORPHELINS: 31 taches
2026-02-02 07:02:19,286 - INFO -   Commande: /usr/bin/python3 /home/raphael/sms_project/scripts/selenium/superhote_worker_pool.py -m 1 --groups
2026-02-02 07:03:32,808 - WARNING -   Iteration 1: Aucune progression (434 pending) - tentative 1/3
2026-02-02 07:03:38,574 - INFO -   Iteration 2: 434 pending dans 4 groupes:
2026-02-02 07:03:38,575 - INFO -     - GROUPE1: 186 taches
2026-02-02 07:03:38,575 - INFO -     - GROUPE3: 155 taches
2026-02-02 07:03:38,575 - INFO -     - GROUPE2: 62 taches
2026-02-02 07:03:38,575 - INFO -     - ORPHELINS: 31 taches
2026-02-02 07:03:38,575 - INFO -   Commande: /usr/bin/python3 /home/raphael/sms_project/scripts/selenium/superhote_worker_pool.py -m 1 --groups
2026-02-02 07:05:37,639 - WARNING -   Iteration 2: Aucune progression (434 pending) - tentative 2/3
2026-02-02 07:05:43,369 - INFO -   Iteration 3: 434 pending dans 4 groupes:
2026-02-02 07:05:43,369 - INFO -     - GROUPE1: 186 taches
2026-02-02 07:05:43,370 - INFO -     - GROUPE3: 155 taches
2026-02-02 07:05:43,370 - INFO -     - GROUPE2: 62 taches
2026-02-02 07:05:43,370 - INFO -     - ORPHELINS: 31 taches
2026-02-02 07:05:43,370 - INFO -   Commande: /usr/bin/python3 /home/raphael/sms_project/scripts/selenium/superhote_worker_pool.py -m 1 --groups
2026-02-02 07:07:56,485 - WARNING -   Iteration 3: Aucune progression (434 pending) - tentative 3/3
2026-02-02 07:07:56,519 - ERROR -   3 iterations sans progression, arret.
2026-02-02 07:07:56,559 - INFO -   Workers termines en 337.3s apres 3 iterations
2026-02-02 07:07:56,560 - INFO -   Resultat: 0 traitees, 434 restantes
2026-02-02 07:07:56,599 - INFO - ============================================================
2026-02-02 07:07:56,600 - INFO - RESUME
2026-02-02 07:07:56,600 - INFO -   Duree: 338.7s
2026-02-02 07:07:56,600 - INFO -   Logements: 17
2026-02-02 07:07:56,601 - INFO -   Mises a jour: 434
2026-02-02 07:07:56,607 - INFO -   Stats finales: {'pending': 434, 'completed': 418}
2026-02-02 07:07:56,607 - INFO - ============================================================
