2026-02-05 07:03:59,115 - INFO - ============================================================
2026-02-05 07:03:59,118 - INFO - MISE A JOUR QUOTIDIENNE SUPERHOTE
2026-02-05 07:03:59,118 - INFO - Demarrage: 2026-02-05 07:03:59
2026-02-05 07:03:59,118 - INFO - ============================================================
2026-02-05 07:03:59,118 - INFO - Etape 1: Nettoyage des taches bloquees...
2026-02-05 07:03:59,131 - INFO -   14 taches bloquees liberees
2026-02-05 07:03:59,132 - INFO - Etape 2: Generation des prix...
2026-02-05 07:03:59,141 - INFO -   20 logements actifs
2026-02-05 07:03:59,145 - INFO -   14 anciennes taches supprimees
2026-02-05 07:04:00,722 - WARNING -   GROUPE1: prix non configures, ignore
2026-02-05 07:04:00,722 - WARNING -   GROUPE2: prix non configures, ignore
2026-02-05 07:04:00,722 - WARNING -   GROUPE3: prix non configures, ignore
2026-02-05 07:04:00,958 - INFO -   527 mises a jour generees pour 20 logements
2026-02-05 07:04:00,958 - INFO - Etape 3: Lancement des workers...
2026-02-05 07:04:00,963 - INFO -   527 taches en attente
2026-02-05 07:04:00,979 - INFO -   Iteration 1: 527 pending dans 5 groupes:
2026-02-05 07:04:00,979 - INFO -     - GROUPE1: 186 taches
2026-02-05 07:04:00,980 - INFO -     - GROUPE3: 155 taches
2026-02-05 07:04:00,980 - INFO -     - GROUPE2: 93 taches
2026-02-05 07:04:00,980 - INFO -     - GROUPE4: 62 taches
2026-02-05 07:04:00,980 - INFO -     - ORPHELINS: 31 taches
2026-02-05 07:04:00,980 - INFO -   Commande: /usr/bin/python3 /home/raphael/sms_project/scripts/selenium/superhote_worker_pool.py -m 1 --groups
2026-02-05 07:18:08,314 - INFO -   Iteration 1: 186 taches traitees, reste 341
2026-02-05 07:18:13,359 - INFO -   Iteration 2: 341 pending dans 4 groupes:
2026-02-05 07:18:13,360 - INFO -     - GROUPE3: 155 taches
2026-02-05 07:18:13,361 - INFO -     - GROUPE2: 93 taches
2026-02-05 07:18:13,362 - INFO -     - GROUPE4: 62 taches
2026-02-05 07:18:13,362 - INFO -     - ORPHELINS: 31 taches
2026-02-05 07:18:13,362 - INFO -   Commande: /usr/bin/python3 /home/raphael/sms_project/scripts/selenium/superhote_worker_pool.py -m 1 --groups
2026-02-05 07:31:28,863 - INFO -   Iteration 2: 93 taches traitees, reste 248
2026-02-05 07:31:33,901 - INFO -   Iteration 3: 248 pending dans 3 groupes:
2026-02-05 07:31:33,902 - INFO -     - GROUPE3: 155 taches
2026-02-05 07:31:33,902 - INFO -     - GROUPE4: 62 taches
2026-02-05 07:31:33,902 - INFO -     - ORPHELINS: 31 taches
2026-02-05 07:31:33,903 - INFO -   Commande: /usr/bin/python3 /home/raphael/sms_project/scripts/selenium/superhote_worker_pool.py -m 1 --groups
2026-02-05 07:45:42,932 - INFO -   Iteration 3: 155 taches traitees, reste 93
2026-02-05 07:45:47,965 - INFO -   Iteration 4: 93 pending dans 2 groupes:
2026-02-05 07:45:47,965 - INFO -     - GROUPE4: 62 taches
2026-02-05 07:45:47,966 - INFO -     - ORPHELINS: 31 taches
2026-02-05 07:45:47,966 - INFO -   Commande: /usr/bin/python3 /home/raphael/sms_project/scripts/selenium/superhote_worker_pool.py -m 1 --groups
2026-02-05 07:58:36,284 - INFO -   Iteration 4: 62 taches traitees, reste 31
2026-02-05 07:58:41,315 - INFO -   Iteration 5: 31 pending dans 1 groupes:
2026-02-05 07:58:41,316 - INFO -     - ORPHELINS: 31 taches
2026-02-05 07:58:41,317 - INFO -   Commande: /usr/bin/python3 /home/raphael/sms_project/scripts/selenium/superhote_worker_pool.py -m 1 --groups
2026-02-05 08:06:36,840 - INFO -   Iteration 5: 31 taches traitees, reste 0
2026-02-05 08:06:41,854 - INFO -   Iteration 6: Plus de taches pending, fin.
2026-02-05 08:06:41,863 - INFO -   Workers termines en 3760.9s apres 6 iterations
2026-02-05 08:06:41,864 - INFO -   Resultat: 527 traitees, 0 restantes
2026-02-05 08:06:41,912 - INFO - ============================================================
2026-02-05 08:06:41,913 - INFO - RESUME
2026-02-05 08:06:41,913 - INFO -   Duree: 3762.8s
2026-02-05 08:06:41,913 - INFO -   Logements: 20
2026-02-05 08:06:41,914 - INFO -   Mises a jour: 527
2026-02-05 08:06:41,914 - INFO -   Stats finales: {'processing': 15, 'completed': 1025, 'failed': 527}
2026-02-05 08:06:41,914 - INFO - ============================================================
